2025-10-23 07:57:21,770 | INFO | Logging initialized. Log file: outputs\logs\run_20251023_075721.log
2025-10-23 07:57:21,770 | INFO | Configuration file: config.yaml
2025-10-23 07:57:21,770 | INFO | Reward families to process: homogeneous
2025-10-23 07:57:21,770 | INFO | MA-SPI iterations=3, episodes/stage=50, episode_length=100
2025-10-23 07:57:21,771 | INFO | MA-LfL reward epochs=1000, reward batch size=16384
2025-10-23 07:57:21,771 | INFO | Log file located at outputs\logs\run_20251023_075721.log
2025-10-23 07:57:21,771 | INFO | Running experiment for reward family: homogeneous
2025-10-23 07:57:21,771 | INFO | [Experiment:homogeneous] Starting MA-SPI...
2025-10-23 07:57:22,676 | INFO | [MA-SPI] Starting run with 3 stages, 50 episodes/stage, episode length 100
2025-10-23 07:57:22,689 | INFO | [MA-SPI] Stage 1/3 - collecting trajectories...
2025-10-23 07:57:24,315 | INFO | [MA-SPI] Stage 1/3 - collected 10/50 episodes
2025-10-23 07:57:25,800 | INFO | [MA-SPI] Stage 1/3 - collected 20/50 episodes
2025-10-23 07:57:27,228 | INFO | [MA-SPI] Stage 1/3 - collected 30/50 episodes
2025-10-23 07:57:28,679 | INFO | [MA-SPI] Stage 1/3 - collected 40/50 episodes
2025-10-23 07:57:30,047 | INFO | [MA-SPI] Stage 1/3 - collected 50/50 episodes
2025-10-23 07:57:30,050 | INFO | [MA-SPI] Stage 1/3 - Agent 0 avg episode reward: -431.120 (std 24.046)
2025-10-23 07:57:30,050 | INFO | [MA-SPI] Stage 1/3 - Agent 1 avg episode reward: -411.020 (std 20.728)
2025-10-23 07:57:30,050 | INFO | [MA-SPI] Stage 1/3 - dataset size: 5000 transitions
2025-10-23 07:57:30,378 | INFO | [MA-SPI] Stage 1/3 - Q updates 20/100 (current batch 5000) [A0_Q_loss:0.8595, A1_Q_loss:0.8045]
2025-10-23 07:57:30,496 | INFO | [MA-SPI] Stage 1/3 - Q updates 40/100 (current batch 5000) [A0_Q_loss:0.5710, A1_Q_loss:0.6775]
2025-10-23 07:57:30,594 | INFO | [MA-SPI] Stage 1/3 - Q updates 60/100 (current batch 5000) [A0_Q_loss:0.5431, A1_Q_loss:0.6820]
2025-10-23 07:57:30,690 | INFO | [MA-SPI] Stage 1/3 - Q updates 80/100 (current batch 5000) [A0_Q_loss:0.5438, A1_Q_loss:0.6869]
2025-10-23 07:57:30,785 | INFO | [MA-SPI] Stage 1/3 - Q updates 100/100 (current batch 5000) [A0_Q_loss:0.5496, A1_Q_loss:0.6791]
2025-10-23 07:57:30,828 | INFO | [MA-SPI] Stage 1/3 - policy updates 10/50 (current batch 5000) [A0_Policy_loss:0.0172, A1_Policy_loss:0.0109]
2025-10-23 07:57:30,871 | INFO | [MA-SPI] Stage 1/3 - policy updates 20/50 (current batch 5000) [A0_Policy_loss:0.0054, A1_Policy_loss:0.0025]
2025-10-23 07:57:30,912 | INFO | [MA-SPI] Stage 1/3 - policy updates 30/50 (current batch 5000) [A0_Policy_loss:0.0018, A1_Policy_loss:0.0008]
2025-10-23 07:57:30,952 | INFO | [MA-SPI] Stage 1/3 - policy updates 40/50 (current batch 5000) [A0_Policy_loss:0.0007, A1_Policy_loss:0.0003]
2025-10-23 07:57:30,993 | INFO | [MA-SPI] Stage 1/3 - policy updates 50/50 (current batch 5000) [A0_Policy_loss:0.0002, A1_Policy_loss:0.0001]
2025-10-23 07:57:30,994 | INFO | [MA-SPI] Stage 1/3 - completed
2025-10-23 07:57:30,994 | INFO | [MA-SPI] Stage 2/3 - collecting trajectories...
2025-10-23 07:57:32,428 | INFO | [MA-SPI] Stage 2/3 - collected 10/50 episodes
2025-10-23 07:57:33,828 | INFO | [MA-SPI] Stage 2/3 - collected 20/50 episodes
2025-10-23 07:57:35,239 | INFO | [MA-SPI] Stage 2/3 - collected 30/50 episodes
2025-10-23 07:57:36,648 | INFO | [MA-SPI] Stage 2/3 - collected 40/50 episodes
2025-10-23 07:57:38,070 | INFO | [MA-SPI] Stage 2/3 - collected 50/50 episodes
2025-10-23 07:57:38,074 | INFO | [MA-SPI] Stage 2/3 - Agent 0 avg episode reward: -291.700 (std 20.339)
2025-10-23 07:57:38,074 | INFO | [MA-SPI] Stage 2/3 - Agent 1 avg episode reward: -295.360 (std 25.351)
2025-10-23 07:57:38,075 | INFO | [MA-SPI] Stage 2/3 - dataset size: 5000 transitions
2025-10-23 07:57:38,189 | INFO | [MA-SPI] Stage 2/3 - Q updates 20/100 (current batch 5000) [A0_Q_loss:0.8117, A1_Q_loss:0.6364]
2025-10-23 07:57:38,301 | INFO | [MA-SPI] Stage 2/3 - Q updates 40/100 (current batch 5000) [A0_Q_loss:0.5547, A1_Q_loss:0.5128]
2025-10-23 07:57:38,404 | INFO | [MA-SPI] Stage 2/3 - Q updates 60/100 (current batch 5000) [A0_Q_loss:0.5357, A1_Q_loss:0.4947]
2025-10-23 07:57:38,504 | INFO | [MA-SPI] Stage 2/3 - Q updates 80/100 (current batch 5000) [A0_Q_loss:0.5447, A1_Q_loss:0.4828]
2025-10-23 07:57:38,616 | INFO | [MA-SPI] Stage 2/3 - Q updates 100/100 (current batch 5000) [A0_Q_loss:0.5380, A1_Q_loss:0.4893]
2025-10-23 07:57:38,655 | INFO | [MA-SPI] Stage 2/3 - policy updates 10/50 (current batch 5000) [A0_Policy_loss:0.0066, A1_Policy_loss:0.0045]
2025-10-23 07:57:38,700 | INFO | [MA-SPI] Stage 2/3 - policy updates 20/50 (current batch 5000) [A0_Policy_loss:0.0018, A1_Policy_loss:0.0016]
2025-10-23 07:57:38,740 | INFO | [MA-SPI] Stage 2/3 - policy updates 30/50 (current batch 5000) [A0_Policy_loss:0.0006, A1_Policy_loss:0.0005]
2025-10-23 07:57:38,784 | INFO | [MA-SPI] Stage 2/3 - policy updates 40/50 (current batch 5000) [A0_Policy_loss:0.0003, A1_Policy_loss:0.0002]
2025-10-23 07:57:38,825 | INFO | [MA-SPI] Stage 2/3 - policy updates 50/50 (current batch 5000) [A0_Policy_loss:0.0001, A1_Policy_loss:0.0000]
2025-10-23 07:57:38,826 | INFO | [MA-SPI] Stage 2/3 - completed
2025-10-23 07:57:38,826 | INFO | [MA-SPI] Stage 3/3 - collecting trajectories...
2025-10-23 07:57:40,182 | INFO | [MA-SPI] Stage 3/3 - collected 10/50 episodes
2025-10-23 07:57:41,575 | INFO | [MA-SPI] Stage 3/3 - collected 20/50 episodes
2025-10-23 07:57:42,977 | INFO | [MA-SPI] Stage 3/3 - collected 30/50 episodes
2025-10-23 07:57:44,455 | INFO | [MA-SPI] Stage 3/3 - collected 40/50 episodes
2025-10-23 07:57:45,891 | INFO | [MA-SPI] Stage 3/3 - collected 50/50 episodes
2025-10-23 07:57:45,895 | INFO | [MA-SPI] Stage 3/3 - Agent 0 avg episode reward: -271.440 (std 20.730)
2025-10-23 07:57:45,895 | INFO | [MA-SPI] Stage 3/3 - Agent 1 avg episode reward: -273.380 (std 19.942)
2025-10-23 07:57:45,895 | INFO | [MA-SPI] Stage 3/3 - dataset size: 5000 transitions
2025-10-23 07:57:46,008 | INFO | [MA-SPI] Stage 3/3 - Q updates 20/100 (current batch 5000) [A0_Q_loss:0.4339, A1_Q_loss:0.4916]
2025-10-23 07:57:46,115 | INFO | [MA-SPI] Stage 3/3 - Q updates 40/100 (current batch 5000) [A0_Q_loss:0.4292, A1_Q_loss:0.4625]
2025-10-23 07:57:46,227 | INFO | [MA-SPI] Stage 3/3 - Q updates 60/100 (current batch 5000) [A0_Q_loss:0.4230, A1_Q_loss:0.4694]
2025-10-23 07:57:46,333 | INFO | [MA-SPI] Stage 3/3 - Q updates 80/100 (current batch 5000) [A0_Q_loss:0.4223, A1_Q_loss:0.4646]
2025-10-23 07:57:46,439 | INFO | [MA-SPI] Stage 3/3 - Q updates 100/100 (current batch 5000) [A0_Q_loss:0.4217, A1_Q_loss:0.4658]
2025-10-23 07:57:46,482 | INFO | [MA-SPI] Stage 3/3 - policy updates 10/50 (current batch 5000) [A0_Policy_loss:0.0024, A1_Policy_loss:0.0028]
2025-10-23 07:57:46,523 | INFO | [MA-SPI] Stage 3/3 - policy updates 20/50 (current batch 5000) [A0_Policy_loss:0.0008, A1_Policy_loss:0.0008]
2025-10-23 07:57:46,568 | INFO | [MA-SPI] Stage 3/3 - policy updates 30/50 (current batch 5000) [A0_Policy_loss:0.0002, A1_Policy_loss:0.0003]
2025-10-23 07:57:46,608 | INFO | [MA-SPI] Stage 3/3 - policy updates 40/50 (current batch 5000) [A0_Policy_loss:0.0000, A1_Policy_loss:0.0001]
2025-10-23 07:57:46,649 | INFO | [MA-SPI] Stage 3/3 - policy updates 50/50 (current batch 5000) [A0_Policy_loss:-0.0001, A1_Policy_loss:0.0000]
2025-10-23 07:57:46,649 | INFO | [MA-SPI] Stage 3/3 - completed
2025-10-23 07:57:46,720 | INFO | [Experiment:homogeneous] MA-SPI completed. Artifacts saved to outputs\homogeneous\ma_spi
2025-10-23 07:57:46,720 | INFO | [Experiment:homogeneous] Starting MA-LfL...
2025-10-23 07:57:46,720 | INFO | [MA-LfL] Estimating policies...
2025-10-23 07:57:46,721 | INFO | [MA-LfL][Policy] Stage 1/3 - preparing data
2025-10-23 07:57:46,758 | INFO | [MA-LfL][Policy] Stage 1/3 - Agent 0: 10/10 epochs completed (loss=1.1252, baseline=1.6094)
2025-10-23 07:57:46,784 | INFO | [MA-LfL][Policy] Stage 1/3 - Agent 1: 10/10 epochs completed (loss=1.1199, baseline=1.6094)
2025-10-23 07:57:46,785 | INFO | [MA-LfL][Policy] Stage 2/3 - preparing data
2025-10-23 07:57:46,811 | INFO | [MA-LfL][Policy] Stage 2/3 - Agent 0: 10/10 epochs completed (loss=1.0980, baseline=1.6094)
2025-10-23 07:57:46,838 | INFO | [MA-LfL][Policy] Stage 2/3 - Agent 1: 10/10 epochs completed (loss=1.0973, baseline=1.6094)
2025-10-23 07:57:46,838 | INFO | [MA-LfL][Policy] Stage 3/3 - preparing data
2025-10-23 07:57:46,870 | INFO | [MA-LfL][Policy] Stage 3/3 - Agent 0: 10/10 epochs completed (loss=1.0654, baseline=1.6094)
2025-10-23 07:57:46,893 | INFO | [MA-LfL][Policy] Stage 3/3 - Agent 1: 10/10 epochs completed (loss=1.0732, baseline=1.6094)
2025-10-23 07:57:46,894 | INFO | [MA-LfL] Computing reward targets...
2025-10-23 07:57:46,894 | INFO | [MA-LfL][Targets] Stage 1/2 - Agent 0
2025-10-23 07:57:47,211 | INFO | [MA-LfL][Targets] Stage 1/2 - Agent 1
2025-10-23 07:57:47,541 | INFO | [MA-LfL][Targets] Stage 2/2 - Agent 0
2025-10-23 07:57:47,869 | INFO | [MA-LfL][Targets] Stage 2/2 - Agent 1
2025-10-23 07:57:48,220 | INFO | [MA-LfL] Learning rewards...
2025-10-23 07:57:48,231 | INFO | [MA-LfL][Reward] Agent 0 - dataset size=10000 (batch=10000, epochs=1000)
2025-10-23 08:04:23,385 | INFO | [MA-LfL][Reward] Agent 0 - 100/1000 epochs completed (latest loss=0.1788)
2025-10-23 08:11:00,046 | INFO | [MA-LfL][Reward] Agent 0 - 200/1000 epochs completed (latest loss=0.1479)
