2025-10-24 12:50:48,614 | INFO | Logging initialized. Log file: outputs\logs\run_20251024_125048.log
2025-10-24 12:50:48,614 | INFO | Configuration file: config.yaml
2025-10-24 12:50:48,614 | INFO | Reward families to process: heterogeneous
2025-10-24 12:50:48,614 | INFO | MA-SPI iterations=5, episodes/stage=10, episode_length=100
2025-10-24 12:50:48,614 | INFO | MA-LfL reward epochs=20000, reward batch size=8192
2025-10-24 12:50:48,614 | INFO | Log file located at outputs\logs\run_20251024_125048.log
2025-10-24 12:50:48,614 | INFO | Running experiment for reward family: heterogeneous
2025-10-24 12:50:48,615 | INFO | [Experiment:heterogeneous] Starting MA-SPI...
2025-10-24 12:50:49,908 | INFO | [MA-SPI] Starting run with 5 stages, 10 episodes/stage, episode length 100
2025-10-24 12:50:49,910 | INFO | [MA-SPI] Stage 1/5 - collecting trajectories...
2025-10-24 12:50:50,344 | INFO | [MA-SPI] Stage 1/5 - collected 2/10 episodes
2025-10-24 12:50:50,596 | INFO | [MA-SPI] Stage 1/5 - collected 4/10 episodes
2025-10-24 12:50:50,858 | INFO | [MA-SPI] Stage 1/5 - collected 6/10 episodes
2025-10-24 12:50:51,126 | INFO | [MA-SPI] Stage 1/5 - collected 8/10 episodes
2025-10-24 12:50:51,381 | INFO | [MA-SPI] Stage 1/5 - collected 10/10 episodes
2025-10-24 12:50:51,382 | INFO | [MA-SPI] Stage 1/5 - Agent 0 avg episode reward: -137.400 (std 33.539)
2025-10-24 12:50:51,383 | INFO | [MA-SPI] Stage 1/5 - Agent 1 avg episode reward: -114.900 (std 35.184)
2025-10-24 12:50:51,383 | INFO | [MA-SPI] Stage 1/5 - dataset size: 1000 transitions
2025-10-24 12:50:51,655 | INFO | [MA-SPI] Stage 1/5 - Q updates 20/100 (current batch 1000) [A0_Q_loss:2.7630, A1_Q_loss:3.1812]
2025-10-24 12:50:51,751 | INFO | [MA-SPI] Stage 1/5 - Q updates 40/100 (current batch 1000) [A0_Q_loss:1.3751, A1_Q_loss:1.4296]
2025-10-24 12:50:51,844 | INFO | [MA-SPI] Stage 1/5 - Q updates 60/100 (current batch 1000) [A0_Q_loss:0.8376, A1_Q_loss:1.0367]
2025-10-24 12:50:51,936 | INFO | [MA-SPI] Stage 1/5 - Q updates 80/100 (current batch 1000) [A0_Q_loss:0.5093, A1_Q_loss:0.7529]
2025-10-24 12:50:52,028 | INFO | [MA-SPI] Stage 1/5 - Q updates 100/100 (current batch 1000) [A0_Q_loss:0.4704, A1_Q_loss:0.5672]
2025-10-24 12:50:52,067 | INFO | [MA-SPI] Stage 1/5 - policy updates 10/50 (current batch 1000) [A0_Policy_loss:0.0288, A1_Policy_loss:0.0183]
2025-10-24 12:50:52,105 | INFO | [MA-SPI] Stage 1/5 - policy updates 20/50 (current batch 1000) [A0_Policy_loss:0.0090, A1_Policy_loss:0.0042]
2025-10-24 12:50:52,143 | INFO | [MA-SPI] Stage 1/5 - policy updates 30/50 (current batch 1000) [A0_Policy_loss:0.0034, A1_Policy_loss:0.0015]
2025-10-24 12:50:52,180 | INFO | [MA-SPI] Stage 1/5 - policy updates 40/50 (current batch 1000) [A0_Policy_loss:0.0013, A1_Policy_loss:0.0006]
2025-10-24 12:50:52,216 | INFO | [MA-SPI] Stage 1/5 - policy updates 50/50 (current batch 1000) [A0_Policy_loss:0.0005, A1_Policy_loss:0.0002]
2025-10-24 12:50:52,216 | INFO | [MA-SPI] Stage 1/5 - completed
2025-10-24 12:50:52,216 | INFO | [MA-SPI] Stage 2/5 - collecting trajectories...
2025-10-24 12:50:52,600 | INFO | [MA-SPI] Stage 2/5 - collected 2/10 episodes
2025-10-24 12:50:52,909 | INFO | [MA-SPI] Stage 2/5 - collected 4/10 episodes
2025-10-24 12:50:53,212 | INFO | [MA-SPI] Stage 2/5 - collected 6/10 episodes
2025-10-24 12:50:53,478 | INFO | [MA-SPI] Stage 2/5 - collected 8/10 episodes
2025-10-24 12:50:53,785 | INFO | [MA-SPI] Stage 2/5 - collected 10/10 episodes
2025-10-24 12:50:53,787 | INFO | [MA-SPI] Stage 2/5 - Agent 0 avg episode reward: 67.000 (std 29.783)
2025-10-24 12:50:53,787 | INFO | [MA-SPI] Stage 2/5 - Agent 1 avg episode reward: 47.100 (std 20.535)
2025-10-24 12:50:53,787 | INFO | [MA-SPI] Stage 2/5 - dataset size: 1000 transitions
2025-10-24 12:50:53,895 | INFO | [MA-SPI] Stage 2/5 - Q updates 20/100 (current batch 1000) [A0_Q_loss:1.6607, A1_Q_loss:1.4316]
2025-10-24 12:50:53,995 | INFO | [MA-SPI] Stage 2/5 - Q updates 40/100 (current batch 1000) [A0_Q_loss:1.0833, A1_Q_loss:1.1384]
2025-10-24 12:50:54,127 | INFO | [MA-SPI] Stage 2/5 - Q updates 60/100 (current batch 1000) [A0_Q_loss:0.9357, A1_Q_loss:1.0149]
2025-10-24 12:50:54,288 | INFO | [MA-SPI] Stage 2/5 - Q updates 80/100 (current batch 1000) [A0_Q_loss:0.8746, A1_Q_loss:0.9769]
2025-10-24 12:50:54,384 | INFO | [MA-SPI] Stage 2/5 - Q updates 100/100 (current batch 1000) [A0_Q_loss:0.8530, A1_Q_loss:0.9853]
2025-10-24 12:50:54,419 | INFO | [MA-SPI] Stage 2/5 - policy updates 10/50 (current batch 1000) [A0_Policy_loss:0.0158, A1_Policy_loss:0.0072]
2025-10-24 12:50:54,463 | INFO | [MA-SPI] Stage 2/5 - policy updates 20/50 (current batch 1000) [A0_Policy_loss:0.0048, A1_Policy_loss:0.0025]
2025-10-24 12:50:54,504 | INFO | [MA-SPI] Stage 2/5 - policy updates 30/50 (current batch 1000) [A0_Policy_loss:0.0020, A1_Policy_loss:0.0010]
2025-10-24 12:50:54,550 | INFO | [MA-SPI] Stage 2/5 - policy updates 40/50 (current batch 1000) [A0_Policy_loss:0.0006, A1_Policy_loss:0.0004]
2025-10-24 12:50:54,601 | INFO | [MA-SPI] Stage 2/5 - policy updates 50/50 (current batch 1000) [A0_Policy_loss:0.0002, A1_Policy_loss:0.0002]
2025-10-24 12:50:54,601 | INFO | [MA-SPI] Stage 2/5 - completed
2025-10-24 12:50:54,602 | INFO | [MA-SPI] Stage 3/5 - collecting trajectories...
2025-10-24 12:50:54,860 | INFO | [MA-SPI] Stage 3/5 - collected 2/10 episodes
2025-10-24 12:50:55,128 | INFO | [MA-SPI] Stage 3/5 - collected 4/10 episodes
2025-10-24 12:50:55,392 | INFO | [MA-SPI] Stage 3/5 - collected 6/10 episodes
2025-10-24 12:50:55,650 | INFO | [MA-SPI] Stage 3/5 - collected 8/10 episodes
2025-10-24 12:50:55,994 | INFO | [MA-SPI] Stage 3/5 - collected 10/10 episodes
2025-10-24 12:50:55,995 | INFO | [MA-SPI] Stage 3/5 - Agent 0 avg episode reward: 113.400 (std 28.051)
2025-10-24 12:50:55,995 | INFO | [MA-SPI] Stage 3/5 - Agent 1 avg episode reward: 109.100 (std 25.137)
2025-10-24 12:50:55,995 | INFO | [MA-SPI] Stage 3/5 - dataset size: 1000 transitions
2025-10-24 12:50:56,087 | INFO | [MA-SPI] Stage 3/5 - Q updates 20/100 (current batch 1000) [A0_Q_loss:0.7991, A1_Q_loss:0.6151]
2025-10-24 12:50:56,193 | INFO | [MA-SPI] Stage 3/5 - Q updates 40/100 (current batch 1000) [A0_Q_loss:0.8251, A1_Q_loss:0.5328]
2025-10-24 12:50:56,287 | INFO | [MA-SPI] Stage 3/5 - Q updates 60/100 (current batch 1000) [A0_Q_loss:0.7463, A1_Q_loss:0.5244]
2025-10-24 12:50:56,376 | INFO | [MA-SPI] Stage 3/5 - Q updates 80/100 (current batch 1000) [A0_Q_loss:0.7612, A1_Q_loss:0.5156]
2025-10-24 12:50:56,462 | INFO | [MA-SPI] Stage 3/5 - Q updates 100/100 (current batch 1000) [A0_Q_loss:0.7643, A1_Q_loss:0.5197]
2025-10-24 12:50:56,503 | INFO | [MA-SPI] Stage 3/5 - policy updates 10/50 (current batch 1000) [A0_Policy_loss:0.0067, A1_Policy_loss:0.0051]
2025-10-24 12:50:56,559 | INFO | [MA-SPI] Stage 3/5 - policy updates 20/50 (current batch 1000) [A0_Policy_loss:0.0023, A1_Policy_loss:0.0019]
2025-10-24 12:50:56,609 | INFO | [MA-SPI] Stage 3/5 - policy updates 30/50 (current batch 1000) [A0_Policy_loss:0.0008, A1_Policy_loss:0.0007]
2025-10-24 12:50:56,661 | INFO | [MA-SPI] Stage 3/5 - policy updates 40/50 (current batch 1000) [A0_Policy_loss:0.0003, A1_Policy_loss:0.0002]
2025-10-24 12:50:56,695 | INFO | [MA-SPI] Stage 3/5 - policy updates 50/50 (current batch 1000) [A0_Policy_loss:0.0001, A1_Policy_loss:0.0001]
2025-10-24 12:50:56,696 | INFO | [MA-SPI] Stage 3/5 - completed
2025-10-24 12:50:56,696 | INFO | [MA-SPI] Stage 4/5 - collecting trajectories...
2025-10-24 12:50:56,988 | INFO | [MA-SPI] Stage 4/5 - collected 2/10 episodes
2025-10-24 12:50:57,246 | INFO | [MA-SPI] Stage 4/5 - collected 4/10 episodes
2025-10-24 12:50:57,513 | INFO | [MA-SPI] Stage 4/5 - collected 6/10 episodes
2025-10-24 12:50:57,774 | INFO | [MA-SPI] Stage 4/5 - collected 8/10 episodes
2025-10-24 12:50:58,059 | INFO | [MA-SPI] Stage 4/5 - collected 10/10 episodes
2025-10-24 12:50:58,060 | INFO | [MA-SPI] Stage 4/5 - Agent 0 avg episode reward: 112.800 (std 30.225)
2025-10-24 12:50:58,060 | INFO | [MA-SPI] Stage 4/5 - Agent 1 avg episode reward: 98.900 (std 33.721)
2025-10-24 12:50:58,061 | INFO | [MA-SPI] Stage 4/5 - dataset size: 1000 transitions
2025-10-24 12:50:58,173 | INFO | [MA-SPI] Stage 4/5 - Q updates 20/100 (current batch 1000) [A0_Q_loss:0.5955, A1_Q_loss:0.4295]
2025-10-24 12:50:58,291 | INFO | [MA-SPI] Stage 4/5 - Q updates 40/100 (current batch 1000) [A0_Q_loss:0.5255, A1_Q_loss:0.3559]
2025-10-24 12:50:58,380 | INFO | [MA-SPI] Stage 4/5 - Q updates 60/100 (current batch 1000) [A0_Q_loss:0.4722, A1_Q_loss:0.3525]
2025-10-24 12:50:58,471 | INFO | [MA-SPI] Stage 4/5 - Q updates 80/100 (current batch 1000) [A0_Q_loss:0.5347, A1_Q_loss:0.3298]
2025-10-24 12:50:58,554 | INFO | [MA-SPI] Stage 4/5 - Q updates 100/100 (current batch 1000) [A0_Q_loss:0.4735, A1_Q_loss:0.3408]
2025-10-24 12:50:58,599 | INFO | [MA-SPI] Stage 4/5 - policy updates 10/50 (current batch 1000) [A0_Policy_loss:0.0037, A1_Policy_loss:0.0032]
2025-10-24 12:50:58,654 | INFO | [MA-SPI] Stage 4/5 - policy updates 20/50 (current batch 1000) [A0_Policy_loss:0.0011, A1_Policy_loss:0.0010]
2025-10-24 12:50:58,709 | INFO | [MA-SPI] Stage 4/5 - policy updates 30/50 (current batch 1000) [A0_Policy_loss:0.0005, A1_Policy_loss:0.0005]
2025-10-24 12:50:58,746 | INFO | [MA-SPI] Stage 4/5 - policy updates 40/50 (current batch 1000) [A0_Policy_loss:0.0002, A1_Policy_loss:0.0002]
2025-10-24 12:50:58,783 | INFO | [MA-SPI] Stage 4/5 - policy updates 50/50 (current batch 1000) [A0_Policy_loss:0.0001, A1_Policy_loss:0.0001]
2025-10-24 12:50:58,783 | INFO | [MA-SPI] Stage 4/5 - completed
2025-10-24 12:50:58,784 | INFO | [MA-SPI] Stage 5/5 - collecting trajectories...
2025-10-24 12:50:59,070 | INFO | [MA-SPI] Stage 5/5 - collected 2/10 episodes
2025-10-24 12:50:59,348 | INFO | [MA-SPI] Stage 5/5 - collected 4/10 episodes
2025-10-24 12:50:59,605 | INFO | [MA-SPI] Stage 5/5 - collected 6/10 episodes
2025-10-24 12:50:59,885 | INFO | [MA-SPI] Stage 5/5 - collected 8/10 episodes
2025-10-24 12:51:00,144 | INFO | [MA-SPI] Stage 5/5 - collected 10/10 episodes
2025-10-24 12:51:00,145 | INFO | [MA-SPI] Stage 5/5 - Agent 0 avg episode reward: 115.500 (std 18.720)
2025-10-24 12:51:00,145 | INFO | [MA-SPI] Stage 5/5 - Agent 1 avg episode reward: 110.000 (std 23.422)
2025-10-24 12:51:00,146 | INFO | [MA-SPI] Stage 5/5 - dataset size: 1000 transitions
2025-10-24 12:51:00,242 | INFO | [MA-SPI] Stage 5/5 - Q updates 20/100 (current batch 1000) [A0_Q_loss:0.5018, A1_Q_loss:0.4675]
2025-10-24 12:51:00,356 | INFO | [MA-SPI] Stage 5/5 - Q updates 40/100 (current batch 1000) [A0_Q_loss:0.4171, A1_Q_loss:0.4131]
2025-10-24 12:51:00,442 | INFO | [MA-SPI] Stage 5/5 - Q updates 60/100 (current batch 1000) [A0_Q_loss:0.4285, A1_Q_loss:0.3537]
2025-10-24 12:51:00,569 | INFO | [MA-SPI] Stage 5/5 - Q updates 80/100 (current batch 1000) [A0_Q_loss:0.4103, A1_Q_loss:0.4335]
2025-10-24 12:51:00,661 | INFO | [MA-SPI] Stage 5/5 - Q updates 100/100 (current batch 1000) [A0_Q_loss:0.4163, A1_Q_loss:0.4042]
2025-10-24 12:51:00,701 | INFO | [MA-SPI] Stage 5/5 - policy updates 10/50 (current batch 1000) [A0_Policy_loss:0.0023, A1_Policy_loss:0.0031]
2025-10-24 12:51:00,737 | INFO | [MA-SPI] Stage 5/5 - policy updates 20/50 (current batch 1000) [A0_Policy_loss:0.0007, A1_Policy_loss:0.0012]
2025-10-24 12:51:00,777 | INFO | [MA-SPI] Stage 5/5 - policy updates 30/50 (current batch 1000) [A0_Policy_loss:0.0003, A1_Policy_loss:0.0005]
2025-10-24 12:51:00,812 | INFO | [MA-SPI] Stage 5/5 - policy updates 40/50 (current batch 1000) [A0_Policy_loss:0.0001, A1_Policy_loss:0.0002]
2025-10-24 12:51:00,849 | INFO | [MA-SPI] Stage 5/5 - policy updates 50/50 (current batch 1000) [A0_Policy_loss:0.0000, A1_Policy_loss:0.0001]
2025-10-24 12:51:00,849 | INFO | [MA-SPI] Stage 5/5 - completed
2025-10-24 12:51:00,902 | INFO | [Experiment:heterogeneous] MA-SPI completed. Artifacts saved to outputs\heterogeneous\ma_spi
2025-10-24 12:51:00,902 | INFO | [Experiment:heterogeneous] Starting MA-LfL...
2025-10-24 12:51:00,903 | INFO | [MA-LfL] Estimating policies...
2025-10-24 12:51:00,903 | INFO | [MA-LfL][Policy] Stage 1/5 - preparing data
2025-10-24 12:51:00,927 | INFO | [MA-LfL][Policy] Stage 1/5 - Agent 0: 2/10 epochs completed (loss=3.2695, baseline=1.6094)
2025-10-24 12:51:00,939 | INFO | [MA-LfL][Policy] Stage 1/5 - Agent 0: 4/10 epochs completed (loss=1.4244, baseline=1.6094)
2025-10-24 12:51:00,946 | INFO | [MA-LfL][Policy] Stage 1/5 - Agent 0: 6/10 epochs completed (loss=1.2134, baseline=1.6094)
2025-10-24 12:51:00,952 | INFO | [MA-LfL][Policy] Stage 1/5 - Agent 0: 8/10 epochs completed (loss=1.1068, baseline=1.6094)
2025-10-24 12:51:00,960 | INFO | [MA-LfL][Policy] Stage 1/5 - Agent 0: 10/10 epochs completed (loss=1.0913, baseline=1.6094)
2025-10-24 12:51:00,976 | INFO | [MA-LfL][Policy] Stage 1/5 - Agent 1: 2/10 epochs completed (loss=3.0694, baseline=1.6094)
2025-10-24 12:51:00,986 | INFO | [MA-LfL][Policy] Stage 1/5 - Agent 1: 4/10 epochs completed (loss=1.4800, baseline=1.6094)
2025-10-24 12:51:00,991 | INFO | [MA-LfL][Policy] Stage 1/5 - Agent 1: 6/10 epochs completed (loss=1.2070, baseline=1.6094)
2025-10-24 12:51:00,997 | INFO | [MA-LfL][Policy] Stage 1/5 - Agent 1: 8/10 epochs completed (loss=1.1019, baseline=1.6094)
2025-10-24 12:51:01,001 | INFO | [MA-LfL][Policy] Stage 1/5 - Agent 1: 10/10 epochs completed (loss=1.0798, baseline=1.6094)
2025-10-24 12:51:01,002 | INFO | [MA-LfL][Policy] Stage 2/5 - preparing data
2025-10-24 12:51:01,010 | INFO | [MA-LfL][Policy] Stage 2/5 - Agent 0: 2/10 epochs completed (loss=3.1231, baseline=1.6094)
2025-10-24 12:51:01,021 | INFO | [MA-LfL][Policy] Stage 2/5 - Agent 0: 4/10 epochs completed (loss=2.5654, baseline=1.6094)
2025-10-24 12:51:01,026 | INFO | [MA-LfL][Policy] Stage 2/5 - Agent 0: 6/10 epochs completed (loss=1.2076, baseline=1.6094)
2025-10-24 12:51:01,040 | INFO | [MA-LfL][Policy] Stage 2/5 - Agent 0: 8/10 epochs completed (loss=1.0764, baseline=1.6094)
2025-10-24 12:51:01,045 | INFO | [MA-LfL][Policy] Stage 2/5 - Agent 0: 10/10 epochs completed (loss=0.9976, baseline=1.6094)
2025-10-24 12:51:01,055 | INFO | [MA-LfL][Policy] Stage 2/5 - Agent 1: 2/10 epochs completed (loss=2.4523, baseline=1.6094)
2025-10-24 12:51:01,059 | INFO | [MA-LfL][Policy] Stage 2/5 - Agent 1: 4/10 epochs completed (loss=1.2198, baseline=1.6094)
2025-10-24 12:51:01,067 | INFO | [MA-LfL][Policy] Stage 2/5 - Agent 1: 6/10 epochs completed (loss=1.0589, baseline=1.6094)
2025-10-24 12:51:01,079 | INFO | [MA-LfL][Policy] Stage 2/5 - Agent 1: 8/10 epochs completed (loss=1.0233, baseline=1.6094)
2025-10-24 12:51:01,090 | INFO | [MA-LfL][Policy] Stage 2/5 - Agent 1: 10/10 epochs completed (loss=0.9760, baseline=1.6094)
2025-10-24 12:51:01,091 | INFO | [MA-LfL][Policy] Stage 3/5 - preparing data
2025-10-24 12:51:01,102 | INFO | [MA-LfL][Policy] Stage 3/5 - Agent 0: 2/10 epochs completed (loss=2.6041, baseline=1.6094)
2025-10-24 12:51:01,114 | INFO | [MA-LfL][Policy] Stage 3/5 - Agent 0: 4/10 epochs completed (loss=1.7274, baseline=1.6094)
2025-10-24 12:51:01,124 | INFO | [MA-LfL][Policy] Stage 3/5 - Agent 0: 6/10 epochs completed (loss=1.1143, baseline=1.6094)
2025-10-24 12:51:01,131 | INFO | [MA-LfL][Policy] Stage 3/5 - Agent 0: 8/10 epochs completed (loss=1.0074, baseline=1.6094)
2025-10-24 12:51:01,136 | INFO | [MA-LfL][Policy] Stage 3/5 - Agent 0: 10/10 epochs completed (loss=0.9835, baseline=1.6094)
2025-10-24 12:51:01,145 | INFO | [MA-LfL][Policy] Stage 3/5 - Agent 1: 2/10 epochs completed (loss=5.7030, baseline=1.6094)
2025-10-24 12:51:01,154 | INFO | [MA-LfL][Policy] Stage 3/5 - Agent 1: 4/10 epochs completed (loss=1.6001, baseline=1.6094)
2025-10-24 12:51:01,159 | INFO | [MA-LfL][Policy] Stage 3/5 - Agent 1: 6/10 epochs completed (loss=1.2568, baseline=1.6094)
2025-10-24 12:51:01,165 | INFO | [MA-LfL][Policy] Stage 3/5 - Agent 1: 8/10 epochs completed (loss=1.0344, baseline=1.6094)
2025-10-24 12:51:01,171 | INFO | [MA-LfL][Policy] Stage 3/5 - Agent 1: 10/10 epochs completed (loss=1.0029, baseline=1.6094)
2025-10-24 12:51:01,173 | INFO | [MA-LfL][Policy] Stage 4/5 - preparing data
2025-10-24 12:51:01,185 | INFO | [MA-LfL][Policy] Stage 4/5 - Agent 0: 2/10 epochs completed (loss=2.8728, baseline=1.6094)
2025-10-24 12:51:01,197 | INFO | [MA-LfL][Policy] Stage 4/5 - Agent 0: 4/10 epochs completed (loss=1.6201, baseline=1.6094)
2025-10-24 12:51:01,204 | INFO | [MA-LfL][Policy] Stage 4/5 - Agent 0: 6/10 epochs completed (loss=1.2387, baseline=1.6094)
2025-10-24 12:51:01,209 | INFO | [MA-LfL][Policy] Stage 4/5 - Agent 0: 8/10 epochs completed (loss=1.1303, baseline=1.6094)
2025-10-24 12:51:01,213 | INFO | [MA-LfL][Policy] Stage 4/5 - Agent 0: 10/10 epochs completed (loss=1.0035, baseline=1.6094)
2025-10-24 12:51:01,221 | INFO | [MA-LfL][Policy] Stage 4/5 - Agent 1: 2/10 epochs completed (loss=2.9283, baseline=1.6094)
2025-10-24 12:51:01,231 | INFO | [MA-LfL][Policy] Stage 4/5 - Agent 1: 4/10 epochs completed (loss=1.4339, baseline=1.6094)
2025-10-24 12:51:01,243 | INFO | [MA-LfL][Policy] Stage 4/5 - Agent 1: 6/10 epochs completed (loss=1.0704, baseline=1.6094)
2025-10-24 12:51:01,249 | INFO | [MA-LfL][Policy] Stage 4/5 - Agent 1: 8/10 epochs completed (loss=1.0526, baseline=1.6094)
2025-10-24 12:51:01,257 | INFO | [MA-LfL][Policy] Stage 4/5 - Agent 1: 10/10 epochs completed (loss=1.0177, baseline=1.6094)
2025-10-24 12:51:01,258 | INFO | [MA-LfL][Policy] Stage 5/5 - preparing data
2025-10-24 12:51:01,269 | INFO | [MA-LfL][Policy] Stage 5/5 - Agent 0: 2/10 epochs completed (loss=3.1318, baseline=1.6094)
2025-10-24 12:51:01,275 | INFO | [MA-LfL][Policy] Stage 5/5 - Agent 0: 4/10 epochs completed (loss=1.6561, baseline=1.6094)
2025-10-24 12:51:01,290 | INFO | [MA-LfL][Policy] Stage 5/5 - Agent 0: 6/10 epochs completed (loss=1.0889, baseline=1.6094)
2025-10-24 12:51:01,296 | INFO | [MA-LfL][Policy] Stage 5/5 - Agent 0: 8/10 epochs completed (loss=1.0369, baseline=1.6094)
2025-10-24 12:51:01,306 | INFO | [MA-LfL][Policy] Stage 5/5 - Agent 0: 10/10 epochs completed (loss=1.0083, baseline=1.6094)
2025-10-24 12:51:01,314 | INFO | [MA-LfL][Policy] Stage 5/5 - Agent 1: 2/10 epochs completed (loss=3.7079, baseline=1.6094)
2025-10-24 12:51:01,321 | INFO | [MA-LfL][Policy] Stage 5/5 - Agent 1: 4/10 epochs completed (loss=1.5068, baseline=1.6094)
2025-10-24 12:51:01,325 | INFO | [MA-LfL][Policy] Stage 5/5 - Agent 1: 6/10 epochs completed (loss=1.1110, baseline=1.6094)
2025-10-24 12:51:01,331 | INFO | [MA-LfL][Policy] Stage 5/5 - Agent 1: 8/10 epochs completed (loss=1.0331, baseline=1.6094)
2025-10-24 12:51:01,341 | INFO | [MA-LfL][Policy] Stage 5/5 - Agent 1: 10/10 epochs completed (loss=1.0069, baseline=1.6094)
2025-10-24 12:51:01,341 | INFO | [MA-LfL] Computing reward targets...
2025-10-24 12:51:01,342 | INFO | [MA-LfL][Targets] Stage 1/4 - Agent 0
2025-10-24 12:51:01,767 | INFO | [MA-LfL][Targets] Stage 1/4 - Agent 1
2025-10-24 12:51:02,138 | INFO | [MA-LfL][Targets] Stage 2/4 - Agent 0
2025-10-24 12:51:02,551 | INFO | [MA-LfL][Targets] Stage 2/4 - Agent 1
2025-10-24 12:51:02,962 | INFO | [MA-LfL][Targets] Stage 3/4 - Agent 0
2025-10-24 12:51:03,362 | INFO | [MA-LfL][Targets] Stage 3/4 - Agent 1
2025-10-24 12:51:03,836 | INFO | [MA-LfL][Targets] Stage 4/4 - Agent 0
2025-10-24 12:51:04,308 | INFO | [MA-LfL][Targets] Stage 4/4 - Agent 1
2025-10-24 12:51:04,726 | INFO | [MA-LfL] Learning rewards...
2025-10-24 12:51:04,730 | INFO | [MA-LfL][Reward] Agent 0 - dataset size=4000 (batch=1024, epochs=20000, reward_lr=5.00e-04, shaping_lr=1.00e-05)
