2025-10-23 13:03:40,745 | INFO | Logging initialized. Log file: outputs\logs\run_20251023_130340.log
2025-10-23 13:03:40,745 | INFO | Configuration file: config.yaml
2025-10-23 13:03:40,745 | INFO | Reward families to process: heterogeneous
2025-10-23 13:03:40,746 | INFO | MA-SPI iterations=5, episodes/stage=400, episode_length=100
2025-10-23 13:03:40,746 | INFO | MA-LfL reward epochs=10000, reward batch size=8192
2025-10-23 13:03:40,746 | INFO | Log file located at outputs\logs\run_20251023_130340.log
2025-10-23 13:03:40,746 | INFO | Running experiment for reward family: heterogeneous
2025-10-23 13:03:40,747 | INFO | [Experiment:heterogeneous] Starting MA-SPI...
2025-10-23 13:03:41,650 | INFO | [MA-SPI] Starting run with 5 stages, 400 episodes/stage, episode length 100
2025-10-23 13:03:41,662 | INFO | [MA-SPI] Stage 1/5 - collecting trajectories...
2025-10-23 13:03:52,869 | INFO | [MA-SPI] Stage 1/5 - collected 80/400 episodes
2025-10-23 13:04:04,652 | INFO | [MA-SPI] Stage 1/5 - collected 160/400 episodes
2025-10-23 13:04:16,762 | INFO | [MA-SPI] Stage 1/5 - collected 240/400 episodes
2025-10-23 13:04:28,627 | INFO | [MA-SPI] Stage 1/5 - collected 320/400 episodes
2025-10-23 13:04:40,390 | INFO | [MA-SPI] Stage 1/5 - collected 400/400 episodes
2025-10-23 13:04:40,416 | INFO | [MA-SPI] Stage 1/5 - Agent 0 avg episode reward: -131.827 (std 31.787)
2025-10-23 13:04:40,416 | INFO | [MA-SPI] Stage 1/5 - Agent 1 avg episode reward: -109.620 (std 31.745)
2025-10-23 13:04:40,417 | INFO | [MA-SPI] Stage 1/5 - dataset size: 40000 transitions
2025-10-23 13:04:40,955 | INFO | [MA-SPI] Stage 1/5 - Q updates 20/100 (current batch 16384) [A0_Q_loss:2.9166, A1_Q_loss:2.9914]
2025-10-23 13:04:41,066 | INFO | [MA-SPI] Stage 1/5 - Q updates 40/100 (current batch 16384) [A0_Q_loss:1.6013, A1_Q_loss:1.7216]
2025-10-23 13:04:41,187 | INFO | [MA-SPI] Stage 1/5 - Q updates 60/100 (current batch 16384) [A0_Q_loss:1.2944, A1_Q_loss:0.9172]
2025-10-23 13:04:41,306 | INFO | [MA-SPI] Stage 1/5 - Q updates 80/100 (current batch 16384) [A0_Q_loss:0.9712, A1_Q_loss:0.7593]
2025-10-23 13:04:41,426 | INFO | [MA-SPI] Stage 1/5 - Q updates 100/100 (current batch 16384) [A0_Q_loss:0.8938, A1_Q_loss:0.6921]
2025-10-23 13:04:41,475 | INFO | [MA-SPI] Stage 1/5 - policy updates 10/50 (current batch 16384) [A0_Policy_loss:0.0237, A1_Policy_loss:0.0188]
2025-10-23 13:04:41,518 | INFO | [MA-SPI] Stage 1/5 - policy updates 20/50 (current batch 16384) [A0_Policy_loss:0.0080, A1_Policy_loss:0.0063]
2025-10-23 13:04:41,561 | INFO | [MA-SPI] Stage 1/5 - policy updates 30/50 (current batch 16384) [A0_Policy_loss:0.0024, A1_Policy_loss:0.0017]
2025-10-23 13:04:41,606 | INFO | [MA-SPI] Stage 1/5 - policy updates 40/50 (current batch 16384) [A0_Policy_loss:0.0008, A1_Policy_loss:0.0006]
2025-10-23 13:04:41,651 | INFO | [MA-SPI] Stage 1/5 - policy updates 50/50 (current batch 16384) [A0_Policy_loss:0.0003, A1_Policy_loss:0.0002]
2025-10-23 13:04:41,651 | INFO | [MA-SPI] Stage 1/5 - completed
2025-10-23 13:04:41,652 | INFO | [MA-SPI] Stage 2/5 - collecting trajectories...
