2025-10-24 08:12:10,752 | INFO | Logging initialized. Log file: outputs\logs\run_20251024_081210.log
2025-10-24 08:12:10,752 | INFO | Configuration file: config.yaml
2025-10-24 08:12:10,752 | INFO | Reward families to process: heterogeneous
2025-10-24 08:12:10,752 | INFO | MA-SPI iterations=5, episodes/stage=10, episode_length=100
2025-10-24 08:12:10,753 | INFO | MA-LfL reward epochs=20000, reward batch size=8192
2025-10-24 08:12:10,753 | INFO | Log file located at outputs\logs\run_20251024_081210.log
2025-10-24 08:12:10,753 | INFO | Running experiment for reward family: heterogeneous
2025-10-24 08:12:10,753 | INFO | [Experiment:heterogeneous] Starting MA-SPI...
2025-10-24 08:12:11,681 | INFO | [MA-SPI] Starting run with 5 stages, 10 episodes/stage, episode length 100
2025-10-24 08:12:11,692 | INFO | [MA-SPI] Stage 1/5 - collecting trajectories...
2025-10-24 08:12:12,135 | INFO | [MA-SPI] Stage 1/5 - collected 2/10 episodes
2025-10-24 08:12:12,372 | INFO | [MA-SPI] Stage 1/5 - collected 4/10 episodes
2025-10-24 08:12:12,616 | INFO | [MA-SPI] Stage 1/5 - collected 6/10 episodes
2025-10-24 08:12:12,878 | INFO | [MA-SPI] Stage 1/5 - collected 8/10 episodes
2025-10-24 08:12:13,136 | INFO | [MA-SPI] Stage 1/5 - collected 10/10 episodes
2025-10-24 08:12:13,137 | INFO | [MA-SPI] Stage 1/5 - Agent 0 avg episode reward: -137.400 (std 33.539)
2025-10-24 08:12:13,137 | INFO | [MA-SPI] Stage 1/5 - Agent 1 avg episode reward: -114.900 (std 35.184)
2025-10-24 08:12:13,137 | INFO | [MA-SPI] Stage 1/5 - dataset size: 1000 transitions
2025-10-24 08:12:13,365 | INFO | [MA-SPI] Stage 1/5 - Q updates 20/100 (current batch 1000) [A0_Q_loss:2.7630, A1_Q_loss:3.1812]
2025-10-24 08:12:13,446 | INFO | [MA-SPI] Stage 1/5 - Q updates 40/100 (current batch 1000) [A0_Q_loss:1.3751, A1_Q_loss:1.4296]
2025-10-24 08:12:13,526 | INFO | [MA-SPI] Stage 1/5 - Q updates 60/100 (current batch 1000) [A0_Q_loss:0.8376, A1_Q_loss:1.0367]
2025-10-24 08:12:13,610 | INFO | [MA-SPI] Stage 1/5 - Q updates 80/100 (current batch 1000) [A0_Q_loss:0.5093, A1_Q_loss:0.7529]
2025-10-24 08:12:13,694 | INFO | [MA-SPI] Stage 1/5 - Q updates 100/100 (current batch 1000) [A0_Q_loss:0.4704, A1_Q_loss:0.5672]
2025-10-24 08:12:13,728 | INFO | [MA-SPI] Stage 1/5 - policy updates 10/50 (current batch 1000) [A0_Policy_loss:0.0288, A1_Policy_loss:0.0183]
2025-10-24 08:12:13,760 | INFO | [MA-SPI] Stage 1/5 - policy updates 20/50 (current batch 1000) [A0_Policy_loss:0.0090, A1_Policy_loss:0.0042]
2025-10-24 08:12:13,792 | INFO | [MA-SPI] Stage 1/5 - policy updates 30/50 (current batch 1000) [A0_Policy_loss:0.0034, A1_Policy_loss:0.0015]
2025-10-24 08:12:13,828 | INFO | [MA-SPI] Stage 1/5 - policy updates 40/50 (current batch 1000) [A0_Policy_loss:0.0013, A1_Policy_loss:0.0006]
2025-10-24 08:12:13,861 | INFO | [MA-SPI] Stage 1/5 - policy updates 50/50 (current batch 1000) [A0_Policy_loss:0.0005, A1_Policy_loss:0.0002]
2025-10-24 08:12:13,861 | INFO | [MA-SPI] Stage 1/5 - completed
2025-10-24 08:12:13,861 | INFO | [MA-SPI] Stage 2/5 - collecting trajectories...
2025-10-24 08:12:14,133 | INFO | [MA-SPI] Stage 2/5 - collected 2/10 episodes
2025-10-24 08:12:14,381 | INFO | [MA-SPI] Stage 2/5 - collected 4/10 episodes
2025-10-24 08:12:14,627 | INFO | [MA-SPI] Stage 2/5 - collected 6/10 episodes
2025-10-24 08:12:14,871 | INFO | [MA-SPI] Stage 2/5 - collected 8/10 episodes
2025-10-24 08:12:15,123 | INFO | [MA-SPI] Stage 2/5 - collected 10/10 episodes
2025-10-24 08:12:15,124 | INFO | [MA-SPI] Stage 2/5 - Agent 0 avg episode reward: 67.000 (std 29.783)
2025-10-24 08:12:15,124 | INFO | [MA-SPI] Stage 2/5 - Agent 1 avg episode reward: 47.100 (std 20.535)
2025-10-24 08:12:15,124 | INFO | [MA-SPI] Stage 2/5 - dataset size: 1000 transitions
2025-10-24 08:12:15,205 | INFO | [MA-SPI] Stage 2/5 - Q updates 20/100 (current batch 1000) [A0_Q_loss:1.6607, A1_Q_loss:1.4316]
2025-10-24 08:12:15,284 | INFO | [MA-SPI] Stage 2/5 - Q updates 40/100 (current batch 1000) [A0_Q_loss:1.0833, A1_Q_loss:1.1384]
2025-10-24 08:12:15,362 | INFO | [MA-SPI] Stage 2/5 - Q updates 60/100 (current batch 1000) [A0_Q_loss:0.9357, A1_Q_loss:1.0149]
2025-10-24 08:12:15,446 | INFO | [MA-SPI] Stage 2/5 - Q updates 80/100 (current batch 1000) [A0_Q_loss:0.8746, A1_Q_loss:0.9769]
2025-10-24 08:12:15,527 | INFO | [MA-SPI] Stage 2/5 - Q updates 100/100 (current batch 1000) [A0_Q_loss:0.8530, A1_Q_loss:0.9853]
2025-10-24 08:12:15,561 | INFO | [MA-SPI] Stage 2/5 - policy updates 10/50 (current batch 1000) [A0_Policy_loss:0.0158, A1_Policy_loss:0.0072]
2025-10-24 08:12:15,594 | INFO | [MA-SPI] Stage 2/5 - policy updates 20/50 (current batch 1000) [A0_Policy_loss:0.0048, A1_Policy_loss:0.0025]
2025-10-24 08:12:15,629 | INFO | [MA-SPI] Stage 2/5 - policy updates 30/50 (current batch 1000) [A0_Policy_loss:0.0020, A1_Policy_loss:0.0010]
2025-10-24 08:12:15,662 | INFO | [MA-SPI] Stage 2/5 - policy updates 40/50 (current batch 1000) [A0_Policy_loss:0.0006, A1_Policy_loss:0.0004]
2025-10-24 08:12:15,698 | INFO | [MA-SPI] Stage 2/5 - policy updates 50/50 (current batch 1000) [A0_Policy_loss:0.0002, A1_Policy_loss:0.0002]
2025-10-24 08:12:15,698 | INFO | [MA-SPI] Stage 2/5 - completed
2025-10-24 08:12:15,698 | INFO | [MA-SPI] Stage 3/5 - collecting trajectories...
2025-10-24 08:12:15,939 | INFO | [MA-SPI] Stage 3/5 - collected 2/10 episodes
2025-10-24 08:12:16,188 | INFO | [MA-SPI] Stage 3/5 - collected 4/10 episodes
2025-10-24 08:12:16,435 | INFO | [MA-SPI] Stage 3/5 - collected 6/10 episodes
2025-10-24 08:12:16,679 | INFO | [MA-SPI] Stage 3/5 - collected 8/10 episodes
2025-10-24 08:12:16,934 | INFO | [MA-SPI] Stage 3/5 - collected 10/10 episodes
2025-10-24 08:12:16,935 | INFO | [MA-SPI] Stage 3/5 - Agent 0 avg episode reward: 113.400 (std 28.051)
2025-10-24 08:12:16,935 | INFO | [MA-SPI] Stage 3/5 - Agent 1 avg episode reward: 109.100 (std 25.137)
2025-10-24 08:12:16,935 | INFO | [MA-SPI] Stage 3/5 - dataset size: 1000 transitions
2025-10-24 08:12:17,021 | INFO | [MA-SPI] Stage 3/5 - Q updates 20/100 (current batch 1000) [A0_Q_loss:0.7991, A1_Q_loss:0.6151]
2025-10-24 08:12:17,117 | INFO | [MA-SPI] Stage 3/5 - Q updates 40/100 (current batch 1000) [A0_Q_loss:0.8251, A1_Q_loss:0.5328]
2025-10-24 08:12:17,203 | INFO | [MA-SPI] Stage 3/5 - Q updates 60/100 (current batch 1000) [A0_Q_loss:0.7463, A1_Q_loss:0.5244]
2025-10-24 08:12:17,292 | INFO | [MA-SPI] Stage 3/5 - Q updates 80/100 (current batch 1000) [A0_Q_loss:0.7612, A1_Q_loss:0.5156]
2025-10-24 08:12:17,377 | INFO | [MA-SPI] Stage 3/5 - Q updates 100/100 (current batch 1000) [A0_Q_loss:0.7643, A1_Q_loss:0.5197]
2025-10-24 08:12:17,414 | INFO | [MA-SPI] Stage 3/5 - policy updates 10/50 (current batch 1000) [A0_Policy_loss:0.0067, A1_Policy_loss:0.0051]
2025-10-24 08:12:17,450 | INFO | [MA-SPI] Stage 3/5 - policy updates 20/50 (current batch 1000) [A0_Policy_loss:0.0023, A1_Policy_loss:0.0019]
2025-10-24 08:12:17,497 | INFO | [MA-SPI] Stage 3/5 - policy updates 30/50 (current batch 1000) [A0_Policy_loss:0.0008, A1_Policy_loss:0.0007]
2025-10-24 08:12:17,551 | INFO | [MA-SPI] Stage 3/5 - policy updates 40/50 (current batch 1000) [A0_Policy_loss:0.0003, A1_Policy_loss:0.0002]
2025-10-24 08:12:17,594 | INFO | [MA-SPI] Stage 3/5 - policy updates 50/50 (current batch 1000) [A0_Policy_loss:0.0001, A1_Policy_loss:0.0001]
2025-10-24 08:12:17,594 | INFO | [MA-SPI] Stage 3/5 - completed
2025-10-24 08:12:17,594 | INFO | [MA-SPI] Stage 4/5 - collecting trajectories...
2025-10-24 08:12:17,872 | INFO | [MA-SPI] Stage 4/5 - collected 2/10 episodes
2025-10-24 08:12:18,132 | INFO | [MA-SPI] Stage 4/5 - collected 4/10 episodes
2025-10-24 08:12:18,419 | INFO | [MA-SPI] Stage 4/5 - collected 6/10 episodes
2025-10-24 08:12:18,684 | INFO | [MA-SPI] Stage 4/5 - collected 8/10 episodes
2025-10-24 08:12:19,031 | INFO | [MA-SPI] Stage 4/5 - collected 10/10 episodes
2025-10-24 08:12:19,032 | INFO | [MA-SPI] Stage 4/5 - Agent 0 avg episode reward: 112.800 (std 30.225)
2025-10-24 08:12:19,033 | INFO | [MA-SPI] Stage 4/5 - Agent 1 avg episode reward: 98.900 (std 33.721)
2025-10-24 08:12:19,033 | INFO | [MA-SPI] Stage 4/5 - dataset size: 1000 transitions
2025-10-24 08:12:19,155 | INFO | [MA-SPI] Stage 4/5 - Q updates 20/100 (current batch 1000) [A0_Q_loss:0.5955, A1_Q_loss:0.4295]
2025-10-24 08:12:19,248 | INFO | [MA-SPI] Stage 4/5 - Q updates 40/100 (current batch 1000) [A0_Q_loss:0.5255, A1_Q_loss:0.3559]
2025-10-24 08:12:19,356 | INFO | [MA-SPI] Stage 4/5 - Q updates 60/100 (current batch 1000) [A0_Q_loss:0.4722, A1_Q_loss:0.3525]
2025-10-24 08:12:19,466 | INFO | [MA-SPI] Stage 4/5 - Q updates 80/100 (current batch 1000) [A0_Q_loss:0.5347, A1_Q_loss:0.3298]
2025-10-24 08:12:19,551 | INFO | [MA-SPI] Stage 4/5 - Q updates 100/100 (current batch 1000) [A0_Q_loss:0.4735, A1_Q_loss:0.3408]
2025-10-24 08:12:19,582 | INFO | [MA-SPI] Stage 4/5 - policy updates 10/50 (current batch 1000) [A0_Policy_loss:0.0037, A1_Policy_loss:0.0032]
2025-10-24 08:12:19,617 | INFO | [MA-SPI] Stage 4/5 - policy updates 20/50 (current batch 1000) [A0_Policy_loss:0.0011, A1_Policy_loss:0.0010]
2025-10-24 08:12:19,650 | INFO | [MA-SPI] Stage 4/5 - policy updates 30/50 (current batch 1000) [A0_Policy_loss:0.0005, A1_Policy_loss:0.0005]
2025-10-24 08:12:19,687 | INFO | [MA-SPI] Stage 4/5 - policy updates 40/50 (current batch 1000) [A0_Policy_loss:0.0002, A1_Policy_loss:0.0002]
2025-10-24 08:12:19,735 | INFO | [MA-SPI] Stage 4/5 - policy updates 50/50 (current batch 1000) [A0_Policy_loss:0.0001, A1_Policy_loss:0.0001]
2025-10-24 08:12:19,735 | INFO | [MA-SPI] Stage 4/5 - completed
2025-10-24 08:12:19,735 | INFO | [MA-SPI] Stage 5/5 - collecting trajectories...
2025-10-24 08:12:20,016 | INFO | [MA-SPI] Stage 5/5 - collected 2/10 episodes
2025-10-24 08:12:20,279 | INFO | [MA-SPI] Stage 5/5 - collected 4/10 episodes
2025-10-24 08:12:20,546 | INFO | [MA-SPI] Stage 5/5 - collected 6/10 episodes
2025-10-24 08:12:20,803 | INFO | [MA-SPI] Stage 5/5 - collected 8/10 episodes
2025-10-24 08:12:21,053 | INFO | [MA-SPI] Stage 5/5 - collected 10/10 episodes
2025-10-24 08:12:21,054 | INFO | [MA-SPI] Stage 5/5 - Agent 0 avg episode reward: 115.500 (std 18.720)
2025-10-24 08:12:21,054 | INFO | [MA-SPI] Stage 5/5 - Agent 1 avg episode reward: 110.000 (std 23.422)
2025-10-24 08:12:21,054 | INFO | [MA-SPI] Stage 5/5 - dataset size: 1000 transitions
2025-10-24 08:12:21,164 | INFO | [MA-SPI] Stage 5/5 - Q updates 20/100 (current batch 1000) [A0_Q_loss:0.5018, A1_Q_loss:0.4675]
2025-10-24 08:12:21,282 | INFO | [MA-SPI] Stage 5/5 - Q updates 40/100 (current batch 1000) [A0_Q_loss:0.4171, A1_Q_loss:0.4131]
2025-10-24 08:12:21,363 | INFO | [MA-SPI] Stage 5/5 - Q updates 60/100 (current batch 1000) [A0_Q_loss:0.4285, A1_Q_loss:0.3537]
2025-10-24 08:12:21,442 | INFO | [MA-SPI] Stage 5/5 - Q updates 80/100 (current batch 1000) [A0_Q_loss:0.4103, A1_Q_loss:0.4335]
2025-10-24 08:12:21,526 | INFO | [MA-SPI] Stage 5/5 - Q updates 100/100 (current batch 1000) [A0_Q_loss:0.4163, A1_Q_loss:0.4042]
2025-10-24 08:12:21,561 | INFO | [MA-SPI] Stage 5/5 - policy updates 10/50 (current batch 1000) [A0_Policy_loss:0.0023, A1_Policy_loss:0.0031]
2025-10-24 08:12:21,605 | INFO | [MA-SPI] Stage 5/5 - policy updates 20/50 (current batch 1000) [A0_Policy_loss:0.0007, A1_Policy_loss:0.0012]
2025-10-24 08:12:21,654 | INFO | [MA-SPI] Stage 5/5 - policy updates 30/50 (current batch 1000) [A0_Policy_loss:0.0003, A1_Policy_loss:0.0005]
2025-10-24 08:12:21,712 | INFO | [MA-SPI] Stage 5/5 - policy updates 40/50 (current batch 1000) [A0_Policy_loss:0.0001, A1_Policy_loss:0.0002]
2025-10-24 08:12:21,755 | INFO | [MA-SPI] Stage 5/5 - policy updates 50/50 (current batch 1000) [A0_Policy_loss:0.0000, A1_Policy_loss:0.0001]
2025-10-24 08:12:21,755 | INFO | [MA-SPI] Stage 5/5 - completed
2025-10-24 08:12:21,787 | INFO | [Experiment:heterogeneous] MA-SPI completed. Artifacts saved to outputs\heterogeneous\ma_spi
2025-10-24 08:12:21,787 | INFO | [Experiment:heterogeneous] Starting MA-LfL...
2025-10-24 08:12:21,788 | INFO | [MA-LfL] Estimating policies...
2025-10-24 08:12:21,788 | INFO | [MA-LfL][Policy] Stage 1/5 - preparing data
2025-10-24 08:12:21,811 | INFO | [MA-LfL][Policy] Stage 1/5 - Agent 0: 2/10 epochs completed (loss=3.2695, baseline=1.6094)
2025-10-24 08:12:21,815 | INFO | [MA-LfL][Policy] Stage 1/5 - Agent 0: 4/10 epochs completed (loss=1.4244, baseline=1.6094)
2025-10-24 08:12:21,819 | INFO | [MA-LfL][Policy] Stage 1/5 - Agent 0: 6/10 epochs completed (loss=1.2134, baseline=1.6094)
2025-10-24 08:12:21,826 | INFO | [MA-LfL][Policy] Stage 1/5 - Agent 0: 8/10 epochs completed (loss=1.1068, baseline=1.6094)
2025-10-24 08:12:21,832 | INFO | [MA-LfL][Policy] Stage 1/5 - Agent 0: 10/10 epochs completed (loss=1.0913, baseline=1.6094)
2025-10-24 08:12:21,842 | INFO | [MA-LfL][Policy] Stage 1/5 - Agent 1: 2/10 epochs completed (loss=3.0694, baseline=1.6094)
2025-10-24 08:12:21,847 | INFO | [MA-LfL][Policy] Stage 1/5 - Agent 1: 4/10 epochs completed (loss=1.4800, baseline=1.6094)
2025-10-24 08:12:21,851 | INFO | [MA-LfL][Policy] Stage 1/5 - Agent 1: 6/10 epochs completed (loss=1.2070, baseline=1.6094)
2025-10-24 08:12:21,859 | INFO | [MA-LfL][Policy] Stage 1/5 - Agent 1: 8/10 epochs completed (loss=1.1019, baseline=1.6094)
2025-10-24 08:12:21,863 | INFO | [MA-LfL][Policy] Stage 1/5 - Agent 1: 10/10 epochs completed (loss=1.0798, baseline=1.6094)
2025-10-24 08:12:21,864 | INFO | [MA-LfL][Policy] Stage 2/5 - preparing data
2025-10-24 08:12:21,870 | INFO | [MA-LfL][Policy] Stage 2/5 - Agent 0: 2/10 epochs completed (loss=3.1231, baseline=1.6094)
2025-10-24 08:12:21,876 | INFO | [MA-LfL][Policy] Stage 2/5 - Agent 0: 4/10 epochs completed (loss=2.5654, baseline=1.6094)
2025-10-24 08:12:21,881 | INFO | [MA-LfL][Policy] Stage 2/5 - Agent 0: 6/10 epochs completed (loss=1.2076, baseline=1.6094)
2025-10-24 08:12:21,885 | INFO | [MA-LfL][Policy] Stage 2/5 - Agent 0: 8/10 epochs completed (loss=1.0764, baseline=1.6094)
2025-10-24 08:12:21,891 | INFO | [MA-LfL][Policy] Stage 2/5 - Agent 0: 10/10 epochs completed (loss=0.9976, baseline=1.6094)
2025-10-24 08:12:21,898 | INFO | [MA-LfL][Policy] Stage 2/5 - Agent 1: 2/10 epochs completed (loss=2.4523, baseline=1.6094)
2025-10-24 08:12:21,903 | INFO | [MA-LfL][Policy] Stage 2/5 - Agent 1: 4/10 epochs completed (loss=1.2198, baseline=1.6094)
2025-10-24 08:12:21,908 | INFO | [MA-LfL][Policy] Stage 2/5 - Agent 1: 6/10 epochs completed (loss=1.0589, baseline=1.6094)
2025-10-24 08:12:21,913 | INFO | [MA-LfL][Policy] Stage 2/5 - Agent 1: 8/10 epochs completed (loss=1.0233, baseline=1.6094)
2025-10-24 08:12:21,922 | INFO | [MA-LfL][Policy] Stage 2/5 - Agent 1: 10/10 epochs completed (loss=0.9760, baseline=1.6094)
2025-10-24 08:12:21,922 | INFO | [MA-LfL][Policy] Stage 3/5 - preparing data
2025-10-24 08:12:21,929 | INFO | [MA-LfL][Policy] Stage 3/5 - Agent 0: 2/10 epochs completed (loss=2.6041, baseline=1.6094)
2025-10-24 08:12:21,935 | INFO | [MA-LfL][Policy] Stage 3/5 - Agent 0: 4/10 epochs completed (loss=1.7274, baseline=1.6094)
2025-10-24 08:12:21,943 | INFO | [MA-LfL][Policy] Stage 3/5 - Agent 0: 6/10 epochs completed (loss=1.1143, baseline=1.6094)
2025-10-24 08:12:21,949 | INFO | [MA-LfL][Policy] Stage 3/5 - Agent 0: 8/10 epochs completed (loss=1.0074, baseline=1.6094)
2025-10-24 08:12:21,956 | INFO | [MA-LfL][Policy] Stage 3/5 - Agent 0: 10/10 epochs completed (loss=0.9835, baseline=1.6094)
2025-10-24 08:12:21,963 | INFO | [MA-LfL][Policy] Stage 3/5 - Agent 1: 2/10 epochs completed (loss=5.7030, baseline=1.6094)
2025-10-24 08:12:21,969 | INFO | [MA-LfL][Policy] Stage 3/5 - Agent 1: 4/10 epochs completed (loss=1.6001, baseline=1.6094)
2025-10-24 08:12:21,976 | INFO | [MA-LfL][Policy] Stage 3/5 - Agent 1: 6/10 epochs completed (loss=1.2568, baseline=1.6094)
2025-10-24 08:12:21,981 | INFO | [MA-LfL][Policy] Stage 3/5 - Agent 1: 8/10 epochs completed (loss=1.0344, baseline=1.6094)
2025-10-24 08:12:21,989 | INFO | [MA-LfL][Policy] Stage 3/5 - Agent 1: 10/10 epochs completed (loss=1.0029, baseline=1.6094)
2025-10-24 08:12:21,989 | INFO | [MA-LfL][Policy] Stage 4/5 - preparing data
2025-10-24 08:12:21,995 | INFO | [MA-LfL][Policy] Stage 4/5 - Agent 0: 2/10 epochs completed (loss=2.8728, baseline=1.6094)
2025-10-24 08:12:21,999 | INFO | [MA-LfL][Policy] Stage 4/5 - Agent 0: 4/10 epochs completed (loss=1.6201, baseline=1.6094)
2025-10-24 08:12:22,004 | INFO | [MA-LfL][Policy] Stage 4/5 - Agent 0: 6/10 epochs completed (loss=1.2387, baseline=1.6094)
2025-10-24 08:12:22,010 | INFO | [MA-LfL][Policy] Stage 4/5 - Agent 0: 8/10 epochs completed (loss=1.1303, baseline=1.6094)
2025-10-24 08:12:22,016 | INFO | [MA-LfL][Policy] Stage 4/5 - Agent 0: 10/10 epochs completed (loss=1.0035, baseline=1.6094)
2025-10-24 08:12:22,024 | INFO | [MA-LfL][Policy] Stage 4/5 - Agent 1: 2/10 epochs completed (loss=2.9283, baseline=1.6094)
2025-10-24 08:12:22,030 | INFO | [MA-LfL][Policy] Stage 4/5 - Agent 1: 4/10 epochs completed (loss=1.4339, baseline=1.6094)
2025-10-24 08:12:22,037 | INFO | [MA-LfL][Policy] Stage 4/5 - Agent 1: 6/10 epochs completed (loss=1.0704, baseline=1.6094)
2025-10-24 08:12:22,043 | INFO | [MA-LfL][Policy] Stage 4/5 - Agent 1: 8/10 epochs completed (loss=1.0526, baseline=1.6094)
2025-10-24 08:12:22,047 | INFO | [MA-LfL][Policy] Stage 4/5 - Agent 1: 10/10 epochs completed (loss=1.0177, baseline=1.6094)
2025-10-24 08:12:22,047 | INFO | [MA-LfL][Policy] Stage 5/5 - preparing data
2025-10-24 08:12:22,052 | INFO | [MA-LfL][Policy] Stage 5/5 - Agent 0: 2/10 epochs completed (loss=3.1318, baseline=1.6094)
2025-10-24 08:12:22,058 | INFO | [MA-LfL][Policy] Stage 5/5 - Agent 0: 4/10 epochs completed (loss=1.6561, baseline=1.6094)
2025-10-24 08:12:22,064 | INFO | [MA-LfL][Policy] Stage 5/5 - Agent 0: 6/10 epochs completed (loss=1.0889, baseline=1.6094)
2025-10-24 08:12:22,068 | INFO | [MA-LfL][Policy] Stage 5/5 - Agent 0: 8/10 epochs completed (loss=1.0369, baseline=1.6094)
2025-10-24 08:12:22,072 | INFO | [MA-LfL][Policy] Stage 5/5 - Agent 0: 10/10 epochs completed (loss=1.0083, baseline=1.6094)
2025-10-24 08:12:22,077 | INFO | [MA-LfL][Policy] Stage 5/5 - Agent 1: 2/10 epochs completed (loss=3.7079, baseline=1.6094)
2025-10-24 08:12:22,083 | INFO | [MA-LfL][Policy] Stage 5/5 - Agent 1: 4/10 epochs completed (loss=1.5068, baseline=1.6094)
2025-10-24 08:12:22,087 | INFO | [MA-LfL][Policy] Stage 5/5 - Agent 1: 6/10 epochs completed (loss=1.1110, baseline=1.6094)
2025-10-24 08:12:22,092 | INFO | [MA-LfL][Policy] Stage 5/5 - Agent 1: 8/10 epochs completed (loss=1.0331, baseline=1.6094)
2025-10-24 08:12:22,096 | INFO | [MA-LfL][Policy] Stage 5/5 - Agent 1: 10/10 epochs completed (loss=1.0069, baseline=1.6094)
2025-10-24 08:12:22,096 | INFO | [MA-LfL] Computing reward targets...
2025-10-24 08:12:22,097 | INFO | [MA-LfL][Targets] Stage 1/4 - Agent 0
2025-10-24 08:12:22,459 | INFO | [MA-LfL][Targets] Stage 1/4 - Agent 1
2025-10-24 08:12:22,806 | INFO | [MA-LfL][Targets] Stage 2/4 - Agent 0
2025-10-24 08:12:23,124 | INFO | [MA-LfL][Targets] Stage 2/4 - Agent 1
2025-10-24 08:12:23,460 | INFO | [MA-LfL][Targets] Stage 3/4 - Agent 0
2025-10-24 08:12:23,922 | INFO | [MA-LfL][Targets] Stage 3/4 - Agent 1
2025-10-24 08:12:24,381 | INFO | [MA-LfL][Targets] Stage 4/4 - Agent 0
2025-10-24 08:12:24,821 | INFO | [MA-LfL][Targets] Stage 4/4 - Agent 1
2025-10-24 08:12:25,251 | INFO | [MA-LfL] Learning rewards...
2025-10-24 08:12:25,256 | INFO | [MA-LfL][Reward] Agent 0 - dataset size=4000 (batch=1024, epochs=20000, reward_lr=5.00e-04, shaping_lr=1.00e-05)
2025-10-24 08:13:29,465 | INFO | [MA-LfL][Reward] Agent 0 - 2000/20000 epochs completed (latest loss=1.0307)
2025-10-24 08:14:32,646 | INFO | [MA-LfL][Reward] Agent 0 - 4000/20000 epochs completed (latest loss=1.0272)
2025-10-24 08:15:33,513 | INFO | [MA-LfL][Reward] Agent 0 - 6000/20000 epochs completed (latest loss=1.0263)
2025-10-24 08:16:33,785 | INFO | [MA-LfL][Reward] Agent 0 - 8000/20000 epochs completed (latest loss=1.0288)
2025-10-24 08:17:37,607 | INFO | [MA-LfL][Reward] Agent 0 - 10000/20000 epochs completed (latest loss=1.0208)
2025-10-24 08:18:39,767 | INFO | [MA-LfL][Reward] Agent 0 - 12000/20000 epochs completed (latest loss=1.0264)
2025-10-24 08:19:42,684 | INFO | [MA-LfL][Reward] Agent 0 - 14000/20000 epochs completed (latest loss=1.0239)
2025-10-24 08:20:44,039 | INFO | [MA-LfL][Reward] Agent 0 - 16000/20000 epochs completed (latest loss=1.0269)
2025-10-24 08:21:44,104 | INFO | [MA-LfL][Reward] Agent 0 - 18000/20000 epochs completed (latest loss=1.0244)
2025-10-24 08:22:44,593 | INFO | [MA-LfL][Reward] Agent 0 - 20000/20000 epochs completed (latest loss=1.0292)
2025-10-24 08:22:44,598 | INFO | [MA-LfL][Reward] Agent 1 - dataset size=4000 (batch=1024, epochs=20000, reward_lr=5.00e-04, shaping_lr=1.00e-05)
2025-10-24 08:23:48,167 | INFO | [MA-LfL][Reward] Agent 1 - 2000/20000 epochs completed (latest loss=0.7503)
2025-10-24 08:24:49,846 | INFO | [MA-LfL][Reward] Agent 1 - 4000/20000 epochs completed (latest loss=0.7575)
2025-10-24 08:25:51,680 | INFO | [MA-LfL][Reward] Agent 1 - 6000/20000 epochs completed (latest loss=0.7627)
2025-10-24 08:26:51,613 | INFO | [MA-LfL][Reward] Agent 1 - 8000/20000 epochs completed (latest loss=0.7499)
2025-10-24 08:27:51,068 | INFO | [MA-LfL][Reward] Agent 1 - 10000/20000 epochs completed (latest loss=0.7541)
2025-10-24 08:28:52,201 | INFO | [MA-LfL][Reward] Agent 1 - 12000/20000 epochs completed (latest loss=0.7426)
2025-10-24 08:29:56,096 | INFO | [MA-LfL][Reward] Agent 1 - 14000/20000 epochs completed (latest loss=0.7438)
2025-10-24 08:30:58,339 | INFO | [MA-LfL][Reward] Agent 1 - 16000/20000 epochs completed (latest loss=0.7416)
2025-10-24 08:32:01,368 | INFO | [MA-LfL][Reward] Agent 1 - 18000/20000 epochs completed (latest loss=0.7422)
2025-10-24 08:33:02,168 | INFO | [MA-LfL][Reward] Agent 1 - 20000/20000 epochs completed (latest loss=0.7455)
2025-10-24 08:33:02,169 | INFO | [MA-LfL] Evaluating rewards...
2025-10-24 08:33:02,842 | INFO | [MA-LfL] Computing alignment metrics (R_hat + g - gamma*g' vs Y_h)...
2025-10-24 08:33:02,888 | INFO | [MA-LfL] Pipeline complete.
2025-10-24 08:33:02,888 | INFO | [Experiment:heterogeneous] MA-LfL completed. Artifacts saved to outputs\heterogeneous\ma_lfl
2025-10-24 08:33:02,888 | INFO | [Experiment:heterogeneous] Agent 0 metrics - Pearson: -0.2139 | Spearman: -0.1842
2025-10-24 08:33:02,889 | INFO | [Experiment:heterogeneous] Agent 1 metrics - Pearson: -0.0856 | Spearman: -0.0673
2025-10-24 08:33:02,889 | INFO | [Experiment:heterogeneous] Trend stages: 1, 2, 3, 4
2025-10-24 08:33:02,889 | INFO | [Experiment:heterogeneous] Trend Pearson: -0.4034, -0.6917, -0.5595, -0.5787
2025-10-24 08:33:02,889 | INFO | [Experiment:heterogeneous] Trend Spearman: -0.4059, -0.6826, -0.6808, -0.5968
2025-10-24 08:33:02,889 | INFO | [Experiment:heterogeneous] Agent 0 correlation >=0.4 ? NO
2025-10-24 08:33:02,889 | INFO | [Experiment:heterogeneous] Agent 1 correlation >=0.4 ? NO
2025-10-24 08:33:02,889 | INFO | [Experiment:heterogeneous] Correlation trend non-decreasing? NO
2025-10-24 08:33:02,890 | INFO | Summary saved to outputs\summary.json
2025-10-24 08:33:02,890 | INFO | Run complete.
