2025-10-23 19:05:07,433 | INFO | Logging initialized. Log file: outputs\logs\run_20251023_190507.log
2025-10-23 19:05:07,434 | INFO | Configuration file: config.yaml
2025-10-23 19:05:07,434 | INFO | Reward families to process: heterogeneous
2025-10-23 19:05:07,434 | INFO | MA-SPI iterations=3, episodes/stage=10, episode_length=100
2025-10-23 19:05:07,434 | INFO | MA-LfL reward epochs=20000, reward batch size=8192
2025-10-23 19:05:07,434 | INFO | Log file located at outputs\logs\run_20251023_190507.log
2025-10-23 19:05:07,434 | INFO | Running experiment for reward family: heterogeneous
2025-10-23 19:05:07,435 | INFO | [Experiment:heterogeneous] Starting MA-SPI...
2025-10-23 19:05:08,291 | INFO | [MA-SPI] Starting run with 3 stages, 10 episodes/stage, episode length 100
2025-10-23 19:05:08,302 | INFO | [MA-SPI] Stage 1/3 - collecting trajectories...
2025-10-23 19:05:08,774 | INFO | [MA-SPI] Stage 1/3 - collected 2/10 episodes
2025-10-23 19:05:09,032 | INFO | [MA-SPI] Stage 1/3 - collected 4/10 episodes
2025-10-23 19:05:09,348 | INFO | [MA-SPI] Stage 1/3 - collected 6/10 episodes
2025-10-23 19:05:09,648 | INFO | [MA-SPI] Stage 1/3 - collected 8/10 episodes
2025-10-23 19:05:09,955 | INFO | [MA-SPI] Stage 1/3 - collected 10/10 episodes
2025-10-23 19:05:09,957 | INFO | [MA-SPI] Stage 1/3 - Agent 0 avg episode reward: -137.400 (std 33.539)
2025-10-23 19:05:09,957 | INFO | [MA-SPI] Stage 1/3 - Agent 1 avg episode reward: -114.900 (std 35.184)
2025-10-23 19:05:09,957 | INFO | [MA-SPI] Stage 1/3 - dataset size: 1000 transitions
2025-10-23 19:05:10,194 | INFO | [MA-SPI] Stage 1/3 - Q updates 20/100 (current batch 1000) [A0_Q_loss:2.7630, A1_Q_loss:3.1812]
2025-10-23 19:05:10,278 | INFO | [MA-SPI] Stage 1/3 - Q updates 40/100 (current batch 1000) [A0_Q_loss:1.3751, A1_Q_loss:1.4296]
2025-10-23 19:05:10,364 | INFO | [MA-SPI] Stage 1/3 - Q updates 60/100 (current batch 1000) [A0_Q_loss:0.8376, A1_Q_loss:1.0367]
2025-10-23 19:05:10,454 | INFO | [MA-SPI] Stage 1/3 - Q updates 80/100 (current batch 1000) [A0_Q_loss:0.5093, A1_Q_loss:0.7529]
2025-10-23 19:05:10,537 | INFO | [MA-SPI] Stage 1/3 - Q updates 100/100 (current batch 1000) [A0_Q_loss:0.4704, A1_Q_loss:0.5672]
2025-10-23 19:05:10,575 | INFO | [MA-SPI] Stage 1/3 - policy updates 10/50 (current batch 1000) [A0_Policy_loss:0.0288, A1_Policy_loss:0.0183]
2025-10-23 19:05:10,612 | INFO | [MA-SPI] Stage 1/3 - policy updates 20/50 (current batch 1000) [A0_Policy_loss:0.0090, A1_Policy_loss:0.0042]
2025-10-23 19:05:10,651 | INFO | [MA-SPI] Stage 1/3 - policy updates 30/50 (current batch 1000) [A0_Policy_loss:0.0034, A1_Policy_loss:0.0015]
2025-10-23 19:05:10,687 | INFO | [MA-SPI] Stage 1/3 - policy updates 40/50 (current batch 1000) [A0_Policy_loss:0.0013, A1_Policy_loss:0.0006]
2025-10-23 19:05:10,725 | INFO | [MA-SPI] Stage 1/3 - policy updates 50/50 (current batch 1000) [A0_Policy_loss:0.0005, A1_Policy_loss:0.0002]
2025-10-23 19:05:10,725 | INFO | [MA-SPI] Stage 1/3 - completed
2025-10-23 19:05:10,725 | INFO | [MA-SPI] Stage 2/3 - collecting trajectories...
2025-10-23 19:05:11,005 | INFO | [MA-SPI] Stage 2/3 - collected 2/10 episodes
2025-10-23 19:05:11,299 | INFO | [MA-SPI] Stage 2/3 - collected 4/10 episodes
2025-10-23 19:05:11,599 | INFO | [MA-SPI] Stage 2/3 - collected 6/10 episodes
2025-10-23 19:05:11,917 | INFO | [MA-SPI] Stage 2/3 - collected 8/10 episodes
2025-10-23 19:05:12,234 | INFO | [MA-SPI] Stage 2/3 - collected 10/10 episodes
2025-10-23 19:05:12,235 | INFO | [MA-SPI] Stage 2/3 - Agent 0 avg episode reward: 67.000 (std 29.783)
2025-10-23 19:05:12,235 | INFO | [MA-SPI] Stage 2/3 - Agent 1 avg episode reward: 47.100 (std 20.535)
2025-10-23 19:05:12,236 | INFO | [MA-SPI] Stage 2/3 - dataset size: 1000 transitions
2025-10-23 19:05:12,322 | INFO | [MA-SPI] Stage 2/3 - Q updates 20/100 (current batch 1000) [A0_Q_loss:1.6607, A1_Q_loss:1.4316]
2025-10-23 19:05:12,409 | INFO | [MA-SPI] Stage 2/3 - Q updates 40/100 (current batch 1000) [A0_Q_loss:1.0833, A1_Q_loss:1.1384]
2025-10-23 19:05:12,491 | INFO | [MA-SPI] Stage 2/3 - Q updates 60/100 (current batch 1000) [A0_Q_loss:0.9357, A1_Q_loss:1.0149]
2025-10-23 19:05:12,584 | INFO | [MA-SPI] Stage 2/3 - Q updates 80/100 (current batch 1000) [A0_Q_loss:0.8746, A1_Q_loss:0.9769]
2025-10-23 19:05:12,692 | INFO | [MA-SPI] Stage 2/3 - Q updates 100/100 (current batch 1000) [A0_Q_loss:0.8530, A1_Q_loss:0.9853]
2025-10-23 19:05:12,739 | INFO | [MA-SPI] Stage 2/3 - policy updates 10/50 (current batch 1000) [A0_Policy_loss:0.0158, A1_Policy_loss:0.0072]
2025-10-23 19:05:12,783 | INFO | [MA-SPI] Stage 2/3 - policy updates 20/50 (current batch 1000) [A0_Policy_loss:0.0048, A1_Policy_loss:0.0025]
2025-10-23 19:05:12,830 | INFO | [MA-SPI] Stage 2/3 - policy updates 30/50 (current batch 1000) [A0_Policy_loss:0.0020, A1_Policy_loss:0.0010]
2025-10-23 19:05:12,873 | INFO | [MA-SPI] Stage 2/3 - policy updates 40/50 (current batch 1000) [A0_Policy_loss:0.0006, A1_Policy_loss:0.0004]
2025-10-23 19:05:12,916 | INFO | [MA-SPI] Stage 2/3 - policy updates 50/50 (current batch 1000) [A0_Policy_loss:0.0002, A1_Policy_loss:0.0002]
2025-10-23 19:05:12,916 | INFO | [MA-SPI] Stage 2/3 - completed
2025-10-23 19:05:12,917 | INFO | [MA-SPI] Stage 3/3 - collecting trajectories...
2025-10-23 19:05:13,215 | INFO | [MA-SPI] Stage 3/3 - collected 2/10 episodes
2025-10-23 19:05:13,481 | INFO | [MA-SPI] Stage 3/3 - collected 4/10 episodes
2025-10-23 19:05:13,755 | INFO | [MA-SPI] Stage 3/3 - collected 6/10 episodes
2025-10-23 19:05:14,041 | INFO | [MA-SPI] Stage 3/3 - collected 8/10 episodes
2025-10-23 19:05:14,287 | INFO | [MA-SPI] Stage 3/3 - collected 10/10 episodes
2025-10-23 19:05:14,288 | INFO | [MA-SPI] Stage 3/3 - Agent 0 avg episode reward: 113.400 (std 28.051)
2025-10-23 19:05:14,288 | INFO | [MA-SPI] Stage 3/3 - Agent 1 avg episode reward: 109.100 (std 25.137)
2025-10-23 19:05:14,288 | INFO | [MA-SPI] Stage 3/3 - dataset size: 1000 transitions
2025-10-23 19:05:14,386 | INFO | [MA-SPI] Stage 3/3 - Q updates 20/100 (current batch 1000) [A0_Q_loss:0.7991, A1_Q_loss:0.6151]
2025-10-23 19:05:14,473 | INFO | [MA-SPI] Stage 3/3 - Q updates 40/100 (current batch 1000) [A0_Q_loss:0.8251, A1_Q_loss:0.5328]
2025-10-23 19:05:14,562 | INFO | [MA-SPI] Stage 3/3 - Q updates 60/100 (current batch 1000) [A0_Q_loss:0.7463, A1_Q_loss:0.5244]
2025-10-23 19:05:14,652 | INFO | [MA-SPI] Stage 3/3 - Q updates 80/100 (current batch 1000) [A0_Q_loss:0.7612, A1_Q_loss:0.5156]
2025-10-23 19:05:14,751 | INFO | [MA-SPI] Stage 3/3 - Q updates 100/100 (current batch 1000) [A0_Q_loss:0.7643, A1_Q_loss:0.5197]
2025-10-23 19:05:14,810 | INFO | [MA-SPI] Stage 3/3 - policy updates 10/50 (current batch 1000) [A0_Policy_loss:0.0067, A1_Policy_loss:0.0051]
2025-10-23 19:05:14,896 | INFO | [MA-SPI] Stage 3/3 - policy updates 20/50 (current batch 1000) [A0_Policy_loss:0.0023, A1_Policy_loss:0.0019]
2025-10-23 19:05:14,934 | INFO | [MA-SPI] Stage 3/3 - policy updates 30/50 (current batch 1000) [A0_Policy_loss:0.0008, A1_Policy_loss:0.0007]
2025-10-23 19:05:14,969 | INFO | [MA-SPI] Stage 3/3 - policy updates 40/50 (current batch 1000) [A0_Policy_loss:0.0003, A1_Policy_loss:0.0002]
2025-10-23 19:05:15,005 | INFO | [MA-SPI] Stage 3/3 - policy updates 50/50 (current batch 1000) [A0_Policy_loss:0.0001, A1_Policy_loss:0.0001]
2025-10-23 19:05:15,005 | INFO | [MA-SPI] Stage 3/3 - completed
2025-10-23 19:05:15,026 | INFO | [Experiment:heterogeneous] MA-SPI completed. Artifacts saved to outputs\heterogeneous\ma_spi
2025-10-23 19:05:15,028 | INFO | [Experiment:heterogeneous] Starting MA-LfL...
2025-10-23 19:05:15,028 | INFO | [MA-LfL] Estimating policies...
2025-10-23 19:05:15,028 | INFO | [MA-LfL][Policy] Stage 1/3 - preparing data
2025-10-23 19:05:15,071 | INFO | [MA-LfL][Policy] Stage 1/3 - Agent 0: 10/10 epochs completed (loss=1.0913, baseline=1.6094)
2025-10-23 19:05:15,090 | INFO | [MA-LfL][Policy] Stage 1/3 - Agent 1: 10/10 epochs completed (loss=1.0798, baseline=1.6094)
2025-10-23 19:05:15,091 | INFO | [MA-LfL][Policy] Stage 2/3 - preparing data
2025-10-23 19:05:15,126 | INFO | [MA-LfL][Policy] Stage 2/3 - Agent 0: 10/10 epochs completed (loss=0.9976, baseline=1.6094)
2025-10-23 19:05:15,157 | INFO | [MA-LfL][Policy] Stage 2/3 - Agent 1: 10/10 epochs completed (loss=0.9760, baseline=1.6094)
2025-10-23 19:05:15,157 | INFO | [MA-LfL][Policy] Stage 3/3 - preparing data
2025-10-23 19:05:15,193 | INFO | [MA-LfL][Policy] Stage 3/3 - Agent 0: 10/10 epochs completed (loss=0.9835, baseline=1.6094)
2025-10-23 19:05:15,231 | INFO | [MA-LfL][Policy] Stage 3/3 - Agent 1: 10/10 epochs completed (loss=1.0029, baseline=1.6094)
2025-10-23 19:05:15,231 | INFO | [MA-LfL] Computing reward targets...
2025-10-23 19:05:15,231 | INFO | [MA-LfL][Targets] Stage 1/2 - Agent 0
2025-10-23 19:05:15,640 | INFO | [MA-LfL][Targets] Stage 1/2 - Agent 1
2025-10-23 19:05:16,043 | INFO | [MA-LfL][Targets] Stage 2/2 - Agent 0
2025-10-23 19:05:16,480 | INFO | [MA-LfL][Targets] Stage 2/2 - Agent 1
2025-10-23 19:05:16,883 | INFO | [MA-LfL] Learning rewards...
2025-10-23 19:05:16,888 | INFO | [MA-LfL][Reward] Agent 0 - dataset size=2000 (batch=2000, epochs=20000)
2025-10-23 19:05:29,771 | INFO | [MA-LfL][Reward] Agent 0 - 2000/20000 epochs completed (latest loss=0.4795)
2025-10-23 19:05:44,515 | INFO | [MA-LfL][Reward] Agent 0 - 4000/20000 epochs completed (latest loss=0.3806)
2025-10-23 19:05:58,229 | INFO | [MA-LfL][Reward] Agent 0 - 6000/20000 epochs completed (latest loss=0.3806)
2025-10-23 19:06:11,694 | INFO | [MA-LfL][Reward] Agent 0 - 8000/20000 epochs completed (latest loss=0.3806)
2025-10-23 19:06:24,274 | INFO | [MA-LfL][Reward] Agent 0 - 10000/20000 epochs completed (latest loss=0.3810)
2025-10-23 19:06:36,860 | INFO | [MA-LfL][Reward] Agent 0 - 12000/20000 epochs completed (latest loss=0.3806)
2025-10-23 19:06:49,309 | INFO | [MA-LfL][Reward] Agent 0 - 14000/20000 epochs completed (latest loss=0.3806)
2025-10-23 19:07:01,743 | INFO | [MA-LfL][Reward] Agent 0 - 16000/20000 epochs completed (latest loss=0.3806)
2025-10-23 19:07:14,866 | INFO | [MA-LfL][Reward] Agent 0 - 18000/20000 epochs completed (latest loss=0.3806)
2025-10-23 19:07:27,470 | INFO | [MA-LfL][Reward] Agent 0 - 20000/20000 epochs completed (latest loss=0.3806)
2025-10-23 19:07:27,474 | INFO | [MA-LfL][Reward] Agent 1 - dataset size=2000 (batch=2000, epochs=20000)
2025-10-23 19:07:39,373 | INFO | [MA-LfL][Reward] Agent 1 - 2000/20000 epochs completed (latest loss=0.1995)
2025-10-23 19:07:51,352 | INFO | [MA-LfL][Reward] Agent 1 - 4000/20000 epochs completed (latest loss=0.1993)
2025-10-23 19:08:03,342 | INFO | [MA-LfL][Reward] Agent 1 - 6000/20000 epochs completed (latest loss=0.1993)
2025-10-23 19:08:15,309 | INFO | [MA-LfL][Reward] Agent 1 - 8000/20000 epochs completed (latest loss=0.1993)
2025-10-23 19:08:28,014 | INFO | [MA-LfL][Reward] Agent 1 - 10000/20000 epochs completed (latest loss=0.1993)
2025-10-23 19:08:40,476 | INFO | [MA-LfL][Reward] Agent 1 - 12000/20000 epochs completed (latest loss=0.1993)
2025-10-23 19:08:52,479 | INFO | [MA-LfL][Reward] Agent 1 - 14000/20000 epochs completed (latest loss=0.1993)
2025-10-23 19:09:04,635 | INFO | [MA-LfL][Reward] Agent 1 - 16000/20000 epochs completed (latest loss=0.1993)
2025-10-23 19:09:16,823 | INFO | [MA-LfL][Reward] Agent 1 - 18000/20000 epochs completed (latest loss=0.1993)
2025-10-23 19:09:29,187 | INFO | [MA-LfL][Reward] Agent 1 - 20000/20000 epochs completed (latest loss=0.1993)
2025-10-23 19:09:29,188 | INFO | [MA-LfL] Evaluating rewards...
2025-10-23 19:09:29,975 | INFO | [MA-LfL] Pipeline complete.
2025-10-23 19:09:29,976 | INFO | [Experiment:heterogeneous] MA-LfL completed. Artifacts saved to outputs\heterogeneous\ma_lfl
2025-10-23 19:09:29,976 | INFO | [Experiment:heterogeneous] Agent 0 metrics - Pearson: 0.2299 | Spearman: 0.2184
2025-10-23 19:09:29,976 | INFO | [Experiment:heterogeneous] Agent 1 metrics - Pearson: 0.1621 | Spearman: 0.1434
2025-10-23 19:09:29,976 | INFO | [Experiment:heterogeneous] Trend stages: 1, 2
2025-10-23 19:09:29,976 | INFO | [Experiment:heterogeneous] Trend Pearson: 0.4034, 0.6917
2025-10-23 19:09:29,976 | INFO | [Experiment:heterogeneous] Trend Spearman: 0.4059, 0.6826
2025-10-23 19:09:29,976 | INFO | [Experiment:heterogeneous] Agent 0 correlation >=0.4 ? NO
2025-10-23 19:09:29,977 | INFO | [Experiment:heterogeneous] Agent 1 correlation >=0.4 ? NO
2025-10-23 19:09:29,977 | INFO | [Experiment:heterogeneous] Correlation trend non-decreasing? YES
2025-10-23 19:09:29,978 | INFO | Summary saved to outputs\summary.json
2025-10-23 19:09:29,978 | INFO | Run complete.
