2025-10-24 07:36:26,780 | INFO | Logging initialized. Log file: outputs\logs\run_20251024_073626.log
2025-10-24 07:36:26,780 | INFO | Configuration file: config.yaml
2025-10-24 07:36:26,780 | INFO | Reward families to process: heterogeneous
2025-10-24 07:36:26,780 | INFO | MA-SPI iterations=5, episodes/stage=10, episode_length=100
2025-10-24 07:36:26,780 | INFO | MA-LfL reward epochs=20000, reward batch size=8192
2025-10-24 07:36:26,781 | INFO | Log file located at outputs\logs\run_20251024_073626.log
2025-10-24 07:36:26,781 | INFO | Running experiment for reward family: heterogeneous
2025-10-24 07:36:26,781 | INFO | [Experiment:heterogeneous] Starting MA-SPI...
2025-10-24 07:36:28,204 | INFO | [MA-SPI] Starting run with 5 stages, 10 episodes/stage, episode length 100
2025-10-24 07:36:28,204 | INFO | [MA-SPI] Stage 1/5 - collecting trajectories...
2025-10-24 07:36:28,812 | INFO | [MA-SPI] Stage 1/5 - collected 2/10 episodes
2025-10-24 07:36:29,087 | INFO | [MA-SPI] Stage 1/5 - collected 4/10 episodes
2025-10-24 07:36:29,392 | INFO | [MA-SPI] Stage 1/5 - collected 6/10 episodes
2025-10-24 07:36:29,677 | INFO | [MA-SPI] Stage 1/5 - collected 8/10 episodes
2025-10-24 07:36:29,948 | INFO | [MA-SPI] Stage 1/5 - collected 10/10 episodes
2025-10-24 07:36:29,961 | INFO | [MA-SPI] Stage 1/5 - Agent 0 avg episode reward: -137.400 (std 33.539)
2025-10-24 07:36:29,961 | INFO | [MA-SPI] Stage 1/5 - Agent 1 avg episode reward: -114.900 (std 35.184)
2025-10-24 07:36:29,961 | INFO | [MA-SPI] Stage 1/5 - dataset size: 1000 transitions
2025-10-24 07:36:30,360 | INFO | [MA-SPI] Stage 1/5 - Q updates 20/100 (current batch 1000) [A0_Q_loss:2.7630, A1_Q_loss:3.1812]
2025-10-24 07:36:30,502 | INFO | [MA-SPI] Stage 1/5 - Q updates 40/100 (current batch 1000) [A0_Q_loss:1.3751, A1_Q_loss:1.4296]
2025-10-24 07:36:30,630 | INFO | [MA-SPI] Stage 1/5 - Q updates 60/100 (current batch 1000) [A0_Q_loss:0.8376, A1_Q_loss:1.0367]
2025-10-24 07:36:30,733 | INFO | [MA-SPI] Stage 1/5 - Q updates 80/100 (current batch 1000) [A0_Q_loss:0.5093, A1_Q_loss:0.7529]
2025-10-24 07:36:30,833 | INFO | [MA-SPI] Stage 1/5 - Q updates 100/100 (current batch 1000) [A0_Q_loss:0.4704, A1_Q_loss:0.5672]
2025-10-24 07:36:30,894 | INFO | [MA-SPI] Stage 1/5 - policy updates 10/50 (current batch 1000) [A0_Policy_loss:0.0288, A1_Policy_loss:0.0183]
2025-10-24 07:36:30,935 | INFO | [MA-SPI] Stage 1/5 - policy updates 20/50 (current batch 1000) [A0_Policy_loss:0.0090, A1_Policy_loss:0.0042]
2025-10-24 07:36:30,979 | INFO | [MA-SPI] Stage 1/5 - policy updates 30/50 (current batch 1000) [A0_Policy_loss:0.0034, A1_Policy_loss:0.0015]
2025-10-24 07:36:31,023 | INFO | [MA-SPI] Stage 1/5 - policy updates 40/50 (current batch 1000) [A0_Policy_loss:0.0013, A1_Policy_loss:0.0006]
2025-10-24 07:36:31,070 | INFO | [MA-SPI] Stage 1/5 - policy updates 50/50 (current batch 1000) [A0_Policy_loss:0.0005, A1_Policy_loss:0.0002]
2025-10-24 07:36:31,070 | INFO | [MA-SPI] Stage 1/5 - completed
2025-10-24 07:36:31,070 | INFO | [MA-SPI] Stage 2/5 - collecting trajectories...
2025-10-24 07:36:31,359 | INFO | [MA-SPI] Stage 2/5 - collected 2/10 episodes
2025-10-24 07:36:31,663 | INFO | [MA-SPI] Stage 2/5 - collected 4/10 episodes
2025-10-24 07:36:31,967 | INFO | [MA-SPI] Stage 2/5 - collected 6/10 episodes
2025-10-24 07:36:32,268 | INFO | [MA-SPI] Stage 2/5 - collected 8/10 episodes
2025-10-24 07:36:32,557 | INFO | [MA-SPI] Stage 2/5 - collected 10/10 episodes
2025-10-24 07:36:32,558 | INFO | [MA-SPI] Stage 2/5 - Agent 0 avg episode reward: 67.000 (std 29.783)
2025-10-24 07:36:32,558 | INFO | [MA-SPI] Stage 2/5 - Agent 1 avg episode reward: 47.100 (std 20.535)
2025-10-24 07:36:32,558 | INFO | [MA-SPI] Stage 2/5 - dataset size: 1000 transitions
2025-10-24 07:36:32,673 | INFO | [MA-SPI] Stage 2/5 - Q updates 20/100 (current batch 1000) [A0_Q_loss:1.6607, A1_Q_loss:1.4316]
2025-10-24 07:36:32,786 | INFO | [MA-SPI] Stage 2/5 - Q updates 40/100 (current batch 1000) [A0_Q_loss:1.0833, A1_Q_loss:1.1384]
2025-10-24 07:36:32,908 | INFO | [MA-SPI] Stage 2/5 - Q updates 60/100 (current batch 1000) [A0_Q_loss:0.9357, A1_Q_loss:1.0149]
2025-10-24 07:36:33,022 | INFO | [MA-SPI] Stage 2/5 - Q updates 80/100 (current batch 1000) [A0_Q_loss:0.8746, A1_Q_loss:0.9769]
2025-10-24 07:36:33,144 | INFO | [MA-SPI] Stage 2/5 - Q updates 100/100 (current batch 1000) [A0_Q_loss:0.8530, A1_Q_loss:0.9853]
2025-10-24 07:36:33,188 | INFO | [MA-SPI] Stage 2/5 - policy updates 10/50 (current batch 1000) [A0_Policy_loss:0.0158, A1_Policy_loss:0.0072]
2025-10-24 07:36:33,226 | INFO | [MA-SPI] Stage 2/5 - policy updates 20/50 (current batch 1000) [A0_Policy_loss:0.0048, A1_Policy_loss:0.0025]
2025-10-24 07:36:33,262 | INFO | [MA-SPI] Stage 2/5 - policy updates 30/50 (current batch 1000) [A0_Policy_loss:0.0020, A1_Policy_loss:0.0010]
2025-10-24 07:36:33,297 | INFO | [MA-SPI] Stage 2/5 - policy updates 40/50 (current batch 1000) [A0_Policy_loss:0.0006, A1_Policy_loss:0.0004]
2025-10-24 07:36:33,336 | INFO | [MA-SPI] Stage 2/5 - policy updates 50/50 (current batch 1000) [A0_Policy_loss:0.0002, A1_Policy_loss:0.0002]
2025-10-24 07:36:33,336 | INFO | [MA-SPI] Stage 2/5 - completed
2025-10-24 07:36:33,336 | INFO | [MA-SPI] Stage 3/5 - collecting trajectories...
2025-10-24 07:36:33,596 | INFO | [MA-SPI] Stage 3/5 - collected 2/10 episodes
2025-10-24 07:36:33,847 | INFO | [MA-SPI] Stage 3/5 - collected 4/10 episodes
2025-10-24 07:36:34,114 | INFO | [MA-SPI] Stage 3/5 - collected 6/10 episodes
2025-10-24 07:36:34,379 | INFO | [MA-SPI] Stage 3/5 - collected 8/10 episodes
2025-10-24 07:36:34,652 | INFO | [MA-SPI] Stage 3/5 - collected 10/10 episodes
2025-10-24 07:36:34,653 | INFO | [MA-SPI] Stage 3/5 - Agent 0 avg episode reward: 113.400 (std 28.051)
2025-10-24 07:36:34,653 | INFO | [MA-SPI] Stage 3/5 - Agent 1 avg episode reward: 109.100 (std 25.137)
2025-10-24 07:36:34,653 | INFO | [MA-SPI] Stage 3/5 - dataset size: 1000 transitions
2025-10-24 07:36:34,746 | INFO | [MA-SPI] Stage 3/5 - Q updates 20/100 (current batch 1000) [A0_Q_loss:0.7991, A1_Q_loss:0.6151]
2025-10-24 07:36:34,833 | INFO | [MA-SPI] Stage 3/5 - Q updates 40/100 (current batch 1000) [A0_Q_loss:0.8251, A1_Q_loss:0.5328]
2025-10-24 07:36:34,915 | INFO | [MA-SPI] Stage 3/5 - Q updates 60/100 (current batch 1000) [A0_Q_loss:0.7463, A1_Q_loss:0.5244]
2025-10-24 07:36:34,997 | INFO | [MA-SPI] Stage 3/5 - Q updates 80/100 (current batch 1000) [A0_Q_loss:0.7612, A1_Q_loss:0.5156]
2025-10-24 07:36:35,087 | INFO | [MA-SPI] Stage 3/5 - Q updates 100/100 (current batch 1000) [A0_Q_loss:0.7643, A1_Q_loss:0.5197]
2025-10-24 07:36:35,128 | INFO | [MA-SPI] Stage 3/5 - policy updates 10/50 (current batch 1000) [A0_Policy_loss:0.0067, A1_Policy_loss:0.0051]
2025-10-24 07:36:35,177 | INFO | [MA-SPI] Stage 3/5 - policy updates 20/50 (current batch 1000) [A0_Policy_loss:0.0023, A1_Policy_loss:0.0019]
2025-10-24 07:36:35,217 | INFO | [MA-SPI] Stage 3/5 - policy updates 30/50 (current batch 1000) [A0_Policy_loss:0.0008, A1_Policy_loss:0.0007]
2025-10-24 07:36:35,259 | INFO | [MA-SPI] Stage 3/5 - policy updates 40/50 (current batch 1000) [A0_Policy_loss:0.0003, A1_Policy_loss:0.0002]
2025-10-24 07:36:35,294 | INFO | [MA-SPI] Stage 3/5 - policy updates 50/50 (current batch 1000) [A0_Policy_loss:0.0001, A1_Policy_loss:0.0001]
2025-10-24 07:36:35,295 | INFO | [MA-SPI] Stage 3/5 - completed
2025-10-24 07:36:35,295 | INFO | [MA-SPI] Stage 4/5 - collecting trajectories...
2025-10-24 07:36:35,661 | INFO | [MA-SPI] Stage 4/5 - collected 2/10 episodes
2025-10-24 07:36:35,988 | INFO | [MA-SPI] Stage 4/5 - collected 4/10 episodes
2025-10-24 07:36:36,274 | INFO | [MA-SPI] Stage 4/5 - collected 6/10 episodes
2025-10-24 07:36:36,539 | INFO | [MA-SPI] Stage 4/5 - collected 8/10 episodes
2025-10-24 07:36:36,806 | INFO | [MA-SPI] Stage 4/5 - collected 10/10 episodes
2025-10-24 07:36:36,807 | INFO | [MA-SPI] Stage 4/5 - Agent 0 avg episode reward: 112.800 (std 30.225)
2025-10-24 07:36:36,808 | INFO | [MA-SPI] Stage 4/5 - Agent 1 avg episode reward: 98.900 (std 33.721)
2025-10-24 07:36:36,808 | INFO | [MA-SPI] Stage 4/5 - dataset size: 1000 transitions
2025-10-24 07:36:36,917 | INFO | [MA-SPI] Stage 4/5 - Q updates 20/100 (current batch 1000) [A0_Q_loss:0.5955, A1_Q_loss:0.4295]
2025-10-24 07:36:37,010 | INFO | [MA-SPI] Stage 4/5 - Q updates 40/100 (current batch 1000) [A0_Q_loss:0.5255, A1_Q_loss:0.3559]
2025-10-24 07:36:37,130 | INFO | [MA-SPI] Stage 4/5 - Q updates 60/100 (current batch 1000) [A0_Q_loss:0.4722, A1_Q_loss:0.3525]
2025-10-24 07:36:37,251 | INFO | [MA-SPI] Stage 4/5 - Q updates 80/100 (current batch 1000) [A0_Q_loss:0.5347, A1_Q_loss:0.3298]
2025-10-24 07:36:37,360 | INFO | [MA-SPI] Stage 4/5 - Q updates 100/100 (current batch 1000) [A0_Q_loss:0.4735, A1_Q_loss:0.3408]
2025-10-24 07:36:37,406 | INFO | [MA-SPI] Stage 4/5 - policy updates 10/50 (current batch 1000) [A0_Policy_loss:0.0037, A1_Policy_loss:0.0032]
2025-10-24 07:36:37,457 | INFO | [MA-SPI] Stage 4/5 - policy updates 20/50 (current batch 1000) [A0_Policy_loss:0.0011, A1_Policy_loss:0.0010]
2025-10-24 07:36:37,494 | INFO | [MA-SPI] Stage 4/5 - policy updates 30/50 (current batch 1000) [A0_Policy_loss:0.0005, A1_Policy_loss:0.0005]
2025-10-24 07:36:37,531 | INFO | [MA-SPI] Stage 4/5 - policy updates 40/50 (current batch 1000) [A0_Policy_loss:0.0002, A1_Policy_loss:0.0002]
2025-10-24 07:36:37,577 | INFO | [MA-SPI] Stage 4/5 - policy updates 50/50 (current batch 1000) [A0_Policy_loss:0.0001, A1_Policy_loss:0.0001]
2025-10-24 07:36:37,577 | INFO | [MA-SPI] Stage 4/5 - completed
2025-10-24 07:36:37,578 | INFO | [MA-SPI] Stage 5/5 - collecting trajectories...
2025-10-24 07:36:37,961 | INFO | [MA-SPI] Stage 5/5 - collected 2/10 episodes
2025-10-24 07:36:38,287 | INFO | [MA-SPI] Stage 5/5 - collected 4/10 episodes
2025-10-24 07:36:38,583 | INFO | [MA-SPI] Stage 5/5 - collected 6/10 episodes
2025-10-24 07:36:38,838 | INFO | [MA-SPI] Stage 5/5 - collected 8/10 episodes
2025-10-24 07:36:39,113 | INFO | [MA-SPI] Stage 5/5 - collected 10/10 episodes
2025-10-24 07:36:39,113 | INFO | [MA-SPI] Stage 5/5 - Agent 0 avg episode reward: 115.500 (std 18.720)
2025-10-24 07:36:39,114 | INFO | [MA-SPI] Stage 5/5 - Agent 1 avg episode reward: 110.000 (std 23.422)
2025-10-24 07:36:39,114 | INFO | [MA-SPI] Stage 5/5 - dataset size: 1000 transitions
2025-10-24 07:36:39,204 | INFO | [MA-SPI] Stage 5/5 - Q updates 20/100 (current batch 1000) [A0_Q_loss:0.5018, A1_Q_loss:0.4675]
2025-10-24 07:36:39,285 | INFO | [MA-SPI] Stage 5/5 - Q updates 40/100 (current batch 1000) [A0_Q_loss:0.4171, A1_Q_loss:0.4131]
2025-10-24 07:36:39,367 | INFO | [MA-SPI] Stage 5/5 - Q updates 60/100 (current batch 1000) [A0_Q_loss:0.4285, A1_Q_loss:0.3537]
2025-10-24 07:36:39,447 | INFO | [MA-SPI] Stage 5/5 - Q updates 80/100 (current batch 1000) [A0_Q_loss:0.4103, A1_Q_loss:0.4335]
2025-10-24 07:36:39,532 | INFO | [MA-SPI] Stage 5/5 - Q updates 100/100 (current batch 1000) [A0_Q_loss:0.4163, A1_Q_loss:0.4042]
2025-10-24 07:36:39,566 | INFO | [MA-SPI] Stage 5/5 - policy updates 10/50 (current batch 1000) [A0_Policy_loss:0.0023, A1_Policy_loss:0.0031]
2025-10-24 07:36:39,599 | INFO | [MA-SPI] Stage 5/5 - policy updates 20/50 (current batch 1000) [A0_Policy_loss:0.0007, A1_Policy_loss:0.0012]
2025-10-24 07:36:39,634 | INFO | [MA-SPI] Stage 5/5 - policy updates 30/50 (current batch 1000) [A0_Policy_loss:0.0003, A1_Policy_loss:0.0005]
2025-10-24 07:36:39,673 | INFO | [MA-SPI] Stage 5/5 - policy updates 40/50 (current batch 1000) [A0_Policy_loss:0.0001, A1_Policy_loss:0.0002]
2025-10-24 07:36:39,710 | INFO | [MA-SPI] Stage 5/5 - policy updates 50/50 (current batch 1000) [A0_Policy_loss:0.0000, A1_Policy_loss:0.0001]
2025-10-24 07:36:39,710 | INFO | [MA-SPI] Stage 5/5 - completed
2025-10-24 07:36:39,777 | INFO | [Experiment:heterogeneous] MA-SPI completed. Artifacts saved to outputs\heterogeneous\ma_spi
2025-10-24 07:36:39,777 | INFO | [Experiment:heterogeneous] Starting MA-LfL...
2025-10-24 07:36:39,777 | INFO | [MA-LfL] Estimating policies...
2025-10-24 07:36:39,778 | INFO | [MA-LfL][Policy] Stage 1/5 - preparing data
2025-10-24 07:36:39,818 | INFO | [MA-LfL][Policy] Stage 1/5 - Agent 0: 2/10 epochs completed (loss=3.2695, baseline=1.6094)
2025-10-24 07:36:39,822 | INFO | [MA-LfL][Policy] Stage 1/5 - Agent 0: 4/10 epochs completed (loss=1.4244, baseline=1.6094)
2025-10-24 07:36:39,826 | INFO | [MA-LfL][Policy] Stage 1/5 - Agent 0: 6/10 epochs completed (loss=1.2134, baseline=1.6094)
2025-10-24 07:36:39,834 | INFO | [MA-LfL][Policy] Stage 1/5 - Agent 0: 8/10 epochs completed (loss=1.1068, baseline=1.6094)
2025-10-24 07:36:39,838 | INFO | [MA-LfL][Policy] Stage 1/5 - Agent 0: 10/10 epochs completed (loss=1.0913, baseline=1.6094)
2025-10-24 07:36:39,844 | INFO | [MA-LfL][Policy] Stage 1/5 - Agent 1: 2/10 epochs completed (loss=3.0694, baseline=1.6094)
2025-10-24 07:36:39,848 | INFO | [MA-LfL][Policy] Stage 1/5 - Agent 1: 4/10 epochs completed (loss=1.4800, baseline=1.6094)
2025-10-24 07:36:39,853 | INFO | [MA-LfL][Policy] Stage 1/5 - Agent 1: 6/10 epochs completed (loss=1.2070, baseline=1.6094)
2025-10-24 07:36:39,858 | INFO | [MA-LfL][Policy] Stage 1/5 - Agent 1: 8/10 epochs completed (loss=1.1019, baseline=1.6094)
2025-10-24 07:36:39,862 | INFO | [MA-LfL][Policy] Stage 1/5 - Agent 1: 10/10 epochs completed (loss=1.0798, baseline=1.6094)
2025-10-24 07:36:39,863 | INFO | [MA-LfL][Policy] Stage 2/5 - preparing data
2025-10-24 07:36:39,871 | INFO | [MA-LfL][Policy] Stage 2/5 - Agent 0: 2/10 epochs completed (loss=3.1231, baseline=1.6094)
2025-10-24 07:36:39,877 | INFO | [MA-LfL][Policy] Stage 2/5 - Agent 0: 4/10 epochs completed (loss=2.5654, baseline=1.6094)
2025-10-24 07:36:39,884 | INFO | [MA-LfL][Policy] Stage 2/5 - Agent 0: 6/10 epochs completed (loss=1.2076, baseline=1.6094)
2025-10-24 07:36:39,888 | INFO | [MA-LfL][Policy] Stage 2/5 - Agent 0: 8/10 epochs completed (loss=1.0764, baseline=1.6094)
2025-10-24 07:36:39,894 | INFO | [MA-LfL][Policy] Stage 2/5 - Agent 0: 10/10 epochs completed (loss=0.9976, baseline=1.6094)
2025-10-24 07:36:39,900 | INFO | [MA-LfL][Policy] Stage 2/5 - Agent 1: 2/10 epochs completed (loss=2.4523, baseline=1.6094)
2025-10-24 07:36:39,905 | INFO | [MA-LfL][Policy] Stage 2/5 - Agent 1: 4/10 epochs completed (loss=1.2198, baseline=1.6094)
2025-10-24 07:36:39,909 | INFO | [MA-LfL][Policy] Stage 2/5 - Agent 1: 6/10 epochs completed (loss=1.0589, baseline=1.6094)
2025-10-24 07:36:39,916 | INFO | [MA-LfL][Policy] Stage 2/5 - Agent 1: 8/10 epochs completed (loss=1.0233, baseline=1.6094)
2025-10-24 07:36:39,921 | INFO | [MA-LfL][Policy] Stage 2/5 - Agent 1: 10/10 epochs completed (loss=0.9760, baseline=1.6094)
2025-10-24 07:36:39,922 | INFO | [MA-LfL][Policy] Stage 3/5 - preparing data
2025-10-24 07:36:39,927 | INFO | [MA-LfL][Policy] Stage 3/5 - Agent 0: 2/10 epochs completed (loss=2.6041, baseline=1.6094)
2025-10-24 07:36:39,934 | INFO | [MA-LfL][Policy] Stage 3/5 - Agent 0: 4/10 epochs completed (loss=1.7274, baseline=1.6094)
2025-10-24 07:36:39,939 | INFO | [MA-LfL][Policy] Stage 3/5 - Agent 0: 6/10 epochs completed (loss=1.1143, baseline=1.6094)
2025-10-24 07:36:39,944 | INFO | [MA-LfL][Policy] Stage 3/5 - Agent 0: 8/10 epochs completed (loss=1.0074, baseline=1.6094)
2025-10-24 07:36:39,950 | INFO | [MA-LfL][Policy] Stage 3/5 - Agent 0: 10/10 epochs completed (loss=0.9835, baseline=1.6094)
2025-10-24 07:36:39,957 | INFO | [MA-LfL][Policy] Stage 3/5 - Agent 1: 2/10 epochs completed (loss=5.7030, baseline=1.6094)
2025-10-24 07:36:39,962 | INFO | [MA-LfL][Policy] Stage 3/5 - Agent 1: 4/10 epochs completed (loss=1.6001, baseline=1.6094)
2025-10-24 07:36:39,969 | INFO | [MA-LfL][Policy] Stage 3/5 - Agent 1: 6/10 epochs completed (loss=1.2568, baseline=1.6094)
2025-10-24 07:36:39,975 | INFO | [MA-LfL][Policy] Stage 3/5 - Agent 1: 8/10 epochs completed (loss=1.0344, baseline=1.6094)
2025-10-24 07:36:39,979 | INFO | [MA-LfL][Policy] Stage 3/5 - Agent 1: 10/10 epochs completed (loss=1.0029, baseline=1.6094)
2025-10-24 07:36:39,979 | INFO | [MA-LfL][Policy] Stage 4/5 - preparing data
2025-10-24 07:36:39,991 | INFO | [MA-LfL][Policy] Stage 4/5 - Agent 0: 2/10 epochs completed (loss=2.8728, baseline=1.6094)
2025-10-24 07:36:39,995 | INFO | [MA-LfL][Policy] Stage 4/5 - Agent 0: 4/10 epochs completed (loss=1.6201, baseline=1.6094)
2025-10-24 07:36:40,000 | INFO | [MA-LfL][Policy] Stage 4/5 - Agent 0: 6/10 epochs completed (loss=1.2387, baseline=1.6094)
2025-10-24 07:36:40,005 | INFO | [MA-LfL][Policy] Stage 4/5 - Agent 0: 8/10 epochs completed (loss=1.1303, baseline=1.6094)
2025-10-24 07:36:40,010 | INFO | [MA-LfL][Policy] Stage 4/5 - Agent 0: 10/10 epochs completed (loss=1.0035, baseline=1.6094)
2025-10-24 07:36:40,018 | INFO | [MA-LfL][Policy] Stage 4/5 - Agent 1: 2/10 epochs completed (loss=2.9283, baseline=1.6094)
2025-10-24 07:36:40,023 | INFO | [MA-LfL][Policy] Stage 4/5 - Agent 1: 4/10 epochs completed (loss=1.4339, baseline=1.6094)
2025-10-24 07:36:40,030 | INFO | [MA-LfL][Policy] Stage 4/5 - Agent 1: 6/10 epochs completed (loss=1.0704, baseline=1.6094)
2025-10-24 07:36:40,039 | INFO | [MA-LfL][Policy] Stage 4/5 - Agent 1: 8/10 epochs completed (loss=1.0526, baseline=1.6094)
2025-10-24 07:36:40,045 | INFO | [MA-LfL][Policy] Stage 4/5 - Agent 1: 10/10 epochs completed (loss=1.0177, baseline=1.6094)
2025-10-24 07:36:40,046 | INFO | [MA-LfL][Policy] Stage 5/5 - preparing data
2025-10-24 07:36:40,054 | INFO | [MA-LfL][Policy] Stage 5/5 - Agent 0: 2/10 epochs completed (loss=3.1318, baseline=1.6094)
2025-10-24 07:36:40,063 | INFO | [MA-LfL][Policy] Stage 5/5 - Agent 0: 4/10 epochs completed (loss=1.6561, baseline=1.6094)
2025-10-24 07:36:40,071 | INFO | [MA-LfL][Policy] Stage 5/5 - Agent 0: 6/10 epochs completed (loss=1.0889, baseline=1.6094)
2025-10-24 07:36:40,084 | INFO | [MA-LfL][Policy] Stage 5/5 - Agent 0: 8/10 epochs completed (loss=1.0369, baseline=1.6094)
2025-10-24 07:36:40,094 | INFO | [MA-LfL][Policy] Stage 5/5 - Agent 0: 10/10 epochs completed (loss=1.0083, baseline=1.6094)
2025-10-24 07:36:40,107 | INFO | [MA-LfL][Policy] Stage 5/5 - Agent 1: 2/10 epochs completed (loss=3.7079, baseline=1.6094)
2025-10-24 07:36:40,118 | INFO | [MA-LfL][Policy] Stage 5/5 - Agent 1: 4/10 epochs completed (loss=1.5068, baseline=1.6094)
2025-10-24 07:36:40,126 | INFO | [MA-LfL][Policy] Stage 5/5 - Agent 1: 6/10 epochs completed (loss=1.1110, baseline=1.6094)
2025-10-24 07:36:40,136 | INFO | [MA-LfL][Policy] Stage 5/5 - Agent 1: 8/10 epochs completed (loss=1.0331, baseline=1.6094)
2025-10-24 07:36:40,146 | INFO | [MA-LfL][Policy] Stage 5/5 - Agent 1: 10/10 epochs completed (loss=1.0069, baseline=1.6094)
2025-10-24 07:36:40,148 | INFO | [MA-LfL] Computing reward targets...
2025-10-24 07:36:40,148 | INFO | [MA-LfL][Targets] Stage 1/4 - Agent 0
2025-10-24 07:36:40,563 | INFO | [MA-LfL][Targets] Stage 1/4 - Agent 1
2025-10-24 07:36:40,933 | INFO | [MA-LfL][Targets] Stage 2/4 - Agent 0
2025-10-24 07:36:41,343 | INFO | [MA-LfL][Targets] Stage 2/4 - Agent 1
2025-10-24 07:36:41,740 | INFO | [MA-LfL][Targets] Stage 3/4 - Agent 0
2025-10-24 07:36:42,126 | INFO | [MA-LfL][Targets] Stage 3/4 - Agent 1
2025-10-24 07:36:42,536 | INFO | [MA-LfL][Targets] Stage 4/4 - Agent 0
2025-10-24 07:36:42,904 | INFO | [MA-LfL][Targets] Stage 4/4 - Agent 1
2025-10-24 07:36:43,284 | INFO | [MA-LfL] Learning rewards...
2025-10-24 07:36:43,307 | INFO | [MA-LfL][Reward] Agent 0 - dataset size=4000 (batch=4000, epochs=20000)
2025-10-24 07:37:05,117 | INFO | [MA-LfL][Reward] Agent 0 - 2000/20000 epochs completed (latest loss=0.8543)
2025-10-24 07:37:25,515 | INFO | [MA-LfL][Reward] Agent 0 - 4000/20000 epochs completed (latest loss=0.8538)
2025-10-24 07:37:52,764 | INFO | [MA-LfL][Reward] Agent 0 - 6000/20000 epochs completed (latest loss=0.8538)
2025-10-24 07:38:27,346 | INFO | [MA-LfL][Reward] Agent 0 - 8000/20000 epochs completed (latest loss=0.8543)
2025-10-24 07:38:51,311 | INFO | [MA-LfL][Reward] Agent 0 - 10000/20000 epochs completed (latest loss=0.8539)
2025-10-24 07:39:14,031 | INFO | [MA-LfL][Reward] Agent 0 - 12000/20000 epochs completed (latest loss=0.8538)
2025-10-24 07:39:35,849 | INFO | [MA-LfL][Reward] Agent 0 - 14000/20000 epochs completed (latest loss=0.8538)
2025-10-24 07:39:56,739 | INFO | [MA-LfL][Reward] Agent 0 - 16000/20000 epochs completed (latest loss=0.8538)
2025-10-24 07:40:17,302 | INFO | [MA-LfL][Reward] Agent 0 - 18000/20000 epochs completed (latest loss=0.8538)
2025-10-24 07:40:38,071 | INFO | [MA-LfL][Reward] Agent 0 - 20000/20000 epochs completed (latest loss=0.8538)
2025-10-24 07:40:38,092 | INFO | [MA-LfL][Reward] Agent 1 - dataset size=4000 (batch=4000, epochs=20000)
2025-10-24 07:41:00,123 | INFO | [MA-LfL][Reward] Agent 1 - 2000/20000 epochs completed (latest loss=0.5378)
2025-10-24 07:41:24,386 | INFO | [MA-LfL][Reward] Agent 1 - 4000/20000 epochs completed (latest loss=0.5375)
2025-10-24 07:41:52,106 | INFO | [MA-LfL][Reward] Agent 1 - 6000/20000 epochs completed (latest loss=0.5375)
2025-10-24 07:42:12,848 | INFO | [MA-LfL][Reward] Agent 1 - 8000/20000 epochs completed (latest loss=0.5375)
2025-10-24 07:42:33,211 | INFO | [MA-LfL][Reward] Agent 1 - 10000/20000 epochs completed (latest loss=0.5375)
2025-10-24 07:42:52,465 | INFO | [MA-LfL][Reward] Agent 1 - 12000/20000 epochs completed (latest loss=0.5375)
2025-10-24 07:43:12,131 | INFO | [MA-LfL][Reward] Agent 1 - 14000/20000 epochs completed (latest loss=0.5391)
2025-10-24 07:43:32,204 | INFO | [MA-LfL][Reward] Agent 1 - 16000/20000 epochs completed (latest loss=0.5375)
2025-10-24 07:43:53,107 | INFO | [MA-LfL][Reward] Agent 1 - 18000/20000 epochs completed (latest loss=0.5375)
2025-10-24 07:44:12,910 | INFO | [MA-LfL][Reward] Agent 1 - 20000/20000 epochs completed (latest loss=0.5376)
2025-10-24 07:44:12,910 | INFO | [MA-LfL] Evaluating rewards...
2025-10-24 07:44:14,291 | INFO | [MA-LfL] Pipeline complete.
2025-10-24 07:44:14,291 | INFO | [Experiment:heterogeneous] MA-LfL completed. Artifacts saved to outputs\heterogeneous\ma_lfl
2025-10-24 07:44:14,291 | INFO | [Experiment:heterogeneous] Agent 0 metrics - Pearson: -0.2166 | Spearman: -0.2064
2025-10-24 07:44:14,291 | INFO | [Experiment:heterogeneous] Agent 1 metrics - Pearson: -0.0041 | Spearman: -0.0358
2025-10-24 07:44:14,292 | INFO | [Experiment:heterogeneous] Trend stages: 1, 2, 3, 4
2025-10-24 07:44:14,292 | INFO | [Experiment:heterogeneous] Trend Pearson: -0.4034, -0.6917, -0.5595, -0.5787
2025-10-24 07:44:14,292 | INFO | [Experiment:heterogeneous] Trend Spearman: -0.4059, -0.6826, -0.6808, -0.5968
2025-10-24 07:44:14,292 | INFO | [Experiment:heterogeneous] Agent 0 correlation >=0.4 ? NO
2025-10-24 07:44:14,292 | INFO | [Experiment:heterogeneous] Agent 1 correlation >=0.4 ? NO
2025-10-24 07:44:14,292 | INFO | [Experiment:heterogeneous] Correlation trend non-decreasing? NO
2025-10-24 07:44:14,293 | INFO | Summary saved to outputs\summary.json
2025-10-24 07:44:14,293 | INFO | Run complete.
