2025-10-24 12:56:28,414 | INFO | Logging initialized. Log file: outputs\logs\run_20251024_125628.log
2025-10-24 12:56:28,414 | INFO | Configuration file: config.yaml
2025-10-24 12:56:28,414 | INFO | Reward families to process: heterogeneous
2025-10-24 12:56:28,415 | INFO | MA-SPI iterations=5, episodes/stage=10, episode_length=100
2025-10-24 12:56:28,415 | INFO | MA-LfL reward epochs=20000, reward batch size=8192
2025-10-24 12:56:28,415 | INFO | Log file located at outputs\logs\run_20251024_125628.log
2025-10-24 12:56:28,415 | INFO | Running experiment for reward family: heterogeneous
2025-10-24 12:56:28,415 | INFO | [Experiment:heterogeneous] Starting MA-SPI...
2025-10-24 12:56:29,306 | INFO | [MA-SPI] Starting run with 5 stages, 10 episodes/stage, episode length 100
2025-10-24 12:56:29,308 | INFO | [MA-SPI] Stage 1/5 - collecting trajectories...
2025-10-24 12:56:29,737 | INFO | [MA-SPI] Stage 1/5 - collected 2/10 episodes
2025-10-24 12:56:29,977 | INFO | [MA-SPI] Stage 1/5 - collected 4/10 episodes
2025-10-24 12:56:30,228 | INFO | [MA-SPI] Stage 1/5 - collected 6/10 episodes
2025-10-24 12:56:30,481 | INFO | [MA-SPI] Stage 1/5 - collected 8/10 episodes
2025-10-24 12:56:30,724 | INFO | [MA-SPI] Stage 1/5 - collected 10/10 episodes
2025-10-24 12:56:30,725 | INFO | [MA-SPI] Stage 1/5 - Agent 0 avg episode reward: -137.400 (std 33.539)
2025-10-24 12:56:30,726 | INFO | [MA-SPI] Stage 1/5 - Agent 1 avg episode reward: -114.900 (std 35.184)
2025-10-24 12:56:30,726 | INFO | [MA-SPI] Stage 1/5 - dataset size: 1000 transitions
2025-10-24 12:56:30,961 | INFO | [MA-SPI] Stage 1/5 - Q updates 20/100 (current batch 1000) [A0_Q_loss:2.7630, A1_Q_loss:3.1812]
2025-10-24 12:56:31,046 | INFO | [MA-SPI] Stage 1/5 - Q updates 40/100 (current batch 1000) [A0_Q_loss:1.3751, A1_Q_loss:1.4296]
2025-10-24 12:56:31,133 | INFO | [MA-SPI] Stage 1/5 - Q updates 60/100 (current batch 1000) [A0_Q_loss:0.8376, A1_Q_loss:1.0367]
2025-10-24 12:56:31,217 | INFO | [MA-SPI] Stage 1/5 - Q updates 80/100 (current batch 1000) [A0_Q_loss:0.5093, A1_Q_loss:0.7529]
2025-10-24 12:56:31,301 | INFO | [MA-SPI] Stage 1/5 - Q updates 100/100 (current batch 1000) [A0_Q_loss:0.4704, A1_Q_loss:0.5672]
2025-10-24 12:56:31,341 | INFO | [MA-SPI] Stage 1/5 - policy updates 10/50 (current batch 1000) [A0_Policy_loss:0.0288, A1_Policy_loss:0.0183]
2025-10-24 12:56:31,374 | INFO | [MA-SPI] Stage 1/5 - policy updates 20/50 (current batch 1000) [A0_Policy_loss:0.0090, A1_Policy_loss:0.0042]
2025-10-24 12:56:31,408 | INFO | [MA-SPI] Stage 1/5 - policy updates 30/50 (current batch 1000) [A0_Policy_loss:0.0034, A1_Policy_loss:0.0015]
2025-10-24 12:56:31,440 | INFO | [MA-SPI] Stage 1/5 - policy updates 40/50 (current batch 1000) [A0_Policy_loss:0.0013, A1_Policy_loss:0.0006]
2025-10-24 12:56:31,474 | INFO | [MA-SPI] Stage 1/5 - policy updates 50/50 (current batch 1000) [A0_Policy_loss:0.0005, A1_Policy_loss:0.0002]
2025-10-24 12:56:31,475 | INFO | [MA-SPI] Stage 1/5 - completed
2025-10-24 12:56:31,475 | INFO | [MA-SPI] Stage 2/5 - collecting trajectories...
2025-10-24 12:56:31,723 | INFO | [MA-SPI] Stage 2/5 - collected 2/10 episodes
2025-10-24 12:56:31,967 | INFO | [MA-SPI] Stage 2/5 - collected 4/10 episodes
2025-10-24 12:56:32,211 | INFO | [MA-SPI] Stage 2/5 - collected 6/10 episodes
2025-10-24 12:56:32,455 | INFO | [MA-SPI] Stage 2/5 - collected 8/10 episodes
2025-10-24 12:56:32,695 | INFO | [MA-SPI] Stage 2/5 - collected 10/10 episodes
2025-10-24 12:56:32,696 | INFO | [MA-SPI] Stage 2/5 - Agent 0 avg episode reward: 67.000 (std 29.783)
2025-10-24 12:56:32,697 | INFO | [MA-SPI] Stage 2/5 - Agent 1 avg episode reward: 47.100 (std 20.535)
2025-10-24 12:56:32,697 | INFO | [MA-SPI] Stage 2/5 - dataset size: 1000 transitions
2025-10-24 12:56:32,775 | INFO | [MA-SPI] Stage 2/5 - Q updates 20/100 (current batch 1000) [A0_Q_loss:1.6607, A1_Q_loss:1.4316]
2025-10-24 12:56:32,854 | INFO | [MA-SPI] Stage 2/5 - Q updates 40/100 (current batch 1000) [A0_Q_loss:1.0833, A1_Q_loss:1.1384]
2025-10-24 12:56:32,933 | INFO | [MA-SPI] Stage 2/5 - Q updates 60/100 (current batch 1000) [A0_Q_loss:0.9357, A1_Q_loss:1.0149]
2025-10-24 12:56:33,010 | INFO | [MA-SPI] Stage 2/5 - Q updates 80/100 (current batch 1000) [A0_Q_loss:0.8746, A1_Q_loss:0.9769]
2025-10-24 12:56:33,087 | INFO | [MA-SPI] Stage 2/5 - Q updates 100/100 (current batch 1000) [A0_Q_loss:0.8530, A1_Q_loss:0.9853]
2025-10-24 12:56:33,121 | INFO | [MA-SPI] Stage 2/5 - policy updates 10/50 (current batch 1000) [A0_Policy_loss:0.0158, A1_Policy_loss:0.0072]
2025-10-24 12:56:33,157 | INFO | [MA-SPI] Stage 2/5 - policy updates 20/50 (current batch 1000) [A0_Policy_loss:0.0048, A1_Policy_loss:0.0025]
2025-10-24 12:56:33,195 | INFO | [MA-SPI] Stage 2/5 - policy updates 30/50 (current batch 1000) [A0_Policy_loss:0.0020, A1_Policy_loss:0.0010]
2025-10-24 12:56:33,231 | INFO | [MA-SPI] Stage 2/5 - policy updates 40/50 (current batch 1000) [A0_Policy_loss:0.0006, A1_Policy_loss:0.0004]
2025-10-24 12:56:33,266 | INFO | [MA-SPI] Stage 2/5 - policy updates 50/50 (current batch 1000) [A0_Policy_loss:0.0002, A1_Policy_loss:0.0002]
2025-10-24 12:56:33,266 | INFO | [MA-SPI] Stage 2/5 - completed
2025-10-24 12:56:33,266 | INFO | [MA-SPI] Stage 3/5 - collecting trajectories...
2025-10-24 12:56:33,533 | INFO | [MA-SPI] Stage 3/5 - collected 2/10 episodes
2025-10-24 12:56:33,771 | INFO | [MA-SPI] Stage 3/5 - collected 4/10 episodes
2025-10-24 12:56:34,022 | INFO | [MA-SPI] Stage 3/5 - collected 6/10 episodes
2025-10-24 12:56:34,259 | INFO | [MA-SPI] Stage 3/5 - collected 8/10 episodes
2025-10-24 12:56:34,520 | INFO | [MA-SPI] Stage 3/5 - collected 10/10 episodes
2025-10-24 12:56:34,522 | INFO | [MA-SPI] Stage 3/5 - Agent 0 avg episode reward: 113.400 (std 28.051)
2025-10-24 12:56:34,522 | INFO | [MA-SPI] Stage 3/5 - Agent 1 avg episode reward: 109.100 (std 25.137)
2025-10-24 12:56:34,522 | INFO | [MA-SPI] Stage 3/5 - dataset size: 1000 transitions
2025-10-24 12:56:34,607 | INFO | [MA-SPI] Stage 3/5 - Q updates 20/100 (current batch 1000) [A0_Q_loss:0.7991, A1_Q_loss:0.6151]
2025-10-24 12:56:34,696 | INFO | [MA-SPI] Stage 3/5 - Q updates 40/100 (current batch 1000) [A0_Q_loss:0.8251, A1_Q_loss:0.5328]
2025-10-24 12:56:34,780 | INFO | [MA-SPI] Stage 3/5 - Q updates 60/100 (current batch 1000) [A0_Q_loss:0.7463, A1_Q_loss:0.5244]
2025-10-24 12:56:34,866 | INFO | [MA-SPI] Stage 3/5 - Q updates 80/100 (current batch 1000) [A0_Q_loss:0.7612, A1_Q_loss:0.5156]
2025-10-24 12:56:34,999 | INFO | [MA-SPI] Stage 3/5 - Q updates 100/100 (current batch 1000) [A0_Q_loss:0.7643, A1_Q_loss:0.5197]
2025-10-24 12:56:35,038 | INFO | [MA-SPI] Stage 3/5 - policy updates 10/50 (current batch 1000) [A0_Policy_loss:0.0067, A1_Policy_loss:0.0051]
2025-10-24 12:56:35,074 | INFO | [MA-SPI] Stage 3/5 - policy updates 20/50 (current batch 1000) [A0_Policy_loss:0.0023, A1_Policy_loss:0.0019]
2025-10-24 12:56:35,108 | INFO | [MA-SPI] Stage 3/5 - policy updates 30/50 (current batch 1000) [A0_Policy_loss:0.0008, A1_Policy_loss:0.0007]
2025-10-24 12:56:35,142 | INFO | [MA-SPI] Stage 3/5 - policy updates 40/50 (current batch 1000) [A0_Policy_loss:0.0003, A1_Policy_loss:0.0002]
2025-10-24 12:56:35,179 | INFO | [MA-SPI] Stage 3/5 - policy updates 50/50 (current batch 1000) [A0_Policy_loss:0.0001, A1_Policy_loss:0.0001]
2025-10-24 12:56:35,179 | INFO | [MA-SPI] Stage 3/5 - completed
2025-10-24 12:56:35,179 | INFO | [MA-SPI] Stage 4/5 - collecting trajectories...
2025-10-24 12:56:35,435 | INFO | [MA-SPI] Stage 4/5 - collected 2/10 episodes
2025-10-24 12:56:35,685 | INFO | [MA-SPI] Stage 4/5 - collected 4/10 episodes
2025-10-24 12:56:35,945 | INFO | [MA-SPI] Stage 4/5 - collected 6/10 episodes
2025-10-24 12:56:36,321 | INFO | [MA-SPI] Stage 4/5 - collected 8/10 episodes
2025-10-24 12:56:36,663 | INFO | [MA-SPI] Stage 4/5 - collected 10/10 episodes
2025-10-24 12:56:36,664 | INFO | [MA-SPI] Stage 4/5 - Agent 0 avg episode reward: 112.800 (std 30.225)
2025-10-24 12:56:36,664 | INFO | [MA-SPI] Stage 4/5 - Agent 1 avg episode reward: 98.900 (std 33.721)
2025-10-24 12:56:36,664 | INFO | [MA-SPI] Stage 4/5 - dataset size: 1000 transitions
2025-10-24 12:56:36,789 | INFO | [MA-SPI] Stage 4/5 - Q updates 20/100 (current batch 1000) [A0_Q_loss:0.5955, A1_Q_loss:0.4295]
2025-10-24 12:56:36,903 | INFO | [MA-SPI] Stage 4/5 - Q updates 40/100 (current batch 1000) [A0_Q_loss:0.5255, A1_Q_loss:0.3559]
2025-10-24 12:56:37,041 | INFO | [MA-SPI] Stage 4/5 - Q updates 60/100 (current batch 1000) [A0_Q_loss:0.4722, A1_Q_loss:0.3525]
2025-10-24 12:56:37,134 | INFO | [MA-SPI] Stage 4/5 - Q updates 80/100 (current batch 1000) [A0_Q_loss:0.5347, A1_Q_loss:0.3298]
2025-10-24 12:56:37,238 | INFO | [MA-SPI] Stage 4/5 - Q updates 100/100 (current batch 1000) [A0_Q_loss:0.4735, A1_Q_loss:0.3408]
2025-10-24 12:56:37,276 | INFO | [MA-SPI] Stage 4/5 - policy updates 10/50 (current batch 1000) [A0_Policy_loss:0.0037, A1_Policy_loss:0.0032]
2025-10-24 12:56:37,320 | INFO | [MA-SPI] Stage 4/5 - policy updates 20/50 (current batch 1000) [A0_Policy_loss:0.0011, A1_Policy_loss:0.0010]
2025-10-24 12:56:37,368 | INFO | [MA-SPI] Stage 4/5 - policy updates 30/50 (current batch 1000) [A0_Policy_loss:0.0005, A1_Policy_loss:0.0005]
2025-10-24 12:56:37,423 | INFO | [MA-SPI] Stage 4/5 - policy updates 40/50 (current batch 1000) [A0_Policy_loss:0.0002, A1_Policy_loss:0.0002]
2025-10-24 12:56:37,472 | INFO | [MA-SPI] Stage 4/5 - policy updates 50/50 (current batch 1000) [A0_Policy_loss:0.0001, A1_Policy_loss:0.0001]
2025-10-24 12:56:37,472 | INFO | [MA-SPI] Stage 4/5 - completed
2025-10-24 12:56:37,472 | INFO | [MA-SPI] Stage 5/5 - collecting trajectories...
2025-10-24 12:56:37,742 | INFO | [MA-SPI] Stage 5/5 - collected 2/10 episodes
2025-10-24 12:56:38,024 | INFO | [MA-SPI] Stage 5/5 - collected 4/10 episodes
2025-10-24 12:56:38,350 | INFO | [MA-SPI] Stage 5/5 - collected 6/10 episodes
2025-10-24 12:56:38,618 | INFO | [MA-SPI] Stage 5/5 - collected 8/10 episodes
2025-10-24 12:56:38,890 | INFO | [MA-SPI] Stage 5/5 - collected 10/10 episodes
2025-10-24 12:56:38,891 | INFO | [MA-SPI] Stage 5/5 - Agent 0 avg episode reward: 115.500 (std 18.720)
2025-10-24 12:56:38,891 | INFO | [MA-SPI] Stage 5/5 - Agent 1 avg episode reward: 110.000 (std 23.422)
2025-10-24 12:56:38,891 | INFO | [MA-SPI] Stage 5/5 - dataset size: 1000 transitions
2025-10-24 12:56:38,983 | INFO | [MA-SPI] Stage 5/5 - Q updates 20/100 (current batch 1000) [A0_Q_loss:0.5018, A1_Q_loss:0.4675]
2025-10-24 12:56:39,069 | INFO | [MA-SPI] Stage 5/5 - Q updates 40/100 (current batch 1000) [A0_Q_loss:0.4171, A1_Q_loss:0.4131]
2025-10-24 12:56:39,151 | INFO | [MA-SPI] Stage 5/5 - Q updates 60/100 (current batch 1000) [A0_Q_loss:0.4285, A1_Q_loss:0.3537]
2025-10-24 12:56:39,243 | INFO | [MA-SPI] Stage 5/5 - Q updates 80/100 (current batch 1000) [A0_Q_loss:0.4103, A1_Q_loss:0.4335]
2025-10-24 12:56:39,337 | INFO | [MA-SPI] Stage 5/5 - Q updates 100/100 (current batch 1000) [A0_Q_loss:0.4163, A1_Q_loss:0.4042]
2025-10-24 12:56:39,375 | INFO | [MA-SPI] Stage 5/5 - policy updates 10/50 (current batch 1000) [A0_Policy_loss:0.0023, A1_Policy_loss:0.0031]
2025-10-24 12:56:39,414 | INFO | [MA-SPI] Stage 5/5 - policy updates 20/50 (current batch 1000) [A0_Policy_loss:0.0007, A1_Policy_loss:0.0012]
2025-10-24 12:56:39,454 | INFO | [MA-SPI] Stage 5/5 - policy updates 30/50 (current batch 1000) [A0_Policy_loss:0.0003, A1_Policy_loss:0.0005]
2025-10-24 12:56:39,510 | INFO | [MA-SPI] Stage 5/5 - policy updates 40/50 (current batch 1000) [A0_Policy_loss:0.0001, A1_Policy_loss:0.0002]
2025-10-24 12:56:39,566 | INFO | [MA-SPI] Stage 5/5 - policy updates 50/50 (current batch 1000) [A0_Policy_loss:0.0000, A1_Policy_loss:0.0001]
2025-10-24 12:56:39,566 | INFO | [MA-SPI] Stage 5/5 - completed
2025-10-24 12:56:39,598 | INFO | [Experiment:heterogeneous] MA-SPI completed. Artifacts saved to outputs\heterogeneous\ma_spi
2025-10-24 12:56:39,599 | INFO | [Experiment:heterogeneous] Starting MA-LfL...
2025-10-24 12:56:39,599 | INFO | [MA-LfL] Estimating policies...
2025-10-24 12:56:39,599 | INFO | [MA-LfL][Policy] Stage 1/5 - preparing data
2025-10-24 12:56:39,621 | INFO | [MA-LfL][Policy] Stage 1/5 - Agent 0: 2/10 epochs completed (loss=3.2695, baseline=1.6094)
2025-10-24 12:56:39,624 | INFO | [MA-LfL][Policy] Stage 1/5 - Agent 0: 4/10 epochs completed (loss=1.4244, baseline=1.6094)
2025-10-24 12:56:39,628 | INFO | [MA-LfL][Policy] Stage 1/5 - Agent 0: 6/10 epochs completed (loss=1.2134, baseline=1.6094)
2025-10-24 12:56:39,632 | INFO | [MA-LfL][Policy] Stage 1/5 - Agent 0: 8/10 epochs completed (loss=1.1068, baseline=1.6094)
2025-10-24 12:56:39,636 | INFO | [MA-LfL][Policy] Stage 1/5 - Agent 0: 10/10 epochs completed (loss=1.0913, baseline=1.6094)
2025-10-24 12:56:39,641 | INFO | [MA-LfL][Policy] Stage 1/5 - Agent 1: 2/10 epochs completed (loss=3.0694, baseline=1.6094)
2025-10-24 12:56:39,648 | INFO | [MA-LfL][Policy] Stage 1/5 - Agent 1: 4/10 epochs completed (loss=1.4800, baseline=1.6094)
2025-10-24 12:56:39,653 | INFO | [MA-LfL][Policy] Stage 1/5 - Agent 1: 6/10 epochs completed (loss=1.2070, baseline=1.6094)
2025-10-24 12:56:39,657 | INFO | [MA-LfL][Policy] Stage 1/5 - Agent 1: 8/10 epochs completed (loss=1.1019, baseline=1.6094)
2025-10-24 12:56:39,662 | INFO | [MA-LfL][Policy] Stage 1/5 - Agent 1: 10/10 epochs completed (loss=1.0798, baseline=1.6094)
2025-10-24 12:56:39,662 | INFO | [MA-LfL][Policy] Stage 2/5 - preparing data
2025-10-24 12:56:39,667 | INFO | [MA-LfL][Policy] Stage 2/5 - Agent 0: 2/10 epochs completed (loss=3.1231, baseline=1.6094)
2025-10-24 12:56:39,672 | INFO | [MA-LfL][Policy] Stage 2/5 - Agent 0: 4/10 epochs completed (loss=2.5654, baseline=1.6094)
2025-10-24 12:56:39,678 | INFO | [MA-LfL][Policy] Stage 2/5 - Agent 0: 6/10 epochs completed (loss=1.2076, baseline=1.6094)
2025-10-24 12:56:39,682 | INFO | [MA-LfL][Policy] Stage 2/5 - Agent 0: 8/10 epochs completed (loss=1.0764, baseline=1.6094)
2025-10-24 12:56:39,686 | INFO | [MA-LfL][Policy] Stage 2/5 - Agent 0: 10/10 epochs completed (loss=0.9976, baseline=1.6094)
2025-10-24 12:56:39,694 | INFO | [MA-LfL][Policy] Stage 2/5 - Agent 1: 2/10 epochs completed (loss=2.4523, baseline=1.6094)
2025-10-24 12:56:39,698 | INFO | [MA-LfL][Policy] Stage 2/5 - Agent 1: 4/10 epochs completed (loss=1.2198, baseline=1.6094)
2025-10-24 12:56:39,702 | INFO | [MA-LfL][Policy] Stage 2/5 - Agent 1: 6/10 epochs completed (loss=1.0589, baseline=1.6094)
2025-10-24 12:56:39,707 | INFO | [MA-LfL][Policy] Stage 2/5 - Agent 1: 8/10 epochs completed (loss=1.0233, baseline=1.6094)
2025-10-24 12:56:39,714 | INFO | [MA-LfL][Policy] Stage 2/5 - Agent 1: 10/10 epochs completed (loss=0.9760, baseline=1.6094)
2025-10-24 12:56:39,715 | INFO | [MA-LfL][Policy] Stage 3/5 - preparing data
2025-10-24 12:56:39,722 | INFO | [MA-LfL][Policy] Stage 3/5 - Agent 0: 2/10 epochs completed (loss=2.6041, baseline=1.6094)
2025-10-24 12:56:39,729 | INFO | [MA-LfL][Policy] Stage 3/5 - Agent 0: 4/10 epochs completed (loss=1.7274, baseline=1.6094)
2025-10-24 12:56:39,733 | INFO | [MA-LfL][Policy] Stage 3/5 - Agent 0: 6/10 epochs completed (loss=1.1143, baseline=1.6094)
2025-10-24 12:56:39,737 | INFO | [MA-LfL][Policy] Stage 3/5 - Agent 0: 8/10 epochs completed (loss=1.0074, baseline=1.6094)
2025-10-24 12:56:39,743 | INFO | [MA-LfL][Policy] Stage 3/5 - Agent 0: 10/10 epochs completed (loss=0.9835, baseline=1.6094)
2025-10-24 12:56:39,749 | INFO | [MA-LfL][Policy] Stage 3/5 - Agent 1: 2/10 epochs completed (loss=5.7030, baseline=1.6094)
2025-10-24 12:56:39,754 | INFO | [MA-LfL][Policy] Stage 3/5 - Agent 1: 4/10 epochs completed (loss=1.6001, baseline=1.6094)
2025-10-24 12:56:39,761 | INFO | [MA-LfL][Policy] Stage 3/5 - Agent 1: 6/10 epochs completed (loss=1.2568, baseline=1.6094)
2025-10-24 12:56:39,766 | INFO | [MA-LfL][Policy] Stage 3/5 - Agent 1: 8/10 epochs completed (loss=1.0344, baseline=1.6094)
2025-10-24 12:56:39,773 | INFO | [MA-LfL][Policy] Stage 3/5 - Agent 1: 10/10 epochs completed (loss=1.0029, baseline=1.6094)
2025-10-24 12:56:39,773 | INFO | [MA-LfL][Policy] Stage 4/5 - preparing data
2025-10-24 12:56:39,781 | INFO | [MA-LfL][Policy] Stage 4/5 - Agent 0: 2/10 epochs completed (loss=2.8728, baseline=1.6094)
2025-10-24 12:56:39,788 | INFO | [MA-LfL][Policy] Stage 4/5 - Agent 0: 4/10 epochs completed (loss=1.6201, baseline=1.6094)
2025-10-24 12:56:39,792 | INFO | [MA-LfL][Policy] Stage 4/5 - Agent 0: 6/10 epochs completed (loss=1.2387, baseline=1.6094)
2025-10-24 12:56:39,799 | INFO | [MA-LfL][Policy] Stage 4/5 - Agent 0: 8/10 epochs completed (loss=1.1303, baseline=1.6094)
2025-10-24 12:56:39,804 | INFO | [MA-LfL][Policy] Stage 4/5 - Agent 0: 10/10 epochs completed (loss=1.0035, baseline=1.6094)
2025-10-24 12:56:39,812 | INFO | [MA-LfL][Policy] Stage 4/5 - Agent 1: 2/10 epochs completed (loss=2.9283, baseline=1.6094)
2025-10-24 12:56:39,816 | INFO | [MA-LfL][Policy] Stage 4/5 - Agent 1: 4/10 epochs completed (loss=1.4339, baseline=1.6094)
2025-10-24 12:56:39,821 | INFO | [MA-LfL][Policy] Stage 4/5 - Agent 1: 6/10 epochs completed (loss=1.0704, baseline=1.6094)
2025-10-24 12:56:39,825 | INFO | [MA-LfL][Policy] Stage 4/5 - Agent 1: 8/10 epochs completed (loss=1.0526, baseline=1.6094)
2025-10-24 12:56:39,829 | INFO | [MA-LfL][Policy] Stage 4/5 - Agent 1: 10/10 epochs completed (loss=1.0177, baseline=1.6094)
2025-10-24 12:56:39,830 | INFO | [MA-LfL][Policy] Stage 5/5 - preparing data
2025-10-24 12:56:39,838 | INFO | [MA-LfL][Policy] Stage 5/5 - Agent 0: 2/10 epochs completed (loss=3.1318, baseline=1.6094)
2025-10-24 12:56:39,844 | INFO | [MA-LfL][Policy] Stage 5/5 - Agent 0: 4/10 epochs completed (loss=1.6561, baseline=1.6094)
2025-10-24 12:56:39,849 | INFO | [MA-LfL][Policy] Stage 5/5 - Agent 0: 6/10 epochs completed (loss=1.0889, baseline=1.6094)
2025-10-24 12:56:39,853 | INFO | [MA-LfL][Policy] Stage 5/5 - Agent 0: 8/10 epochs completed (loss=1.0369, baseline=1.6094)
2025-10-24 12:56:39,857 | INFO | [MA-LfL][Policy] Stage 5/5 - Agent 0: 10/10 epochs completed (loss=1.0083, baseline=1.6094)
2025-10-24 12:56:39,864 | INFO | [MA-LfL][Policy] Stage 5/5 - Agent 1: 2/10 epochs completed (loss=3.7079, baseline=1.6094)
2025-10-24 12:56:39,867 | INFO | [MA-LfL][Policy] Stage 5/5 - Agent 1: 4/10 epochs completed (loss=1.5068, baseline=1.6094)
2025-10-24 12:56:39,873 | INFO | [MA-LfL][Policy] Stage 5/5 - Agent 1: 6/10 epochs completed (loss=1.1110, baseline=1.6094)
2025-10-24 12:56:39,877 | INFO | [MA-LfL][Policy] Stage 5/5 - Agent 1: 8/10 epochs completed (loss=1.0331, baseline=1.6094)
2025-10-24 12:56:39,884 | INFO | [MA-LfL][Policy] Stage 5/5 - Agent 1: 10/10 epochs completed (loss=1.0069, baseline=1.6094)
2025-10-24 12:56:39,885 | INFO | [MA-LfL] Computing reward targets...
2025-10-24 12:56:39,885 | INFO | [MA-LfL][Targets] Stage 1/4 - Agent 0
2025-10-24 12:56:40,231 | INFO | [MA-LfL][Targets] Stage 1/4 - Agent 1
2025-10-24 12:56:40,574 | INFO | [MA-LfL][Targets] Stage 2/4 - Agent 0
2025-10-24 12:56:40,923 | INFO | [MA-LfL][Targets] Stage 2/4 - Agent 1
2025-10-24 12:56:41,270 | INFO | [MA-LfL][Targets] Stage 3/4 - Agent 0
2025-10-24 12:56:41,635 | INFO | [MA-LfL][Targets] Stage 3/4 - Agent 1
2025-10-24 12:56:42,004 | INFO | [MA-LfL][Targets] Stage 4/4 - Agent 0
2025-10-24 12:56:42,379 | INFO | [MA-LfL][Targets] Stage 4/4 - Agent 1
2025-10-24 12:56:42,739 | INFO | [MA-LfL] Learning rewards...
2025-10-24 12:56:42,743 | INFO | [MA-LfL][Reward] Agent 0 - dataset size=4000 (batch=1024, epochs=20000, reward_lr=5.00e-04, shaping_lr=1.00e-05)
2025-10-24 12:57:44,087 | INFO | [MA-LfL][Reward] Agent 0 - 2000/20000 epochs completed (latest loss=1.0353)
2025-10-24 12:58:45,512 | INFO | [MA-LfL][Reward] Agent 0 - 4000/20000 epochs completed (latest loss=1.0237)
2025-10-24 12:59:53,676 | INFO | [MA-LfL][Reward] Agent 0 - 6000/20000 epochs completed (latest loss=1.0242)
2025-10-24 13:01:06,599 | INFO | [MA-LfL][Reward] Agent 0 - 8000/20000 epochs completed (latest loss=1.0281)
2025-10-24 13:02:13,647 | INFO | [MA-LfL][Reward] Agent 0 - 10000/20000 epochs completed (latest loss=1.0184)
2025-10-24 13:03:23,988 | INFO | [MA-LfL][Reward] Agent 0 - 12000/20000 epochs completed (latest loss=1.0219)
2025-10-24 13:04:32,958 | INFO | [MA-LfL][Reward] Agent 0 - 14000/20000 epochs completed (latest loss=1.0227)
2025-10-24 13:05:41,963 | INFO | [MA-LfL][Reward] Agent 0 - 16000/20000 epochs completed (latest loss=1.0236)
2025-10-24 13:06:51,694 | INFO | [MA-LfL][Reward] Agent 0 - 18000/20000 epochs completed (latest loss=1.0243)
2025-10-24 13:07:56,995 | INFO | [MA-LfL][Reward] Agent 0 - 20000/20000 epochs completed (latest loss=1.0303)
2025-10-24 13:07:57,000 | INFO | [MA-LfL][Reward] Agent 1 - dataset size=4000 (batch=1024, epochs=20000, reward_lr=5.00e-04, shaping_lr=1.00e-05)
2025-10-24 13:09:04,182 | INFO | [MA-LfL][Reward] Agent 1 - 2000/20000 epochs completed (latest loss=0.7519)
2025-10-24 13:10:08,561 | INFO | [MA-LfL][Reward] Agent 1 - 4000/20000 epochs completed (latest loss=0.7571)
2025-10-24 13:11:10,536 | INFO | [MA-LfL][Reward] Agent 1 - 6000/20000 epochs completed (latest loss=0.7619)
2025-10-24 13:12:13,147 | INFO | [MA-LfL][Reward] Agent 1 - 8000/20000 epochs completed (latest loss=0.7478)
2025-10-24 13:13:15,067 | INFO | [MA-LfL][Reward] Agent 1 - 10000/20000 epochs completed (latest loss=0.7542)
2025-10-24 13:14:16,607 | INFO | [MA-LfL][Reward] Agent 1 - 12000/20000 epochs completed (latest loss=0.7424)
2025-10-24 13:15:18,229 | INFO | [MA-LfL][Reward] Agent 1 - 14000/20000 epochs completed (latest loss=0.7444)
2025-10-24 13:16:25,500 | INFO | [MA-LfL][Reward] Agent 1 - 16000/20000 epochs completed (latest loss=0.7415)
2025-10-24 13:17:32,864 | INFO | [MA-LfL][Reward] Agent 1 - 18000/20000 epochs completed (latest loss=0.7422)
2025-10-24 13:18:35,293 | INFO | [MA-LfL][Reward] Agent 1 - 20000/20000 epochs completed (latest loss=0.7459)
2025-10-24 13:18:35,294 | INFO | [MA-LfL] Evaluating rewards...
2025-10-24 13:18:37,815 | INFO | [MA-LfL] Computing alignment metrics (R_hat + g - gamma*g' vs Y_h)...
