2025-10-23 06:35:43,901 | INFO | Logging initialized. Log file: outputs\logs\run_20251023_063543.log
2025-10-23 06:35:43,901 | INFO | Configuration file: config.yaml
2025-10-23 06:35:43,901 | INFO | Reward families to process: homogeneous
2025-10-23 06:35:43,902 | INFO | MA-SPI iterations=3, episodes/stage=50, episode_length=100
2025-10-23 06:35:43,902 | INFO | MA-LfL reward epochs=1000, reward batch size=512
2025-10-23 06:35:43,902 | INFO | Log file located at outputs\logs\run_20251023_063543.log
2025-10-23 06:35:43,902 | INFO | Running experiment for reward family: homogeneous
2025-10-23 06:35:43,902 | INFO | [Experiment:homogeneous] Starting MA-SPI...
2025-10-23 06:35:44,799 | INFO | [MA-SPI] Starting run with 3 stages, 50 episodes/stage, episode length 100
2025-10-23 06:35:44,811 | INFO | [MA-SPI] Stage 1/3 - collecting trajectories...
2025-10-23 06:35:46,371 | INFO | [MA-SPI] Stage 1/3 - collected 10/50 episodes
2025-10-23 06:35:47,788 | INFO | [MA-SPI] Stage 1/3 - collected 20/50 episodes
2025-10-23 06:35:49,243 | INFO | [MA-SPI] Stage 1/3 - collected 30/50 episodes
2025-10-23 06:35:50,764 | INFO | [MA-SPI] Stage 1/3 - collected 40/50 episodes
2025-10-23 06:35:52,627 | INFO | [MA-SPI] Stage 1/3 - collected 50/50 episodes
2025-10-23 06:35:52,642 | INFO | [MA-SPI] Stage 1/3 - dataset size: 5000 transitions
2025-10-23 06:35:52,842 | INFO | [MA-SPI] Stage 1/3 - Q updates 2/10 (current batch 5000)
2025-10-23 06:35:52,856 | INFO | [MA-SPI] Stage 1/3 - Q updates 4/10 (current batch 5000)
2025-10-23 06:35:52,870 | INFO | [MA-SPI] Stage 1/3 - Q updates 6/10 (current batch 5000)
2025-10-23 06:35:52,884 | INFO | [MA-SPI] Stage 1/3 - Q updates 8/10 (current batch 5000)
2025-10-23 06:35:52,898 | INFO | [MA-SPI] Stage 1/3 - Q updates 10/10 (current batch 5000)
2025-10-23 06:35:52,912 | INFO | [MA-SPI] Stage 1/3 - policy updates 1/5 (current batch 5000)
2025-10-23 06:35:52,920 | INFO | [MA-SPI] Stage 1/3 - policy updates 2/5 (current batch 5000)
2025-10-23 06:35:52,925 | INFO | [MA-SPI] Stage 1/3 - policy updates 3/5 (current batch 5000)
2025-10-23 06:35:52,931 | INFO | [MA-SPI] Stage 1/3 - policy updates 4/5 (current batch 5000)
2025-10-23 06:35:52,937 | INFO | [MA-SPI] Stage 1/3 - policy updates 5/5 (current batch 5000)
2025-10-23 06:35:52,938 | INFO | [MA-SPI] Stage 1/3 - completed
2025-10-23 06:35:52,938 | INFO | [MA-SPI] Stage 2/3 - collecting trajectories...
2025-10-23 06:35:54,491 | INFO | [MA-SPI] Stage 2/3 - collected 10/50 episodes
2025-10-23 06:35:55,924 | INFO | [MA-SPI] Stage 2/3 - collected 20/50 episodes
2025-10-23 06:35:57,417 | INFO | [MA-SPI] Stage 2/3 - collected 30/50 episodes
2025-10-23 06:35:58,841 | INFO | [MA-SPI] Stage 2/3 - collected 40/50 episodes
2025-10-23 06:36:00,241 | INFO | [MA-SPI] Stage 2/3 - collected 50/50 episodes
2025-10-23 06:36:00,244 | INFO | [MA-SPI] Stage 2/3 - dataset size: 5000 transitions
2025-10-23 06:36:00,258 | INFO | [MA-SPI] Stage 2/3 - Q updates 2/10 (current batch 5000)
2025-10-23 06:36:00,273 | INFO | [MA-SPI] Stage 2/3 - Q updates 4/10 (current batch 5000)
2025-10-23 06:36:00,296 | INFO | [MA-SPI] Stage 2/3 - Q updates 6/10 (current batch 5000)
2025-10-23 06:36:00,312 | INFO | [MA-SPI] Stage 2/3 - Q updates 8/10 (current batch 5000)
2025-10-23 06:36:00,332 | INFO | [MA-SPI] Stage 2/3 - Q updates 10/10 (current batch 5000)
2025-10-23 06:36:00,340 | INFO | [MA-SPI] Stage 2/3 - policy updates 1/5 (current batch 5000)
2025-10-23 06:36:00,343 | INFO | [MA-SPI] Stage 2/3 - policy updates 2/5 (current batch 5000)
2025-10-23 06:36:00,348 | INFO | [MA-SPI] Stage 2/3 - policy updates 3/5 (current batch 5000)
2025-10-23 06:36:00,352 | INFO | [MA-SPI] Stage 2/3 - policy updates 4/5 (current batch 5000)
2025-10-23 06:36:00,356 | INFO | [MA-SPI] Stage 2/3 - policy updates 5/5 (current batch 5000)
2025-10-23 06:36:00,356 | INFO | [MA-SPI] Stage 2/3 - completed
2025-10-23 06:36:00,356 | INFO | [MA-SPI] Stage 3/3 - collecting trajectories...
2025-10-23 06:36:01,683 | INFO | [MA-SPI] Stage 3/3 - collected 10/50 episodes
2025-10-23 06:36:03,068 | INFO | [MA-SPI] Stage 3/3 - collected 20/50 episodes
2025-10-23 06:36:04,431 | INFO | [MA-SPI] Stage 3/3 - collected 30/50 episodes
2025-10-23 06:36:05,860 | INFO | [MA-SPI] Stage 3/3 - collected 40/50 episodes
2025-10-23 06:36:07,262 | INFO | [MA-SPI] Stage 3/3 - collected 50/50 episodes
2025-10-23 06:36:07,265 | INFO | [MA-SPI] Stage 3/3 - dataset size: 5000 transitions
2025-10-23 06:36:07,282 | INFO | [MA-SPI] Stage 3/3 - Q updates 2/10 (current batch 5000)
2025-10-23 06:36:07,299 | INFO | [MA-SPI] Stage 3/3 - Q updates 4/10 (current batch 5000)
2025-10-23 06:36:07,318 | INFO | [MA-SPI] Stage 3/3 - Q updates 6/10 (current batch 5000)
2025-10-23 06:36:07,332 | INFO | [MA-SPI] Stage 3/3 - Q updates 8/10 (current batch 5000)
2025-10-23 06:36:07,349 | INFO | [MA-SPI] Stage 3/3 - Q updates 10/10 (current batch 5000)
2025-10-23 06:36:07,359 | INFO | [MA-SPI] Stage 3/3 - policy updates 1/5 (current batch 5000)
2025-10-23 06:36:07,365 | INFO | [MA-SPI] Stage 3/3 - policy updates 2/5 (current batch 5000)
2025-10-23 06:36:07,371 | INFO | [MA-SPI] Stage 3/3 - policy updates 3/5 (current batch 5000)
2025-10-23 06:36:07,377 | INFO | [MA-SPI] Stage 3/3 - policy updates 4/5 (current batch 5000)
2025-10-23 06:36:07,381 | INFO | [MA-SPI] Stage 3/3 - policy updates 5/5 (current batch 5000)
2025-10-23 06:36:07,381 | INFO | [MA-SPI] Stage 3/3 - completed
2025-10-23 06:36:07,475 | INFO | [Experiment:homogeneous] MA-SPI completed. Artifacts saved to outputs\homogeneous\ma_spi
2025-10-23 06:36:07,476 | INFO | [Experiment:homogeneous] Starting MA-LfL...
2025-10-23 06:36:07,476 | INFO | [MA-LfL] Estimating policies...
2025-10-23 06:36:07,476 | INFO | [MA-LfL][Policy] Stage 1/3 - preparing data
2025-10-23 06:36:07,663 | INFO | [MA-LfL][Policy] Stage 1/3 - Agent 0: 10/10 epochs completed (loss=1.2959)
2025-10-23 06:36:07,819 | INFO | [MA-LfL][Policy] Stage 1/3 - Agent 1: 10/10 epochs completed (loss=1.2008)
2025-10-23 06:36:07,820 | INFO | [MA-LfL][Policy] Stage 2/3 - preparing data
2025-10-23 06:36:07,995 | INFO | [MA-LfL][Policy] Stage 2/3 - Agent 0: 10/10 epochs completed (loss=1.1692)
2025-10-23 06:36:08,151 | INFO | [MA-LfL][Policy] Stage 2/3 - Agent 1: 10/10 epochs completed (loss=1.3235)
2025-10-23 06:36:08,152 | INFO | [MA-LfL][Policy] Stage 3/3 - preparing data
2025-10-23 06:36:08,310 | INFO | [MA-LfL][Policy] Stage 3/3 - Agent 0: 10/10 epochs completed (loss=1.2236)
2025-10-23 06:36:08,468 | INFO | [MA-LfL][Policy] Stage 3/3 - Agent 1: 10/10 epochs completed (loss=1.1930)
2025-10-23 06:36:08,469 | INFO | [MA-LfL] Computing reward targets...
2025-10-23 06:36:08,469 | INFO | [MA-LfL][Targets] Stage 1/2 - Agent 0
2025-10-23 06:36:08,877 | INFO | [MA-LfL][Targets] Stage 1/2 - Agent 1
2025-10-23 06:36:09,265 | INFO | [MA-LfL][Targets] Stage 2/2 - Agent 0
2025-10-23 06:36:09,656 | INFO | [MA-LfL][Targets] Stage 2/2 - Agent 1
2025-10-23 06:36:10,084 | INFO | [MA-LfL] Learning rewards...
2025-10-23 06:36:10,104 | INFO | [MA-LfL][Reward] Agent 0 - dataset size=10000 (batch=512, epochs=1000)
2025-10-23 06:36:21,768 | INFO | [MA-LfL][Reward] Agent 0 - 100/1000 epochs completed (latest loss=0.7457)
2025-10-23 06:36:33,615 | INFO | [MA-LfL][Reward] Agent 0 - 200/1000 epochs completed (latest loss=0.7208)
2025-10-23 06:36:45,645 | INFO | [MA-LfL][Reward] Agent 0 - 300/1000 epochs completed (latest loss=0.7268)
2025-10-23 06:36:58,275 | INFO | [MA-LfL][Reward] Agent 0 - 400/1000 epochs completed (latest loss=0.7179)
2025-10-23 06:37:10,735 | INFO | [MA-LfL][Reward] Agent 0 - 500/1000 epochs completed (latest loss=0.6984)
2025-10-23 06:37:22,292 | INFO | [MA-LfL][Reward] Agent 0 - 600/1000 epochs completed (latest loss=0.7257)
2025-10-23 06:37:33,657 | INFO | [MA-LfL][Reward] Agent 0 - 700/1000 epochs completed (latest loss=0.7101)
2025-10-23 06:37:45,146 | INFO | [MA-LfL][Reward] Agent 0 - 800/1000 epochs completed (latest loss=0.7003)
2025-10-23 06:37:56,422 | INFO | [MA-LfL][Reward] Agent 0 - 900/1000 epochs completed (latest loss=0.7159)
2025-10-23 06:38:07,794 | INFO | [MA-LfL][Reward] Agent 0 - 1000/1000 epochs completed (latest loss=0.6979)
2025-10-23 06:38:07,817 | INFO | [MA-LfL][Reward] Agent 1 - dataset size=10000 (batch=512, epochs=1000)
2025-10-23 06:38:19,671 | INFO | [MA-LfL][Reward] Agent 1 - 100/1000 epochs completed (latest loss=1.9249)
2025-10-23 06:38:32,033 | INFO | [MA-LfL][Reward] Agent 1 - 200/1000 epochs completed (latest loss=1.8612)
2025-10-23 06:38:44,127 | INFO | [MA-LfL][Reward] Agent 1 - 300/1000 epochs completed (latest loss=1.8389)
2025-10-23 06:38:57,349 | INFO | [MA-LfL][Reward] Agent 1 - 400/1000 epochs completed (latest loss=1.8685)
2025-10-23 06:39:09,923 | INFO | [MA-LfL][Reward] Agent 1 - 500/1000 epochs completed (latest loss=1.7860)
2025-10-23 06:39:21,165 | INFO | [MA-LfL][Reward] Agent 1 - 600/1000 epochs completed (latest loss=1.8200)
2025-10-23 06:39:33,035 | INFO | [MA-LfL][Reward] Agent 1 - 700/1000 epochs completed (latest loss=1.7792)
2025-10-23 06:39:45,024 | INFO | [MA-LfL][Reward] Agent 1 - 800/1000 epochs completed (latest loss=1.7897)
2025-10-23 06:39:57,129 | INFO | [MA-LfL][Reward] Agent 1 - 900/1000 epochs completed (latest loss=1.7555)
2025-10-23 06:40:08,664 | INFO | [MA-LfL][Reward] Agent 1 - 1000/1000 epochs completed (latest loss=1.7583)
2025-10-23 06:40:08,665 | INFO | [MA-LfL] Evaluating rewards...
2025-10-23 06:40:10,102 | INFO | [MA-LfL] Pipeline complete.
2025-10-23 06:40:10,102 | INFO | [Experiment:homogeneous] MA-LfL completed. Artifacts saved to outputs\homogeneous\ma_lfl
2025-10-23 06:40:10,102 | INFO | [Experiment:homogeneous] Agent 0 metrics - Pearson: 0.0922 | Spearman: 0.0913
2025-10-23 06:40:10,102 | INFO | [Experiment:homogeneous] Agent 1 metrics - Pearson: -0.0052 | Spearman: -0.0405
2025-10-23 06:40:10,102 | INFO | [Experiment:homogeneous] Trend stages: 1, 2
2025-10-23 06:40:10,102 | INFO | [Experiment:homogeneous] Trend Pearson: 0.0076, 0.0168
2025-10-23 06:40:10,102 | INFO | [Experiment:homogeneous] Trend Spearman: 0.0160, -0.0157
2025-10-23 06:40:10,102 | INFO | [Experiment:homogeneous] Agent 0 correlation >=0.4 ? NO
2025-10-23 06:40:10,102 | INFO | [Experiment:homogeneous] Agent 1 correlation >=0.4 ? NO
2025-10-23 06:40:10,102 | INFO | [Experiment:homogeneous] Correlation trend non-decreasing? NO
2025-10-23 06:40:10,103 | INFO | Summary saved to outputs\summary.json
2025-10-23 06:40:10,104 | INFO | Run complete.
