2025-10-23 22:50:16,414 | INFO | Logging initialized. Log file: outputs\logs\run_20251023_225016.log
2025-10-23 22:50:16,414 | INFO | Configuration file: config.yaml
2025-10-23 22:50:16,415 | INFO | Reward families to process: heterogeneous
2025-10-23 22:50:16,415 | INFO | MA-SPI iterations=5, episodes/stage=10, episode_length=100
2025-10-23 22:50:16,415 | INFO | MA-LfL reward epochs=20000, reward batch size=8192
2025-10-23 22:50:16,415 | INFO | Log file located at outputs\logs\run_20251023_225016.log
2025-10-23 22:50:16,415 | INFO | Running experiment for reward family: heterogeneous
2025-10-23 22:50:16,416 | INFO | [Experiment:heterogeneous] Starting MA-SPI...
2025-10-23 22:50:17,271 | INFO | [MA-SPI] Starting run with 5 stages, 10 episodes/stage, episode length 100
2025-10-23 22:50:17,273 | INFO | [MA-SPI] Stage 1/5 - collecting trajectories...
2025-10-23 22:50:17,728 | INFO | [MA-SPI] Stage 1/5 - collected 2/10 episodes
2025-10-23 22:50:17,989 | INFO | [MA-SPI] Stage 1/5 - collected 4/10 episodes
2025-10-23 22:50:18,263 | INFO | [MA-SPI] Stage 1/5 - collected 6/10 episodes
2025-10-23 22:50:18,520 | INFO | [MA-SPI] Stage 1/5 - collected 8/10 episodes
2025-10-23 22:50:18,769 | INFO | [MA-SPI] Stage 1/5 - collected 10/10 episodes
2025-10-23 22:50:18,770 | INFO | [MA-SPI] Stage 1/5 - Agent 0 avg episode reward: -137.400 (std 33.539)
2025-10-23 22:50:18,770 | INFO | [MA-SPI] Stage 1/5 - Agent 1 avg episode reward: -114.900 (std 35.184)
2025-10-23 22:50:18,770 | INFO | [MA-SPI] Stage 1/5 - dataset size: 1000 transitions
2025-10-23 22:50:18,998 | INFO | [MA-SPI] Stage 1/5 - Q updates 20/100 (current batch 1000) [A0_Q_loss:2.7630, A1_Q_loss:3.1812]
2025-10-23 22:50:19,079 | INFO | [MA-SPI] Stage 1/5 - Q updates 40/100 (current batch 1000) [A0_Q_loss:1.3751, A1_Q_loss:1.4296]
2025-10-23 22:50:19,165 | INFO | [MA-SPI] Stage 1/5 - Q updates 60/100 (current batch 1000) [A0_Q_loss:0.8376, A1_Q_loss:1.0367]
2025-10-23 22:50:19,248 | INFO | [MA-SPI] Stage 1/5 - Q updates 80/100 (current batch 1000) [A0_Q_loss:0.5093, A1_Q_loss:0.7529]
2025-10-23 22:50:19,326 | INFO | [MA-SPI] Stage 1/5 - Q updates 100/100 (current batch 1000) [A0_Q_loss:0.4704, A1_Q_loss:0.5672]
2025-10-23 22:50:19,361 | INFO | [MA-SPI] Stage 1/5 - policy updates 10/50 (current batch 1000) [A0_Policy_loss:0.0288, A1_Policy_loss:0.0183]
2025-10-23 22:50:19,395 | INFO | [MA-SPI] Stage 1/5 - policy updates 20/50 (current batch 1000) [A0_Policy_loss:0.0090, A1_Policy_loss:0.0042]
2025-10-23 22:50:19,429 | INFO | [MA-SPI] Stage 1/5 - policy updates 30/50 (current batch 1000) [A0_Policy_loss:0.0034, A1_Policy_loss:0.0015]
2025-10-23 22:50:19,464 | INFO | [MA-SPI] Stage 1/5 - policy updates 40/50 (current batch 1000) [A0_Policy_loss:0.0013, A1_Policy_loss:0.0006]
2025-10-23 22:50:19,500 | INFO | [MA-SPI] Stage 1/5 - policy updates 50/50 (current batch 1000) [A0_Policy_loss:0.0005, A1_Policy_loss:0.0002]
2025-10-23 22:50:19,500 | INFO | [MA-SPI] Stage 1/5 - completed
2025-10-23 22:50:19,500 | INFO | [MA-SPI] Stage 2/5 - collecting trajectories...
2025-10-23 22:50:19,748 | INFO | [MA-SPI] Stage 2/5 - collected 2/10 episodes
2025-10-23 22:50:19,996 | INFO | [MA-SPI] Stage 2/5 - collected 4/10 episodes
2025-10-23 22:50:20,284 | INFO | [MA-SPI] Stage 2/5 - collected 6/10 episodes
2025-10-23 22:50:20,538 | INFO | [MA-SPI] Stage 2/5 - collected 8/10 episodes
2025-10-23 22:50:20,797 | INFO | [MA-SPI] Stage 2/5 - collected 10/10 episodes
2025-10-23 22:50:20,798 | INFO | [MA-SPI] Stage 2/5 - Agent 0 avg episode reward: 67.000 (std 29.783)
2025-10-23 22:50:20,798 | INFO | [MA-SPI] Stage 2/5 - Agent 1 avg episode reward: 47.100 (std 20.535)
2025-10-23 22:50:20,798 | INFO | [MA-SPI] Stage 2/5 - dataset size: 1000 transitions
2025-10-23 22:50:20,884 | INFO | [MA-SPI] Stage 2/5 - Q updates 20/100 (current batch 1000) [A0_Q_loss:1.6607, A1_Q_loss:1.4316]
2025-10-23 22:50:20,964 | INFO | [MA-SPI] Stage 2/5 - Q updates 40/100 (current batch 1000) [A0_Q_loss:1.0833, A1_Q_loss:1.1384]
2025-10-23 22:50:21,056 | INFO | [MA-SPI] Stage 2/5 - Q updates 60/100 (current batch 1000) [A0_Q_loss:0.9357, A1_Q_loss:1.0149]
2025-10-23 22:50:21,135 | INFO | [MA-SPI] Stage 2/5 - Q updates 80/100 (current batch 1000) [A0_Q_loss:0.8746, A1_Q_loss:0.9769]
2025-10-23 22:50:21,218 | INFO | [MA-SPI] Stage 2/5 - Q updates 100/100 (current batch 1000) [A0_Q_loss:0.8530, A1_Q_loss:0.9853]
2025-10-23 22:50:21,252 | INFO | [MA-SPI] Stage 2/5 - policy updates 10/50 (current batch 1000) [A0_Policy_loss:0.0158, A1_Policy_loss:0.0072]
2025-10-23 22:50:21,288 | INFO | [MA-SPI] Stage 2/5 - policy updates 20/50 (current batch 1000) [A0_Policy_loss:0.0048, A1_Policy_loss:0.0025]
2025-10-23 22:50:21,322 | INFO | [MA-SPI] Stage 2/5 - policy updates 30/50 (current batch 1000) [A0_Policy_loss:0.0020, A1_Policy_loss:0.0010]
2025-10-23 22:50:21,358 | INFO | [MA-SPI] Stage 2/5 - policy updates 40/50 (current batch 1000) [A0_Policy_loss:0.0006, A1_Policy_loss:0.0004]
2025-10-23 22:50:21,392 | INFO | [MA-SPI] Stage 2/5 - policy updates 50/50 (current batch 1000) [A0_Policy_loss:0.0002, A1_Policy_loss:0.0002]
2025-10-23 22:50:21,392 | INFO | [MA-SPI] Stage 2/5 - completed
2025-10-23 22:50:21,392 | INFO | [MA-SPI] Stage 3/5 - collecting trajectories...
2025-10-23 22:50:21,636 | INFO | [MA-SPI] Stage 3/5 - collected 2/10 episodes
2025-10-23 22:50:21,914 | INFO | [MA-SPI] Stage 3/5 - collected 4/10 episodes
2025-10-23 22:50:22,157 | INFO | [MA-SPI] Stage 3/5 - collected 6/10 episodes
2025-10-23 22:50:22,412 | INFO | [MA-SPI] Stage 3/5 - collected 8/10 episodes
2025-10-23 22:50:22,657 | INFO | [MA-SPI] Stage 3/5 - collected 10/10 episodes
2025-10-23 22:50:22,659 | INFO | [MA-SPI] Stage 3/5 - Agent 0 avg episode reward: 113.400 (std 28.051)
2025-10-23 22:50:22,659 | INFO | [MA-SPI] Stage 3/5 - Agent 1 avg episode reward: 109.100 (std 25.137)
2025-10-23 22:50:22,659 | INFO | [MA-SPI] Stage 3/5 - dataset size: 1000 transitions
2025-10-23 22:50:22,739 | INFO | [MA-SPI] Stage 3/5 - Q updates 20/100 (current batch 1000) [A0_Q_loss:0.7991, A1_Q_loss:0.6151]
2025-10-23 22:50:22,821 | INFO | [MA-SPI] Stage 3/5 - Q updates 40/100 (current batch 1000) [A0_Q_loss:0.8251, A1_Q_loss:0.5328]
2025-10-23 22:50:22,900 | INFO | [MA-SPI] Stage 3/5 - Q updates 60/100 (current batch 1000) [A0_Q_loss:0.7463, A1_Q_loss:0.5244]
2025-10-23 22:50:22,981 | INFO | [MA-SPI] Stage 3/5 - Q updates 80/100 (current batch 1000) [A0_Q_loss:0.7612, A1_Q_loss:0.5156]
2025-10-23 22:50:23,060 | INFO | [MA-SPI] Stage 3/5 - Q updates 100/100 (current batch 1000) [A0_Q_loss:0.7643, A1_Q_loss:0.5197]
2025-10-23 22:50:23,101 | INFO | [MA-SPI] Stage 3/5 - policy updates 10/50 (current batch 1000) [A0_Policy_loss:0.0067, A1_Policy_loss:0.0051]
2025-10-23 22:50:23,140 | INFO | [MA-SPI] Stage 3/5 - policy updates 20/50 (current batch 1000) [A0_Policy_loss:0.0023, A1_Policy_loss:0.0019]
2025-10-23 22:50:23,177 | INFO | [MA-SPI] Stage 3/5 - policy updates 30/50 (current batch 1000) [A0_Policy_loss:0.0008, A1_Policy_loss:0.0007]
2025-10-23 22:50:23,213 | INFO | [MA-SPI] Stage 3/5 - policy updates 40/50 (current batch 1000) [A0_Policy_loss:0.0003, A1_Policy_loss:0.0002]
2025-10-23 22:50:23,255 | INFO | [MA-SPI] Stage 3/5 - policy updates 50/50 (current batch 1000) [A0_Policy_loss:0.0001, A1_Policy_loss:0.0001]
2025-10-23 22:50:23,255 | INFO | [MA-SPI] Stage 3/5 - completed
2025-10-23 22:50:23,255 | INFO | [MA-SPI] Stage 4/5 - collecting trajectories...
2025-10-23 22:50:23,503 | INFO | [MA-SPI] Stage 4/5 - collected 2/10 episodes
2025-10-23 22:50:23,751 | INFO | [MA-SPI] Stage 4/5 - collected 4/10 episodes
2025-10-23 22:50:23,998 | INFO | [MA-SPI] Stage 4/5 - collected 6/10 episodes
2025-10-23 22:50:24,245 | INFO | [MA-SPI] Stage 4/5 - collected 8/10 episodes
2025-10-23 22:50:24,506 | INFO | [MA-SPI] Stage 4/5 - collected 10/10 episodes
2025-10-23 22:50:24,507 | INFO | [MA-SPI] Stage 4/5 - Agent 0 avg episode reward: 112.800 (std 30.225)
2025-10-23 22:50:24,507 | INFO | [MA-SPI] Stage 4/5 - Agent 1 avg episode reward: 98.900 (std 33.721)
2025-10-23 22:50:24,507 | INFO | [MA-SPI] Stage 4/5 - dataset size: 1000 transitions
2025-10-23 22:50:24,591 | INFO | [MA-SPI] Stage 4/5 - Q updates 20/100 (current batch 1000) [A0_Q_loss:0.5955, A1_Q_loss:0.4295]
2025-10-23 22:50:24,674 | INFO | [MA-SPI] Stage 4/5 - Q updates 40/100 (current batch 1000) [A0_Q_loss:0.5255, A1_Q_loss:0.3559]
2025-10-23 22:50:24,756 | INFO | [MA-SPI] Stage 4/5 - Q updates 60/100 (current batch 1000) [A0_Q_loss:0.4722, A1_Q_loss:0.3525]
2025-10-23 22:50:24,835 | INFO | [MA-SPI] Stage 4/5 - Q updates 80/100 (current batch 1000) [A0_Q_loss:0.5347, A1_Q_loss:0.3298]
2025-10-23 22:50:24,912 | INFO | [MA-SPI] Stage 4/5 - Q updates 100/100 (current batch 1000) [A0_Q_loss:0.4735, A1_Q_loss:0.3408]
2025-10-23 22:50:24,948 | INFO | [MA-SPI] Stage 4/5 - policy updates 10/50 (current batch 1000) [A0_Policy_loss:0.0037, A1_Policy_loss:0.0032]
2025-10-23 22:50:24,983 | INFO | [MA-SPI] Stage 4/5 - policy updates 20/50 (current batch 1000) [A0_Policy_loss:0.0011, A1_Policy_loss:0.0010]
2025-10-23 22:50:25,015 | INFO | [MA-SPI] Stage 4/5 - policy updates 30/50 (current batch 1000) [A0_Policy_loss:0.0005, A1_Policy_loss:0.0005]
2025-10-23 22:50:25,049 | INFO | [MA-SPI] Stage 4/5 - policy updates 40/50 (current batch 1000) [A0_Policy_loss:0.0002, A1_Policy_loss:0.0002]
2025-10-23 22:50:25,083 | INFO | [MA-SPI] Stage 4/5 - policy updates 50/50 (current batch 1000) [A0_Policy_loss:0.0001, A1_Policy_loss:0.0001]
2025-10-23 22:50:25,084 | INFO | [MA-SPI] Stage 4/5 - completed
2025-10-23 22:50:25,084 | INFO | [MA-SPI] Stage 5/5 - collecting trajectories...
2025-10-23 22:50:25,335 | INFO | [MA-SPI] Stage 5/5 - collected 2/10 episodes
2025-10-23 22:50:25,586 | INFO | [MA-SPI] Stage 5/5 - collected 4/10 episodes
2025-10-23 22:50:25,844 | INFO | [MA-SPI] Stage 5/5 - collected 6/10 episodes
2025-10-23 22:50:26,106 | INFO | [MA-SPI] Stage 5/5 - collected 8/10 episodes
2025-10-23 22:50:26,386 | INFO | [MA-SPI] Stage 5/5 - collected 10/10 episodes
2025-10-23 22:50:26,387 | INFO | [MA-SPI] Stage 5/5 - Agent 0 avg episode reward: 115.500 (std 18.720)
2025-10-23 22:50:26,388 | INFO | [MA-SPI] Stage 5/5 - Agent 1 avg episode reward: 110.000 (std 23.422)
2025-10-23 22:50:26,388 | INFO | [MA-SPI] Stage 5/5 - dataset size: 1000 transitions
2025-10-23 22:50:26,481 | INFO | [MA-SPI] Stage 5/5 - Q updates 20/100 (current batch 1000) [A0_Q_loss:0.5018, A1_Q_loss:0.4675]
2025-10-23 22:50:26,571 | INFO | [MA-SPI] Stage 5/5 - Q updates 40/100 (current batch 1000) [A0_Q_loss:0.4171, A1_Q_loss:0.4131]
2025-10-23 22:50:26,654 | INFO | [MA-SPI] Stage 5/5 - Q updates 60/100 (current batch 1000) [A0_Q_loss:0.4285, A1_Q_loss:0.3537]
2025-10-23 22:50:26,740 | INFO | [MA-SPI] Stage 5/5 - Q updates 80/100 (current batch 1000) [A0_Q_loss:0.4103, A1_Q_loss:0.4335]
2025-10-23 22:50:26,822 | INFO | [MA-SPI] Stage 5/5 - Q updates 100/100 (current batch 1000) [A0_Q_loss:0.4163, A1_Q_loss:0.4042]
2025-10-23 22:50:26,857 | INFO | [MA-SPI] Stage 5/5 - policy updates 10/50 (current batch 1000) [A0_Policy_loss:0.0023, A1_Policy_loss:0.0031]
2025-10-23 22:50:26,891 | INFO | [MA-SPI] Stage 5/5 - policy updates 20/50 (current batch 1000) [A0_Policy_loss:0.0007, A1_Policy_loss:0.0012]
2025-10-23 22:50:26,924 | INFO | [MA-SPI] Stage 5/5 - policy updates 30/50 (current batch 1000) [A0_Policy_loss:0.0003, A1_Policy_loss:0.0005]
2025-10-23 22:50:26,960 | INFO | [MA-SPI] Stage 5/5 - policy updates 40/50 (current batch 1000) [A0_Policy_loss:0.0001, A1_Policy_loss:0.0002]
2025-10-23 22:50:26,992 | INFO | [MA-SPI] Stage 5/5 - policy updates 50/50 (current batch 1000) [A0_Policy_loss:0.0000, A1_Policy_loss:0.0001]
2025-10-23 22:50:26,992 | INFO | [MA-SPI] Stage 5/5 - completed
2025-10-23 22:50:27,024 | INFO | [Experiment:heterogeneous] MA-SPI completed. Artifacts saved to outputs\heterogeneous\ma_spi
2025-10-23 22:50:27,024 | INFO | [Experiment:heterogeneous] Starting MA-LfL...
2025-10-23 22:50:27,025 | INFO | [MA-LfL] Estimating policies...
2025-10-23 22:50:27,025 | INFO | [MA-LfL][Policy] Stage 1/5 - preparing data
2025-10-23 22:50:27,066 | INFO | [MA-LfL][Policy] Stage 1/5 - Agent 0: 10/10 epochs completed (loss=1.0913, baseline=1.6094)
2025-10-23 22:50:27,085 | INFO | [MA-LfL][Policy] Stage 1/5 - Agent 1: 10/10 epochs completed (loss=1.0798, baseline=1.6094)
2025-10-23 22:50:27,086 | INFO | [MA-LfL][Policy] Stage 2/5 - preparing data
2025-10-23 22:50:27,112 | INFO | [MA-LfL][Policy] Stage 2/5 - Agent 0: 10/10 epochs completed (loss=0.9976, baseline=1.6094)
2025-10-23 22:50:27,136 | INFO | [MA-LfL][Policy] Stage 2/5 - Agent 1: 10/10 epochs completed (loss=0.9760, baseline=1.6094)
2025-10-23 22:50:27,136 | INFO | [MA-LfL][Policy] Stage 3/5 - preparing data
2025-10-23 22:50:27,160 | INFO | [MA-LfL][Policy] Stage 3/5 - Agent 0: 10/10 epochs completed (loss=0.9835, baseline=1.6094)
2025-10-23 22:50:27,184 | INFO | [MA-LfL][Policy] Stage 3/5 - Agent 1: 10/10 epochs completed (loss=1.0029, baseline=1.6094)
2025-10-23 22:50:27,184 | INFO | [MA-LfL][Policy] Stage 4/5 - preparing data
2025-10-23 22:50:27,204 | INFO | [MA-LfL][Policy] Stage 4/5 - Agent 0: 10/10 epochs completed (loss=1.0035, baseline=1.6094)
2025-10-23 22:50:27,233 | INFO | [MA-LfL][Policy] Stage 4/5 - Agent 1: 10/10 epochs completed (loss=1.0177, baseline=1.6094)
2025-10-23 22:50:27,234 | INFO | [MA-LfL][Policy] Stage 5/5 - preparing data
2025-10-23 22:50:27,254 | INFO | [MA-LfL][Policy] Stage 5/5 - Agent 0: 10/10 epochs completed (loss=1.0083, baseline=1.6094)
2025-10-23 22:50:27,280 | INFO | [MA-LfL][Policy] Stage 5/5 - Agent 1: 10/10 epochs completed (loss=1.0069, baseline=1.6094)
2025-10-23 22:50:27,280 | INFO | [MA-LfL] Computing reward targets...
2025-10-23 22:50:27,280 | INFO | [MA-LfL][Targets] Stage 1/4 - Agent 0
2025-10-23 22:50:27,643 | INFO | [MA-LfL][Targets] Stage 1/4 - Agent 1
2025-10-23 22:50:27,999 | INFO | [MA-LfL][Targets] Stage 2/4 - Agent 0
2025-10-23 22:50:28,385 | INFO | [MA-LfL][Targets] Stage 2/4 - Agent 1
2025-10-23 22:50:28,753 | INFO | [MA-LfL][Targets] Stage 3/4 - Agent 0
2025-10-23 22:50:29,137 | INFO | [MA-LfL][Targets] Stage 3/4 - Agent 1
2025-10-23 22:50:29,508 | INFO | [MA-LfL][Targets] Stage 4/4 - Agent 0
2025-10-23 22:50:29,889 | INFO | [MA-LfL][Targets] Stage 4/4 - Agent 1
2025-10-23 22:50:30,269 | INFO | [MA-LfL] Learning rewards...
2025-10-23 22:50:30,276 | INFO | [MA-LfL][Reward] Agent 0 - dataset size=4000 (batch=4000, epochs=20000)
2025-10-23 22:50:50,451 | INFO | [MA-LfL][Reward] Agent 0 - 2000/20000 epochs completed (latest loss=0.8540)
2025-10-23 22:51:10,431 | INFO | [MA-LfL][Reward] Agent 0 - 4000/20000 epochs completed (latest loss=0.8539)
2025-10-23 22:51:31,591 | INFO | [MA-LfL][Reward] Agent 0 - 6000/20000 epochs completed (latest loss=0.8538)
2025-10-23 22:51:52,108 | INFO | [MA-LfL][Reward] Agent 0 - 8000/20000 epochs completed (latest loss=0.8538)
2025-10-23 22:52:12,258 | INFO | [MA-LfL][Reward] Agent 0 - 10000/20000 epochs completed (latest loss=0.8544)
2025-10-23 22:52:32,892 | INFO | [MA-LfL][Reward] Agent 0 - 12000/20000 epochs completed (latest loss=0.8538)
2025-10-23 22:52:54,468 | INFO | [MA-LfL][Reward] Agent 0 - 14000/20000 epochs completed (latest loss=0.8538)
2025-10-23 22:53:15,984 | INFO | [MA-LfL][Reward] Agent 0 - 16000/20000 epochs completed (latest loss=0.8572)
2025-10-23 22:53:37,855 | INFO | [MA-LfL][Reward] Agent 0 - 18000/20000 epochs completed (latest loss=0.8538)
2025-10-23 22:53:59,475 | INFO | [MA-LfL][Reward] Agent 0 - 20000/20000 epochs completed (latest loss=0.8538)
2025-10-23 22:53:59,481 | INFO | [MA-LfL][Reward] Agent 1 - dataset size=4000 (batch=4000, epochs=20000)
2025-10-23 22:54:20,067 | INFO | [MA-LfL][Reward] Agent 1 - 2000/20000 epochs completed (latest loss=0.5378)
2025-10-23 22:54:40,217 | INFO | [MA-LfL][Reward] Agent 1 - 4000/20000 epochs completed (latest loss=0.5418)
2025-10-23 22:55:00,624 | INFO | [MA-LfL][Reward] Agent 1 - 6000/20000 epochs completed (latest loss=0.5523)
2025-10-23 22:55:24,009 | INFO | [MA-LfL][Reward] Agent 1 - 8000/20000 epochs completed (latest loss=0.5375)
2025-10-23 22:55:48,639 | INFO | [MA-LfL][Reward] Agent 1 - 10000/20000 epochs completed (latest loss=0.5375)
2025-10-23 22:56:12,118 | INFO | [MA-LfL][Reward] Agent 1 - 12000/20000 epochs completed (latest loss=0.5375)
2025-10-23 22:56:34,982 | INFO | [MA-LfL][Reward] Agent 1 - 14000/20000 epochs completed (latest loss=0.5376)
2025-10-23 22:56:56,980 | INFO | [MA-LfL][Reward] Agent 1 - 16000/20000 epochs completed (latest loss=0.5375)
2025-10-23 22:57:19,156 | INFO | [MA-LfL][Reward] Agent 1 - 18000/20000 epochs completed (latest loss=0.5375)
2025-10-23 22:57:41,890 | INFO | [MA-LfL][Reward] Agent 1 - 20000/20000 epochs completed (latest loss=0.5375)
2025-10-23 22:57:41,891 | INFO | [MA-LfL] Evaluating rewards...
2025-10-23 22:57:43,161 | INFO | [MA-LfL] Pipeline complete.
2025-10-23 22:57:43,161 | INFO | [Experiment:heterogeneous] MA-LfL completed. Artifacts saved to outputs\heterogeneous\ma_lfl
2025-10-23 22:57:43,161 | INFO | [Experiment:heterogeneous] Agent 0 metrics - Pearson: 0.2371 | Spearman: 0.2270
2025-10-23 22:57:43,161 | INFO | [Experiment:heterogeneous] Agent 1 metrics - Pearson: 0.0010 | Spearman: 0.0194
2025-10-23 22:57:43,161 | INFO | [Experiment:heterogeneous] Trend stages: 1, 2, 3, 4
2025-10-23 22:57:43,161 | INFO | [Experiment:heterogeneous] Trend Pearson: 0.4034, 0.6917, 0.5595, 0.5787
2025-10-23 22:57:43,162 | INFO | [Experiment:heterogeneous] Trend Spearman: 0.4059, 0.6826, 0.6808, 0.5968
2025-10-23 22:57:43,162 | INFO | [Experiment:heterogeneous] Agent 0 correlation >=0.4 ? NO
2025-10-23 22:57:43,162 | INFO | [Experiment:heterogeneous] Agent 1 correlation >=0.4 ? NO
2025-10-23 22:57:43,162 | INFO | [Experiment:heterogeneous] Correlation trend non-decreasing? NO
2025-10-23 22:57:43,163 | INFO | Summary saved to outputs\summary.json
2025-10-23 22:57:43,163 | INFO | Run complete.
