2025-10-23 07:38:32,049 | INFO | Logging initialized. Log file: outputs\logs\run_20251023_073832.log
2025-10-23 07:38:32,050 | INFO | Configuration file: config.yaml
2025-10-23 07:38:32,050 | INFO | Reward families to process: homogeneous
2025-10-23 07:38:32,050 | INFO | MA-SPI iterations=3, episodes/stage=50, episode_length=100
2025-10-23 07:38:32,050 | INFO | MA-LfL reward epochs=1000, reward batch size=16384
2025-10-23 07:38:32,050 | INFO | Log file located at outputs\logs\run_20251023_073832.log
2025-10-23 07:38:32,050 | INFO | Running experiment for reward family: homogeneous
2025-10-23 07:38:32,050 | INFO | [Experiment:homogeneous] Starting MA-SPI...
2025-10-23 07:38:32,955 | INFO | [MA-SPI] Starting run with 3 stages, 50 episodes/stage, episode length 100
2025-10-23 07:38:32,957 | INFO | [MA-SPI] Stage 1/3 - collecting trajectories...
2025-10-23 07:38:34,461 | INFO | [MA-SPI] Stage 1/3 - collected 10/50 episodes
2025-10-23 07:38:35,736 | INFO | [MA-SPI] Stage 1/3 - collected 20/50 episodes
2025-10-23 07:38:37,050 | INFO | [MA-SPI] Stage 1/3 - collected 30/50 episodes
2025-10-23 07:38:38,365 | INFO | [MA-SPI] Stage 1/3 - collected 40/50 episodes
2025-10-23 07:38:39,631 | INFO | [MA-SPI] Stage 1/3 - collected 50/50 episodes
2025-10-23 07:38:39,634 | INFO | [MA-SPI] Stage 1/3 - Agent 0 avg episode reward: -431.120 (std 24.046)
2025-10-23 07:38:39,635 | INFO | [MA-SPI] Stage 1/3 - Agent 1 avg episode reward: -411.020 (std 20.728)
2025-10-23 07:38:39,635 | INFO | [MA-SPI] Stage 1/3 - dataset size: 5000 transitions
2025-10-23 07:38:39,927 | INFO | [MA-SPI] Stage 1/3 - Q updates 20/100 (current batch 5000) [A0_Q_loss:0.8595, A1_Q_loss:0.8045]
2025-10-23 07:38:40,038 | INFO | [MA-SPI] Stage 1/3 - Q updates 40/100 (current batch 5000) [A0_Q_loss:0.5710, A1_Q_loss:0.6775]
2025-10-23 07:38:40,135 | INFO | [MA-SPI] Stage 1/3 - Q updates 60/100 (current batch 5000) [A0_Q_loss:0.5431, A1_Q_loss:0.6820]
2025-10-23 07:38:40,233 | INFO | [MA-SPI] Stage 1/3 - Q updates 80/100 (current batch 5000) [A0_Q_loss:0.5438, A1_Q_loss:0.6869]
2025-10-23 07:38:40,332 | INFO | [MA-SPI] Stage 1/3 - Q updates 100/100 (current batch 5000) [A0_Q_loss:0.5496, A1_Q_loss:0.6791]
2025-10-23 07:38:40,373 | INFO | [MA-SPI] Stage 1/3 - policy updates 10/50 (current batch 5000) [A0_Policy_loss:0.0172, A1_Policy_loss:0.0109]
2025-10-23 07:38:40,411 | INFO | [MA-SPI] Stage 1/3 - policy updates 20/50 (current batch 5000) [A0_Policy_loss:0.0054, A1_Policy_loss:0.0025]
2025-10-23 07:38:40,451 | INFO | [MA-SPI] Stage 1/3 - policy updates 30/50 (current batch 5000) [A0_Policy_loss:0.0018, A1_Policy_loss:0.0008]
2025-10-23 07:38:40,493 | INFO | [MA-SPI] Stage 1/3 - policy updates 40/50 (current batch 5000) [A0_Policy_loss:0.0007, A1_Policy_loss:0.0003]
2025-10-23 07:38:40,534 | INFO | [MA-SPI] Stage 1/3 - policy updates 50/50 (current batch 5000) [A0_Policy_loss:0.0002, A1_Policy_loss:0.0001]
2025-10-23 07:38:40,534 | INFO | [MA-SPI] Stage 1/3 - completed
2025-10-23 07:38:40,534 | INFO | [MA-SPI] Stage 2/3 - collecting trajectories...
2025-10-23 07:38:41,826 | INFO | [MA-SPI] Stage 2/3 - collected 10/50 episodes
2025-10-23 07:38:43,118 | INFO | [MA-SPI] Stage 2/3 - collected 20/50 episodes
2025-10-23 07:38:44,429 | INFO | [MA-SPI] Stage 2/3 - collected 30/50 episodes
2025-10-23 07:38:45,755 | INFO | [MA-SPI] Stage 2/3 - collected 40/50 episodes
2025-10-23 07:38:47,086 | INFO | [MA-SPI] Stage 2/3 - collected 50/50 episodes
2025-10-23 07:38:47,088 | INFO | [MA-SPI] Stage 2/3 - Agent 0 avg episode reward: -291.700 (std 20.339)
2025-10-23 07:38:47,089 | INFO | [MA-SPI] Stage 2/3 - Agent 1 avg episode reward: -295.360 (std 25.351)
2025-10-23 07:38:47,089 | INFO | [MA-SPI] Stage 2/3 - dataset size: 5000 transitions
2025-10-23 07:38:47,244 | INFO | [MA-SPI] Stage 2/3 - Q updates 20/100 (current batch 5000) [A0_Q_loss:0.8117, A1_Q_loss:0.6364]
2025-10-23 07:38:47,358 | INFO | [MA-SPI] Stage 2/3 - Q updates 40/100 (current batch 5000) [A0_Q_loss:0.5547, A1_Q_loss:0.5128]
2025-10-23 07:38:47,453 | INFO | [MA-SPI] Stage 2/3 - Q updates 60/100 (current batch 5000) [A0_Q_loss:0.5357, A1_Q_loss:0.4947]
2025-10-23 07:38:47,553 | INFO | [MA-SPI] Stage 2/3 - Q updates 80/100 (current batch 5000) [A0_Q_loss:0.5447, A1_Q_loss:0.4828]
2025-10-23 07:38:47,658 | INFO | [MA-SPI] Stage 2/3 - Q updates 100/100 (current batch 5000) [A0_Q_loss:0.5380, A1_Q_loss:0.4893]
2025-10-23 07:38:47,698 | INFO | [MA-SPI] Stage 2/3 - policy updates 10/50 (current batch 5000) [A0_Policy_loss:0.0066, A1_Policy_loss:0.0045]
2025-10-23 07:38:47,737 | INFO | [MA-SPI] Stage 2/3 - policy updates 20/50 (current batch 5000) [A0_Policy_loss:0.0018, A1_Policy_loss:0.0016]
2025-10-23 07:38:47,772 | INFO | [MA-SPI] Stage 2/3 - policy updates 30/50 (current batch 5000) [A0_Policy_loss:0.0006, A1_Policy_loss:0.0005]
2025-10-23 07:38:47,811 | INFO | [MA-SPI] Stage 2/3 - policy updates 40/50 (current batch 5000) [A0_Policy_loss:0.0003, A1_Policy_loss:0.0002]
2025-10-23 07:38:47,847 | INFO | [MA-SPI] Stage 2/3 - policy updates 50/50 (current batch 5000) [A0_Policy_loss:0.0001, A1_Policy_loss:0.0000]
2025-10-23 07:38:47,849 | INFO | [MA-SPI] Stage 2/3 - completed
2025-10-23 07:38:47,849 | INFO | [MA-SPI] Stage 3/3 - collecting trajectories...
2025-10-23 07:38:49,149 | INFO | [MA-SPI] Stage 3/3 - collected 10/50 episodes
2025-10-23 07:38:50,523 | INFO | [MA-SPI] Stage 3/3 - collected 20/50 episodes
2025-10-23 07:38:51,791 | INFO | [MA-SPI] Stage 3/3 - collected 30/50 episodes
2025-10-23 07:38:53,140 | INFO | [MA-SPI] Stage 3/3 - collected 40/50 episodes
2025-10-23 07:38:54,584 | INFO | [MA-SPI] Stage 3/3 - collected 50/50 episodes
2025-10-23 07:38:54,587 | INFO | [MA-SPI] Stage 3/3 - Agent 0 avg episode reward: -271.440 (std 20.730)
2025-10-23 07:38:54,587 | INFO | [MA-SPI] Stage 3/3 - Agent 1 avg episode reward: -273.380 (std 19.942)
2025-10-23 07:38:54,587 | INFO | [MA-SPI] Stage 3/3 - dataset size: 5000 transitions
2025-10-23 07:38:54,749 | INFO | [MA-SPI] Stage 3/3 - Q updates 20/100 (current batch 5000) [A0_Q_loss:0.4339, A1_Q_loss:0.4916]
2025-10-23 07:38:54,856 | INFO | [MA-SPI] Stage 3/3 - Q updates 40/100 (current batch 5000) [A0_Q_loss:0.4292, A1_Q_loss:0.4625]
2025-10-23 07:38:54,977 | INFO | [MA-SPI] Stage 3/3 - Q updates 60/100 (current batch 5000) [A0_Q_loss:0.4230, A1_Q_loss:0.4694]
2025-10-23 07:38:55,100 | INFO | [MA-SPI] Stage 3/3 - Q updates 80/100 (current batch 5000) [A0_Q_loss:0.4223, A1_Q_loss:0.4646]
2025-10-23 07:38:55,221 | INFO | [MA-SPI] Stage 3/3 - Q updates 100/100 (current batch 5000) [A0_Q_loss:0.4217, A1_Q_loss:0.4658]
2025-10-23 07:38:55,263 | INFO | [MA-SPI] Stage 3/3 - policy updates 10/50 (current batch 5000) [A0_Policy_loss:0.0024, A1_Policy_loss:0.0028]
2025-10-23 07:38:55,311 | INFO | [MA-SPI] Stage 3/3 - policy updates 20/50 (current batch 5000) [A0_Policy_loss:0.0008, A1_Policy_loss:0.0008]
2025-10-23 07:38:55,361 | INFO | [MA-SPI] Stage 3/3 - policy updates 30/50 (current batch 5000) [A0_Policy_loss:0.0002, A1_Policy_loss:0.0003]
2025-10-23 07:38:55,406 | INFO | [MA-SPI] Stage 3/3 - policy updates 40/50 (current batch 5000) [A0_Policy_loss:0.0000, A1_Policy_loss:0.0001]
2025-10-23 07:38:55,449 | INFO | [MA-SPI] Stage 3/3 - policy updates 50/50 (current batch 5000) [A0_Policy_loss:-0.0001, A1_Policy_loss:0.0000]
2025-10-23 07:38:55,449 | INFO | [MA-SPI] Stage 3/3 - completed
2025-10-23 07:38:55,521 | INFO | [Experiment:homogeneous] MA-SPI completed. Artifacts saved to outputs\homogeneous\ma_spi
2025-10-23 07:38:55,521 | INFO | [Experiment:homogeneous] Starting MA-LfL...
2025-10-23 07:38:55,521 | INFO | [MA-LfL] Estimating policies...
2025-10-23 07:38:55,521 | INFO | [MA-LfL][Policy] Stage 1/3 - preparing data
2025-10-23 07:38:55,571 | INFO | [MA-LfL][Policy] Stage 1/3 - Agent 0: 10/10 epochs completed (loss=1.1252, baseline=1.6094)
2025-10-23 07:38:55,597 | INFO | [MA-LfL][Policy] Stage 1/3 - Agent 1: 10/10 epochs completed (loss=1.1199, baseline=1.6094)
2025-10-23 07:38:55,598 | INFO | [MA-LfL][Policy] Stage 2/3 - preparing data
2025-10-23 07:38:55,629 | INFO | [MA-LfL][Policy] Stage 2/3 - Agent 0: 10/10 epochs completed (loss=1.0980, baseline=1.6094)
2025-10-23 07:38:55,655 | INFO | [MA-LfL][Policy] Stage 2/3 - Agent 1: 10/10 epochs completed (loss=1.0973, baseline=1.6094)
2025-10-23 07:38:55,656 | INFO | [MA-LfL][Policy] Stage 3/3 - preparing data
2025-10-23 07:38:55,686 | INFO | [MA-LfL][Policy] Stage 3/3 - Agent 0: 10/10 epochs completed (loss=1.0654, baseline=1.6094)
2025-10-23 07:38:55,710 | INFO | [MA-LfL][Policy] Stage 3/3 - Agent 1: 10/10 epochs completed (loss=1.0732, baseline=1.6094)
2025-10-23 07:38:55,711 | INFO | [MA-LfL] Computing reward targets...
2025-10-23 07:38:55,711 | INFO | [MA-LfL][Targets] Stage 1/2 - Agent 0
2025-10-23 07:38:56,028 | INFO | [MA-LfL][Targets] Stage 1/2 - Agent 1
2025-10-23 07:38:56,330 | INFO | [MA-LfL][Targets] Stage 2/2 - Agent 0
2025-10-23 07:38:56,645 | INFO | [MA-LfL][Targets] Stage 2/2 - Agent 1
2025-10-23 07:38:56,969 | INFO | [MA-LfL] Learning rewards...
2025-10-23 07:38:56,989 | INFO | [MA-LfL][Reward] Agent 0 - dataset size=10000 (batch=10000, epochs=1000)
