2025-10-23 19:53:43,702 | INFO | Logging initialized. Log file: outputs\logs\run_20251023_195343.log
2025-10-23 19:53:43,703 | INFO | Configuration file: config.yaml
2025-10-23 19:53:43,703 | INFO | Reward families to process: heterogeneous
2025-10-23 19:53:43,703 | INFO | MA-SPI iterations=5, episodes/stage=10, episode_length=100
2025-10-23 19:53:43,703 | INFO | MA-LfL reward epochs=20000, reward batch size=8192
2025-10-23 19:53:43,703 | INFO | Log file located at outputs\logs\run_20251023_195343.log
2025-10-23 19:53:43,703 | INFO | Running experiment for reward family: heterogeneous
2025-10-23 19:53:43,704 | INFO | [Experiment:heterogeneous] Starting MA-SPI...
2025-10-23 19:53:44,574 | INFO | [MA-SPI] Starting run with 5 stages, 10 episodes/stage, episode length 100
2025-10-23 19:53:44,574 | INFO | [MA-SPI] Stage 1/5 - collecting trajectories...
2025-10-23 19:53:45,038 | INFO | [MA-SPI] Stage 1/5 - collected 2/10 episodes
2025-10-23 19:53:45,326 | INFO | [MA-SPI] Stage 1/5 - collected 4/10 episodes
2025-10-23 19:53:45,633 | INFO | [MA-SPI] Stage 1/5 - collected 6/10 episodes
2025-10-23 19:53:45,903 | INFO | [MA-SPI] Stage 1/5 - collected 8/10 episodes
2025-10-23 19:53:46,175 | INFO | [MA-SPI] Stage 1/5 - collected 10/10 episodes
2025-10-23 19:53:46,176 | INFO | [MA-SPI] Stage 1/5 - Agent 0 avg episode reward: -137.400 (std 33.539)
2025-10-23 19:53:46,177 | INFO | [MA-SPI] Stage 1/5 - Agent 1 avg episode reward: -114.900 (std 35.184)
2025-10-23 19:53:46,177 | INFO | [MA-SPI] Stage 1/5 - dataset size: 1000 transitions
2025-10-23 19:53:46,417 | INFO | [MA-SPI] Stage 1/5 - Q updates 20/100 (current batch 1000) [A0_Q_loss:2.7630, A1_Q_loss:3.1812]
2025-10-23 19:53:46,500 | INFO | [MA-SPI] Stage 1/5 - Q updates 40/100 (current batch 1000) [A0_Q_loss:1.3751, A1_Q_loss:1.4296]
2025-10-23 19:53:46,588 | INFO | [MA-SPI] Stage 1/5 - Q updates 60/100 (current batch 1000) [A0_Q_loss:0.8376, A1_Q_loss:1.0367]
2025-10-23 19:53:46,672 | INFO | [MA-SPI] Stage 1/5 - Q updates 80/100 (current batch 1000) [A0_Q_loss:0.5093, A1_Q_loss:0.7529]
2025-10-23 19:53:46,755 | INFO | [MA-SPI] Stage 1/5 - Q updates 100/100 (current batch 1000) [A0_Q_loss:0.4704, A1_Q_loss:0.5672]
2025-10-23 19:53:46,790 | INFO | [MA-SPI] Stage 1/5 - policy updates 10/50 (current batch 1000) [A0_Policy_loss:0.0288, A1_Policy_loss:0.0183]
2025-10-23 19:53:46,826 | INFO | [MA-SPI] Stage 1/5 - policy updates 20/50 (current batch 1000) [A0_Policy_loss:0.0090, A1_Policy_loss:0.0042]
2025-10-23 19:53:46,864 | INFO | [MA-SPI] Stage 1/5 - policy updates 30/50 (current batch 1000) [A0_Policy_loss:0.0034, A1_Policy_loss:0.0015]
2025-10-23 19:53:46,903 | INFO | [MA-SPI] Stage 1/5 - policy updates 40/50 (current batch 1000) [A0_Policy_loss:0.0013, A1_Policy_loss:0.0006]
2025-10-23 19:53:46,937 | INFO | [MA-SPI] Stage 1/5 - policy updates 50/50 (current batch 1000) [A0_Policy_loss:0.0005, A1_Policy_loss:0.0002]
2025-10-23 19:53:46,937 | INFO | [MA-SPI] Stage 1/5 - completed
2025-10-23 19:53:46,937 | INFO | [MA-SPI] Stage 2/5 - collecting trajectories...
2025-10-23 19:53:47,234 | INFO | [MA-SPI] Stage 2/5 - collected 2/10 episodes
2025-10-23 19:53:47,503 | INFO | [MA-SPI] Stage 2/5 - collected 4/10 episodes
2025-10-23 19:53:47,804 | INFO | [MA-SPI] Stage 2/5 - collected 6/10 episodes
2025-10-23 19:53:48,077 | INFO | [MA-SPI] Stage 2/5 - collected 8/10 episodes
2025-10-23 19:53:48,334 | INFO | [MA-SPI] Stage 2/5 - collected 10/10 episodes
2025-10-23 19:53:48,335 | INFO | [MA-SPI] Stage 2/5 - Agent 0 avg episode reward: 67.000 (std 29.783)
2025-10-23 19:53:48,336 | INFO | [MA-SPI] Stage 2/5 - Agent 1 avg episode reward: 47.100 (std 20.535)
2025-10-23 19:53:48,336 | INFO | [MA-SPI] Stage 2/5 - dataset size: 1000 transitions
2025-10-23 19:53:48,429 | INFO | [MA-SPI] Stage 2/5 - Q updates 20/100 (current batch 1000) [A0_Q_loss:1.6607, A1_Q_loss:1.4316]
2025-10-23 19:53:48,515 | INFO | [MA-SPI] Stage 2/5 - Q updates 40/100 (current batch 1000) [A0_Q_loss:1.0833, A1_Q_loss:1.1384]
2025-10-23 19:53:48,603 | INFO | [MA-SPI] Stage 2/5 - Q updates 60/100 (current batch 1000) [A0_Q_loss:0.9357, A1_Q_loss:1.0149]
2025-10-23 19:53:48,690 | INFO | [MA-SPI] Stage 2/5 - Q updates 80/100 (current batch 1000) [A0_Q_loss:0.8746, A1_Q_loss:0.9769]
2025-10-23 19:53:48,772 | INFO | [MA-SPI] Stage 2/5 - Q updates 100/100 (current batch 1000) [A0_Q_loss:0.8530, A1_Q_loss:0.9853]
2025-10-23 19:53:48,812 | INFO | [MA-SPI] Stage 2/5 - policy updates 10/50 (current batch 1000) [A0_Policy_loss:0.0158, A1_Policy_loss:0.0072]
2025-10-23 19:53:48,847 | INFO | [MA-SPI] Stage 2/5 - policy updates 20/50 (current batch 1000) [A0_Policy_loss:0.0048, A1_Policy_loss:0.0025]
2025-10-23 19:53:48,887 | INFO | [MA-SPI] Stage 2/5 - policy updates 30/50 (current batch 1000) [A0_Policy_loss:0.0020, A1_Policy_loss:0.0010]
2025-10-23 19:53:48,926 | INFO | [MA-SPI] Stage 2/5 - policy updates 40/50 (current batch 1000) [A0_Policy_loss:0.0006, A1_Policy_loss:0.0004]
2025-10-23 19:53:48,961 | INFO | [MA-SPI] Stage 2/5 - policy updates 50/50 (current batch 1000) [A0_Policy_loss:0.0002, A1_Policy_loss:0.0002]
2025-10-23 19:53:48,961 | INFO | [MA-SPI] Stage 2/5 - completed
2025-10-23 19:53:48,962 | INFO | [MA-SPI] Stage 3/5 - collecting trajectories...
2025-10-23 19:53:49,233 | INFO | [MA-SPI] Stage 3/5 - collected 2/10 episodes
2025-10-23 19:53:49,496 | INFO | [MA-SPI] Stage 3/5 - collected 4/10 episodes
2025-10-23 19:53:49,750 | INFO | [MA-SPI] Stage 3/5 - collected 6/10 episodes
2025-10-23 19:53:49,993 | INFO | [MA-SPI] Stage 3/5 - collected 8/10 episodes
2025-10-23 19:53:50,250 | INFO | [MA-SPI] Stage 3/5 - collected 10/10 episodes
2025-10-23 19:53:50,251 | INFO | [MA-SPI] Stage 3/5 - Agent 0 avg episode reward: 113.400 (std 28.051)
2025-10-23 19:53:50,251 | INFO | [MA-SPI] Stage 3/5 - Agent 1 avg episode reward: 109.100 (std 25.137)
2025-10-23 19:53:50,251 | INFO | [MA-SPI] Stage 3/5 - dataset size: 1000 transitions
2025-10-23 19:53:50,336 | INFO | [MA-SPI] Stage 3/5 - Q updates 20/100 (current batch 1000) [A0_Q_loss:0.7991, A1_Q_loss:0.6151]
2025-10-23 19:53:50,420 | INFO | [MA-SPI] Stage 3/5 - Q updates 40/100 (current batch 1000) [A0_Q_loss:0.8251, A1_Q_loss:0.5328]
2025-10-23 19:53:50,503 | INFO | [MA-SPI] Stage 3/5 - Q updates 60/100 (current batch 1000) [A0_Q_loss:0.7463, A1_Q_loss:0.5244]
2025-10-23 19:53:50,588 | INFO | [MA-SPI] Stage 3/5 - Q updates 80/100 (current batch 1000) [A0_Q_loss:0.7612, A1_Q_loss:0.5156]
2025-10-23 19:53:50,669 | INFO | [MA-SPI] Stage 3/5 - Q updates 100/100 (current batch 1000) [A0_Q_loss:0.7643, A1_Q_loss:0.5197]
2025-10-23 19:53:50,703 | INFO | [MA-SPI] Stage 3/5 - policy updates 10/50 (current batch 1000) [A0_Policy_loss:0.0067, A1_Policy_loss:0.0051]
2025-10-23 19:53:50,738 | INFO | [MA-SPI] Stage 3/5 - policy updates 20/50 (current batch 1000) [A0_Policy_loss:0.0023, A1_Policy_loss:0.0019]
2025-10-23 19:53:50,776 | INFO | [MA-SPI] Stage 3/5 - policy updates 30/50 (current batch 1000) [A0_Policy_loss:0.0008, A1_Policy_loss:0.0007]
2025-10-23 19:53:50,812 | INFO | [MA-SPI] Stage 3/5 - policy updates 40/50 (current batch 1000) [A0_Policy_loss:0.0003, A1_Policy_loss:0.0002]
2025-10-23 19:53:50,848 | INFO | [MA-SPI] Stage 3/5 - policy updates 50/50 (current batch 1000) [A0_Policy_loss:0.0001, A1_Policy_loss:0.0001]
2025-10-23 19:53:50,848 | INFO | [MA-SPI] Stage 3/5 - completed
2025-10-23 19:53:50,848 | INFO | [MA-SPI] Stage 4/5 - collecting trajectories...
2025-10-23 19:53:51,108 | INFO | [MA-SPI] Stage 4/5 - collected 2/10 episodes
2025-10-23 19:53:51,361 | INFO | [MA-SPI] Stage 4/5 - collected 4/10 episodes
2025-10-23 19:53:51,611 | INFO | [MA-SPI] Stage 4/5 - collected 6/10 episodes
2025-10-23 19:53:51,882 | INFO | [MA-SPI] Stage 4/5 - collected 8/10 episodes
2025-10-23 19:53:52,130 | INFO | [MA-SPI] Stage 4/5 - collected 10/10 episodes
2025-10-23 19:53:52,131 | INFO | [MA-SPI] Stage 4/5 - Agent 0 avg episode reward: 112.800 (std 30.225)
2025-10-23 19:53:52,132 | INFO | [MA-SPI] Stage 4/5 - Agent 1 avg episode reward: 98.900 (std 33.721)
2025-10-23 19:53:52,132 | INFO | [MA-SPI] Stage 4/5 - dataset size: 1000 transitions
2025-10-23 19:53:52,228 | INFO | [MA-SPI] Stage 4/5 - Q updates 20/100 (current batch 1000) [A0_Q_loss:0.5955, A1_Q_loss:0.4295]
2025-10-23 19:53:52,308 | INFO | [MA-SPI] Stage 4/5 - Q updates 40/100 (current batch 1000) [A0_Q_loss:0.5255, A1_Q_loss:0.3559]
2025-10-23 19:53:52,390 | INFO | [MA-SPI] Stage 4/5 - Q updates 60/100 (current batch 1000) [A0_Q_loss:0.4722, A1_Q_loss:0.3525]
2025-10-23 19:53:52,470 | INFO | [MA-SPI] Stage 4/5 - Q updates 80/100 (current batch 1000) [A0_Q_loss:0.5347, A1_Q_loss:0.3298]
2025-10-23 19:53:52,558 | INFO | [MA-SPI] Stage 4/5 - Q updates 100/100 (current batch 1000) [A0_Q_loss:0.4735, A1_Q_loss:0.3408]
2025-10-23 19:53:52,597 | INFO | [MA-SPI] Stage 4/5 - policy updates 10/50 (current batch 1000) [A0_Policy_loss:0.0037, A1_Policy_loss:0.0032]
2025-10-23 19:53:52,632 | INFO | [MA-SPI] Stage 4/5 - policy updates 20/50 (current batch 1000) [A0_Policy_loss:0.0011, A1_Policy_loss:0.0010]
2025-10-23 19:53:52,687 | INFO | [MA-SPI] Stage 4/5 - policy updates 30/50 (current batch 1000) [A0_Policy_loss:0.0005, A1_Policy_loss:0.0005]
2025-10-23 19:53:52,726 | INFO | [MA-SPI] Stage 4/5 - policy updates 40/50 (current batch 1000) [A0_Policy_loss:0.0002, A1_Policy_loss:0.0002]
2025-10-23 19:53:52,761 | INFO | [MA-SPI] Stage 4/5 - policy updates 50/50 (current batch 1000) [A0_Policy_loss:0.0001, A1_Policy_loss:0.0001]
2025-10-23 19:53:52,761 | INFO | [MA-SPI] Stage 4/5 - completed
2025-10-23 19:53:52,762 | INFO | [MA-SPI] Stage 5/5 - collecting trajectories...
2025-10-23 19:53:53,038 | INFO | [MA-SPI] Stage 5/5 - collected 2/10 episodes
2025-10-23 19:53:53,339 | INFO | [MA-SPI] Stage 5/5 - collected 4/10 episodes
2025-10-23 19:53:53,625 | INFO | [MA-SPI] Stage 5/5 - collected 6/10 episodes
2025-10-23 19:53:53,891 | INFO | [MA-SPI] Stage 5/5 - collected 8/10 episodes
2025-10-23 19:53:54,152 | INFO | [MA-SPI] Stage 5/5 - collected 10/10 episodes
2025-10-23 19:53:54,153 | INFO | [MA-SPI] Stage 5/5 - Agent 0 avg episode reward: 115.500 (std 18.720)
2025-10-23 19:53:54,153 | INFO | [MA-SPI] Stage 5/5 - Agent 1 avg episode reward: 110.000 (std 23.422)
2025-10-23 19:53:54,154 | INFO | [MA-SPI] Stage 5/5 - dataset size: 1000 transitions
2025-10-23 19:53:54,235 | INFO | [MA-SPI] Stage 5/5 - Q updates 20/100 (current batch 1000) [A0_Q_loss:0.5018, A1_Q_loss:0.4675]
2025-10-23 19:53:54,341 | INFO | [MA-SPI] Stage 5/5 - Q updates 40/100 (current batch 1000) [A0_Q_loss:0.4171, A1_Q_loss:0.4131]
2025-10-23 19:53:54,447 | INFO | [MA-SPI] Stage 5/5 - Q updates 60/100 (current batch 1000) [A0_Q_loss:0.4285, A1_Q_loss:0.3537]
2025-10-23 19:53:54,551 | INFO | [MA-SPI] Stage 5/5 - Q updates 80/100 (current batch 1000) [A0_Q_loss:0.4103, A1_Q_loss:0.4335]
2025-10-23 19:53:54,662 | INFO | [MA-SPI] Stage 5/5 - Q updates 100/100 (current batch 1000) [A0_Q_loss:0.4163, A1_Q_loss:0.4042]
2025-10-23 19:53:54,704 | INFO | [MA-SPI] Stage 5/5 - policy updates 10/50 (current batch 1000) [A0_Policy_loss:0.0023, A1_Policy_loss:0.0031]
2025-10-23 19:53:54,743 | INFO | [MA-SPI] Stage 5/5 - policy updates 20/50 (current batch 1000) [A0_Policy_loss:0.0007, A1_Policy_loss:0.0012]
2025-10-23 19:53:54,782 | INFO | [MA-SPI] Stage 5/5 - policy updates 30/50 (current batch 1000) [A0_Policy_loss:0.0003, A1_Policy_loss:0.0005]
2025-10-23 19:53:54,822 | INFO | [MA-SPI] Stage 5/5 - policy updates 40/50 (current batch 1000) [A0_Policy_loss:0.0001, A1_Policy_loss:0.0002]
2025-10-23 19:53:54,863 | INFO | [MA-SPI] Stage 5/5 - policy updates 50/50 (current batch 1000) [A0_Policy_loss:0.0000, A1_Policy_loss:0.0001]
2025-10-23 19:53:54,863 | INFO | [MA-SPI] Stage 5/5 - completed
2025-10-23 19:53:54,899 | INFO | [Experiment:heterogeneous] MA-SPI completed. Artifacts saved to outputs\heterogeneous\ma_spi
2025-10-23 19:53:54,899 | INFO | [Experiment:heterogeneous] Starting MA-LfL...
2025-10-23 19:53:54,899 | INFO | [MA-LfL] Estimating policies...
2025-10-23 19:53:54,899 | INFO | [MA-LfL][Policy] Stage 1/5 - preparing data
2025-10-23 19:53:54,939 | INFO | [MA-LfL][Policy] Stage 1/5 - Agent 0: 10/10 epochs completed (loss=1.0913, baseline=1.6094)
2025-10-23 19:53:54,959 | INFO | [MA-LfL][Policy] Stage 1/5 - Agent 1: 10/10 epochs completed (loss=1.0798, baseline=1.6094)
2025-10-23 19:53:54,960 | INFO | [MA-LfL][Policy] Stage 2/5 - preparing data
2025-10-23 19:53:54,986 | INFO | [MA-LfL][Policy] Stage 2/5 - Agent 0: 10/10 epochs completed (loss=0.9976, baseline=1.6094)
2025-10-23 19:53:55,008 | INFO | [MA-LfL][Policy] Stage 2/5 - Agent 1: 10/10 epochs completed (loss=0.9760, baseline=1.6094)
2025-10-23 19:53:55,009 | INFO | [MA-LfL][Policy] Stage 3/5 - preparing data
2025-10-23 19:53:55,030 | INFO | [MA-LfL][Policy] Stage 3/5 - Agent 0: 10/10 epochs completed (loss=0.9835, baseline=1.6094)
2025-10-23 19:53:55,055 | INFO | [MA-LfL][Policy] Stage 3/5 - Agent 1: 10/10 epochs completed (loss=1.0029, baseline=1.6094)
2025-10-23 19:53:55,056 | INFO | [MA-LfL][Policy] Stage 4/5 - preparing data
2025-10-23 19:53:55,077 | INFO | [MA-LfL][Policy] Stage 4/5 - Agent 0: 10/10 epochs completed (loss=1.0035, baseline=1.6094)
2025-10-23 19:53:55,097 | INFO | [MA-LfL][Policy] Stage 4/5 - Agent 1: 10/10 epochs completed (loss=1.0177, baseline=1.6094)
2025-10-23 19:53:55,097 | INFO | [MA-LfL][Policy] Stage 5/5 - preparing data
2025-10-23 19:53:55,122 | INFO | [MA-LfL][Policy] Stage 5/5 - Agent 0: 10/10 epochs completed (loss=1.0083, baseline=1.6094)
2025-10-23 19:53:55,143 | INFO | [MA-LfL][Policy] Stage 5/5 - Agent 1: 10/10 epochs completed (loss=1.0069, baseline=1.6094)
2025-10-23 19:53:55,144 | INFO | [MA-LfL] Computing reward targets...
2025-10-23 19:53:55,144 | INFO | [MA-LfL][Targets] Stage 1/4 - Agent 0
2025-10-23 19:53:55,520 | INFO | [MA-LfL][Targets] Stage 1/4 - Agent 1
2025-10-23 19:53:55,852 | INFO | [MA-LfL][Targets] Stage 2/4 - Agent 0
2025-10-23 19:53:56,200 | INFO | [MA-LfL][Targets] Stage 2/4 - Agent 1
2025-10-23 19:53:56,606 | INFO | [MA-LfL][Targets] Stage 3/4 - Agent 0
2025-10-23 19:53:57,009 | INFO | [MA-LfL][Targets] Stage 3/4 - Agent 1
2025-10-23 19:53:57,407 | INFO | [MA-LfL][Targets] Stage 4/4 - Agent 0
2025-10-23 19:53:57,812 | INFO | [MA-LfL][Targets] Stage 4/4 - Agent 1
2025-10-23 19:53:58,170 | INFO | [MA-LfL] Learning rewards...
2025-10-23 19:53:58,177 | INFO | [MA-LfL][Reward] Agent 0 - dataset size=4000 (batch=4000, epochs=20000)
2025-10-23 19:54:19,237 | INFO | [MA-LfL][Reward] Agent 0 - 2000/20000 epochs completed (latest loss=0.8499)
2025-10-23 19:54:41,114 | INFO | [MA-LfL][Reward] Agent 0 - 4000/20000 epochs completed (latest loss=0.8499)
2025-10-23 19:55:03,260 | INFO | [MA-LfL][Reward] Agent 0 - 6000/20000 epochs completed (latest loss=0.8499)
2025-10-23 19:55:25,501 | INFO | [MA-LfL][Reward] Agent 0 - 8000/20000 epochs completed (latest loss=0.8502)
2025-10-23 19:55:47,981 | INFO | [MA-LfL][Reward] Agent 0 - 10000/20000 epochs completed (latest loss=0.8501)
2025-10-23 19:56:10,266 | INFO | [MA-LfL][Reward] Agent 0 - 12000/20000 epochs completed (latest loss=0.8499)
2025-10-23 19:56:32,714 | INFO | [MA-LfL][Reward] Agent 0 - 14000/20000 epochs completed (latest loss=0.8499)
2025-10-23 19:56:55,842 | INFO | [MA-LfL][Reward] Agent 0 - 16000/20000 epochs completed (latest loss=0.8505)
2025-10-23 19:57:19,463 | INFO | [MA-LfL][Reward] Agent 0 - 18000/20000 epochs completed (latest loss=0.8499)
2025-10-23 19:57:41,662 | INFO | [MA-LfL][Reward] Agent 0 - 20000/20000 epochs completed (latest loss=0.8499)
2025-10-23 19:57:41,668 | INFO | [MA-LfL][Reward] Agent 1 - dataset size=4000 (batch=4000, epochs=20000)
2025-10-23 19:58:03,400 | INFO | [MA-LfL][Reward] Agent 1 - 2000/20000 epochs completed (latest loss=0.5346)
2025-10-23 19:58:26,407 | INFO | [MA-LfL][Reward] Agent 1 - 4000/20000 epochs completed (latest loss=0.5329)
2025-10-23 19:58:48,687 | INFO | [MA-LfL][Reward] Agent 1 - 6000/20000 epochs completed (latest loss=0.5329)
2025-10-23 19:59:10,202 | INFO | [MA-LfL][Reward] Agent 1 - 8000/20000 epochs completed (latest loss=0.5329)
2025-10-23 19:59:32,126 | INFO | [MA-LfL][Reward] Agent 1 - 10000/20000 epochs completed (latest loss=0.5330)
2025-10-23 19:59:54,826 | INFO | [MA-LfL][Reward] Agent 1 - 12000/20000 epochs completed (latest loss=0.5393)
2025-10-23 20:00:16,110 | INFO | [MA-LfL][Reward] Agent 1 - 14000/20000 epochs completed (latest loss=0.5340)
2025-10-23 20:00:37,048 | INFO | [MA-LfL][Reward] Agent 1 - 16000/20000 epochs completed (latest loss=0.5329)
2025-10-23 20:00:58,913 | INFO | [MA-LfL][Reward] Agent 1 - 18000/20000 epochs completed (latest loss=0.5329)
2025-10-23 20:01:19,718 | INFO | [MA-LfL][Reward] Agent 1 - 20000/20000 epochs completed (latest loss=0.5329)
2025-10-23 20:01:19,719 | INFO | [MA-LfL] Evaluating rewards...
2025-10-23 20:01:20,476 | INFO | [MA-LfL] Pipeline complete.
2025-10-23 20:01:20,476 | INFO | [Experiment:heterogeneous] MA-LfL completed. Artifacts saved to outputs\heterogeneous\ma_lfl
2025-10-23 20:01:20,477 | INFO | [Experiment:heterogeneous] Agent 0 metrics - Pearson: 0.2690 | Spearman: 0.2727
2025-10-23 20:01:20,477 | INFO | [Experiment:heterogeneous] Agent 1 metrics - Pearson: 0.0570 | Spearman: 0.0917
2025-10-23 20:01:20,477 | INFO | [Experiment:heterogeneous] Trend stages: 1, 2, 3, 4
2025-10-23 20:01:20,477 | INFO | [Experiment:heterogeneous] Trend Pearson: 0.4034, 0.6917, 0.5595, 0.5787
2025-10-23 20:01:20,477 | INFO | [Experiment:heterogeneous] Trend Spearman: 0.4059, 0.6826, 0.6808, 0.5968
2025-10-23 20:01:20,477 | INFO | [Experiment:heterogeneous] Agent 0 correlation >=0.4 ? NO
2025-10-23 20:01:20,477 | INFO | [Experiment:heterogeneous] Agent 1 correlation >=0.4 ? NO
2025-10-23 20:01:20,478 | INFO | [Experiment:heterogeneous] Correlation trend non-decreasing? NO
2025-10-23 20:01:20,479 | INFO | Summary saved to outputs\summary.json
2025-10-23 20:01:20,479 | INFO | Run complete.
