2025-10-23 07:41:28,735 | INFO | Logging initialized. Log file: outputs\logs\run_20251023_074128.log
2025-10-23 07:41:28,735 | INFO | Configuration file: config.yaml
2025-10-23 07:41:28,735 | INFO | Reward families to process: homogeneous
2025-10-23 07:41:28,735 | INFO | MA-SPI iterations=3, episodes/stage=50, episode_length=100
2025-10-23 07:41:28,735 | INFO | MA-LfL reward epochs=1000, reward batch size=16384
2025-10-23 07:41:28,735 | INFO | Log file located at outputs\logs\run_20251023_074128.log
2025-10-23 07:41:28,735 | INFO | Running experiment for reward family: homogeneous
2025-10-23 07:41:28,735 | INFO | [Experiment:homogeneous] Starting MA-SPI...
2025-10-23 07:41:29,608 | INFO | [MA-SPI] Starting run with 3 stages, 50 episodes/stage, episode length 100
2025-10-23 07:41:29,620 | INFO | [MA-SPI] Stage 1/3 - collecting trajectories...
2025-10-23 07:41:31,041 | INFO | [MA-SPI] Stage 1/3 - collected 10/50 episodes
2025-10-23 07:41:32,376 | INFO | [MA-SPI] Stage 1/3 - collected 20/50 episodes
2025-10-23 07:41:33,778 | INFO | [MA-SPI] Stage 1/3 - collected 30/50 episodes
2025-10-23 07:41:35,162 | INFO | [MA-SPI] Stage 1/3 - collected 40/50 episodes
2025-10-23 07:41:36,593 | INFO | [MA-SPI] Stage 1/3 - collected 50/50 episodes
2025-10-23 07:41:36,597 | INFO | [MA-SPI] Stage 1/3 - Agent 0 avg episode reward: -431.120 (std 24.046)
2025-10-23 07:41:36,598 | INFO | [MA-SPI] Stage 1/3 - Agent 1 avg episode reward: -411.020 (std 20.728)
2025-10-23 07:41:36,598 | INFO | [MA-SPI] Stage 1/3 - dataset size: 5000 transitions
2025-10-23 07:41:36,932 | INFO | [MA-SPI] Stage 1/3 - Q updates 20/100 (current batch 5000) [A0_Q_loss:0.8595, A1_Q_loss:0.8045]
2025-10-23 07:41:37,075 | INFO | [MA-SPI] Stage 1/3 - Q updates 40/100 (current batch 5000) [A0_Q_loss:0.5710, A1_Q_loss:0.6775]
2025-10-23 07:41:37,190 | INFO | [MA-SPI] Stage 1/3 - Q updates 60/100 (current batch 5000) [A0_Q_loss:0.5431, A1_Q_loss:0.6820]
2025-10-23 07:41:37,289 | INFO | [MA-SPI] Stage 1/3 - Q updates 80/100 (current batch 5000) [A0_Q_loss:0.5438, A1_Q_loss:0.6869]
2025-10-23 07:41:37,401 | INFO | [MA-SPI] Stage 1/3 - Q updates 100/100 (current batch 5000) [A0_Q_loss:0.5496, A1_Q_loss:0.6791]
2025-10-23 07:41:37,446 | INFO | [MA-SPI] Stage 1/3 - policy updates 10/50 (current batch 5000) [A0_Policy_loss:0.0172, A1_Policy_loss:0.0109]
2025-10-23 07:41:37,486 | INFO | [MA-SPI] Stage 1/3 - policy updates 20/50 (current batch 5000) [A0_Policy_loss:0.0054, A1_Policy_loss:0.0025]
2025-10-23 07:41:37,525 | INFO | [MA-SPI] Stage 1/3 - policy updates 30/50 (current batch 5000) [A0_Policy_loss:0.0018, A1_Policy_loss:0.0008]
2025-10-23 07:41:37,565 | INFO | [MA-SPI] Stage 1/3 - policy updates 40/50 (current batch 5000) [A0_Policy_loss:0.0007, A1_Policy_loss:0.0003]
2025-10-23 07:41:37,603 | INFO | [MA-SPI] Stage 1/3 - policy updates 50/50 (current batch 5000) [A0_Policy_loss:0.0002, A1_Policy_loss:0.0001]
2025-10-23 07:41:37,604 | INFO | [MA-SPI] Stage 1/3 - completed
2025-10-23 07:41:37,604 | INFO | [MA-SPI] Stage 2/3 - collecting trajectories...
2025-10-23 07:41:38,953 | INFO | [MA-SPI] Stage 2/3 - collected 10/50 episodes
2025-10-23 07:41:40,437 | INFO | [MA-SPI] Stage 2/3 - collected 20/50 episodes
2025-10-23 07:41:41,899 | INFO | [MA-SPI] Stage 2/3 - collected 30/50 episodes
2025-10-23 07:41:43,331 | INFO | [MA-SPI] Stage 2/3 - collected 40/50 episodes
2025-10-23 07:41:44,821 | INFO | [MA-SPI] Stage 2/3 - collected 50/50 episodes
2025-10-23 07:41:44,824 | INFO | [MA-SPI] Stage 2/3 - Agent 0 avg episode reward: -291.700 (std 20.339)
2025-10-23 07:41:44,824 | INFO | [MA-SPI] Stage 2/3 - Agent 1 avg episode reward: -295.360 (std 25.351)
2025-10-23 07:41:44,824 | INFO | [MA-SPI] Stage 2/3 - dataset size: 5000 transitions
2025-10-23 07:41:45,019 | INFO | [MA-SPI] Stage 2/3 - Q updates 20/100 (current batch 5000) [A0_Q_loss:0.8117, A1_Q_loss:0.6364]
2025-10-23 07:41:45,123 | INFO | [MA-SPI] Stage 2/3 - Q updates 40/100 (current batch 5000) [A0_Q_loss:0.5547, A1_Q_loss:0.5128]
2025-10-23 07:41:45,223 | INFO | [MA-SPI] Stage 2/3 - Q updates 60/100 (current batch 5000) [A0_Q_loss:0.5357, A1_Q_loss:0.4947]
2025-10-23 07:41:45,329 | INFO | [MA-SPI] Stage 2/3 - Q updates 80/100 (current batch 5000) [A0_Q_loss:0.5447, A1_Q_loss:0.4828]
2025-10-23 07:41:45,445 | INFO | [MA-SPI] Stage 2/3 - Q updates 100/100 (current batch 5000) [A0_Q_loss:0.5380, A1_Q_loss:0.4893]
2025-10-23 07:41:45,491 | INFO | [MA-SPI] Stage 2/3 - policy updates 10/50 (current batch 5000) [A0_Policy_loss:0.0066, A1_Policy_loss:0.0045]
2025-10-23 07:41:45,536 | INFO | [MA-SPI] Stage 2/3 - policy updates 20/50 (current batch 5000) [A0_Policy_loss:0.0018, A1_Policy_loss:0.0016]
2025-10-23 07:41:45,579 | INFO | [MA-SPI] Stage 2/3 - policy updates 30/50 (current batch 5000) [A0_Policy_loss:0.0006, A1_Policy_loss:0.0005]
2025-10-23 07:41:45,621 | INFO | [MA-SPI] Stage 2/3 - policy updates 40/50 (current batch 5000) [A0_Policy_loss:0.0003, A1_Policy_loss:0.0002]
2025-10-23 07:41:45,663 | INFO | [MA-SPI] Stage 2/3 - policy updates 50/50 (current batch 5000) [A0_Policy_loss:0.0001, A1_Policy_loss:0.0000]
2025-10-23 07:41:45,663 | INFO | [MA-SPI] Stage 2/3 - completed
2025-10-23 07:41:45,663 | INFO | [MA-SPI] Stage 3/3 - collecting trajectories...
2025-10-23 07:41:47,120 | INFO | [MA-SPI] Stage 3/3 - collected 10/50 episodes
2025-10-23 07:41:48,597 | INFO | [MA-SPI] Stage 3/3 - collected 20/50 episodes
2025-10-23 07:41:50,021 | INFO | [MA-SPI] Stage 3/3 - collected 30/50 episodes
2025-10-23 07:41:51,494 | INFO | [MA-SPI] Stage 3/3 - collected 40/50 episodes
2025-10-23 07:41:52,960 | INFO | [MA-SPI] Stage 3/3 - collected 50/50 episodes
2025-10-23 07:41:52,964 | INFO | [MA-SPI] Stage 3/3 - Agent 0 avg episode reward: -271.440 (std 20.730)
2025-10-23 07:41:52,965 | INFO | [MA-SPI] Stage 3/3 - Agent 1 avg episode reward: -273.380 (std 19.942)
2025-10-23 07:41:52,965 | INFO | [MA-SPI] Stage 3/3 - dataset size: 5000 transitions
2025-10-23 07:41:53,097 | INFO | [MA-SPI] Stage 3/3 - Q updates 20/100 (current batch 5000) [A0_Q_loss:0.4339, A1_Q_loss:0.4916]
2025-10-23 07:41:53,198 | INFO | [MA-SPI] Stage 3/3 - Q updates 40/100 (current batch 5000) [A0_Q_loss:0.4292, A1_Q_loss:0.4625]
2025-10-23 07:41:53,326 | INFO | [MA-SPI] Stage 3/3 - Q updates 60/100 (current batch 5000) [A0_Q_loss:0.4230, A1_Q_loss:0.4694]
2025-10-23 07:41:53,434 | INFO | [MA-SPI] Stage 3/3 - Q updates 80/100 (current batch 5000) [A0_Q_loss:0.4223, A1_Q_loss:0.4646]
2025-10-23 07:41:53,540 | INFO | [MA-SPI] Stage 3/3 - Q updates 100/100 (current batch 5000) [A0_Q_loss:0.4217, A1_Q_loss:0.4658]
2025-10-23 07:41:53,580 | INFO | [MA-SPI] Stage 3/3 - policy updates 10/50 (current batch 5000) [A0_Policy_loss:0.0024, A1_Policy_loss:0.0028]
2025-10-23 07:41:53,622 | INFO | [MA-SPI] Stage 3/3 - policy updates 20/50 (current batch 5000) [A0_Policy_loss:0.0008, A1_Policy_loss:0.0008]
2025-10-23 07:41:53,671 | INFO | [MA-SPI] Stage 3/3 - policy updates 30/50 (current batch 5000) [A0_Policy_loss:0.0002, A1_Policy_loss:0.0003]
2025-10-23 07:41:53,723 | INFO | [MA-SPI] Stage 3/3 - policy updates 40/50 (current batch 5000) [A0_Policy_loss:0.0000, A1_Policy_loss:0.0001]
2025-10-23 07:41:53,762 | INFO | [MA-SPI] Stage 3/3 - policy updates 50/50 (current batch 5000) [A0_Policy_loss:-0.0001, A1_Policy_loss:0.0000]
2025-10-23 07:41:53,763 | INFO | [MA-SPI] Stage 3/3 - completed
2025-10-23 07:41:53,832 | INFO | [Experiment:homogeneous] MA-SPI completed. Artifacts saved to outputs\homogeneous\ma_spi
2025-10-23 07:41:53,832 | INFO | [Experiment:homogeneous] Starting MA-LfL...
2025-10-23 07:41:53,832 | INFO | [MA-LfL] Estimating policies...
2025-10-23 07:41:53,832 | INFO | [MA-LfL][Policy] Stage 1/3 - preparing data
2025-10-23 07:41:53,874 | INFO | [MA-LfL][Policy] Stage 1/3 - Agent 0: 10/10 epochs completed (loss=1.1252, baseline=1.6094)
2025-10-23 07:41:53,903 | INFO | [MA-LfL][Policy] Stage 1/3 - Agent 1: 10/10 epochs completed (loss=1.1199, baseline=1.6094)
2025-10-23 07:41:53,903 | INFO | [MA-LfL][Policy] Stage 2/3 - preparing data
2025-10-23 07:41:53,940 | INFO | [MA-LfL][Policy] Stage 2/3 - Agent 0: 10/10 epochs completed (loss=1.0980, baseline=1.6094)
2025-10-23 07:41:53,979 | INFO | [MA-LfL][Policy] Stage 2/3 - Agent 1: 10/10 epochs completed (loss=1.0973, baseline=1.6094)
2025-10-23 07:41:53,980 | INFO | [MA-LfL][Policy] Stage 3/3 - preparing data
2025-10-23 07:41:54,030 | INFO | [MA-LfL][Policy] Stage 3/3 - Agent 0: 10/10 epochs completed (loss=1.0654, baseline=1.6094)
2025-10-23 07:41:54,079 | INFO | [MA-LfL][Policy] Stage 3/3 - Agent 1: 10/10 epochs completed (loss=1.0732, baseline=1.6094)
2025-10-23 07:41:54,080 | INFO | [MA-LfL] Computing reward targets...
2025-10-23 07:41:54,080 | INFO | [MA-LfL][Targets] Stage 1/2 - Agent 0
2025-10-23 07:41:54,400 | INFO | [MA-LfL][Targets] Stage 1/2 - Agent 1
2025-10-23 07:41:54,722 | INFO | [MA-LfL][Targets] Stage 2/2 - Agent 0
2025-10-23 07:41:55,033 | INFO | [MA-LfL][Targets] Stage 2/2 - Agent 1
2025-10-23 07:41:55,391 | INFO | [MA-LfL] Learning rewards...
2025-10-23 07:41:55,400 | INFO | [MA-LfL][Reward] Agent 0 - dataset size=10000 (batch=10000, epochs=1000)
