2025-10-23 08:28:43,983 | INFO | Logging initialized. Log file: outputs\logs\run_20251023_082843.log
2025-10-23 08:28:43,984 | INFO | Configuration file: config.yaml
2025-10-23 08:28:43,984 | INFO | Reward families to process: homogeneous
2025-10-23 08:28:43,984 | INFO | MA-SPI iterations=3, episodes/stage=50, episode_length=100
2025-10-23 08:28:43,984 | INFO | MA-LfL reward epochs=1000, reward batch size=8192
2025-10-23 08:28:43,984 | INFO | Log file located at outputs\logs\run_20251023_082843.log
2025-10-23 08:28:43,984 | INFO | Running experiment for reward family: homogeneous
2025-10-23 08:28:43,985 | INFO | [Experiment:homogeneous] Starting MA-SPI...
2025-10-23 08:28:45,010 | INFO | [MA-SPI] Starting run with 3 stages, 50 episodes/stage, episode length 100
2025-10-23 08:28:45,022 | INFO | [MA-SPI] Stage 1/3 - collecting trajectories...
2025-10-23 08:28:46,694 | INFO | [MA-SPI] Stage 1/3 - collected 10/50 episodes
2025-10-23 08:28:48,053 | INFO | [MA-SPI] Stage 1/3 - collected 20/50 episodes
2025-10-23 08:28:49,435 | INFO | [MA-SPI] Stage 1/3 - collected 30/50 episodes
2025-10-23 08:28:50,895 | INFO | [MA-SPI] Stage 1/3 - collected 40/50 episodes
2025-10-23 08:28:52,400 | INFO | [MA-SPI] Stage 1/3 - collected 50/50 episodes
2025-10-23 08:28:52,405 | INFO | [MA-SPI] Stage 1/3 - Agent 0 avg episode reward: -431.120 (std 24.046)
2025-10-23 08:28:52,405 | INFO | [MA-SPI] Stage 1/3 - Agent 1 avg episode reward: -411.020 (std 20.728)
2025-10-23 08:28:52,405 | INFO | [MA-SPI] Stage 1/3 - dataset size: 5000 transitions
2025-10-23 08:28:52,778 | INFO | [MA-SPI] Stage 1/3 - Q updates 20/100 (current batch 5000) [A0_Q_loss:0.8595, A1_Q_loss:0.8045]
2025-10-23 08:28:52,909 | INFO | [MA-SPI] Stage 1/3 - Q updates 40/100 (current batch 5000) [A0_Q_loss:0.5710, A1_Q_loss:0.6775]
2025-10-23 08:28:53,032 | INFO | [MA-SPI] Stage 1/3 - Q updates 60/100 (current batch 5000) [A0_Q_loss:0.5431, A1_Q_loss:0.6820]
2025-10-23 08:28:53,144 | INFO | [MA-SPI] Stage 1/3 - Q updates 80/100 (current batch 5000) [A0_Q_loss:0.5438, A1_Q_loss:0.6869]
2025-10-23 08:28:53,262 | INFO | [MA-SPI] Stage 1/3 - Q updates 100/100 (current batch 5000) [A0_Q_loss:0.5496, A1_Q_loss:0.6791]
2025-10-23 08:28:53,317 | INFO | [MA-SPI] Stage 1/3 - policy updates 10/50 (current batch 5000) [A0_Policy_loss:0.0172, A1_Policy_loss:0.0109]
2025-10-23 08:28:53,362 | INFO | [MA-SPI] Stage 1/3 - policy updates 20/50 (current batch 5000) [A0_Policy_loss:0.0054, A1_Policy_loss:0.0025]
2025-10-23 08:28:53,405 | INFO | [MA-SPI] Stage 1/3 - policy updates 30/50 (current batch 5000) [A0_Policy_loss:0.0018, A1_Policy_loss:0.0008]
2025-10-23 08:28:53,446 | INFO | [MA-SPI] Stage 1/3 - policy updates 40/50 (current batch 5000) [A0_Policy_loss:0.0007, A1_Policy_loss:0.0003]
2025-10-23 08:28:53,486 | INFO | [MA-SPI] Stage 1/3 - policy updates 50/50 (current batch 5000) [A0_Policy_loss:0.0002, A1_Policy_loss:0.0001]
2025-10-23 08:28:53,486 | INFO | [MA-SPI] Stage 1/3 - completed
2025-10-23 08:28:53,487 | INFO | [MA-SPI] Stage 2/3 - collecting trajectories...
2025-10-23 08:28:55,013 | INFO | [MA-SPI] Stage 2/3 - collected 10/50 episodes
2025-10-23 08:28:56,649 | INFO | [MA-SPI] Stage 2/3 - collected 20/50 episodes
2025-10-23 08:28:58,128 | INFO | [MA-SPI] Stage 2/3 - collected 30/50 episodes
2025-10-23 08:28:59,696 | INFO | [MA-SPI] Stage 2/3 - collected 40/50 episodes
2025-10-23 08:29:01,117 | INFO | [MA-SPI] Stage 2/3 - collected 50/50 episodes
2025-10-23 08:29:01,121 | INFO | [MA-SPI] Stage 2/3 - Agent 0 avg episode reward: -291.700 (std 20.339)
2025-10-23 08:29:01,121 | INFO | [MA-SPI] Stage 2/3 - Agent 1 avg episode reward: -295.360 (std 25.351)
2025-10-23 08:29:01,121 | INFO | [MA-SPI] Stage 2/3 - dataset size: 5000 transitions
2025-10-23 08:29:01,232 | INFO | [MA-SPI] Stage 2/3 - Q updates 20/100 (current batch 5000) [A0_Q_loss:0.8117, A1_Q_loss:0.6364]
2025-10-23 08:29:01,340 | INFO | [MA-SPI] Stage 2/3 - Q updates 40/100 (current batch 5000) [A0_Q_loss:0.5547, A1_Q_loss:0.5128]
2025-10-23 08:29:01,448 | INFO | [MA-SPI] Stage 2/3 - Q updates 60/100 (current batch 5000) [A0_Q_loss:0.5357, A1_Q_loss:0.4947]
2025-10-23 08:29:01,551 | INFO | [MA-SPI] Stage 2/3 - Q updates 80/100 (current batch 5000) [A0_Q_loss:0.5447, A1_Q_loss:0.4828]
2025-10-23 08:29:01,677 | INFO | [MA-SPI] Stage 2/3 - Q updates 100/100 (current batch 5000) [A0_Q_loss:0.5380, A1_Q_loss:0.4893]
2025-10-23 08:29:01,731 | INFO | [MA-SPI] Stage 2/3 - policy updates 10/50 (current batch 5000) [A0_Policy_loss:0.0066, A1_Policy_loss:0.0045]
2025-10-23 08:29:01,775 | INFO | [MA-SPI] Stage 2/3 - policy updates 20/50 (current batch 5000) [A0_Policy_loss:0.0018, A1_Policy_loss:0.0016]
2025-10-23 08:29:01,812 | INFO | [MA-SPI] Stage 2/3 - policy updates 30/50 (current batch 5000) [A0_Policy_loss:0.0006, A1_Policy_loss:0.0005]
2025-10-23 08:29:01,853 | INFO | [MA-SPI] Stage 2/3 - policy updates 40/50 (current batch 5000) [A0_Policy_loss:0.0003, A1_Policy_loss:0.0002]
2025-10-23 08:29:01,893 | INFO | [MA-SPI] Stage 2/3 - policy updates 50/50 (current batch 5000) [A0_Policy_loss:0.0001, A1_Policy_loss:0.0000]
2025-10-23 08:29:01,894 | INFO | [MA-SPI] Stage 2/3 - completed
2025-10-23 08:29:01,894 | INFO | [MA-SPI] Stage 3/3 - collecting trajectories...
2025-10-23 08:29:03,333 | INFO | [MA-SPI] Stage 3/3 - collected 10/50 episodes
2025-10-23 08:29:04,754 | INFO | [MA-SPI] Stage 3/3 - collected 20/50 episodes
2025-10-23 08:29:06,266 | INFO | [MA-SPI] Stage 3/3 - collected 30/50 episodes
2025-10-23 08:29:07,745 | INFO | [MA-SPI] Stage 3/3 - collected 40/50 episodes
2025-10-23 08:29:09,201 | INFO | [MA-SPI] Stage 3/3 - collected 50/50 episodes
2025-10-23 08:29:09,205 | INFO | [MA-SPI] Stage 3/3 - Agent 0 avg episode reward: -271.440 (std 20.730)
2025-10-23 08:29:09,205 | INFO | [MA-SPI] Stage 3/3 - Agent 1 avg episode reward: -273.380 (std 19.942)
2025-10-23 08:29:09,205 | INFO | [MA-SPI] Stage 3/3 - dataset size: 5000 transitions
2025-10-23 08:29:09,362 | INFO | [MA-SPI] Stage 3/3 - Q updates 20/100 (current batch 5000) [A0_Q_loss:0.4339, A1_Q_loss:0.4916]
2025-10-23 08:29:09,468 | INFO | [MA-SPI] Stage 3/3 - Q updates 40/100 (current batch 5000) [A0_Q_loss:0.4292, A1_Q_loss:0.4625]
2025-10-23 08:29:09,578 | INFO | [MA-SPI] Stage 3/3 - Q updates 60/100 (current batch 5000) [A0_Q_loss:0.4230, A1_Q_loss:0.4694]
2025-10-23 08:29:09,694 | INFO | [MA-SPI] Stage 3/3 - Q updates 80/100 (current batch 5000) [A0_Q_loss:0.4223, A1_Q_loss:0.4646]
2025-10-23 08:29:09,809 | INFO | [MA-SPI] Stage 3/3 - Q updates 100/100 (current batch 5000) [A0_Q_loss:0.4217, A1_Q_loss:0.4658]
2025-10-23 08:29:09,848 | INFO | [MA-SPI] Stage 3/3 - policy updates 10/50 (current batch 5000) [A0_Policy_loss:0.0024, A1_Policy_loss:0.0028]
2025-10-23 08:29:09,886 | INFO | [MA-SPI] Stage 3/3 - policy updates 20/50 (current batch 5000) [A0_Policy_loss:0.0008, A1_Policy_loss:0.0008]
2025-10-23 08:29:09,929 | INFO | [MA-SPI] Stage 3/3 - policy updates 30/50 (current batch 5000) [A0_Policy_loss:0.0002, A1_Policy_loss:0.0003]
2025-10-23 08:29:09,968 | INFO | [MA-SPI] Stage 3/3 - policy updates 40/50 (current batch 5000) [A0_Policy_loss:0.0000, A1_Policy_loss:0.0001]
2025-10-23 08:29:10,008 | INFO | [MA-SPI] Stage 3/3 - policy updates 50/50 (current batch 5000) [A0_Policy_loss:-0.0001, A1_Policy_loss:0.0000]
2025-10-23 08:29:10,008 | INFO | [MA-SPI] Stage 3/3 - completed
2025-10-23 08:29:10,075 | INFO | [Experiment:homogeneous] MA-SPI completed. Artifacts saved to outputs\homogeneous\ma_spi
2025-10-23 08:29:10,076 | INFO | [Experiment:homogeneous] Starting MA-LfL...
2025-10-23 08:29:10,076 | INFO | [MA-LfL] Estimating policies...
2025-10-23 08:29:10,076 | INFO | [MA-LfL][Policy] Stage 1/3 - preparing data
2025-10-23 08:29:10,115 | INFO | [MA-LfL][Policy] Stage 1/3 - Agent 0: 10/10 epochs completed (loss=1.1252, baseline=1.6094)
2025-10-23 08:29:10,142 | INFO | [MA-LfL][Policy] Stage 1/3 - Agent 1: 10/10 epochs completed (loss=1.1199, baseline=1.6094)
2025-10-23 08:29:10,142 | INFO | [MA-LfL][Policy] Stage 2/3 - preparing data
2025-10-23 08:29:10,184 | INFO | [MA-LfL][Policy] Stage 2/3 - Agent 0: 10/10 epochs completed (loss=1.0980, baseline=1.6094)
2025-10-23 08:29:10,232 | INFO | [MA-LfL][Policy] Stage 2/3 - Agent 1: 10/10 epochs completed (loss=1.0973, baseline=1.6094)
2025-10-23 08:29:10,232 | INFO | [MA-LfL][Policy] Stage 3/3 - preparing data
2025-10-23 08:29:10,263 | INFO | [MA-LfL][Policy] Stage 3/3 - Agent 0: 10/10 epochs completed (loss=1.0654, baseline=1.6094)
2025-10-23 08:29:10,300 | INFO | [MA-LfL][Policy] Stage 3/3 - Agent 1: 10/10 epochs completed (loss=1.0732, baseline=1.6094)
2025-10-23 08:29:10,300 | INFO | [MA-LfL] Computing reward targets...
2025-10-23 08:29:10,300 | INFO | [MA-LfL][Targets] Stage 1/2 - Agent 0
2025-10-23 08:29:10,636 | INFO | [MA-LfL][Targets] Stage 1/2 - Agent 1
2025-10-23 08:29:10,948 | INFO | [MA-LfL][Targets] Stage 2/2 - Agent 0
2025-10-23 08:29:11,255 | INFO | [MA-LfL][Targets] Stage 2/2 - Agent 1
2025-10-23 08:29:11,582 | INFO | [MA-LfL] Learning rewards...
2025-10-23 08:29:11,595 | INFO | [MA-LfL][Reward] Agent 0 - dataset size=10000 (batch=8192, epochs=1000)
2025-10-23 08:34:49,060 | INFO | [MA-LfL][Reward] Agent 0 - 100/1000 epochs completed (latest loss=0.1517)
2025-10-23 08:40:26,528 | INFO | [MA-LfL][Reward] Agent 0 - 200/1000 epochs completed (latest loss=0.1452)
