2025-10-23 21:36:52,684 | INFO | Logging initialized. Log file: outputs\logs\run_20251023_213652.log
2025-10-23 21:36:52,684 | INFO | Configuration file: config.yaml
2025-10-23 21:36:52,684 | INFO | Reward families to process: heterogeneous
2025-10-23 21:36:52,684 | INFO | MA-SPI iterations=5, episodes/stage=10, episode_length=100
2025-10-23 21:36:52,684 | INFO | MA-LfL reward epochs=20000, reward batch size=8192
2025-10-23 21:36:52,684 | INFO | Log file located at outputs\logs\run_20251023_213652.log
2025-10-23 21:36:52,685 | INFO | Running experiment for reward family: heterogeneous
2025-10-23 21:36:52,685 | INFO | [Experiment:heterogeneous] Starting MA-SPI...
2025-10-23 21:36:53,632 | INFO | [MA-SPI] Starting run with 5 stages, 10 episodes/stage, episode length 100
2025-10-23 21:36:53,645 | INFO | [MA-SPI] Stage 1/5 - collecting trajectories...
2025-10-23 21:36:54,110 | INFO | [MA-SPI] Stage 1/5 - collected 2/10 episodes
2025-10-23 21:36:54,462 | INFO | [MA-SPI] Stage 1/5 - collected 4/10 episodes
2025-10-23 21:36:54,774 | INFO | [MA-SPI] Stage 1/5 - collected 6/10 episodes
2025-10-23 21:36:55,029 | INFO | [MA-SPI] Stage 1/5 - collected 8/10 episodes
2025-10-23 21:36:55,314 | INFO | [MA-SPI] Stage 1/5 - collected 10/10 episodes
2025-10-23 21:36:55,315 | INFO | [MA-SPI] Stage 1/5 - Agent 0 avg episode reward: -137.400 (std 33.539)
2025-10-23 21:36:55,315 | INFO | [MA-SPI] Stage 1/5 - Agent 1 avg episode reward: -114.900 (std 35.184)
2025-10-23 21:36:55,315 | INFO | [MA-SPI] Stage 1/5 - dataset size: 1000 transitions
2025-10-23 21:36:55,581 | INFO | [MA-SPI] Stage 1/5 - Q updates 20/100 (current batch 1000) [A0_Q_loss:2.7630, A1_Q_loss:3.1812]
2025-10-23 21:36:55,677 | INFO | [MA-SPI] Stage 1/5 - Q updates 40/100 (current batch 1000) [A0_Q_loss:1.3751, A1_Q_loss:1.4296]
2025-10-23 21:36:55,765 | INFO | [MA-SPI] Stage 1/5 - Q updates 60/100 (current batch 1000) [A0_Q_loss:0.8376, A1_Q_loss:1.0367]
2025-10-23 21:36:55,857 | INFO | [MA-SPI] Stage 1/5 - Q updates 80/100 (current batch 1000) [A0_Q_loss:0.5093, A1_Q_loss:0.7529]
2025-10-23 21:36:55,943 | INFO | [MA-SPI] Stage 1/5 - Q updates 100/100 (current batch 1000) [A0_Q_loss:0.4704, A1_Q_loss:0.5672]
2025-10-23 21:36:55,983 | INFO | [MA-SPI] Stage 1/5 - policy updates 10/50 (current batch 1000) [A0_Policy_loss:0.0288, A1_Policy_loss:0.0183]
2025-10-23 21:36:56,023 | INFO | [MA-SPI] Stage 1/5 - policy updates 20/50 (current batch 1000) [A0_Policy_loss:0.0090, A1_Policy_loss:0.0042]
2025-10-23 21:36:56,061 | INFO | [MA-SPI] Stage 1/5 - policy updates 30/50 (current batch 1000) [A0_Policy_loss:0.0034, A1_Policy_loss:0.0015]
2025-10-23 21:36:56,098 | INFO | [MA-SPI] Stage 1/5 - policy updates 40/50 (current batch 1000) [A0_Policy_loss:0.0013, A1_Policy_loss:0.0006]
2025-10-23 21:36:56,137 | INFO | [MA-SPI] Stage 1/5 - policy updates 50/50 (current batch 1000) [A0_Policy_loss:0.0005, A1_Policy_loss:0.0002]
2025-10-23 21:36:56,138 | INFO | [MA-SPI] Stage 1/5 - completed
2025-10-23 21:36:56,138 | INFO | [MA-SPI] Stage 2/5 - collecting trajectories...
2025-10-23 21:36:56,418 | INFO | [MA-SPI] Stage 2/5 - collected 2/10 episodes
2025-10-23 21:36:56,684 | INFO | [MA-SPI] Stage 2/5 - collected 4/10 episodes
2025-10-23 21:36:56,949 | INFO | [MA-SPI] Stage 2/5 - collected 6/10 episodes
2025-10-23 21:36:57,241 | INFO | [MA-SPI] Stage 2/5 - collected 8/10 episodes
2025-10-23 21:36:57,517 | INFO | [MA-SPI] Stage 2/5 - collected 10/10 episodes
2025-10-23 21:36:57,519 | INFO | [MA-SPI] Stage 2/5 - Agent 0 avg episode reward: 67.000 (std 29.783)
2025-10-23 21:36:57,519 | INFO | [MA-SPI] Stage 2/5 - Agent 1 avg episode reward: 47.100 (std 20.535)
2025-10-23 21:36:57,519 | INFO | [MA-SPI] Stage 2/5 - dataset size: 1000 transitions
2025-10-23 21:36:57,608 | INFO | [MA-SPI] Stage 2/5 - Q updates 20/100 (current batch 1000) [A0_Q_loss:1.6607, A1_Q_loss:1.4316]
2025-10-23 21:36:57,724 | INFO | [MA-SPI] Stage 2/5 - Q updates 40/100 (current batch 1000) [A0_Q_loss:1.0833, A1_Q_loss:1.1384]
2025-10-23 21:36:57,817 | INFO | [MA-SPI] Stage 2/5 - Q updates 60/100 (current batch 1000) [A0_Q_loss:0.9357, A1_Q_loss:1.0149]
2025-10-23 21:36:57,918 | INFO | [MA-SPI] Stage 2/5 - Q updates 80/100 (current batch 1000) [A0_Q_loss:0.8746, A1_Q_loss:0.9769]
2025-10-23 21:36:58,004 | INFO | [MA-SPI] Stage 2/5 - Q updates 100/100 (current batch 1000) [A0_Q_loss:0.8530, A1_Q_loss:0.9853]
2025-10-23 21:36:58,039 | INFO | [MA-SPI] Stage 2/5 - policy updates 10/50 (current batch 1000) [A0_Policy_loss:0.0158, A1_Policy_loss:0.0072]
2025-10-23 21:36:58,075 | INFO | [MA-SPI] Stage 2/5 - policy updates 20/50 (current batch 1000) [A0_Policy_loss:0.0048, A1_Policy_loss:0.0025]
2025-10-23 21:36:58,110 | INFO | [MA-SPI] Stage 2/5 - policy updates 30/50 (current batch 1000) [A0_Policy_loss:0.0020, A1_Policy_loss:0.0010]
2025-10-23 21:36:58,145 | INFO | [MA-SPI] Stage 2/5 - policy updates 40/50 (current batch 1000) [A0_Policy_loss:0.0006, A1_Policy_loss:0.0004]
2025-10-23 21:36:58,185 | INFO | [MA-SPI] Stage 2/5 - policy updates 50/50 (current batch 1000) [A0_Policy_loss:0.0002, A1_Policy_loss:0.0002]
2025-10-23 21:36:58,185 | INFO | [MA-SPI] Stage 2/5 - completed
2025-10-23 21:36:58,185 | INFO | [MA-SPI] Stage 3/5 - collecting trajectories...
2025-10-23 21:36:58,459 | INFO | [MA-SPI] Stage 3/5 - collected 2/10 episodes
2025-10-23 21:36:58,730 | INFO | [MA-SPI] Stage 3/5 - collected 4/10 episodes
2025-10-23 21:36:58,980 | INFO | [MA-SPI] Stage 3/5 - collected 6/10 episodes
2025-10-23 21:36:59,256 | INFO | [MA-SPI] Stage 3/5 - collected 8/10 episodes
2025-10-23 21:36:59,612 | INFO | [MA-SPI] Stage 3/5 - collected 10/10 episodes
2025-10-23 21:36:59,613 | INFO | [MA-SPI] Stage 3/5 - Agent 0 avg episode reward: 113.400 (std 28.051)
2025-10-23 21:36:59,613 | INFO | [MA-SPI] Stage 3/5 - Agent 1 avg episode reward: 109.100 (std 25.137)
2025-10-23 21:36:59,613 | INFO | [MA-SPI] Stage 3/5 - dataset size: 1000 transitions
2025-10-23 21:36:59,715 | INFO | [MA-SPI] Stage 3/5 - Q updates 20/100 (current batch 1000) [A0_Q_loss:0.7991, A1_Q_loss:0.6151]
2025-10-23 21:36:59,831 | INFO | [MA-SPI] Stage 3/5 - Q updates 40/100 (current batch 1000) [A0_Q_loss:0.8251, A1_Q_loss:0.5328]
2025-10-23 21:36:59,936 | INFO | [MA-SPI] Stage 3/5 - Q updates 60/100 (current batch 1000) [A0_Q_loss:0.7463, A1_Q_loss:0.5244]
2025-10-23 21:37:00,026 | INFO | [MA-SPI] Stage 3/5 - Q updates 80/100 (current batch 1000) [A0_Q_loss:0.7612, A1_Q_loss:0.5156]
2025-10-23 21:37:00,145 | INFO | [MA-SPI] Stage 3/5 - Q updates 100/100 (current batch 1000) [A0_Q_loss:0.7643, A1_Q_loss:0.5197]
2025-10-23 21:37:00,234 | INFO | [MA-SPI] Stage 3/5 - policy updates 10/50 (current batch 1000) [A0_Policy_loss:0.0067, A1_Policy_loss:0.0051]
2025-10-23 21:37:00,294 | INFO | [MA-SPI] Stage 3/5 - policy updates 20/50 (current batch 1000) [A0_Policy_loss:0.0023, A1_Policy_loss:0.0019]
2025-10-23 21:37:00,329 | INFO | [MA-SPI] Stage 3/5 - policy updates 30/50 (current batch 1000) [A0_Policy_loss:0.0008, A1_Policy_loss:0.0007]
2025-10-23 21:37:00,365 | INFO | [MA-SPI] Stage 3/5 - policy updates 40/50 (current batch 1000) [A0_Policy_loss:0.0003, A1_Policy_loss:0.0002]
2025-10-23 21:37:00,403 | INFO | [MA-SPI] Stage 3/5 - policy updates 50/50 (current batch 1000) [A0_Policy_loss:0.0001, A1_Policy_loss:0.0001]
2025-10-23 21:37:00,403 | INFO | [MA-SPI] Stage 3/5 - completed
2025-10-23 21:37:00,404 | INFO | [MA-SPI] Stage 4/5 - collecting trajectories...
2025-10-23 21:37:00,685 | INFO | [MA-SPI] Stage 4/5 - collected 2/10 episodes
2025-10-23 21:37:00,987 | INFO | [MA-SPI] Stage 4/5 - collected 4/10 episodes
2025-10-23 21:37:01,283 | INFO | [MA-SPI] Stage 4/5 - collected 6/10 episodes
2025-10-23 21:37:01,664 | INFO | [MA-SPI] Stage 4/5 - collected 8/10 episodes
2025-10-23 21:37:01,981 | INFO | [MA-SPI] Stage 4/5 - collected 10/10 episodes
2025-10-23 21:37:01,981 | INFO | [MA-SPI] Stage 4/5 - Agent 0 avg episode reward: 112.800 (std 30.225)
2025-10-23 21:37:01,982 | INFO | [MA-SPI] Stage 4/5 - Agent 1 avg episode reward: 98.900 (std 33.721)
2025-10-23 21:37:01,982 | INFO | [MA-SPI] Stage 4/5 - dataset size: 1000 transitions
2025-10-23 21:37:02,087 | INFO | [MA-SPI] Stage 4/5 - Q updates 20/100 (current batch 1000) [A0_Q_loss:0.5955, A1_Q_loss:0.4295]
2025-10-23 21:37:02,174 | INFO | [MA-SPI] Stage 4/5 - Q updates 40/100 (current batch 1000) [A0_Q_loss:0.5255, A1_Q_loss:0.3559]
2025-10-23 21:37:02,300 | INFO | [MA-SPI] Stage 4/5 - Q updates 60/100 (current batch 1000) [A0_Q_loss:0.4722, A1_Q_loss:0.3525]
2025-10-23 21:37:02,418 | INFO | [MA-SPI] Stage 4/5 - Q updates 80/100 (current batch 1000) [A0_Q_loss:0.5347, A1_Q_loss:0.3298]
2025-10-23 21:37:02,516 | INFO | [MA-SPI] Stage 4/5 - Q updates 100/100 (current batch 1000) [A0_Q_loss:0.4735, A1_Q_loss:0.3408]
2025-10-23 21:37:02,555 | INFO | [MA-SPI] Stage 4/5 - policy updates 10/50 (current batch 1000) [A0_Policy_loss:0.0037, A1_Policy_loss:0.0032]
2025-10-23 21:37:02,595 | INFO | [MA-SPI] Stage 4/5 - policy updates 20/50 (current batch 1000) [A0_Policy_loss:0.0011, A1_Policy_loss:0.0010]
2025-10-23 21:37:02,634 | INFO | [MA-SPI] Stage 4/5 - policy updates 30/50 (current batch 1000) [A0_Policy_loss:0.0005, A1_Policy_loss:0.0005]
2025-10-23 21:37:02,672 | INFO | [MA-SPI] Stage 4/5 - policy updates 40/50 (current batch 1000) [A0_Policy_loss:0.0002, A1_Policy_loss:0.0002]
2025-10-23 21:37:02,707 | INFO | [MA-SPI] Stage 4/5 - policy updates 50/50 (current batch 1000) [A0_Policy_loss:0.0001, A1_Policy_loss:0.0001]
2025-10-23 21:37:02,707 | INFO | [MA-SPI] Stage 4/5 - completed
2025-10-23 21:37:02,708 | INFO | [MA-SPI] Stage 5/5 - collecting trajectories...
2025-10-23 21:37:03,017 | INFO | [MA-SPI] Stage 5/5 - collected 2/10 episodes
2025-10-23 21:37:03,311 | INFO | [MA-SPI] Stage 5/5 - collected 4/10 episodes
2025-10-23 21:37:03,701 | INFO | [MA-SPI] Stage 5/5 - collected 6/10 episodes
2025-10-23 21:37:03,996 | INFO | [MA-SPI] Stage 5/5 - collected 8/10 episodes
2025-10-23 21:37:04,267 | INFO | [MA-SPI] Stage 5/5 - collected 10/10 episodes
2025-10-23 21:37:04,268 | INFO | [MA-SPI] Stage 5/5 - Agent 0 avg episode reward: 115.500 (std 18.720)
2025-10-23 21:37:04,268 | INFO | [MA-SPI] Stage 5/5 - Agent 1 avg episode reward: 110.000 (std 23.422)
2025-10-23 21:37:04,268 | INFO | [MA-SPI] Stage 5/5 - dataset size: 1000 transitions
2025-10-23 21:37:04,372 | INFO | [MA-SPI] Stage 5/5 - Q updates 20/100 (current batch 1000) [A0_Q_loss:0.5018, A1_Q_loss:0.4675]
2025-10-23 21:37:04,493 | INFO | [MA-SPI] Stage 5/5 - Q updates 40/100 (current batch 1000) [A0_Q_loss:0.4171, A1_Q_loss:0.4131]
2025-10-23 21:37:04,613 | INFO | [MA-SPI] Stage 5/5 - Q updates 60/100 (current batch 1000) [A0_Q_loss:0.4285, A1_Q_loss:0.3537]
2025-10-23 21:37:04,699 | INFO | [MA-SPI] Stage 5/5 - Q updates 80/100 (current batch 1000) [A0_Q_loss:0.4103, A1_Q_loss:0.4335]
2025-10-23 21:37:04,788 | INFO | [MA-SPI] Stage 5/5 - Q updates 100/100 (current batch 1000) [A0_Q_loss:0.4163, A1_Q_loss:0.4042]
2025-10-23 21:37:04,829 | INFO | [MA-SPI] Stage 5/5 - policy updates 10/50 (current batch 1000) [A0_Policy_loss:0.0023, A1_Policy_loss:0.0031]
2025-10-23 21:37:04,882 | INFO | [MA-SPI] Stage 5/5 - policy updates 20/50 (current batch 1000) [A0_Policy_loss:0.0007, A1_Policy_loss:0.0012]
2025-10-23 21:37:04,983 | INFO | [MA-SPI] Stage 5/5 - policy updates 30/50 (current batch 1000) [A0_Policy_loss:0.0003, A1_Policy_loss:0.0005]
2025-10-23 21:37:05,058 | INFO | [MA-SPI] Stage 5/5 - policy updates 40/50 (current batch 1000) [A0_Policy_loss:0.0001, A1_Policy_loss:0.0002]
2025-10-23 21:37:05,159 | INFO | [MA-SPI] Stage 5/5 - policy updates 50/50 (current batch 1000) [A0_Policy_loss:0.0000, A1_Policy_loss:0.0001]
2025-10-23 21:37:05,160 | INFO | [MA-SPI] Stage 5/5 - completed
2025-10-23 21:37:05,239 | INFO | [Experiment:heterogeneous] MA-SPI completed. Artifacts saved to outputs\heterogeneous\ma_spi
2025-10-23 21:37:05,239 | INFO | [Experiment:heterogeneous] Starting MA-LfL...
2025-10-23 21:37:05,240 | INFO | [MA-LfL] Estimating policies...
2025-10-23 21:37:05,240 | INFO | [MA-LfL][Policy] Stage 1/5 - preparing data
2025-10-23 21:37:05,343 | INFO | [MA-LfL][Policy] Stage 1/5 - Agent 0: 10/10 epochs completed (loss=1.0913, baseline=1.6094)
2025-10-23 21:37:05,404 | INFO | [MA-LfL][Policy] Stage 1/5 - Agent 1: 10/10 epochs completed (loss=1.0798, baseline=1.6094)
2025-10-23 21:37:05,405 | INFO | [MA-LfL][Policy] Stage 2/5 - preparing data
2025-10-23 21:37:05,457 | INFO | [MA-LfL][Policy] Stage 2/5 - Agent 0: 10/10 epochs completed (loss=0.9976, baseline=1.6094)
2025-10-23 21:37:05,496 | INFO | [MA-LfL][Policy] Stage 2/5 - Agent 1: 10/10 epochs completed (loss=0.9760, baseline=1.6094)
2025-10-23 21:37:05,497 | INFO | [MA-LfL][Policy] Stage 3/5 - preparing data
2025-10-23 21:37:05,542 | INFO | [MA-LfL][Policy] Stage 3/5 - Agent 0: 10/10 epochs completed (loss=0.9835, baseline=1.6094)
2025-10-23 21:37:05,587 | INFO | [MA-LfL][Policy] Stage 3/5 - Agent 1: 10/10 epochs completed (loss=1.0029, baseline=1.6094)
2025-10-23 21:37:05,588 | INFO | [MA-LfL][Policy] Stage 4/5 - preparing data
2025-10-23 21:37:05,637 | INFO | [MA-LfL][Policy] Stage 4/5 - Agent 0: 10/10 epochs completed (loss=1.0035, baseline=1.6094)
2025-10-23 21:37:05,684 | INFO | [MA-LfL][Policy] Stage 4/5 - Agent 1: 10/10 epochs completed (loss=1.0177, baseline=1.6094)
2025-10-23 21:37:05,685 | INFO | [MA-LfL][Policy] Stage 5/5 - preparing data
2025-10-23 21:37:05,722 | INFO | [MA-LfL][Policy] Stage 5/5 - Agent 0: 10/10 epochs completed (loss=1.0083, baseline=1.6094)
2025-10-23 21:37:05,775 | INFO | [MA-LfL][Policy] Stage 5/5 - Agent 1: 10/10 epochs completed (loss=1.0069, baseline=1.6094)
2025-10-23 21:37:05,775 | INFO | [MA-LfL] Computing reward targets...
2025-10-23 21:37:05,776 | INFO | [MA-LfL][Targets] Stage 1/4 - Agent 0
2025-10-23 21:37:06,313 | INFO | [MA-LfL][Targets] Stage 1/4 - Agent 1
2025-10-23 21:37:06,811 | INFO | [MA-LfL][Targets] Stage 2/4 - Agent 0
2025-10-23 21:37:07,249 | INFO | [MA-LfL][Targets] Stage 2/4 - Agent 1
2025-10-23 21:37:07,678 | INFO | [MA-LfL][Targets] Stage 3/4 - Agent 0
2025-10-23 21:37:08,130 | INFO | [MA-LfL][Targets] Stage 3/4 - Agent 1
2025-10-23 21:37:08,605 | INFO | [MA-LfL][Targets] Stage 4/4 - Agent 0
2025-10-23 21:37:09,063 | INFO | [MA-LfL][Targets] Stage 4/4 - Agent 1
2025-10-23 21:37:09,551 | INFO | [MA-LfL] Learning rewards...
2025-10-23 21:37:09,560 | INFO | [MA-LfL][Reward] Agent 0 - dataset size=4000 (batch=4000, epochs=20000)
2025-10-23 21:37:32,915 | INFO | [MA-LfL][Reward] Agent 0 - 2000/20000 epochs completed (latest loss=0.8631)
2025-10-23 21:37:56,185 | INFO | [MA-LfL][Reward] Agent 0 - 4000/20000 epochs completed (latest loss=0.8585)
2025-10-23 21:38:32,152 | INFO | [MA-LfL][Reward] Agent 0 - 6000/20000 epochs completed (latest loss=0.8575)
2025-10-23 21:39:16,962 | INFO | [MA-LfL][Reward] Agent 0 - 8000/20000 epochs completed (latest loss=0.8575)
2025-10-23 21:40:03,353 | INFO | [MA-LfL][Reward] Agent 0 - 10000/20000 epochs completed (latest loss=0.8575)
2025-10-23 21:40:48,854 | INFO | [MA-LfL][Reward] Agent 0 - 12000/20000 epochs completed (latest loss=0.8575)
2025-10-23 21:41:34,954 | INFO | [MA-LfL][Reward] Agent 0 - 14000/20000 epochs completed (latest loss=0.8575)
2025-10-23 21:42:21,937 | INFO | [MA-LfL][Reward] Agent 0 - 16000/20000 epochs completed (latest loss=0.8575)
2025-10-23 21:43:10,096 | INFO | [MA-LfL][Reward] Agent 0 - 18000/20000 epochs completed (latest loss=0.8579)
2025-10-23 21:44:02,023 | INFO | [MA-LfL][Reward] Agent 0 - 20000/20000 epochs completed (latest loss=0.8575)
2025-10-23 21:44:02,036 | INFO | [MA-LfL][Reward] Agent 1 - dataset size=4000 (batch=4000, epochs=20000)
2025-10-23 21:44:50,834 | INFO | [MA-LfL][Reward] Agent 1 - 2000/20000 epochs completed (latest loss=0.5419)
2025-10-23 21:45:28,579 | INFO | [MA-LfL][Reward] Agent 1 - 4000/20000 epochs completed (latest loss=0.5419)
2025-10-23 21:46:05,131 | INFO | [MA-LfL][Reward] Agent 1 - 6000/20000 epochs completed (latest loss=0.5419)
2025-10-23 21:46:51,509 | INFO | [MA-LfL][Reward] Agent 1 - 8000/20000 epochs completed (latest loss=0.5489)
2025-10-23 21:47:36,539 | INFO | [MA-LfL][Reward] Agent 1 - 10000/20000 epochs completed (latest loss=0.5419)
2025-10-23 21:48:23,993 | INFO | [MA-LfL][Reward] Agent 1 - 12000/20000 epochs completed (latest loss=0.5432)
2025-10-23 21:49:14,514 | INFO | [MA-LfL][Reward] Agent 1 - 14000/20000 epochs completed (latest loss=0.5419)
2025-10-23 21:50:03,036 | INFO | [MA-LfL][Reward] Agent 1 - 16000/20000 epochs completed (latest loss=0.5419)
2025-10-23 21:50:43,521 | INFO | [MA-LfL][Reward] Agent 1 - 18000/20000 epochs completed (latest loss=0.5438)
2025-10-23 21:51:15,693 | INFO | [MA-LfL][Reward] Agent 1 - 20000/20000 epochs completed (latest loss=0.5419)
2025-10-23 21:51:15,696 | INFO | [MA-LfL] Evaluating rewards...
2025-10-23 21:51:17,485 | INFO | [MA-LfL] Pipeline complete.
2025-10-23 21:51:17,485 | INFO | [Experiment:heterogeneous] MA-LfL completed. Artifacts saved to outputs\heterogeneous\ma_lfl
2025-10-23 21:51:17,486 | INFO | [Experiment:heterogeneous] Agent 0 metrics - Pearson: 0.2593 | Spearman: 0.2655
2025-10-23 21:51:17,486 | INFO | [Experiment:heterogeneous] Agent 1 metrics - Pearson: 0.0510 | Spearman: 0.0746
2025-10-23 21:51:17,486 | INFO | [Experiment:heterogeneous] Trend stages: 1, 2, 3, 4
2025-10-23 21:51:17,487 | INFO | [Experiment:heterogeneous] Trend Pearson: 0.4034, 0.6917, 0.5595, 0.5787
2025-10-23 21:51:17,487 | INFO | [Experiment:heterogeneous] Trend Spearman: 0.4059, 0.6826, 0.6808, 0.5968
2025-10-23 21:51:17,487 | INFO | [Experiment:heterogeneous] Agent 0 correlation >=0.4 ? NO
2025-10-23 21:51:17,487 | INFO | [Experiment:heterogeneous] Agent 1 correlation >=0.4 ? NO
2025-10-23 21:51:17,487 | INFO | [Experiment:heterogeneous] Correlation trend non-decreasing? NO
2025-10-23 21:51:17,489 | INFO | Summary saved to outputs\summary.json
2025-10-23 21:51:17,489 | INFO | Run complete.
