2025-10-23 18:01:10,811 | INFO | Logging initialized. Log file: outputs\logs\run_20251023_180110.log
2025-10-23 18:01:10,811 | INFO | Configuration file: config.yaml
2025-10-23 18:01:10,812 | INFO | Reward families to process: heterogeneous
2025-10-23 18:01:10,812 | INFO | MA-SPI iterations=5, episodes/stage=10, episode_length=100
2025-10-23 18:01:10,812 | INFO | MA-LfL reward epochs=10000, reward batch size=8192
2025-10-23 18:01:10,812 | INFO | Log file located at outputs\logs\run_20251023_180110.log
2025-10-23 18:01:10,812 | INFO | Running experiment for reward family: heterogeneous
2025-10-23 18:01:10,812 | INFO | [Experiment:heterogeneous] Starting MA-SPI...
2025-10-23 18:01:11,705 | INFO | [MA-SPI] Starting run with 5 stages, 10 episodes/stage, episode length 100
2025-10-23 18:01:11,717 | INFO | [MA-SPI] Stage 1/5 - collecting trajectories...
2025-10-23 18:01:12,162 | INFO | [MA-SPI] Stage 1/5 - collected 2/10 episodes
2025-10-23 18:01:12,431 | INFO | [MA-SPI] Stage 1/5 - collected 4/10 episodes
2025-10-23 18:01:12,691 | INFO | [MA-SPI] Stage 1/5 - collected 6/10 episodes
2025-10-23 18:01:12,964 | INFO | [MA-SPI] Stage 1/5 - collected 8/10 episodes
2025-10-23 18:01:13,245 | INFO | [MA-SPI] Stage 1/5 - collected 10/10 episodes
2025-10-23 18:01:13,247 | INFO | [MA-SPI] Stage 1/5 - Agent 0 avg episode reward: -137.400 (std 33.539)
2025-10-23 18:01:13,247 | INFO | [MA-SPI] Stage 1/5 - Agent 1 avg episode reward: -114.900 (std 35.184)
2025-10-23 18:01:13,247 | INFO | [MA-SPI] Stage 1/5 - dataset size: 1000 transitions
2025-10-23 18:01:13,483 | INFO | [MA-SPI] Stage 1/5 - Q updates 20/100 (current batch 1000) [A0_Q_loss:2.7630, A1_Q_loss:3.1812]
2025-10-23 18:01:13,571 | INFO | [MA-SPI] Stage 1/5 - Q updates 40/100 (current batch 1000) [A0_Q_loss:1.3751, A1_Q_loss:1.4296]
2025-10-23 18:01:13,656 | INFO | [MA-SPI] Stage 1/5 - Q updates 60/100 (current batch 1000) [A0_Q_loss:0.8376, A1_Q_loss:1.0367]
2025-10-23 18:01:13,741 | INFO | [MA-SPI] Stage 1/5 - Q updates 80/100 (current batch 1000) [A0_Q_loss:0.5093, A1_Q_loss:0.7529]
2025-10-23 18:01:13,831 | INFO | [MA-SPI] Stage 1/5 - Q updates 100/100 (current batch 1000) [A0_Q_loss:0.4704, A1_Q_loss:0.5672]
2025-10-23 18:01:13,872 | INFO | [MA-SPI] Stage 1/5 - policy updates 10/50 (current batch 1000) [A0_Policy_loss:0.0288, A1_Policy_loss:0.0183]
2025-10-23 18:01:13,904 | INFO | [MA-SPI] Stage 1/5 - policy updates 20/50 (current batch 1000) [A0_Policy_loss:0.0090, A1_Policy_loss:0.0042]
2025-10-23 18:01:13,941 | INFO | [MA-SPI] Stage 1/5 - policy updates 30/50 (current batch 1000) [A0_Policy_loss:0.0034, A1_Policy_loss:0.0015]
2025-10-23 18:01:13,975 | INFO | [MA-SPI] Stage 1/5 - policy updates 40/50 (current batch 1000) [A0_Policy_loss:0.0013, A1_Policy_loss:0.0006]
2025-10-23 18:01:14,010 | INFO | [MA-SPI] Stage 1/5 - policy updates 50/50 (current batch 1000) [A0_Policy_loss:0.0005, A1_Policy_loss:0.0002]
2025-10-23 18:01:14,010 | INFO | [MA-SPI] Stage 1/5 - completed
2025-10-23 18:01:14,011 | INFO | [MA-SPI] Stage 2/5 - collecting trajectories...
2025-10-23 18:01:14,280 | INFO | [MA-SPI] Stage 2/5 - collected 2/10 episodes
2025-10-23 18:01:14,556 | INFO | [MA-SPI] Stage 2/5 - collected 4/10 episodes
2025-10-23 18:01:14,826 | INFO | [MA-SPI] Stage 2/5 - collected 6/10 episodes
2025-10-23 18:01:15,103 | INFO | [MA-SPI] Stage 2/5 - collected 8/10 episodes
2025-10-23 18:01:15,380 | INFO | [MA-SPI] Stage 2/5 - collected 10/10 episodes
2025-10-23 18:01:15,382 | INFO | [MA-SPI] Stage 2/5 - Agent 0 avg episode reward: 67.000 (std 29.783)
2025-10-23 18:01:15,382 | INFO | [MA-SPI] Stage 2/5 - Agent 1 avg episode reward: 47.100 (std 20.535)
2025-10-23 18:01:15,382 | INFO | [MA-SPI] Stage 2/5 - dataset size: 1000 transitions
2025-10-23 18:01:15,478 | INFO | [MA-SPI] Stage 2/5 - Q updates 20/100 (current batch 1000) [A0_Q_loss:1.6607, A1_Q_loss:1.4316]
2025-10-23 18:01:15,567 | INFO | [MA-SPI] Stage 2/5 - Q updates 40/100 (current batch 1000) [A0_Q_loss:1.0833, A1_Q_loss:1.1384]
2025-10-23 18:01:15,649 | INFO | [MA-SPI] Stage 2/5 - Q updates 60/100 (current batch 1000) [A0_Q_loss:0.9357, A1_Q_loss:1.0149]
2025-10-23 18:01:15,736 | INFO | [MA-SPI] Stage 2/5 - Q updates 80/100 (current batch 1000) [A0_Q_loss:0.8746, A1_Q_loss:0.9769]
2025-10-23 18:01:15,820 | INFO | [MA-SPI] Stage 2/5 - Q updates 100/100 (current batch 1000) [A0_Q_loss:0.8530, A1_Q_loss:0.9853]
2025-10-23 18:01:15,864 | INFO | [MA-SPI] Stage 2/5 - policy updates 10/50 (current batch 1000) [A0_Policy_loss:0.0158, A1_Policy_loss:0.0072]
2025-10-23 18:01:15,908 | INFO | [MA-SPI] Stage 2/5 - policy updates 20/50 (current batch 1000) [A0_Policy_loss:0.0048, A1_Policy_loss:0.0025]
2025-10-23 18:01:15,941 | INFO | [MA-SPI] Stage 2/5 - policy updates 30/50 (current batch 1000) [A0_Policy_loss:0.0020, A1_Policy_loss:0.0010]
2025-10-23 18:01:15,977 | INFO | [MA-SPI] Stage 2/5 - policy updates 40/50 (current batch 1000) [A0_Policy_loss:0.0006, A1_Policy_loss:0.0004]
2025-10-23 18:01:16,015 | INFO | [MA-SPI] Stage 2/5 - policy updates 50/50 (current batch 1000) [A0_Policy_loss:0.0002, A1_Policy_loss:0.0002]
2025-10-23 18:01:16,015 | INFO | [MA-SPI] Stage 2/5 - completed
2025-10-23 18:01:16,015 | INFO | [MA-SPI] Stage 3/5 - collecting trajectories...
2025-10-23 18:01:16,296 | INFO | [MA-SPI] Stage 3/5 - collected 2/10 episodes
2025-10-23 18:01:16,577 | INFO | [MA-SPI] Stage 3/5 - collected 4/10 episodes
2025-10-23 18:01:16,877 | INFO | [MA-SPI] Stage 3/5 - collected 6/10 episodes
2025-10-23 18:01:17,165 | INFO | [MA-SPI] Stage 3/5 - collected 8/10 episodes
2025-10-23 18:01:17,442 | INFO | [MA-SPI] Stage 3/5 - collected 10/10 episodes
2025-10-23 18:01:17,443 | INFO | [MA-SPI] Stage 3/5 - Agent 0 avg episode reward: 113.400 (std 28.051)
2025-10-23 18:01:17,443 | INFO | [MA-SPI] Stage 3/5 - Agent 1 avg episode reward: 109.100 (std 25.137)
2025-10-23 18:01:17,444 | INFO | [MA-SPI] Stage 3/5 - dataset size: 1000 transitions
2025-10-23 18:01:17,533 | INFO | [MA-SPI] Stage 3/5 - Q updates 20/100 (current batch 1000) [A0_Q_loss:0.7991, A1_Q_loss:0.6151]
2025-10-23 18:01:17,626 | INFO | [MA-SPI] Stage 3/5 - Q updates 40/100 (current batch 1000) [A0_Q_loss:0.8251, A1_Q_loss:0.5328]
2025-10-23 18:01:17,717 | INFO | [MA-SPI] Stage 3/5 - Q updates 60/100 (current batch 1000) [A0_Q_loss:0.7463, A1_Q_loss:0.5244]
2025-10-23 18:01:17,802 | INFO | [MA-SPI] Stage 3/5 - Q updates 80/100 (current batch 1000) [A0_Q_loss:0.7612, A1_Q_loss:0.5156]
2025-10-23 18:01:17,893 | INFO | [MA-SPI] Stage 3/5 - Q updates 100/100 (current batch 1000) [A0_Q_loss:0.7643, A1_Q_loss:0.5197]
2025-10-23 18:01:17,938 | INFO | [MA-SPI] Stage 3/5 - policy updates 10/50 (current batch 1000) [A0_Policy_loss:0.0067, A1_Policy_loss:0.0051]
2025-10-23 18:01:17,977 | INFO | [MA-SPI] Stage 3/5 - policy updates 20/50 (current batch 1000) [A0_Policy_loss:0.0023, A1_Policy_loss:0.0019]
2025-10-23 18:01:18,011 | INFO | [MA-SPI] Stage 3/5 - policy updates 30/50 (current batch 1000) [A0_Policy_loss:0.0008, A1_Policy_loss:0.0007]
2025-10-23 18:01:18,048 | INFO | [MA-SPI] Stage 3/5 - policy updates 40/50 (current batch 1000) [A0_Policy_loss:0.0003, A1_Policy_loss:0.0002]
2025-10-23 18:01:18,089 | INFO | [MA-SPI] Stage 3/5 - policy updates 50/50 (current batch 1000) [A0_Policy_loss:0.0001, A1_Policy_loss:0.0001]
2025-10-23 18:01:18,089 | INFO | [MA-SPI] Stage 3/5 - completed
2025-10-23 18:01:18,089 | INFO | [MA-SPI] Stage 4/5 - collecting trajectories...
2025-10-23 18:01:18,363 | INFO | [MA-SPI] Stage 4/5 - collected 2/10 episodes
2025-10-23 18:01:18,656 | INFO | [MA-SPI] Stage 4/5 - collected 4/10 episodes
2025-10-23 18:01:18,961 | INFO | [MA-SPI] Stage 4/5 - collected 6/10 episodes
2025-10-23 18:01:19,254 | INFO | [MA-SPI] Stage 4/5 - collected 8/10 episodes
2025-10-23 18:01:19,543 | INFO | [MA-SPI] Stage 4/5 - collected 10/10 episodes
2025-10-23 18:01:19,544 | INFO | [MA-SPI] Stage 4/5 - Agent 0 avg episode reward: 112.800 (std 30.225)
2025-10-23 18:01:19,545 | INFO | [MA-SPI] Stage 4/5 - Agent 1 avg episode reward: 98.900 (std 33.721)
2025-10-23 18:01:19,545 | INFO | [MA-SPI] Stage 4/5 - dataset size: 1000 transitions
2025-10-23 18:01:19,648 | INFO | [MA-SPI] Stage 4/5 - Q updates 20/100 (current batch 1000) [A0_Q_loss:0.5955, A1_Q_loss:0.4295]
2025-10-23 18:01:19,750 | INFO | [MA-SPI] Stage 4/5 - Q updates 40/100 (current batch 1000) [A0_Q_loss:0.5255, A1_Q_loss:0.3559]
2025-10-23 18:01:19,847 | INFO | [MA-SPI] Stage 4/5 - Q updates 60/100 (current batch 1000) [A0_Q_loss:0.4722, A1_Q_loss:0.3525]
2025-10-23 18:01:19,952 | INFO | [MA-SPI] Stage 4/5 - Q updates 80/100 (current batch 1000) [A0_Q_loss:0.5347, A1_Q_loss:0.3298]
2025-10-23 18:01:20,035 | INFO | [MA-SPI] Stage 4/5 - Q updates 100/100 (current batch 1000) [A0_Q_loss:0.4735, A1_Q_loss:0.3408]
2025-10-23 18:01:20,078 | INFO | [MA-SPI] Stage 4/5 - policy updates 10/50 (current batch 1000) [A0_Policy_loss:0.0037, A1_Policy_loss:0.0032]
2025-10-23 18:01:20,116 | INFO | [MA-SPI] Stage 4/5 - policy updates 20/50 (current batch 1000) [A0_Policy_loss:0.0011, A1_Policy_loss:0.0010]
2025-10-23 18:01:20,156 | INFO | [MA-SPI] Stage 4/5 - policy updates 30/50 (current batch 1000) [A0_Policy_loss:0.0005, A1_Policy_loss:0.0005]
2025-10-23 18:01:20,194 | INFO | [MA-SPI] Stage 4/5 - policy updates 40/50 (current batch 1000) [A0_Policy_loss:0.0002, A1_Policy_loss:0.0002]
2025-10-23 18:01:20,243 | INFO | [MA-SPI] Stage 4/5 - policy updates 50/50 (current batch 1000) [A0_Policy_loss:0.0001, A1_Policy_loss:0.0001]
2025-10-23 18:01:20,243 | INFO | [MA-SPI] Stage 4/5 - completed
2025-10-23 18:01:20,243 | INFO | [MA-SPI] Stage 5/5 - collecting trajectories...
2025-10-23 18:01:20,518 | INFO | [MA-SPI] Stage 5/5 - collected 2/10 episodes
2025-10-23 18:01:20,792 | INFO | [MA-SPI] Stage 5/5 - collected 4/10 episodes
2025-10-23 18:01:21,066 | INFO | [MA-SPI] Stage 5/5 - collected 6/10 episodes
2025-10-23 18:01:21,370 | INFO | [MA-SPI] Stage 5/5 - collected 8/10 episodes
2025-10-23 18:01:21,673 | INFO | [MA-SPI] Stage 5/5 - collected 10/10 episodes
2025-10-23 18:01:21,674 | INFO | [MA-SPI] Stage 5/5 - Agent 0 avg episode reward: 115.500 (std 18.720)
2025-10-23 18:01:21,674 | INFO | [MA-SPI] Stage 5/5 - Agent 1 avg episode reward: 110.000 (std 23.422)
2025-10-23 18:01:21,675 | INFO | [MA-SPI] Stage 5/5 - dataset size: 1000 transitions
2025-10-23 18:01:21,763 | INFO | [MA-SPI] Stage 5/5 - Q updates 20/100 (current batch 1000) [A0_Q_loss:0.5018, A1_Q_loss:0.4675]
2025-10-23 18:01:21,856 | INFO | [MA-SPI] Stage 5/5 - Q updates 40/100 (current batch 1000) [A0_Q_loss:0.4171, A1_Q_loss:0.4131]
2025-10-23 18:01:21,940 | INFO | [MA-SPI] Stage 5/5 - Q updates 60/100 (current batch 1000) [A0_Q_loss:0.4285, A1_Q_loss:0.3537]
2025-10-23 18:01:22,025 | INFO | [MA-SPI] Stage 5/5 - Q updates 80/100 (current batch 1000) [A0_Q_loss:0.4103, A1_Q_loss:0.4335]
2025-10-23 18:01:22,107 | INFO | [MA-SPI] Stage 5/5 - Q updates 100/100 (current batch 1000) [A0_Q_loss:0.4163, A1_Q_loss:0.4042]
2025-10-23 18:01:22,142 | INFO | [MA-SPI] Stage 5/5 - policy updates 10/50 (current batch 1000) [A0_Policy_loss:0.0023, A1_Policy_loss:0.0031]
2025-10-23 18:01:22,180 | INFO | [MA-SPI] Stage 5/5 - policy updates 20/50 (current batch 1000) [A0_Policy_loss:0.0007, A1_Policy_loss:0.0012]
2025-10-23 18:01:22,214 | INFO | [MA-SPI] Stage 5/5 - policy updates 30/50 (current batch 1000) [A0_Policy_loss:0.0003, A1_Policy_loss:0.0005]
2025-10-23 18:01:22,247 | INFO | [MA-SPI] Stage 5/5 - policy updates 40/50 (current batch 1000) [A0_Policy_loss:0.0001, A1_Policy_loss:0.0002]
2025-10-23 18:01:22,284 | INFO | [MA-SPI] Stage 5/5 - policy updates 50/50 (current batch 1000) [A0_Policy_loss:0.0000, A1_Policy_loss:0.0001]
2025-10-23 18:01:22,284 | INFO | [MA-SPI] Stage 5/5 - completed
2025-10-23 18:01:22,318 | INFO | [Experiment:heterogeneous] MA-SPI completed. Artifacts saved to outputs\heterogeneous\ma_spi
2025-10-23 18:01:22,318 | INFO | [Experiment:heterogeneous] Starting MA-LfL...
2025-10-23 18:01:22,318 | INFO | [MA-LfL] Estimating policies...
2025-10-23 18:01:22,318 | INFO | [MA-LfL][Policy] Stage 1/5 - preparing data
2025-10-23 18:01:22,362 | INFO | [MA-LfL][Policy] Stage 1/5 - Agent 0: 10/10 epochs completed (loss=1.0913, baseline=1.6094)
2025-10-23 18:01:22,390 | INFO | [MA-LfL][Policy] Stage 1/5 - Agent 1: 10/10 epochs completed (loss=1.0798, baseline=1.6094)
2025-10-23 18:01:22,391 | INFO | [MA-LfL][Policy] Stage 2/5 - preparing data
2025-10-23 18:01:22,427 | INFO | [MA-LfL][Policy] Stage 2/5 - Agent 0: 10/10 epochs completed (loss=0.9976, baseline=1.6094)
2025-10-23 18:01:22,448 | INFO | [MA-LfL][Policy] Stage 2/5 - Agent 1: 10/10 epochs completed (loss=0.9760, baseline=1.6094)
2025-10-23 18:01:22,448 | INFO | [MA-LfL][Policy] Stage 3/5 - preparing data
2025-10-23 18:01:22,470 | INFO | [MA-LfL][Policy] Stage 3/5 - Agent 0: 10/10 epochs completed (loss=0.9835, baseline=1.6094)
2025-10-23 18:01:22,489 | INFO | [MA-LfL][Policy] Stage 3/5 - Agent 1: 10/10 epochs completed (loss=1.0029, baseline=1.6094)
2025-10-23 18:01:22,490 | INFO | [MA-LfL][Policy] Stage 4/5 - preparing data
2025-10-23 18:01:22,516 | INFO | [MA-LfL][Policy] Stage 4/5 - Agent 0: 10/10 epochs completed (loss=1.0035, baseline=1.6094)
2025-10-23 18:01:22,540 | INFO | [MA-LfL][Policy] Stage 4/5 - Agent 1: 10/10 epochs completed (loss=1.0177, baseline=1.6094)
2025-10-23 18:01:22,540 | INFO | [MA-LfL][Policy] Stage 5/5 - preparing data
2025-10-23 18:01:22,564 | INFO | [MA-LfL][Policy] Stage 5/5 - Agent 0: 10/10 epochs completed (loss=1.0083, baseline=1.6094)
2025-10-23 18:01:22,591 | INFO | [MA-LfL][Policy] Stage 5/5 - Agent 1: 10/10 epochs completed (loss=1.0069, baseline=1.6094)
2025-10-23 18:01:22,591 | INFO | [MA-LfL] Computing reward targets...
2025-10-23 18:01:22,591 | INFO | [MA-LfL][Targets] Stage 1/4 - Agent 0
2025-10-23 18:01:22,934 | INFO | [MA-LfL][Targets] Stage 1/4 - Agent 1
2025-10-23 18:01:23,256 | INFO | [MA-LfL][Targets] Stage 2/4 - Agent 0
2025-10-23 18:01:23,632 | INFO | [MA-LfL][Targets] Stage 2/4 - Agent 1
2025-10-23 18:01:24,051 | INFO | [MA-LfL][Targets] Stage 3/4 - Agent 0
2025-10-23 18:01:24,473 | INFO | [MA-LfL][Targets] Stage 3/4 - Agent 1
2025-10-23 18:01:24,858 | INFO | [MA-LfL][Targets] Stage 4/4 - Agent 0
2025-10-23 18:01:25,295 | INFO | [MA-LfL][Targets] Stage 4/4 - Agent 1
2025-10-23 18:01:25,770 | INFO | [MA-LfL] Learning rewards...
2025-10-23 18:01:25,782 | INFO | [MA-LfL][Reward] Agent 0 - dataset size=4000 (batch=4000, epochs=10000)
2025-10-23 18:01:37,902 | INFO | [MA-LfL][Reward] Agent 0 - 1000/10000 epochs completed (latest loss=0.7511)
2025-10-23 18:01:50,814 | INFO | [MA-LfL][Reward] Agent 0 - 2000/10000 epochs completed (latest loss=0.7499)
2025-10-23 18:02:02,584 | INFO | [MA-LfL][Reward] Agent 0 - 3000/10000 epochs completed (latest loss=0.7495)
2025-10-23 18:02:13,966 | INFO | [MA-LfL][Reward] Agent 0 - 4000/10000 epochs completed (latest loss=0.7514)
2025-10-23 18:02:25,617 | INFO | [MA-LfL][Reward] Agent 0 - 5000/10000 epochs completed (latest loss=0.7495)
2025-10-23 18:02:37,445 | INFO | [MA-LfL][Reward] Agent 0 - 6000/10000 epochs completed (latest loss=0.7511)
2025-10-23 18:02:49,254 | INFO | [MA-LfL][Reward] Agent 0 - 7000/10000 epochs completed (latest loss=0.7495)
2025-10-23 18:03:02,660 | INFO | [MA-LfL][Reward] Agent 0 - 8000/10000 epochs completed (latest loss=0.7495)
2025-10-23 18:03:13,858 | INFO | [MA-LfL][Reward] Agent 0 - 9000/10000 epochs completed (latest loss=0.7495)
2025-10-23 18:03:24,420 | INFO | [MA-LfL][Reward] Agent 0 - 10000/10000 epochs completed (latest loss=0.7495)
2025-10-23 18:03:24,425 | INFO | [MA-LfL][Reward] Agent 1 - dataset size=4000 (batch=4000, epochs=10000)
2025-10-23 18:03:35,191 | INFO | [MA-LfL][Reward] Agent 1 - 1000/10000 epochs completed (latest loss=0.4232)
2025-10-23 18:03:45,790 | INFO | [MA-LfL][Reward] Agent 1 - 2000/10000 epochs completed (latest loss=0.4235)
2025-10-23 18:03:56,233 | INFO | [MA-LfL][Reward] Agent 1 - 3000/10000 epochs completed (latest loss=0.4227)
2025-10-23 18:04:07,352 | INFO | [MA-LfL][Reward] Agent 1 - 4000/10000 epochs completed (latest loss=0.4227)
2025-10-23 18:04:18,713 | INFO | [MA-LfL][Reward] Agent 1 - 5000/10000 epochs completed (latest loss=0.4237)
2025-10-23 18:04:29,815 | INFO | [MA-LfL][Reward] Agent 1 - 6000/10000 epochs completed (latest loss=0.4227)
2025-10-23 18:04:40,489 | INFO | [MA-LfL][Reward] Agent 1 - 7000/10000 epochs completed (latest loss=0.4227)
2025-10-23 18:04:51,437 | INFO | [MA-LfL][Reward] Agent 1 - 8000/10000 epochs completed (latest loss=0.4261)
2025-10-23 18:05:03,233 | INFO | [MA-LfL][Reward] Agent 1 - 9000/10000 epochs completed (latest loss=0.4227)
2025-10-23 18:05:14,740 | INFO | [MA-LfL][Reward] Agent 1 - 10000/10000 epochs completed (latest loss=0.4227)
2025-10-23 18:05:14,742 | INFO | [MA-LfL] Evaluating rewards...
2025-10-23 18:05:15,568 | INFO | [MA-LfL] Pipeline complete.
2025-10-23 18:05:15,569 | INFO | [Experiment:heterogeneous] MA-LfL completed. Artifacts saved to outputs\heterogeneous\ma_lfl
2025-10-23 18:05:15,569 | INFO | [Experiment:heterogeneous] Agent 0 metrics - Pearson: 0.2307 | Spearman: 0.2279
2025-10-23 18:05:15,569 | INFO | [Experiment:heterogeneous] Agent 1 metrics - Pearson: 0.0292 | Spearman: 0.0754
2025-10-23 18:05:15,569 | INFO | [Experiment:heterogeneous] Trend stages: 1, 2, 3, 4
2025-10-23 18:05:15,569 | INFO | [Experiment:heterogeneous] Trend Pearson: 0.4034, 0.6917, 0.5595, 0.5787
2025-10-23 18:05:15,569 | INFO | [Experiment:heterogeneous] Trend Spearman: 0.4059, 0.6826, 0.6808, 0.5968
2025-10-23 18:05:15,570 | INFO | [Experiment:heterogeneous] Agent 0 correlation >=0.4 ? NO
2025-10-23 18:05:15,570 | INFO | [Experiment:heterogeneous] Agent 1 correlation >=0.4 ? NO
2025-10-23 18:05:15,570 | INFO | [Experiment:heterogeneous] Correlation trend non-decreasing? NO
2025-10-23 18:05:15,572 | INFO | Summary saved to outputs\summary.json
2025-10-23 18:05:15,572 | INFO | Run complete.
