2025-10-24 13:24:52,745 | INFO | Logging initialized. Log file: outputs\logs\run_20251024_132452.log
2025-10-24 13:24:52,746 | INFO | Configuration file: config.yaml
2025-10-24 13:24:52,746 | INFO | Reward families to process: heterogeneous
2025-10-24 13:24:52,746 | INFO | MA-SPI iterations=5, episodes/stage=10, episode_length=100
2025-10-24 13:24:52,746 | INFO | MA-LfL reward epochs=20000, reward batch size=8192
2025-10-24 13:24:52,746 | INFO | Log file located at outputs\logs\run_20251024_132452.log
2025-10-24 13:24:52,747 | INFO | Running experiment for reward family: heterogeneous
2025-10-24 13:24:52,747 | INFO | [Experiment:heterogeneous] Starting MA-SPI...
2025-10-24 13:24:53,664 | INFO | [MA-SPI] Starting run with 5 stages, 10 episodes/stage, episode length 100
2025-10-24 13:24:53,675 | INFO | [MA-SPI] Stage 1/5 - collecting trajectories...
2025-10-24 13:24:54,141 | INFO | [MA-SPI] Stage 1/5 - collected 2/10 episodes
2025-10-24 13:24:54,404 | INFO | [MA-SPI] Stage 1/5 - collected 4/10 episodes
2025-10-24 13:24:54,656 | INFO | [MA-SPI] Stage 1/5 - collected 6/10 episodes
2025-10-24 13:24:54,958 | INFO | [MA-SPI] Stage 1/5 - collected 8/10 episodes
2025-10-24 13:24:55,251 | INFO | [MA-SPI] Stage 1/5 - collected 10/10 episodes
2025-10-24 13:24:55,252 | INFO | [MA-SPI] Stage 1/5 - Agent 0 avg episode reward: -137.400 (std 33.539)
2025-10-24 13:24:55,253 | INFO | [MA-SPI] Stage 1/5 - Agent 1 avg episode reward: -114.900 (std 35.184)
2025-10-24 13:24:55,253 | INFO | [MA-SPI] Stage 1/5 - dataset size: 1000 transitions
2025-10-24 13:24:55,478 | INFO | [MA-SPI] Stage 1/5 - Q updates 20/100 (current batch 1000) [A0_Q_loss:2.7630, A1_Q_loss:3.1812]
2025-10-24 13:24:55,562 | INFO | [MA-SPI] Stage 1/5 - Q updates 40/100 (current batch 1000) [A0_Q_loss:1.3751, A1_Q_loss:1.4296]
2025-10-24 13:24:55,649 | INFO | [MA-SPI] Stage 1/5 - Q updates 60/100 (current batch 1000) [A0_Q_loss:0.8376, A1_Q_loss:1.0367]
2025-10-24 13:24:55,731 | INFO | [MA-SPI] Stage 1/5 - Q updates 80/100 (current batch 1000) [A0_Q_loss:0.5093, A1_Q_loss:0.7529]
2025-10-24 13:24:55,815 | INFO | [MA-SPI] Stage 1/5 - Q updates 100/100 (current batch 1000) [A0_Q_loss:0.4704, A1_Q_loss:0.5672]
2025-10-24 13:24:55,852 | INFO | [MA-SPI] Stage 1/5 - policy updates 10/50 (current batch 1000) [A0_Policy_loss:0.0288, A1_Policy_loss:0.0183]
2025-10-24 13:24:55,887 | INFO | [MA-SPI] Stage 1/5 - policy updates 20/50 (current batch 1000) [A0_Policy_loss:0.0090, A1_Policy_loss:0.0042]
2025-10-24 13:24:55,921 | INFO | [MA-SPI] Stage 1/5 - policy updates 30/50 (current batch 1000) [A0_Policy_loss:0.0034, A1_Policy_loss:0.0015]
2025-10-24 13:24:55,956 | INFO | [MA-SPI] Stage 1/5 - policy updates 40/50 (current batch 1000) [A0_Policy_loss:0.0013, A1_Policy_loss:0.0006]
2025-10-24 13:24:55,991 | INFO | [MA-SPI] Stage 1/5 - policy updates 50/50 (current batch 1000) [A0_Policy_loss:0.0005, A1_Policy_loss:0.0002]
2025-10-24 13:24:55,991 | INFO | [MA-SPI] Stage 1/5 - completed
2025-10-24 13:24:55,991 | INFO | [MA-SPI] Stage 2/5 - collecting trajectories...
2025-10-24 13:24:56,249 | INFO | [MA-SPI] Stage 2/5 - collected 2/10 episodes
2025-10-24 13:24:56,503 | INFO | [MA-SPI] Stage 2/5 - collected 4/10 episodes
2025-10-24 13:24:56,755 | INFO | [MA-SPI] Stage 2/5 - collected 6/10 episodes
2025-10-24 13:24:57,020 | INFO | [MA-SPI] Stage 2/5 - collected 8/10 episodes
2025-10-24 13:24:57,302 | INFO | [MA-SPI] Stage 2/5 - collected 10/10 episodes
2025-10-24 13:24:57,303 | INFO | [MA-SPI] Stage 2/5 - Agent 0 avg episode reward: 67.000 (std 29.783)
2025-10-24 13:24:57,303 | INFO | [MA-SPI] Stage 2/5 - Agent 1 avg episode reward: 47.100 (std 20.535)
2025-10-24 13:24:57,303 | INFO | [MA-SPI] Stage 2/5 - dataset size: 1000 transitions
2025-10-24 13:24:57,391 | INFO | [MA-SPI] Stage 2/5 - Q updates 20/100 (current batch 1000) [A0_Q_loss:1.6607, A1_Q_loss:1.4316]
2025-10-24 13:24:57,473 | INFO | [MA-SPI] Stage 2/5 - Q updates 40/100 (current batch 1000) [A0_Q_loss:1.0833, A1_Q_loss:1.1384]
2025-10-24 13:24:57,560 | INFO | [MA-SPI] Stage 2/5 - Q updates 60/100 (current batch 1000) [A0_Q_loss:0.9357, A1_Q_loss:1.0149]
2025-10-24 13:24:57,638 | INFO | [MA-SPI] Stage 2/5 - Q updates 80/100 (current batch 1000) [A0_Q_loss:0.8746, A1_Q_loss:0.9769]
2025-10-24 13:24:57,716 | INFO | [MA-SPI] Stage 2/5 - Q updates 100/100 (current batch 1000) [A0_Q_loss:0.8530, A1_Q_loss:0.9853]
2025-10-24 13:24:57,750 | INFO | [MA-SPI] Stage 2/5 - policy updates 10/50 (current batch 1000) [A0_Policy_loss:0.0158, A1_Policy_loss:0.0072]
2025-10-24 13:24:57,783 | INFO | [MA-SPI] Stage 2/5 - policy updates 20/50 (current batch 1000) [A0_Policy_loss:0.0048, A1_Policy_loss:0.0025]
2025-10-24 13:24:57,819 | INFO | [MA-SPI] Stage 2/5 - policy updates 30/50 (current batch 1000) [A0_Policy_loss:0.0020, A1_Policy_loss:0.0010]
2025-10-24 13:24:57,853 | INFO | [MA-SPI] Stage 2/5 - policy updates 40/50 (current batch 1000) [A0_Policy_loss:0.0006, A1_Policy_loss:0.0004]
2025-10-24 13:24:57,890 | INFO | [MA-SPI] Stage 2/5 - policy updates 50/50 (current batch 1000) [A0_Policy_loss:0.0002, A1_Policy_loss:0.0002]
2025-10-24 13:24:57,890 | INFO | [MA-SPI] Stage 2/5 - completed
2025-10-24 13:24:57,890 | INFO | [MA-SPI] Stage 3/5 - collecting trajectories...
2025-10-24 13:24:58,141 | INFO | [MA-SPI] Stage 3/5 - collected 2/10 episodes
2025-10-24 13:24:58,386 | INFO | [MA-SPI] Stage 3/5 - collected 4/10 episodes
2025-10-24 13:24:58,657 | INFO | [MA-SPI] Stage 3/5 - collected 6/10 episodes
2025-10-24 13:24:58,903 | INFO | [MA-SPI] Stage 3/5 - collected 8/10 episodes
2025-10-24 13:24:59,140 | INFO | [MA-SPI] Stage 3/5 - collected 10/10 episodes
2025-10-24 13:24:59,142 | INFO | [MA-SPI] Stage 3/5 - Agent 0 avg episode reward: 113.400 (std 28.051)
2025-10-24 13:24:59,142 | INFO | [MA-SPI] Stage 3/5 - Agent 1 avg episode reward: 109.100 (std 25.137)
2025-10-24 13:24:59,142 | INFO | [MA-SPI] Stage 3/5 - dataset size: 1000 transitions
2025-10-24 13:24:59,224 | INFO | [MA-SPI] Stage 3/5 - Q updates 20/100 (current batch 1000) [A0_Q_loss:0.7991, A1_Q_loss:0.6151]
2025-10-24 13:24:59,309 | INFO | [MA-SPI] Stage 3/5 - Q updates 40/100 (current batch 1000) [A0_Q_loss:0.8251, A1_Q_loss:0.5328]
2025-10-24 13:24:59,394 | INFO | [MA-SPI] Stage 3/5 - Q updates 60/100 (current batch 1000) [A0_Q_loss:0.7463, A1_Q_loss:0.5244]
2025-10-24 13:24:59,477 | INFO | [MA-SPI] Stage 3/5 - Q updates 80/100 (current batch 1000) [A0_Q_loss:0.7612, A1_Q_loss:0.5156]
2025-10-24 13:24:59,563 | INFO | [MA-SPI] Stage 3/5 - Q updates 100/100 (current batch 1000) [A0_Q_loss:0.7643, A1_Q_loss:0.5197]
2025-10-24 13:24:59,595 | INFO | [MA-SPI] Stage 3/5 - policy updates 10/50 (current batch 1000) [A0_Policy_loss:0.0067, A1_Policy_loss:0.0051]
2025-10-24 13:24:59,632 | INFO | [MA-SPI] Stage 3/5 - policy updates 20/50 (current batch 1000) [A0_Policy_loss:0.0023, A1_Policy_loss:0.0019]
2025-10-24 13:24:59,664 | INFO | [MA-SPI] Stage 3/5 - policy updates 30/50 (current batch 1000) [A0_Policy_loss:0.0008, A1_Policy_loss:0.0007]
2025-10-24 13:24:59,699 | INFO | [MA-SPI] Stage 3/5 - policy updates 40/50 (current batch 1000) [A0_Policy_loss:0.0003, A1_Policy_loss:0.0002]
2025-10-24 13:24:59,735 | INFO | [MA-SPI] Stage 3/5 - policy updates 50/50 (current batch 1000) [A0_Policy_loss:0.0001, A1_Policy_loss:0.0001]
2025-10-24 13:24:59,735 | INFO | [MA-SPI] Stage 3/5 - completed
2025-10-24 13:24:59,735 | INFO | [MA-SPI] Stage 4/5 - collecting trajectories...
2025-10-24 13:24:59,996 | INFO | [MA-SPI] Stage 4/5 - collected 2/10 episodes
2025-10-24 13:25:00,259 | INFO | [MA-SPI] Stage 4/5 - collected 4/10 episodes
2025-10-24 13:25:00,514 | INFO | [MA-SPI] Stage 4/5 - collected 6/10 episodes
2025-10-24 13:25:00,764 | INFO | [MA-SPI] Stage 4/5 - collected 8/10 episodes
2025-10-24 13:25:01,032 | INFO | [MA-SPI] Stage 4/5 - collected 10/10 episodes
2025-10-24 13:25:01,034 | INFO | [MA-SPI] Stage 4/5 - Agent 0 avg episode reward: 112.800 (std 30.225)
2025-10-24 13:25:01,034 | INFO | [MA-SPI] Stage 4/5 - Agent 1 avg episode reward: 98.900 (std 33.721)
2025-10-24 13:25:01,034 | INFO | [MA-SPI] Stage 4/5 - dataset size: 1000 transitions
2025-10-24 13:25:01,126 | INFO | [MA-SPI] Stage 4/5 - Q updates 20/100 (current batch 1000) [A0_Q_loss:0.5955, A1_Q_loss:0.4295]
2025-10-24 13:25:01,208 | INFO | [MA-SPI] Stage 4/5 - Q updates 40/100 (current batch 1000) [A0_Q_loss:0.5255, A1_Q_loss:0.3559]
2025-10-24 13:25:01,290 | INFO | [MA-SPI] Stage 4/5 - Q updates 60/100 (current batch 1000) [A0_Q_loss:0.4722, A1_Q_loss:0.3525]
2025-10-24 13:25:01,366 | INFO | [MA-SPI] Stage 4/5 - Q updates 80/100 (current batch 1000) [A0_Q_loss:0.5347, A1_Q_loss:0.3298]
2025-10-24 13:25:01,463 | INFO | [MA-SPI] Stage 4/5 - Q updates 100/100 (current batch 1000) [A0_Q_loss:0.4735, A1_Q_loss:0.3408]
2025-10-24 13:25:01,505 | INFO | [MA-SPI] Stage 4/5 - policy updates 10/50 (current batch 1000) [A0_Policy_loss:0.0037, A1_Policy_loss:0.0032]
2025-10-24 13:25:01,548 | INFO | [MA-SPI] Stage 4/5 - policy updates 20/50 (current batch 1000) [A0_Policy_loss:0.0011, A1_Policy_loss:0.0010]
2025-10-24 13:25:01,583 | INFO | [MA-SPI] Stage 4/5 - policy updates 30/50 (current batch 1000) [A0_Policy_loss:0.0005, A1_Policy_loss:0.0005]
2025-10-24 13:25:01,618 | INFO | [MA-SPI] Stage 4/5 - policy updates 40/50 (current batch 1000) [A0_Policy_loss:0.0002, A1_Policy_loss:0.0002]
2025-10-24 13:25:01,653 | INFO | [MA-SPI] Stage 4/5 - policy updates 50/50 (current batch 1000) [A0_Policy_loss:0.0001, A1_Policy_loss:0.0001]
2025-10-24 13:25:01,653 | INFO | [MA-SPI] Stage 4/5 - completed
2025-10-24 13:25:01,653 | INFO | [MA-SPI] Stage 5/5 - collecting trajectories...
2025-10-24 13:25:01,910 | INFO | [MA-SPI] Stage 5/5 - collected 2/10 episodes
2025-10-24 13:25:02,169 | INFO | [MA-SPI] Stage 5/5 - collected 4/10 episodes
2025-10-24 13:25:02,422 | INFO | [MA-SPI] Stage 5/5 - collected 6/10 episodes
2025-10-24 13:25:02,684 | INFO | [MA-SPI] Stage 5/5 - collected 8/10 episodes
2025-10-24 13:25:02,979 | INFO | [MA-SPI] Stage 5/5 - collected 10/10 episodes
2025-10-24 13:25:02,980 | INFO | [MA-SPI] Stage 5/5 - Agent 0 avg episode reward: 115.500 (std 18.720)
2025-10-24 13:25:02,980 | INFO | [MA-SPI] Stage 5/5 - Agent 1 avg episode reward: 110.000 (std 23.422)
2025-10-24 13:25:02,980 | INFO | [MA-SPI] Stage 5/5 - dataset size: 1000 transitions
2025-10-24 13:25:03,066 | INFO | [MA-SPI] Stage 5/5 - Q updates 20/100 (current batch 1000) [A0_Q_loss:0.5018, A1_Q_loss:0.4675]
2025-10-24 13:25:03,149 | INFO | [MA-SPI] Stage 5/5 - Q updates 40/100 (current batch 1000) [A0_Q_loss:0.4171, A1_Q_loss:0.4131]
2025-10-24 13:25:03,237 | INFO | [MA-SPI] Stage 5/5 - Q updates 60/100 (current batch 1000) [A0_Q_loss:0.4285, A1_Q_loss:0.3537]
2025-10-24 13:25:03,317 | INFO | [MA-SPI] Stage 5/5 - Q updates 80/100 (current batch 1000) [A0_Q_loss:0.4103, A1_Q_loss:0.4335]
2025-10-24 13:25:03,395 | INFO | [MA-SPI] Stage 5/5 - Q updates 100/100 (current batch 1000) [A0_Q_loss:0.4163, A1_Q_loss:0.4042]
2025-10-24 13:25:03,428 | INFO | [MA-SPI] Stage 5/5 - policy updates 10/50 (current batch 1000) [A0_Policy_loss:0.0023, A1_Policy_loss:0.0031]
2025-10-24 13:25:03,461 | INFO | [MA-SPI] Stage 5/5 - policy updates 20/50 (current batch 1000) [A0_Policy_loss:0.0007, A1_Policy_loss:0.0012]
2025-10-24 13:25:03,495 | INFO | [MA-SPI] Stage 5/5 - policy updates 30/50 (current batch 1000) [A0_Policy_loss:0.0003, A1_Policy_loss:0.0005]
2025-10-24 13:25:03,531 | INFO | [MA-SPI] Stage 5/5 - policy updates 40/50 (current batch 1000) [A0_Policy_loss:0.0001, A1_Policy_loss:0.0002]
2025-10-24 13:25:03,570 | INFO | [MA-SPI] Stage 5/5 - policy updates 50/50 (current batch 1000) [A0_Policy_loss:0.0000, A1_Policy_loss:0.0001]
2025-10-24 13:25:03,570 | INFO | [MA-SPI] Stage 5/5 - completed
2025-10-24 13:25:03,604 | INFO | [Experiment:heterogeneous] MA-SPI completed. Artifacts saved to outputs\heterogeneous\ma_spi
2025-10-24 13:25:03,605 | INFO | [Experiment:heterogeneous] Starting MA-LfL...
2025-10-24 13:25:03,605 | INFO | [MA-LfL] Estimating policies...
2025-10-24 13:25:03,605 | INFO | [MA-LfL][Policy] Stage 1/5 - preparing data
2025-10-24 13:25:03,627 | INFO | [MA-LfL][Policy] Stage 1/5 - Agent 0: 2/10 epochs completed (loss=3.2695, baseline=1.6094)
2025-10-24 13:25:03,633 | INFO | [MA-LfL][Policy] Stage 1/5 - Agent 0: 4/10 epochs completed (loss=1.4244, baseline=1.6094)
2025-10-24 13:25:03,637 | INFO | [MA-LfL][Policy] Stage 1/5 - Agent 0: 6/10 epochs completed (loss=1.2134, baseline=1.6094)
2025-10-24 13:25:03,642 | INFO | [MA-LfL][Policy] Stage 1/5 - Agent 0: 8/10 epochs completed (loss=1.1068, baseline=1.6094)
2025-10-24 13:25:03,649 | INFO | [MA-LfL][Policy] Stage 1/5 - Agent 0: 10/10 epochs completed (loss=1.0913, baseline=1.6094)
2025-10-24 13:25:03,655 | INFO | [MA-LfL][Policy] Stage 1/5 - Agent 1: 2/10 epochs completed (loss=3.0694, baseline=1.6094)
2025-10-24 13:25:03,660 | INFO | [MA-LfL][Policy] Stage 1/5 - Agent 1: 4/10 epochs completed (loss=1.4800, baseline=1.6094)
2025-10-24 13:25:03,666 | INFO | [MA-LfL][Policy] Stage 1/5 - Agent 1: 6/10 epochs completed (loss=1.2070, baseline=1.6094)
2025-10-24 13:25:03,670 | INFO | [MA-LfL][Policy] Stage 1/5 - Agent 1: 8/10 epochs completed (loss=1.1019, baseline=1.6094)
2025-10-24 13:25:03,674 | INFO | [MA-LfL][Policy] Stage 1/5 - Agent 1: 10/10 epochs completed (loss=1.0798, baseline=1.6094)
2025-10-24 13:25:03,675 | INFO | [MA-LfL][Policy] Stage 2/5 - preparing data
2025-10-24 13:25:03,682 | INFO | [MA-LfL][Policy] Stage 2/5 - Agent 0: 2/10 epochs completed (loss=3.1231, baseline=1.6094)
2025-10-24 13:25:03,687 | INFO | [MA-LfL][Policy] Stage 2/5 - Agent 0: 4/10 epochs completed (loss=2.5654, baseline=1.6094)
2025-10-24 13:25:03,693 | INFO | [MA-LfL][Policy] Stage 2/5 - Agent 0: 6/10 epochs completed (loss=1.2076, baseline=1.6094)
2025-10-24 13:25:03,699 | INFO | [MA-LfL][Policy] Stage 2/5 - Agent 0: 8/10 epochs completed (loss=1.0764, baseline=1.6094)
2025-10-24 13:25:03,704 | INFO | [MA-LfL][Policy] Stage 2/5 - Agent 0: 10/10 epochs completed (loss=0.9976, baseline=1.6094)
2025-10-24 13:25:03,709 | INFO | [MA-LfL][Policy] Stage 2/5 - Agent 1: 2/10 epochs completed (loss=2.4523, baseline=1.6094)
2025-10-24 13:25:03,714 | INFO | [MA-LfL][Policy] Stage 2/5 - Agent 1: 4/10 epochs completed (loss=1.2198, baseline=1.6094)
2025-10-24 13:25:03,718 | INFO | [MA-LfL][Policy] Stage 2/5 - Agent 1: 6/10 epochs completed (loss=1.0589, baseline=1.6094)
2025-10-24 13:25:03,723 | INFO | [MA-LfL][Policy] Stage 2/5 - Agent 1: 8/10 epochs completed (loss=1.0233, baseline=1.6094)
2025-10-24 13:25:03,730 | INFO | [MA-LfL][Policy] Stage 2/5 - Agent 1: 10/10 epochs completed (loss=0.9760, baseline=1.6094)
2025-10-24 13:25:03,730 | INFO | [MA-LfL][Policy] Stage 3/5 - preparing data
2025-10-24 13:25:03,737 | INFO | [MA-LfL][Policy] Stage 3/5 - Agent 0: 2/10 epochs completed (loss=2.6041, baseline=1.6094)
2025-10-24 13:25:03,742 | INFO | [MA-LfL][Policy] Stage 3/5 - Agent 0: 4/10 epochs completed (loss=1.7274, baseline=1.6094)
2025-10-24 13:25:03,748 | INFO | [MA-LfL][Policy] Stage 3/5 - Agent 0: 6/10 epochs completed (loss=1.1143, baseline=1.6094)
2025-10-24 13:25:03,753 | INFO | [MA-LfL][Policy] Stage 3/5 - Agent 0: 8/10 epochs completed (loss=1.0074, baseline=1.6094)
2025-10-24 13:25:03,757 | INFO | [MA-LfL][Policy] Stage 3/5 - Agent 0: 10/10 epochs completed (loss=0.9835, baseline=1.6094)
2025-10-24 13:25:03,765 | INFO | [MA-LfL][Policy] Stage 3/5 - Agent 1: 2/10 epochs completed (loss=5.7030, baseline=1.6094)
2025-10-24 13:25:03,770 | INFO | [MA-LfL][Policy] Stage 3/5 - Agent 1: 4/10 epochs completed (loss=1.6001, baseline=1.6094)
2025-10-24 13:25:03,775 | INFO | [MA-LfL][Policy] Stage 3/5 - Agent 1: 6/10 epochs completed (loss=1.2568, baseline=1.6094)
2025-10-24 13:25:03,782 | INFO | [MA-LfL][Policy] Stage 3/5 - Agent 1: 8/10 epochs completed (loss=1.0344, baseline=1.6094)
2025-10-24 13:25:03,786 | INFO | [MA-LfL][Policy] Stage 3/5 - Agent 1: 10/10 epochs completed (loss=1.0029, baseline=1.6094)
2025-10-24 13:25:03,787 | INFO | [MA-LfL][Policy] Stage 4/5 - preparing data
2025-10-24 13:25:03,796 | INFO | [MA-LfL][Policy] Stage 4/5 - Agent 0: 2/10 epochs completed (loss=2.8728, baseline=1.6094)
2025-10-24 13:25:03,801 | INFO | [MA-LfL][Policy] Stage 4/5 - Agent 0: 4/10 epochs completed (loss=1.6201, baseline=1.6094)
2025-10-24 13:25:03,805 | INFO | [MA-LfL][Policy] Stage 4/5 - Agent 0: 6/10 epochs completed (loss=1.2387, baseline=1.6094)
2025-10-24 13:25:03,809 | INFO | [MA-LfL][Policy] Stage 4/5 - Agent 0: 8/10 epochs completed (loss=1.1303, baseline=1.6094)
2025-10-24 13:25:03,815 | INFO | [MA-LfL][Policy] Stage 4/5 - Agent 0: 10/10 epochs completed (loss=1.0035, baseline=1.6094)
2025-10-24 13:25:03,820 | INFO | [MA-LfL][Policy] Stage 4/5 - Agent 1: 2/10 epochs completed (loss=2.9283, baseline=1.6094)
2025-10-24 13:25:03,823 | INFO | [MA-LfL][Policy] Stage 4/5 - Agent 1: 4/10 epochs completed (loss=1.4339, baseline=1.6094)
2025-10-24 13:25:03,829 | INFO | [MA-LfL][Policy] Stage 4/5 - Agent 1: 6/10 epochs completed (loss=1.0704, baseline=1.6094)
2025-10-24 13:25:03,834 | INFO | [MA-LfL][Policy] Stage 4/5 - Agent 1: 8/10 epochs completed (loss=1.0526, baseline=1.6094)
2025-10-24 13:25:03,838 | INFO | [MA-LfL][Policy] Stage 4/5 - Agent 1: 10/10 epochs completed (loss=1.0177, baseline=1.6094)
2025-10-24 13:25:03,839 | INFO | [MA-LfL][Policy] Stage 5/5 - preparing data
2025-10-24 13:25:03,844 | INFO | [MA-LfL][Policy] Stage 5/5 - Agent 0: 2/10 epochs completed (loss=3.1318, baseline=1.6094)
2025-10-24 13:25:03,850 | INFO | [MA-LfL][Policy] Stage 5/5 - Agent 0: 4/10 epochs completed (loss=1.6561, baseline=1.6094)
2025-10-24 13:25:03,853 | INFO | [MA-LfL][Policy] Stage 5/5 - Agent 0: 6/10 epochs completed (loss=1.0889, baseline=1.6094)
2025-10-24 13:25:03,857 | INFO | [MA-LfL][Policy] Stage 5/5 - Agent 0: 8/10 epochs completed (loss=1.0369, baseline=1.6094)
2025-10-24 13:25:03,864 | INFO | [MA-LfL][Policy] Stage 5/5 - Agent 0: 10/10 epochs completed (loss=1.0083, baseline=1.6094)
2025-10-24 13:25:03,869 | INFO | [MA-LfL][Policy] Stage 5/5 - Agent 1: 2/10 epochs completed (loss=3.7079, baseline=1.6094)
2025-10-24 13:25:03,874 | INFO | [MA-LfL][Policy] Stage 5/5 - Agent 1: 4/10 epochs completed (loss=1.5068, baseline=1.6094)
2025-10-24 13:25:03,878 | INFO | [MA-LfL][Policy] Stage 5/5 - Agent 1: 6/10 epochs completed (loss=1.1110, baseline=1.6094)
2025-10-24 13:25:03,885 | INFO | [MA-LfL][Policy] Stage 5/5 - Agent 1: 8/10 epochs completed (loss=1.0331, baseline=1.6094)
2025-10-24 13:25:03,889 | INFO | [MA-LfL][Policy] Stage 5/5 - Agent 1: 10/10 epochs completed (loss=1.0069, baseline=1.6094)
2025-10-24 13:25:03,890 | INFO | [MA-LfL] Computing reward targets...
2025-10-24 13:25:03,891 | INFO | [MA-LfL][Targets] Stage 1/4 - Agent 0
2025-10-24 13:25:04,235 | INFO | [MA-LfL][Targets] Stage 1/4 - Agent 1
2025-10-24 13:25:04,570 | INFO | [MA-LfL][Targets] Stage 2/4 - Agent 0
2025-10-24 13:25:04,906 | INFO | [MA-LfL][Targets] Stage 2/4 - Agent 1
2025-10-24 13:25:05,266 | INFO | [MA-LfL][Targets] Stage 3/4 - Agent 0
2025-10-24 13:25:05,656 | INFO | [MA-LfL][Targets] Stage 3/4 - Agent 1
2025-10-24 13:25:06,018 | INFO | [MA-LfL][Targets] Stage 4/4 - Agent 0
2025-10-24 13:25:06,403 | INFO | [MA-LfL][Targets] Stage 4/4 - Agent 1
2025-10-24 13:25:06,777 | INFO | [MA-LfL] Learning rewards...
2025-10-24 13:25:06,782 | INFO | [MA-LfL][Reward] Agent 0 - dataset size=4000 (batch=1024, epochs=20000, reward_lr=5.00e-04, shaping_lr=1.00e-05)
2025-10-24 13:26:11,629 | INFO | [MA-LfL][Reward] Agent 0 - 2000/20000 epochs completed (latest loss=1.0353)
2025-10-24 13:27:18,333 | INFO | [MA-LfL][Reward] Agent 0 - 4000/20000 epochs completed (latest loss=1.0237)
2025-10-24 13:28:23,752 | INFO | [MA-LfL][Reward] Agent 0 - 6000/20000 epochs completed (latest loss=1.0242)
2025-10-24 13:29:30,426 | INFO | [MA-LfL][Reward] Agent 0 - 8000/20000 epochs completed (latest loss=1.0281)
2025-10-24 13:30:37,265 | INFO | [MA-LfL][Reward] Agent 0 - 10000/20000 epochs completed (latest loss=1.0184)
2025-10-24 13:31:43,017 | INFO | [MA-LfL][Reward] Agent 0 - 12000/20000 epochs completed (latest loss=1.0219)
2025-10-24 13:32:52,240 | INFO | [MA-LfL][Reward] Agent 0 - 14000/20000 epochs completed (latest loss=1.0227)
2025-10-24 13:33:57,865 | INFO | [MA-LfL][Reward] Agent 0 - 16000/20000 epochs completed (latest loss=1.0236)
2025-10-24 13:35:07,411 | INFO | [MA-LfL][Reward] Agent 0 - 18000/20000 epochs completed (latest loss=1.0243)
2025-10-24 13:36:14,618 | INFO | [MA-LfL][Reward] Agent 0 - 20000/20000 epochs completed (latest loss=1.0303)
2025-10-24 13:36:14,623 | INFO | [MA-LfL][Reward] Agent 1 - dataset size=4000 (batch=1024, epochs=20000, reward_lr=5.00e-04, shaping_lr=1.00e-05)
2025-10-24 13:37:21,157 | INFO | [MA-LfL][Reward] Agent 1 - 2000/20000 epochs completed (latest loss=0.7519)
2025-10-24 13:38:27,165 | INFO | [MA-LfL][Reward] Agent 1 - 4000/20000 epochs completed (latest loss=0.7571)
2025-10-24 13:39:32,863 | INFO | [MA-LfL][Reward] Agent 1 - 6000/20000 epochs completed (latest loss=0.7619)
2025-10-24 13:40:40,157 | INFO | [MA-LfL][Reward] Agent 1 - 8000/20000 epochs completed (latest loss=0.7478)
2025-10-24 13:41:45,493 | INFO | [MA-LfL][Reward] Agent 1 - 10000/20000 epochs completed (latest loss=0.7542)
2025-10-24 13:42:50,500 | INFO | [MA-LfL][Reward] Agent 1 - 12000/20000 epochs completed (latest loss=0.7424)
2025-10-24 13:43:55,949 | INFO | [MA-LfL][Reward] Agent 1 - 14000/20000 epochs completed (latest loss=0.7444)
2025-10-24 13:45:02,471 | INFO | [MA-LfL][Reward] Agent 1 - 16000/20000 epochs completed (latest loss=0.7415)
2025-10-24 13:46:09,031 | INFO | [MA-LfL][Reward] Agent 1 - 18000/20000 epochs completed (latest loss=0.7422)
2025-10-24 13:47:16,080 | INFO | [MA-LfL][Reward] Agent 1 - 20000/20000 epochs completed (latest loss=0.7459)
2025-10-24 13:47:16,083 | INFO | [MA-LfL] Evaluating rewards (bare + shaped)...
2025-10-24 13:47:17,449 | INFO | [MA-LfL] Computing alignment metrics (R_hat + g - gamma*g' vs Y_h)...
2025-10-24 13:47:17,501 | INFO | [MA-LfL] Pipeline complete.
2025-10-24 13:47:17,501 | INFO | [Experiment:heterogeneous] MA-LfL completed. Artifacts saved to outputs\heterogeneous\ma_lfl
2025-10-24 13:47:17,501 | INFO | [Experiment:heterogeneous] Agent 0 metrics - Pearson: -0.2177 | Spearman: -0.1912
2025-10-24 13:47:17,502 | INFO | [Experiment:heterogeneous] Agent 1 metrics - Pearson: -0.0849 | Spearman: -0.0673
2025-10-24 13:47:17,502 | INFO | [Experiment:heterogeneous] Trend stages: 1, 2, 3, 4
2025-10-24 13:47:17,502 | INFO | [Experiment:heterogeneous] Trend Pearson: -0.4034, -0.6917, -0.5595, -0.5787
2025-10-24 13:47:17,502 | INFO | [Experiment:heterogeneous] Trend Spearman: -0.4059, -0.6826, -0.6808, -0.5968
2025-10-24 13:47:17,502 | INFO | [Experiment:heterogeneous] Agent 0 correlation >=0.4 ? NO
2025-10-24 13:47:17,502 | INFO | [Experiment:heterogeneous] Agent 1 correlation >=0.4 ? NO
2025-10-24 13:47:17,502 | INFO | [Experiment:heterogeneous] Correlation trend non-decreasing? NO
2025-10-24 13:47:17,514 | INFO | [Experiment:heterogeneous][bare] Pearson (mean): -0.1513 | Spearman (mean): -0.1293
2025-10-24 13:47:17,515 | INFO | [Experiment:heterogeneous][bare] Agent 0 - Pearson: -0.2177 | Spearman: -0.1912
2025-10-24 13:47:17,515 | INFO | [Experiment:heterogeneous][bare] Agent 1 - Pearson: -0.0849 | Spearman: -0.0673
2025-10-24 13:47:17,515 | INFO | [Experiment:heterogeneous][bare] Trend stages: 1, 2, 3, 4
2025-10-24 13:47:17,515 | INFO | [Experiment:heterogeneous][bare] Trend Pearson: -0.4034, -0.6917, -0.5595, -0.5787
2025-10-24 13:47:17,515 | INFO | [Experiment:heterogeneous][bare] Trend Spearman: -0.4059, -0.6826, -0.6808, -0.5968
2025-10-24 13:47:17,516 | INFO | [Experiment:heterogeneous][shaped] Pearson (mean): -0.1493 | Spearman (mean): -0.1280
2025-10-24 13:47:17,516 | INFO | [Experiment:heterogeneous][shaped] Agent 0 - Pearson: -0.2174 | Spearman: -0.1908
2025-10-24 13:47:17,516 | INFO | [Experiment:heterogeneous][shaped] Agent 1 - Pearson: -0.0812 | Spearman: -0.0651
2025-10-24 13:47:17,516 | INFO | [Experiment:heterogeneous][shaped] Trend stages: 1, 2, 3, 4
2025-10-24 13:47:17,516 | INFO | [Experiment:heterogeneous][shaped] Trend Pearson: -0.4034, -0.6917, -0.5595, -0.5787
2025-10-24 13:47:17,516 | INFO | [Experiment:heterogeneous][shaped] Trend Spearman: -0.4059, -0.6826, -0.6808, -0.5968
2025-10-24 13:47:17,518 | INFO | Summary saved to outputs\summary.json
2025-10-24 13:47:17,518 | INFO | Run complete.
