2025-10-23 20:25:06,503 | INFO | Logging initialized. Log file: outputs\logs\run_20251023_202506.log
2025-10-23 20:25:06,504 | INFO | Configuration file: config.yaml
2025-10-23 20:25:06,504 | INFO | Reward families to process: heterogeneous
2025-10-23 20:25:06,504 | INFO | MA-SPI iterations=5, episodes/stage=10, episode_length=100
2025-10-23 20:25:06,504 | INFO | MA-LfL reward epochs=30000, reward batch size=8192
2025-10-23 20:25:06,504 | INFO | Log file located at outputs\logs\run_20251023_202506.log
2025-10-23 20:25:06,505 | INFO | Running experiment for reward family: heterogeneous
2025-10-23 20:25:06,505 | INFO | [Experiment:heterogeneous] Starting MA-SPI...
2025-10-23 20:25:07,337 | INFO | [MA-SPI] Starting run with 5 stages, 10 episodes/stage, episode length 100
2025-10-23 20:25:07,349 | INFO | [MA-SPI] Stage 1/5 - collecting trajectories...
2025-10-23 20:25:07,815 | INFO | [MA-SPI] Stage 1/5 - collected 2/10 episodes
2025-10-23 20:25:08,080 | INFO | [MA-SPI] Stage 1/5 - collected 4/10 episodes
2025-10-23 20:25:08,367 | INFO | [MA-SPI] Stage 1/5 - collected 6/10 episodes
2025-10-23 20:25:08,659 | INFO | [MA-SPI] Stage 1/5 - collected 8/10 episodes
2025-10-23 20:25:08,931 | INFO | [MA-SPI] Stage 1/5 - collected 10/10 episodes
2025-10-23 20:25:08,933 | INFO | [MA-SPI] Stage 1/5 - Agent 0 avg episode reward: -137.400 (std 33.539)
2025-10-23 20:25:08,933 | INFO | [MA-SPI] Stage 1/5 - Agent 1 avg episode reward: -114.900 (std 35.184)
2025-10-23 20:25:08,933 | INFO | [MA-SPI] Stage 1/5 - dataset size: 1000 transitions
2025-10-23 20:25:09,160 | INFO | [MA-SPI] Stage 1/5 - Q updates 20/100 (current batch 1000) [A0_Q_loss:2.7630, A1_Q_loss:3.1812]
2025-10-23 20:25:09,239 | INFO | [MA-SPI] Stage 1/5 - Q updates 40/100 (current batch 1000) [A0_Q_loss:1.3751, A1_Q_loss:1.4296]
2025-10-23 20:25:09,322 | INFO | [MA-SPI] Stage 1/5 - Q updates 60/100 (current batch 1000) [A0_Q_loss:0.8376, A1_Q_loss:1.0367]
2025-10-23 20:25:09,404 | INFO | [MA-SPI] Stage 1/5 - Q updates 80/100 (current batch 1000) [A0_Q_loss:0.5093, A1_Q_loss:0.7529]
2025-10-23 20:25:09,489 | INFO | [MA-SPI] Stage 1/5 - Q updates 100/100 (current batch 1000) [A0_Q_loss:0.4704, A1_Q_loss:0.5672]
2025-10-23 20:25:09,526 | INFO | [MA-SPI] Stage 1/5 - policy updates 10/50 (current batch 1000) [A0_Policy_loss:0.0288, A1_Policy_loss:0.0183]
2025-10-23 20:25:09,563 | INFO | [MA-SPI] Stage 1/5 - policy updates 20/50 (current batch 1000) [A0_Policy_loss:0.0090, A1_Policy_loss:0.0042]
2025-10-23 20:25:09,597 | INFO | [MA-SPI] Stage 1/5 - policy updates 30/50 (current batch 1000) [A0_Policy_loss:0.0034, A1_Policy_loss:0.0015]
2025-10-23 20:25:09,632 | INFO | [MA-SPI] Stage 1/5 - policy updates 40/50 (current batch 1000) [A0_Policy_loss:0.0013, A1_Policy_loss:0.0006]
2025-10-23 20:25:09,670 | INFO | [MA-SPI] Stage 1/5 - policy updates 50/50 (current batch 1000) [A0_Policy_loss:0.0005, A1_Policy_loss:0.0002]
2025-10-23 20:25:09,671 | INFO | [MA-SPI] Stage 1/5 - completed
2025-10-23 20:25:09,671 | INFO | [MA-SPI] Stage 2/5 - collecting trajectories...
2025-10-23 20:25:09,936 | INFO | [MA-SPI] Stage 2/5 - collected 2/10 episodes
2025-10-23 20:25:10,191 | INFO | [MA-SPI] Stage 2/5 - collected 4/10 episodes
2025-10-23 20:25:10,447 | INFO | [MA-SPI] Stage 2/5 - collected 6/10 episodes
2025-10-23 20:25:10,723 | INFO | [MA-SPI] Stage 2/5 - collected 8/10 episodes
2025-10-23 20:25:10,989 | INFO | [MA-SPI] Stage 2/5 - collected 10/10 episodes
2025-10-23 20:25:10,991 | INFO | [MA-SPI] Stage 2/5 - Agent 0 avg episode reward: 67.000 (std 29.783)
2025-10-23 20:25:10,991 | INFO | [MA-SPI] Stage 2/5 - Agent 1 avg episode reward: 47.100 (std 20.535)
2025-10-23 20:25:10,991 | INFO | [MA-SPI] Stage 2/5 - dataset size: 1000 transitions
2025-10-23 20:25:11,076 | INFO | [MA-SPI] Stage 2/5 - Q updates 20/100 (current batch 1000) [A0_Q_loss:1.6607, A1_Q_loss:1.4316]
2025-10-23 20:25:11,158 | INFO | [MA-SPI] Stage 2/5 - Q updates 40/100 (current batch 1000) [A0_Q_loss:1.0833, A1_Q_loss:1.1384]
2025-10-23 20:25:11,238 | INFO | [MA-SPI] Stage 2/5 - Q updates 60/100 (current batch 1000) [A0_Q_loss:0.9357, A1_Q_loss:1.0149]
2025-10-23 20:25:11,322 | INFO | [MA-SPI] Stage 2/5 - Q updates 80/100 (current batch 1000) [A0_Q_loss:0.8746, A1_Q_loss:0.9769]
2025-10-23 20:25:11,401 | INFO | [MA-SPI] Stage 2/5 - Q updates 100/100 (current batch 1000) [A0_Q_loss:0.8530, A1_Q_loss:0.9853]
2025-10-23 20:25:11,437 | INFO | [MA-SPI] Stage 2/5 - policy updates 10/50 (current batch 1000) [A0_Policy_loss:0.0158, A1_Policy_loss:0.0072]
2025-10-23 20:25:11,471 | INFO | [MA-SPI] Stage 2/5 - policy updates 20/50 (current batch 1000) [A0_Policy_loss:0.0048, A1_Policy_loss:0.0025]
2025-10-23 20:25:11,508 | INFO | [MA-SPI] Stage 2/5 - policy updates 30/50 (current batch 1000) [A0_Policy_loss:0.0020, A1_Policy_loss:0.0010]
2025-10-23 20:25:11,546 | INFO | [MA-SPI] Stage 2/5 - policy updates 40/50 (current batch 1000) [A0_Policy_loss:0.0006, A1_Policy_loss:0.0004]
2025-10-23 20:25:11,581 | INFO | [MA-SPI] Stage 2/5 - policy updates 50/50 (current batch 1000) [A0_Policy_loss:0.0002, A1_Policy_loss:0.0002]
2025-10-23 20:25:11,581 | INFO | [MA-SPI] Stage 2/5 - completed
2025-10-23 20:25:11,581 | INFO | [MA-SPI] Stage 3/5 - collecting trajectories...
2025-10-23 20:25:11,854 | INFO | [MA-SPI] Stage 3/5 - collected 2/10 episodes
2025-10-23 20:25:12,137 | INFO | [MA-SPI] Stage 3/5 - collected 4/10 episodes
2025-10-23 20:25:12,407 | INFO | [MA-SPI] Stage 3/5 - collected 6/10 episodes
2025-10-23 20:25:12,680 | INFO | [MA-SPI] Stage 3/5 - collected 8/10 episodes
2025-10-23 20:25:12,956 | INFO | [MA-SPI] Stage 3/5 - collected 10/10 episodes
2025-10-23 20:25:12,957 | INFO | [MA-SPI] Stage 3/5 - Agent 0 avg episode reward: 113.400 (std 28.051)
2025-10-23 20:25:12,957 | INFO | [MA-SPI] Stage 3/5 - Agent 1 avg episode reward: 109.100 (std 25.137)
2025-10-23 20:25:12,957 | INFO | [MA-SPI] Stage 3/5 - dataset size: 1000 transitions
2025-10-23 20:25:13,037 | INFO | [MA-SPI] Stage 3/5 - Q updates 20/100 (current batch 1000) [A0_Q_loss:0.7991, A1_Q_loss:0.6151]
2025-10-23 20:25:13,114 | INFO | [MA-SPI] Stage 3/5 - Q updates 40/100 (current batch 1000) [A0_Q_loss:0.8251, A1_Q_loss:0.5328]
2025-10-23 20:25:13,197 | INFO | [MA-SPI] Stage 3/5 - Q updates 60/100 (current batch 1000) [A0_Q_loss:0.7463, A1_Q_loss:0.5244]
2025-10-23 20:25:13,276 | INFO | [MA-SPI] Stage 3/5 - Q updates 80/100 (current batch 1000) [A0_Q_loss:0.7612, A1_Q_loss:0.5156]
2025-10-23 20:25:13,361 | INFO | [MA-SPI] Stage 3/5 - Q updates 100/100 (current batch 1000) [A0_Q_loss:0.7643, A1_Q_loss:0.5197]
2025-10-23 20:25:13,400 | INFO | [MA-SPI] Stage 3/5 - policy updates 10/50 (current batch 1000) [A0_Policy_loss:0.0067, A1_Policy_loss:0.0051]
2025-10-23 20:25:13,434 | INFO | [MA-SPI] Stage 3/5 - policy updates 20/50 (current batch 1000) [A0_Policy_loss:0.0023, A1_Policy_loss:0.0019]
2025-10-23 20:25:13,467 | INFO | [MA-SPI] Stage 3/5 - policy updates 30/50 (current batch 1000) [A0_Policy_loss:0.0008, A1_Policy_loss:0.0007]
2025-10-23 20:25:13,500 | INFO | [MA-SPI] Stage 3/5 - policy updates 40/50 (current batch 1000) [A0_Policy_loss:0.0003, A1_Policy_loss:0.0002]
2025-10-23 20:25:13,533 | INFO | [MA-SPI] Stage 3/5 - policy updates 50/50 (current batch 1000) [A0_Policy_loss:0.0001, A1_Policy_loss:0.0001]
2025-10-23 20:25:13,533 | INFO | [MA-SPI] Stage 3/5 - completed
2025-10-23 20:25:13,533 | INFO | [MA-SPI] Stage 4/5 - collecting trajectories...
2025-10-23 20:25:13,808 | INFO | [MA-SPI] Stage 4/5 - collected 2/10 episodes
2025-10-23 20:25:14,071 | INFO | [MA-SPI] Stage 4/5 - collected 4/10 episodes
2025-10-23 20:25:14,345 | INFO | [MA-SPI] Stage 4/5 - collected 6/10 episodes
2025-10-23 20:25:14,667 | INFO | [MA-SPI] Stage 4/5 - collected 8/10 episodes
2025-10-23 20:25:14,989 | INFO | [MA-SPI] Stage 4/5 - collected 10/10 episodes
2025-10-23 20:25:14,991 | INFO | [MA-SPI] Stage 4/5 - Agent 0 avg episode reward: 112.800 (std 30.225)
2025-10-23 20:25:14,991 | INFO | [MA-SPI] Stage 4/5 - Agent 1 avg episode reward: 98.900 (std 33.721)
2025-10-23 20:25:14,991 | INFO | [MA-SPI] Stage 4/5 - dataset size: 1000 transitions
2025-10-23 20:25:15,101 | INFO | [MA-SPI] Stage 4/5 - Q updates 20/100 (current batch 1000) [A0_Q_loss:0.5955, A1_Q_loss:0.4295]
2025-10-23 20:25:15,205 | INFO | [MA-SPI] Stage 4/5 - Q updates 40/100 (current batch 1000) [A0_Q_loss:0.5255, A1_Q_loss:0.3559]
2025-10-23 20:25:15,300 | INFO | [MA-SPI] Stage 4/5 - Q updates 60/100 (current batch 1000) [A0_Q_loss:0.4722, A1_Q_loss:0.3525]
2025-10-23 20:25:15,390 | INFO | [MA-SPI] Stage 4/5 - Q updates 80/100 (current batch 1000) [A0_Q_loss:0.5347, A1_Q_loss:0.3298]
2025-10-23 20:25:15,482 | INFO | [MA-SPI] Stage 4/5 - Q updates 100/100 (current batch 1000) [A0_Q_loss:0.4735, A1_Q_loss:0.3408]
2025-10-23 20:25:15,520 | INFO | [MA-SPI] Stage 4/5 - policy updates 10/50 (current batch 1000) [A0_Policy_loss:0.0037, A1_Policy_loss:0.0032]
2025-10-23 20:25:15,558 | INFO | [MA-SPI] Stage 4/5 - policy updates 20/50 (current batch 1000) [A0_Policy_loss:0.0011, A1_Policy_loss:0.0010]
2025-10-23 20:25:15,597 | INFO | [MA-SPI] Stage 4/5 - policy updates 30/50 (current batch 1000) [A0_Policy_loss:0.0005, A1_Policy_loss:0.0005]
2025-10-23 20:25:15,635 | INFO | [MA-SPI] Stage 4/5 - policy updates 40/50 (current batch 1000) [A0_Policy_loss:0.0002, A1_Policy_loss:0.0002]
2025-10-23 20:25:15,679 | INFO | [MA-SPI] Stage 4/5 - policy updates 50/50 (current batch 1000) [A0_Policy_loss:0.0001, A1_Policy_loss:0.0001]
2025-10-23 20:25:15,679 | INFO | [MA-SPI] Stage 4/5 - completed
2025-10-23 20:25:15,679 | INFO | [MA-SPI] Stage 5/5 - collecting trajectories...
2025-10-23 20:25:15,960 | INFO | [MA-SPI] Stage 5/5 - collected 2/10 episodes
2025-10-23 20:25:16,225 | INFO | [MA-SPI] Stage 5/5 - collected 4/10 episodes
2025-10-23 20:25:16,570 | INFO | [MA-SPI] Stage 5/5 - collected 6/10 episodes
2025-10-23 20:25:16,899 | INFO | [MA-SPI] Stage 5/5 - collected 8/10 episodes
2025-10-23 20:25:17,238 | INFO | [MA-SPI] Stage 5/5 - collected 10/10 episodes
2025-10-23 20:25:17,239 | INFO | [MA-SPI] Stage 5/5 - Agent 0 avg episode reward: 115.500 (std 18.720)
2025-10-23 20:25:17,240 | INFO | [MA-SPI] Stage 5/5 - Agent 1 avg episode reward: 110.000 (std 23.422)
2025-10-23 20:25:17,240 | INFO | [MA-SPI] Stage 5/5 - dataset size: 1000 transitions
2025-10-23 20:25:17,390 | INFO | [MA-SPI] Stage 5/5 - Q updates 20/100 (current batch 1000) [A0_Q_loss:0.5018, A1_Q_loss:0.4675]
2025-10-23 20:25:17,508 | INFO | [MA-SPI] Stage 5/5 - Q updates 40/100 (current batch 1000) [A0_Q_loss:0.4171, A1_Q_loss:0.4131]
2025-10-23 20:25:17,599 | INFO | [MA-SPI] Stage 5/5 - Q updates 60/100 (current batch 1000) [A0_Q_loss:0.4285, A1_Q_loss:0.3537]
2025-10-23 20:25:17,693 | INFO | [MA-SPI] Stage 5/5 - Q updates 80/100 (current batch 1000) [A0_Q_loss:0.4103, A1_Q_loss:0.4335]
2025-10-23 20:25:17,784 | INFO | [MA-SPI] Stage 5/5 - Q updates 100/100 (current batch 1000) [A0_Q_loss:0.4163, A1_Q_loss:0.4042]
2025-10-23 20:25:17,823 | INFO | [MA-SPI] Stage 5/5 - policy updates 10/50 (current batch 1000) [A0_Policy_loss:0.0023, A1_Policy_loss:0.0031]
2025-10-23 20:25:17,858 | INFO | [MA-SPI] Stage 5/5 - policy updates 20/50 (current batch 1000) [A0_Policy_loss:0.0007, A1_Policy_loss:0.0012]
2025-10-23 20:25:17,895 | INFO | [MA-SPI] Stage 5/5 - policy updates 30/50 (current batch 1000) [A0_Policy_loss:0.0003, A1_Policy_loss:0.0005]
2025-10-23 20:25:17,927 | INFO | [MA-SPI] Stage 5/5 - policy updates 40/50 (current batch 1000) [A0_Policy_loss:0.0001, A1_Policy_loss:0.0002]
2025-10-23 20:25:17,965 | INFO | [MA-SPI] Stage 5/5 - policy updates 50/50 (current batch 1000) [A0_Policy_loss:0.0000, A1_Policy_loss:0.0001]
2025-10-23 20:25:17,966 | INFO | [MA-SPI] Stage 5/5 - completed
2025-10-23 20:25:18,002 | INFO | [Experiment:heterogeneous] MA-SPI completed. Artifacts saved to outputs\heterogeneous\ma_spi
2025-10-23 20:25:18,003 | INFO | [Experiment:heterogeneous] Starting MA-LfL...
2025-10-23 20:25:18,003 | INFO | [MA-LfL] Estimating policies...
2025-10-23 20:25:18,003 | INFO | [MA-LfL][Policy] Stage 1/5 - preparing data
2025-10-23 20:25:18,040 | INFO | [MA-LfL][Policy] Stage 1/5 - Agent 0: 10/10 epochs completed (loss=1.0913, baseline=1.6094)
2025-10-23 20:25:18,061 | INFO | [MA-LfL][Policy] Stage 1/5 - Agent 1: 10/10 epochs completed (loss=1.0798, baseline=1.6094)
2025-10-23 20:25:18,062 | INFO | [MA-LfL][Policy] Stage 2/5 - preparing data
2025-10-23 20:25:18,081 | INFO | [MA-LfL][Policy] Stage 2/5 - Agent 0: 10/10 epochs completed (loss=0.9976, baseline=1.6094)
2025-10-23 20:25:18,101 | INFO | [MA-LfL][Policy] Stage 2/5 - Agent 1: 10/10 epochs completed (loss=0.9760, baseline=1.6094)
2025-10-23 20:25:18,102 | INFO | [MA-LfL][Policy] Stage 3/5 - preparing data
2025-10-23 20:25:18,125 | INFO | [MA-LfL][Policy] Stage 3/5 - Agent 0: 10/10 epochs completed (loss=0.9835, baseline=1.6094)
2025-10-23 20:25:18,145 | INFO | [MA-LfL][Policy] Stage 3/5 - Agent 1: 10/10 epochs completed (loss=1.0029, baseline=1.6094)
2025-10-23 20:25:18,145 | INFO | [MA-LfL][Policy] Stage 4/5 - preparing data
2025-10-23 20:25:18,172 | INFO | [MA-LfL][Policy] Stage 4/5 - Agent 0: 10/10 epochs completed (loss=1.0035, baseline=1.6094)
2025-10-23 20:25:18,192 | INFO | [MA-LfL][Policy] Stage 4/5 - Agent 1: 10/10 epochs completed (loss=1.0177, baseline=1.6094)
2025-10-23 20:25:18,192 | INFO | [MA-LfL][Policy] Stage 5/5 - preparing data
2025-10-23 20:25:18,213 | INFO | [MA-LfL][Policy] Stage 5/5 - Agent 0: 10/10 epochs completed (loss=1.0083, baseline=1.6094)
2025-10-23 20:25:18,235 | INFO | [MA-LfL][Policy] Stage 5/5 - Agent 1: 10/10 epochs completed (loss=1.0069, baseline=1.6094)
2025-10-23 20:25:18,235 | INFO | [MA-LfL] Computing reward targets...
2025-10-23 20:25:18,236 | INFO | [MA-LfL][Targets] Stage 1/4 - Agent 0
2025-10-23 20:25:18,627 | INFO | [MA-LfL][Targets] Stage 1/4 - Agent 1
2025-10-23 20:25:19,026 | INFO | [MA-LfL][Targets] Stage 2/4 - Agent 0
2025-10-23 20:25:19,413 | INFO | [MA-LfL][Targets] Stage 2/4 - Agent 1
2025-10-23 20:25:19,831 | INFO | [MA-LfL][Targets] Stage 3/4 - Agent 0
2025-10-23 20:25:20,268 | INFO | [MA-LfL][Targets] Stage 3/4 - Agent 1
2025-10-23 20:25:20,697 | INFO | [MA-LfL][Targets] Stage 4/4 - Agent 0
2025-10-23 20:25:21,126 | INFO | [MA-LfL][Targets] Stage 4/4 - Agent 1
2025-10-23 20:25:21,557 | INFO | [MA-LfL] Learning rewards...
2025-10-23 20:25:21,565 | INFO | [MA-LfL][Reward] Agent 0 - dataset size=4000 (batch=4000, epochs=30000)
2025-10-23 20:25:52,833 | INFO | [MA-LfL][Reward] Agent 0 - 3000/30000 epochs completed (latest loss=0.8270)
2025-10-23 20:26:24,392 | INFO | [MA-LfL][Reward] Agent 0 - 6000/30000 epochs completed (latest loss=0.8270)
2025-10-23 20:26:55,016 | INFO | [MA-LfL][Reward] Agent 0 - 9000/30000 epochs completed (latest loss=0.8270)
2025-10-23 20:27:30,850 | INFO | [MA-LfL][Reward] Agent 0 - 12000/30000 epochs completed (latest loss=0.8270)
2025-10-23 20:28:05,582 | INFO | [MA-LfL][Reward] Agent 0 - 15000/30000 epochs completed (latest loss=0.8270)
2025-10-23 20:28:42,250 | INFO | [MA-LfL][Reward] Agent 0 - 18000/30000 epochs completed (latest loss=0.8270)
2025-10-23 20:29:15,626 | INFO | [MA-LfL][Reward] Agent 0 - 21000/30000 epochs completed (latest loss=0.8270)
2025-10-23 20:29:49,094 | INFO | [MA-LfL][Reward] Agent 0 - 24000/30000 epochs completed (latest loss=0.8270)
2025-10-23 20:30:25,242 | INFO | [MA-LfL][Reward] Agent 0 - 27000/30000 epochs completed (latest loss=0.8270)
2025-10-23 20:31:00,493 | INFO | [MA-LfL][Reward] Agent 0 - 30000/30000 epochs completed (latest loss=0.8271)
2025-10-23 20:31:00,499 | INFO | [MA-LfL][Reward] Agent 1 - dataset size=4000 (batch=4000, epochs=30000)
2025-10-23 20:31:36,041 | INFO | [MA-LfL][Reward] Agent 1 - 3000/30000 epochs completed (latest loss=0.5063)
2025-10-23 20:32:11,082 | INFO | [MA-LfL][Reward] Agent 1 - 6000/30000 epochs completed (latest loss=0.5063)
2025-10-23 20:33:19,761 | INFO | [MA-LfL][Reward] Agent 1 - 9000/30000 epochs completed (latest loss=0.5064)
2025-10-23 20:34:33,731 | INFO | [MA-LfL][Reward] Agent 1 - 12000/30000 epochs completed (latest loss=0.5099)
2025-10-23 20:35:48,426 | INFO | [MA-LfL][Reward] Agent 1 - 15000/30000 epochs completed (latest loss=0.5063)
2025-10-23 20:37:01,716 | INFO | [MA-LfL][Reward] Agent 1 - 18000/30000 epochs completed (latest loss=0.5063)
2025-10-23 20:38:14,040 | INFO | [MA-LfL][Reward] Agent 1 - 21000/30000 epochs completed (latest loss=0.5063)
2025-10-23 20:39:27,509 | INFO | [MA-LfL][Reward] Agent 1 - 24000/30000 epochs completed (latest loss=0.5119)
2025-10-23 20:40:10,985 | INFO | [MA-LfL][Reward] Agent 1 - 27000/30000 epochs completed (latest loss=0.5063)
2025-10-23 20:40:44,683 | INFO | [MA-LfL][Reward] Agent 1 - 30000/30000 epochs completed (latest loss=0.5063)
2025-10-23 20:40:44,685 | INFO | [MA-LfL] Evaluating rewards...
2025-10-23 20:40:45,457 | INFO | [MA-LfL] Pipeline complete.
2025-10-23 20:40:45,457 | INFO | [Experiment:heterogeneous] MA-LfL completed. Artifacts saved to outputs\heterogeneous\ma_lfl
2025-10-23 20:40:45,458 | INFO | [Experiment:heterogeneous] Agent 0 metrics - Pearson: 0.2612 | Spearman: 0.2742
2025-10-23 20:40:45,458 | INFO | [Experiment:heterogeneous] Agent 1 metrics - Pearson: 0.0574 | Spearman: 0.0723
2025-10-23 20:40:45,458 | INFO | [Experiment:heterogeneous] Trend stages: 1, 2, 3, 4
2025-10-23 20:40:45,458 | INFO | [Experiment:heterogeneous] Trend Pearson: 0.4034, 0.6917, 0.5595, 0.5787
2025-10-23 20:40:45,458 | INFO | [Experiment:heterogeneous] Trend Spearman: 0.4059, 0.6826, 0.6808, 0.5968
2025-10-23 20:40:45,458 | INFO | [Experiment:heterogeneous] Agent 0 correlation >=0.4 ? NO
2025-10-23 20:40:45,458 | INFO | [Experiment:heterogeneous] Agent 1 correlation >=0.4 ? NO
2025-10-23 20:40:45,459 | INFO | [Experiment:heterogeneous] Correlation trend non-decreasing? NO
2025-10-23 20:40:45,460 | INFO | Summary saved to outputs\summary.json
2025-10-23 20:40:45,460 | INFO | Run complete.
