2025-10-24 11:17:21,820 | INFO | Logging initialized. Log file: outputs\logs\run_20251024_111721.log
2025-10-24 11:17:21,820 | INFO | Configuration file: config.yaml
2025-10-24 11:17:21,820 | INFO | Reward families to process: heterogeneous
2025-10-24 11:17:21,820 | INFO | MA-SPI iterations=5, episodes/stage=10, episode_length=100
2025-10-24 11:17:21,821 | INFO | MA-LfL reward epochs=20000, reward batch size=8192
2025-10-24 11:17:21,821 | INFO | Log file located at outputs\logs\run_20251024_111721.log
2025-10-24 11:17:21,821 | INFO | Running experiment for reward family: heterogeneous
2025-10-24 11:17:21,821 | INFO | [Experiment:heterogeneous] Starting MA-SPI...
2025-10-24 11:17:22,695 | INFO | [MA-SPI] Starting run with 5 stages, 10 episodes/stage, episode length 100
2025-10-24 11:17:22,708 | INFO | [MA-SPI] Stage 1/5 - collecting trajectories...
2025-10-24 11:17:23,176 | INFO | [MA-SPI] Stage 1/5 - collected 2/10 episodes
2025-10-24 11:17:23,449 | INFO | [MA-SPI] Stage 1/5 - collected 4/10 episodes
2025-10-24 11:17:23,705 | INFO | [MA-SPI] Stage 1/5 - collected 6/10 episodes
2025-10-24 11:17:23,974 | INFO | [MA-SPI] Stage 1/5 - collected 8/10 episodes
2025-10-24 11:17:24,254 | INFO | [MA-SPI] Stage 1/5 - collected 10/10 episodes
2025-10-24 11:17:24,255 | INFO | [MA-SPI] Stage 1/5 - Agent 0 avg episode reward: -137.400 (std 33.539)
2025-10-24 11:17:24,255 | INFO | [MA-SPI] Stage 1/5 - Agent 1 avg episode reward: -114.900 (std 35.184)
2025-10-24 11:17:24,255 | INFO | [MA-SPI] Stage 1/5 - dataset size: 1000 transitions
2025-10-24 11:17:24,503 | INFO | [MA-SPI] Stage 1/5 - Q updates 20/100 (current batch 1000) [A0_Q_loss:2.7630, A1_Q_loss:3.1812]
2025-10-24 11:17:24,614 | INFO | [MA-SPI] Stage 1/5 - Q updates 40/100 (current batch 1000) [A0_Q_loss:1.3751, A1_Q_loss:1.4296]
2025-10-24 11:17:24,721 | INFO | [MA-SPI] Stage 1/5 - Q updates 60/100 (current batch 1000) [A0_Q_loss:0.8376, A1_Q_loss:1.0367]
2025-10-24 11:17:24,831 | INFO | [MA-SPI] Stage 1/5 - Q updates 80/100 (current batch 1000) [A0_Q_loss:0.5093, A1_Q_loss:0.7529]
2025-10-24 11:17:24,928 | INFO | [MA-SPI] Stage 1/5 - Q updates 100/100 (current batch 1000) [A0_Q_loss:0.4704, A1_Q_loss:0.5672]
2025-10-24 11:17:24,965 | INFO | [MA-SPI] Stage 1/5 - policy updates 10/50 (current batch 1000) [A0_Policy_loss:0.0288, A1_Policy_loss:0.0183]
2025-10-24 11:17:24,999 | INFO | [MA-SPI] Stage 1/5 - policy updates 20/50 (current batch 1000) [A0_Policy_loss:0.0090, A1_Policy_loss:0.0042]
2025-10-24 11:17:25,030 | INFO | [MA-SPI] Stage 1/5 - policy updates 30/50 (current batch 1000) [A0_Policy_loss:0.0034, A1_Policy_loss:0.0015]
2025-10-24 11:17:25,064 | INFO | [MA-SPI] Stage 1/5 - policy updates 40/50 (current batch 1000) [A0_Policy_loss:0.0013, A1_Policy_loss:0.0006]
2025-10-24 11:17:25,098 | INFO | [MA-SPI] Stage 1/5 - policy updates 50/50 (current batch 1000) [A0_Policy_loss:0.0005, A1_Policy_loss:0.0002]
2025-10-24 11:17:25,098 | INFO | [MA-SPI] Stage 1/5 - completed
2025-10-24 11:17:25,098 | INFO | [MA-SPI] Stage 2/5 - collecting trajectories...
2025-10-24 11:17:25,349 | INFO | [MA-SPI] Stage 2/5 - collected 2/10 episodes
2025-10-24 11:17:25,608 | INFO | [MA-SPI] Stage 2/5 - collected 4/10 episodes
2025-10-24 11:17:25,849 | INFO | [MA-SPI] Stage 2/5 - collected 6/10 episodes
2025-10-24 11:17:26,120 | INFO | [MA-SPI] Stage 2/5 - collected 8/10 episodes
2025-10-24 11:17:26,379 | INFO | [MA-SPI] Stage 2/5 - collected 10/10 episodes
2025-10-24 11:17:26,380 | INFO | [MA-SPI] Stage 2/5 - Agent 0 avg episode reward: 67.000 (std 29.783)
2025-10-24 11:17:26,380 | INFO | [MA-SPI] Stage 2/5 - Agent 1 avg episode reward: 47.100 (std 20.535)
2025-10-24 11:17:26,381 | INFO | [MA-SPI] Stage 2/5 - dataset size: 1000 transitions
2025-10-24 11:17:26,458 | INFO | [MA-SPI] Stage 2/5 - Q updates 20/100 (current batch 1000) [A0_Q_loss:1.6607, A1_Q_loss:1.4316]
2025-10-24 11:17:26,543 | INFO | [MA-SPI] Stage 2/5 - Q updates 40/100 (current batch 1000) [A0_Q_loss:1.0833, A1_Q_loss:1.1384]
2025-10-24 11:17:26,626 | INFO | [MA-SPI] Stage 2/5 - Q updates 60/100 (current batch 1000) [A0_Q_loss:0.9357, A1_Q_loss:1.0149]
2025-10-24 11:17:26,705 | INFO | [MA-SPI] Stage 2/5 - Q updates 80/100 (current batch 1000) [A0_Q_loss:0.8746, A1_Q_loss:0.9769]
2025-10-24 11:17:26,788 | INFO | [MA-SPI] Stage 2/5 - Q updates 100/100 (current batch 1000) [A0_Q_loss:0.8530, A1_Q_loss:0.9853]
2025-10-24 11:17:26,821 | INFO | [MA-SPI] Stage 2/5 - policy updates 10/50 (current batch 1000) [A0_Policy_loss:0.0158, A1_Policy_loss:0.0072]
2025-10-24 11:17:26,857 | INFO | [MA-SPI] Stage 2/5 - policy updates 20/50 (current batch 1000) [A0_Policy_loss:0.0048, A1_Policy_loss:0.0025]
2025-10-24 11:17:26,891 | INFO | [MA-SPI] Stage 2/5 - policy updates 30/50 (current batch 1000) [A0_Policy_loss:0.0020, A1_Policy_loss:0.0010]
2025-10-24 11:17:26,923 | INFO | [MA-SPI] Stage 2/5 - policy updates 40/50 (current batch 1000) [A0_Policy_loss:0.0006, A1_Policy_loss:0.0004]
2025-10-24 11:17:26,958 | INFO | [MA-SPI] Stage 2/5 - policy updates 50/50 (current batch 1000) [A0_Policy_loss:0.0002, A1_Policy_loss:0.0002]
2025-10-24 11:17:26,958 | INFO | [MA-SPI] Stage 2/5 - completed
2025-10-24 11:17:26,959 | INFO | [MA-SPI] Stage 3/5 - collecting trajectories...
2025-10-24 11:17:27,211 | INFO | [MA-SPI] Stage 3/5 - collected 2/10 episodes
2025-10-24 11:17:27,478 | INFO | [MA-SPI] Stage 3/5 - collected 4/10 episodes
2025-10-24 11:17:27,777 | INFO | [MA-SPI] Stage 3/5 - collected 6/10 episodes
2025-10-24 11:17:28,067 | INFO | [MA-SPI] Stage 3/5 - collected 8/10 episodes
2025-10-24 11:17:28,321 | INFO | [MA-SPI] Stage 3/5 - collected 10/10 episodes
2025-10-24 11:17:28,322 | INFO | [MA-SPI] Stage 3/5 - Agent 0 avg episode reward: 113.400 (std 28.051)
2025-10-24 11:17:28,323 | INFO | [MA-SPI] Stage 3/5 - Agent 1 avg episode reward: 109.100 (std 25.137)
2025-10-24 11:17:28,323 | INFO | [MA-SPI] Stage 3/5 - dataset size: 1000 transitions
2025-10-24 11:17:28,405 | INFO | [MA-SPI] Stage 3/5 - Q updates 20/100 (current batch 1000) [A0_Q_loss:0.7991, A1_Q_loss:0.6151]
2025-10-24 11:17:28,484 | INFO | [MA-SPI] Stage 3/5 - Q updates 40/100 (current batch 1000) [A0_Q_loss:0.8251, A1_Q_loss:0.5328]
2025-10-24 11:17:28,580 | INFO | [MA-SPI] Stage 3/5 - Q updates 60/100 (current batch 1000) [A0_Q_loss:0.7463, A1_Q_loss:0.5244]
2025-10-24 11:17:28,679 | INFO | [MA-SPI] Stage 3/5 - Q updates 80/100 (current batch 1000) [A0_Q_loss:0.7612, A1_Q_loss:0.5156]
2025-10-24 11:17:28,778 | INFO | [MA-SPI] Stage 3/5 - Q updates 100/100 (current batch 1000) [A0_Q_loss:0.7643, A1_Q_loss:0.5197]
2025-10-24 11:17:28,812 | INFO | [MA-SPI] Stage 3/5 - policy updates 10/50 (current batch 1000) [A0_Policy_loss:0.0067, A1_Policy_loss:0.0051]
2025-10-24 11:17:28,845 | INFO | [MA-SPI] Stage 3/5 - policy updates 20/50 (current batch 1000) [A0_Policy_loss:0.0023, A1_Policy_loss:0.0019]
2025-10-24 11:17:28,877 | INFO | [MA-SPI] Stage 3/5 - policy updates 30/50 (current batch 1000) [A0_Policy_loss:0.0008, A1_Policy_loss:0.0007]
2025-10-24 11:17:28,922 | INFO | [MA-SPI] Stage 3/5 - policy updates 40/50 (current batch 1000) [A0_Policy_loss:0.0003, A1_Policy_loss:0.0002]
2025-10-24 11:17:28,961 | INFO | [MA-SPI] Stage 3/5 - policy updates 50/50 (current batch 1000) [A0_Policy_loss:0.0001, A1_Policy_loss:0.0001]
2025-10-24 11:17:28,961 | INFO | [MA-SPI] Stage 3/5 - completed
2025-10-24 11:17:28,961 | INFO | [MA-SPI] Stage 4/5 - collecting trajectories...
2025-10-24 11:17:29,242 | INFO | [MA-SPI] Stage 4/5 - collected 2/10 episodes
2025-10-24 11:17:29,520 | INFO | [MA-SPI] Stage 4/5 - collected 4/10 episodes
2025-10-24 11:17:29,799 | INFO | [MA-SPI] Stage 4/5 - collected 6/10 episodes
2025-10-24 11:17:30,069 | INFO | [MA-SPI] Stage 4/5 - collected 8/10 episodes
2025-10-24 11:17:30,343 | INFO | [MA-SPI] Stage 4/5 - collected 10/10 episodes
2025-10-24 11:17:30,344 | INFO | [MA-SPI] Stage 4/5 - Agent 0 avg episode reward: 112.800 (std 30.225)
2025-10-24 11:17:30,344 | INFO | [MA-SPI] Stage 4/5 - Agent 1 avg episode reward: 98.900 (std 33.721)
2025-10-24 11:17:30,344 | INFO | [MA-SPI] Stage 4/5 - dataset size: 1000 transitions
2025-10-24 11:17:30,462 | INFO | [MA-SPI] Stage 4/5 - Q updates 20/100 (current batch 1000) [A0_Q_loss:0.5955, A1_Q_loss:0.4295]
2025-10-24 11:17:30,564 | INFO | [MA-SPI] Stage 4/5 - Q updates 40/100 (current batch 1000) [A0_Q_loss:0.5255, A1_Q_loss:0.3559]
2025-10-24 11:17:30,666 | INFO | [MA-SPI] Stage 4/5 - Q updates 60/100 (current batch 1000) [A0_Q_loss:0.4722, A1_Q_loss:0.3525]
2025-10-24 11:17:30,764 | INFO | [MA-SPI] Stage 4/5 - Q updates 80/100 (current batch 1000) [A0_Q_loss:0.5347, A1_Q_loss:0.3298]
2025-10-24 11:17:30,864 | INFO | [MA-SPI] Stage 4/5 - Q updates 100/100 (current batch 1000) [A0_Q_loss:0.4735, A1_Q_loss:0.3408]
2025-10-24 11:17:30,914 | INFO | [MA-SPI] Stage 4/5 - policy updates 10/50 (current batch 1000) [A0_Policy_loss:0.0037, A1_Policy_loss:0.0032]
2025-10-24 11:17:30,957 | INFO | [MA-SPI] Stage 4/5 - policy updates 20/50 (current batch 1000) [A0_Policy_loss:0.0011, A1_Policy_loss:0.0010]
2025-10-24 11:17:30,999 | INFO | [MA-SPI] Stage 4/5 - policy updates 30/50 (current batch 1000) [A0_Policy_loss:0.0005, A1_Policy_loss:0.0005]
2025-10-24 11:17:31,040 | INFO | [MA-SPI] Stage 4/5 - policy updates 40/50 (current batch 1000) [A0_Policy_loss:0.0002, A1_Policy_loss:0.0002]
2025-10-24 11:17:31,079 | INFO | [MA-SPI] Stage 4/5 - policy updates 50/50 (current batch 1000) [A0_Policy_loss:0.0001, A1_Policy_loss:0.0001]
2025-10-24 11:17:31,079 | INFO | [MA-SPI] Stage 4/5 - completed
2025-10-24 11:17:31,079 | INFO | [MA-SPI] Stage 5/5 - collecting trajectories...
2025-10-24 11:17:31,344 | INFO | [MA-SPI] Stage 5/5 - collected 2/10 episodes
2025-10-24 11:17:31,623 | INFO | [MA-SPI] Stage 5/5 - collected 4/10 episodes
2025-10-24 11:17:31,897 | INFO | [MA-SPI] Stage 5/5 - collected 6/10 episodes
2025-10-24 11:17:32,161 | INFO | [MA-SPI] Stage 5/5 - collected 8/10 episodes
2025-10-24 11:17:32,421 | INFO | [MA-SPI] Stage 5/5 - collected 10/10 episodes
2025-10-24 11:17:32,422 | INFO | [MA-SPI] Stage 5/5 - Agent 0 avg episode reward: 115.500 (std 18.720)
2025-10-24 11:17:32,423 | INFO | [MA-SPI] Stage 5/5 - Agent 1 avg episode reward: 110.000 (std 23.422)
2025-10-24 11:17:32,423 | INFO | [MA-SPI] Stage 5/5 - dataset size: 1000 transitions
2025-10-24 11:17:32,518 | INFO | [MA-SPI] Stage 5/5 - Q updates 20/100 (current batch 1000) [A0_Q_loss:0.5018, A1_Q_loss:0.4675]
2025-10-24 11:17:32,637 | INFO | [MA-SPI] Stage 5/5 - Q updates 40/100 (current batch 1000) [A0_Q_loss:0.4171, A1_Q_loss:0.4131]
2025-10-24 11:17:32,727 | INFO | [MA-SPI] Stage 5/5 - Q updates 60/100 (current batch 1000) [A0_Q_loss:0.4285, A1_Q_loss:0.3537]
2025-10-24 11:17:32,817 | INFO | [MA-SPI] Stage 5/5 - Q updates 80/100 (current batch 1000) [A0_Q_loss:0.4103, A1_Q_loss:0.4335]
2025-10-24 11:17:32,911 | INFO | [MA-SPI] Stage 5/5 - Q updates 100/100 (current batch 1000) [A0_Q_loss:0.4163, A1_Q_loss:0.4042]
2025-10-24 11:17:32,961 | INFO | [MA-SPI] Stage 5/5 - policy updates 10/50 (current batch 1000) [A0_Policy_loss:0.0023, A1_Policy_loss:0.0031]
2025-10-24 11:17:33,006 | INFO | [MA-SPI] Stage 5/5 - policy updates 20/50 (current batch 1000) [A0_Policy_loss:0.0007, A1_Policy_loss:0.0012]
2025-10-24 11:17:33,048 | INFO | [MA-SPI] Stage 5/5 - policy updates 30/50 (current batch 1000) [A0_Policy_loss:0.0003, A1_Policy_loss:0.0005]
2025-10-24 11:17:33,093 | INFO | [MA-SPI] Stage 5/5 - policy updates 40/50 (current batch 1000) [A0_Policy_loss:0.0001, A1_Policy_loss:0.0002]
2025-10-24 11:17:33,133 | INFO | [MA-SPI] Stage 5/5 - policy updates 50/50 (current batch 1000) [A0_Policy_loss:0.0000, A1_Policy_loss:0.0001]
2025-10-24 11:17:33,133 | INFO | [MA-SPI] Stage 5/5 - completed
2025-10-24 11:17:33,169 | INFO | [Experiment:heterogeneous] MA-SPI completed. Artifacts saved to outputs\heterogeneous\ma_spi
2025-10-24 11:17:33,170 | INFO | [Experiment:heterogeneous] Starting MA-LfL...
2025-10-24 11:17:33,170 | INFO | [MA-LfL] Estimating policies...
2025-10-24 11:17:33,170 | INFO | [MA-LfL][Policy] Stage 1/5 - preparing data
2025-10-24 11:17:33,198 | INFO | [MA-LfL][Policy] Stage 1/5 - Agent 0: 2/10 epochs completed (loss=3.2695, baseline=1.6094)
2025-10-24 11:17:33,204 | INFO | [MA-LfL][Policy] Stage 1/5 - Agent 0: 4/10 epochs completed (loss=1.4244, baseline=1.6094)
2025-10-24 11:17:33,216 | INFO | [MA-LfL][Policy] Stage 1/5 - Agent 0: 6/10 epochs completed (loss=1.2134, baseline=1.6094)
2025-10-24 11:17:33,221 | INFO | [MA-LfL][Policy] Stage 1/5 - Agent 0: 8/10 epochs completed (loss=1.1068, baseline=1.6094)
2025-10-24 11:17:33,225 | INFO | [MA-LfL][Policy] Stage 1/5 - Agent 0: 10/10 epochs completed (loss=1.0913, baseline=1.6094)
2025-10-24 11:17:33,232 | INFO | [MA-LfL][Policy] Stage 1/5 - Agent 1: 2/10 epochs completed (loss=3.0694, baseline=1.6094)
2025-10-24 11:17:33,241 | INFO | [MA-LfL][Policy] Stage 1/5 - Agent 1: 4/10 epochs completed (loss=1.4800, baseline=1.6094)
2025-10-24 11:17:33,248 | INFO | [MA-LfL][Policy] Stage 1/5 - Agent 1: 6/10 epochs completed (loss=1.2070, baseline=1.6094)
2025-10-24 11:17:33,256 | INFO | [MA-LfL][Policy] Stage 1/5 - Agent 1: 8/10 epochs completed (loss=1.1019, baseline=1.6094)
2025-10-24 11:17:33,263 | INFO | [MA-LfL][Policy] Stage 1/5 - Agent 1: 10/10 epochs completed (loss=1.0798, baseline=1.6094)
2025-10-24 11:17:33,263 | INFO | [MA-LfL][Policy] Stage 2/5 - preparing data
2025-10-24 11:17:33,271 | INFO | [MA-LfL][Policy] Stage 2/5 - Agent 0: 2/10 epochs completed (loss=3.1231, baseline=1.6094)
2025-10-24 11:17:33,277 | INFO | [MA-LfL][Policy] Stage 2/5 - Agent 0: 4/10 epochs completed (loss=2.5654, baseline=1.6094)
2025-10-24 11:17:33,282 | INFO | [MA-LfL][Policy] Stage 2/5 - Agent 0: 6/10 epochs completed (loss=1.2076, baseline=1.6094)
2025-10-24 11:17:33,287 | INFO | [MA-LfL][Policy] Stage 2/5 - Agent 0: 8/10 epochs completed (loss=1.0764, baseline=1.6094)
2025-10-24 11:17:33,297 | INFO | [MA-LfL][Policy] Stage 2/5 - Agent 0: 10/10 epochs completed (loss=0.9976, baseline=1.6094)
2025-10-24 11:17:33,303 | INFO | [MA-LfL][Policy] Stage 2/5 - Agent 1: 2/10 epochs completed (loss=2.4523, baseline=1.6094)
2025-10-24 11:17:33,310 | INFO | [MA-LfL][Policy] Stage 2/5 - Agent 1: 4/10 epochs completed (loss=1.2198, baseline=1.6094)
2025-10-24 11:17:33,314 | INFO | [MA-LfL][Policy] Stage 2/5 - Agent 1: 6/10 epochs completed (loss=1.0589, baseline=1.6094)
2025-10-24 11:17:33,320 | INFO | [MA-LfL][Policy] Stage 2/5 - Agent 1: 8/10 epochs completed (loss=1.0233, baseline=1.6094)
2025-10-24 11:17:33,330 | INFO | [MA-LfL][Policy] Stage 2/5 - Agent 1: 10/10 epochs completed (loss=0.9760, baseline=1.6094)
2025-10-24 11:17:33,331 | INFO | [MA-LfL][Policy] Stage 3/5 - preparing data
2025-10-24 11:17:33,336 | INFO | [MA-LfL][Policy] Stage 3/5 - Agent 0: 2/10 epochs completed (loss=2.6041, baseline=1.6094)
2025-10-24 11:17:33,342 | INFO | [MA-LfL][Policy] Stage 3/5 - Agent 0: 4/10 epochs completed (loss=1.7274, baseline=1.6094)
2025-10-24 11:17:33,347 | INFO | [MA-LfL][Policy] Stage 3/5 - Agent 0: 6/10 epochs completed (loss=1.1143, baseline=1.6094)
2025-10-24 11:17:33,350 | INFO | [MA-LfL][Policy] Stage 3/5 - Agent 0: 8/10 epochs completed (loss=1.0074, baseline=1.6094)
2025-10-24 11:17:33,354 | INFO | [MA-LfL][Policy] Stage 3/5 - Agent 0: 10/10 epochs completed (loss=0.9835, baseline=1.6094)
2025-10-24 11:17:33,364 | INFO | [MA-LfL][Policy] Stage 3/5 - Agent 1: 2/10 epochs completed (loss=5.7030, baseline=1.6094)
2025-10-24 11:17:33,368 | INFO | [MA-LfL][Policy] Stage 3/5 - Agent 1: 4/10 epochs completed (loss=1.6001, baseline=1.6094)
2025-10-24 11:17:33,371 | INFO | [MA-LfL][Policy] Stage 3/5 - Agent 1: 6/10 epochs completed (loss=1.2568, baseline=1.6094)
2025-10-24 11:17:33,377 | INFO | [MA-LfL][Policy] Stage 3/5 - Agent 1: 8/10 epochs completed (loss=1.0344, baseline=1.6094)
2025-10-24 11:17:33,385 | INFO | [MA-LfL][Policy] Stage 3/5 - Agent 1: 10/10 epochs completed (loss=1.0029, baseline=1.6094)
2025-10-24 11:17:33,385 | INFO | [MA-LfL][Policy] Stage 4/5 - preparing data
2025-10-24 11:17:33,396 | INFO | [MA-LfL][Policy] Stage 4/5 - Agent 0: 2/10 epochs completed (loss=2.8728, baseline=1.6094)
2025-10-24 11:17:33,401 | INFO | [MA-LfL][Policy] Stage 4/5 - Agent 0: 4/10 epochs completed (loss=1.6201, baseline=1.6094)
2025-10-24 11:17:33,408 | INFO | [MA-LfL][Policy] Stage 4/5 - Agent 0: 6/10 epochs completed (loss=1.2387, baseline=1.6094)
2025-10-24 11:17:33,415 | INFO | [MA-LfL][Policy] Stage 4/5 - Agent 0: 8/10 epochs completed (loss=1.1303, baseline=1.6094)
2025-10-24 11:17:33,424 | INFO | [MA-LfL][Policy] Stage 4/5 - Agent 0: 10/10 epochs completed (loss=1.0035, baseline=1.6094)
2025-10-24 11:17:33,434 | INFO | [MA-LfL][Policy] Stage 4/5 - Agent 1: 2/10 epochs completed (loss=2.9283, baseline=1.6094)
2025-10-24 11:17:33,444 | INFO | [MA-LfL][Policy] Stage 4/5 - Agent 1: 4/10 epochs completed (loss=1.4339, baseline=1.6094)
2025-10-24 11:17:33,453 | INFO | [MA-LfL][Policy] Stage 4/5 - Agent 1: 6/10 epochs completed (loss=1.0704, baseline=1.6094)
2025-10-24 11:17:33,461 | INFO | [MA-LfL][Policy] Stage 4/5 - Agent 1: 8/10 epochs completed (loss=1.0526, baseline=1.6094)
2025-10-24 11:17:33,466 | INFO | [MA-LfL][Policy] Stage 4/5 - Agent 1: 10/10 epochs completed (loss=1.0177, baseline=1.6094)
2025-10-24 11:17:33,467 | INFO | [MA-LfL][Policy] Stage 5/5 - preparing data
2025-10-24 11:17:33,478 | INFO | [MA-LfL][Policy] Stage 5/5 - Agent 0: 2/10 epochs completed (loss=3.1318, baseline=1.6094)
2025-10-24 11:17:33,488 | INFO | [MA-LfL][Policy] Stage 5/5 - Agent 0: 4/10 epochs completed (loss=1.6561, baseline=1.6094)
2025-10-24 11:17:33,496 | INFO | [MA-LfL][Policy] Stage 5/5 - Agent 0: 6/10 epochs completed (loss=1.0889, baseline=1.6094)
2025-10-24 11:17:33,507 | INFO | [MA-LfL][Policy] Stage 5/5 - Agent 0: 8/10 epochs completed (loss=1.0369, baseline=1.6094)
2025-10-24 11:17:33,516 | INFO | [MA-LfL][Policy] Stage 5/5 - Agent 0: 10/10 epochs completed (loss=1.0083, baseline=1.6094)
2025-10-24 11:17:33,526 | INFO | [MA-LfL][Policy] Stage 5/5 - Agent 1: 2/10 epochs completed (loss=3.7079, baseline=1.6094)
2025-10-24 11:17:33,534 | INFO | [MA-LfL][Policy] Stage 5/5 - Agent 1: 4/10 epochs completed (loss=1.5068, baseline=1.6094)
2025-10-24 11:17:33,547 | INFO | [MA-LfL][Policy] Stage 5/5 - Agent 1: 6/10 epochs completed (loss=1.1110, baseline=1.6094)
2025-10-24 11:17:33,559 | INFO | [MA-LfL][Policy] Stage 5/5 - Agent 1: 8/10 epochs completed (loss=1.0331, baseline=1.6094)
2025-10-24 11:17:33,565 | INFO | [MA-LfL][Policy] Stage 5/5 - Agent 1: 10/10 epochs completed (loss=1.0069, baseline=1.6094)
2025-10-24 11:17:33,566 | INFO | [MA-LfL] Computing reward targets...
2025-10-24 11:17:33,566 | INFO | [MA-LfL][Targets] Stage 1/4 - Agent 0
2025-10-24 11:17:34,033 | INFO | [MA-LfL][Targets] Stage 1/4 - Agent 1
2025-10-24 11:17:34,463 | INFO | [MA-LfL][Targets] Stage 2/4 - Agent 0
2025-10-24 11:17:34,884 | INFO | [MA-LfL][Targets] Stage 2/4 - Agent 1
2025-10-24 11:17:35,308 | INFO | [MA-LfL][Targets] Stage 3/4 - Agent 0
2025-10-24 11:17:35,722 | INFO | [MA-LfL][Targets] Stage 3/4 - Agent 1
2025-10-24 11:17:36,144 | INFO | [MA-LfL][Targets] Stage 4/4 - Agent 0
2025-10-24 11:17:36,524 | INFO | [MA-LfL][Targets] Stage 4/4 - Agent 1
2025-10-24 11:17:36,910 | INFO | [MA-LfL] Learning rewards...
2025-10-24 11:17:36,914 | INFO | [MA-LfL][Reward] Agent 0 - dataset size=4000 (batch=1024, epochs=20000, reward_lr=5.00e-04, shaping_lr=1.00e-05)
2025-10-24 11:18:54,376 | INFO | [MA-LfL][Reward] Agent 0 - 2000/20000 epochs completed (latest loss=1.0353)
2025-10-24 11:20:02,872 | INFO | [MA-LfL][Reward] Agent 0 - 4000/20000 epochs completed (latest loss=1.0237)
2025-10-24 11:21:11,184 | INFO | [MA-LfL][Reward] Agent 0 - 6000/20000 epochs completed (latest loss=1.0242)
2025-10-24 11:22:20,468 | INFO | [MA-LfL][Reward] Agent 0 - 8000/20000 epochs completed (latest loss=1.0281)
2025-10-24 11:23:29,331 | INFO | [MA-LfL][Reward] Agent 0 - 10000/20000 epochs completed (latest loss=1.0184)
2025-10-24 11:24:41,613 | INFO | [MA-LfL][Reward] Agent 0 - 12000/20000 epochs completed (latest loss=1.0219)
2025-10-24 11:25:58,412 | INFO | [MA-LfL][Reward] Agent 0 - 14000/20000 epochs completed (latest loss=1.0227)
2025-10-24 11:27:11,179 | INFO | [MA-LfL][Reward] Agent 0 - 16000/20000 epochs completed (latest loss=1.0236)
2025-10-24 11:28:32,750 | INFO | [MA-LfL][Reward] Agent 0 - 18000/20000 epochs completed (latest loss=1.0243)
2025-10-24 11:29:44,637 | INFO | [MA-LfL][Reward] Agent 0 - 20000/20000 epochs completed (latest loss=1.0303)
2025-10-24 11:29:44,641 | INFO | [MA-LfL][Reward] Agent 1 - dataset size=4000 (batch=1024, epochs=20000, reward_lr=5.00e-04, shaping_lr=1.00e-05)
2025-10-24 11:31:01,341 | INFO | [MA-LfL][Reward] Agent 1 - 2000/20000 epochs completed (latest loss=0.7519)
2025-10-24 11:32:15,339 | INFO | [MA-LfL][Reward] Agent 1 - 4000/20000 epochs completed (latest loss=0.7571)
2025-10-24 11:33:29,905 | INFO | [MA-LfL][Reward] Agent 1 - 6000/20000 epochs completed (latest loss=0.7619)
2025-10-24 11:34:44,369 | INFO | [MA-LfL][Reward] Agent 1 - 8000/20000 epochs completed (latest loss=0.7478)
2025-10-24 11:35:54,753 | INFO | [MA-LfL][Reward] Agent 1 - 10000/20000 epochs completed (latest loss=0.7542)
2025-10-24 11:37:08,303 | INFO | [MA-LfL][Reward] Agent 1 - 12000/20000 epochs completed (latest loss=0.7424)
2025-10-24 11:38:17,796 | INFO | [MA-LfL][Reward] Agent 1 - 14000/20000 epochs completed (latest loss=0.7444)
2025-10-24 11:39:29,400 | INFO | [MA-LfL][Reward] Agent 1 - 16000/20000 epochs completed (latest loss=0.7415)
2025-10-24 11:40:39,212 | INFO | [MA-LfL][Reward] Agent 1 - 18000/20000 epochs completed (latest loss=0.7422)
2025-10-24 11:41:49,208 | INFO | [MA-LfL][Reward] Agent 1 - 20000/20000 epochs completed (latest loss=0.7459)
2025-10-24 11:41:49,209 | INFO | [MA-LfL] Evaluating rewards...
2025-10-24 11:41:49,934 | INFO | [MA-LfL] Computing alignment metrics (R_hat + g - gamma*g' vs Y_h)...
2025-10-24 11:41:49,981 | INFO | [MA-LfL] Pipeline complete.
2025-10-24 11:41:49,981 | INFO | [Experiment:heterogeneous] MA-LfL completed. Artifacts saved to outputs\heterogeneous\ma_lfl
2025-10-24 11:41:49,982 | INFO | [Experiment:heterogeneous] Agent 0 metrics - Pearson: -0.2177 | Spearman: -0.1912
2025-10-24 11:41:49,982 | INFO | [Experiment:heterogeneous] Agent 1 metrics - Pearson: -0.0849 | Spearman: -0.0673
2025-10-24 11:41:49,982 | INFO | [Experiment:heterogeneous] Trend stages: 1, 2, 3, 4
2025-10-24 11:41:49,982 | INFO | [Experiment:heterogeneous] Trend Pearson: -0.4034, -0.6917, -0.5595, -0.5787
2025-10-24 11:41:49,982 | INFO | [Experiment:heterogeneous] Trend Spearman: -0.4059, -0.6826, -0.6808, -0.5968
2025-10-24 11:41:49,982 | INFO | [Experiment:heterogeneous] Agent 0 correlation >=0.4 ? NO
2025-10-24 11:41:49,982 | INFO | [Experiment:heterogeneous] Agent 1 correlation >=0.4 ? NO
2025-10-24 11:41:49,982 | INFO | [Experiment:heterogeneous] Correlation trend non-decreasing? NO
2025-10-24 11:41:49,983 | INFO | Summary saved to outputs\summary.json
2025-10-24 11:41:49,983 | INFO | Run complete.
