2025-10-23 21:06:48,403 | INFO | Logging initialized. Log file: outputs\logs\run_20251023_210648.log
2025-10-23 21:06:48,403 | INFO | Configuration file: config.yaml
2025-10-23 21:06:48,403 | INFO | Reward families to process: heterogeneous
2025-10-23 21:06:48,403 | INFO | MA-SPI iterations=5, episodes/stage=10, episode_length=100
2025-10-23 21:06:48,404 | INFO | MA-LfL reward epochs=5000, reward batch size=8192
2025-10-23 21:06:48,404 | INFO | Log file located at outputs\logs\run_20251023_210648.log
2025-10-23 21:06:48,404 | INFO | Running experiment for reward family: heterogeneous
2025-10-23 21:06:48,404 | INFO | [Experiment:heterogeneous] Starting MA-SPI...
2025-10-23 21:06:49,207 | INFO | [MA-SPI] Starting run with 5 stages, 10 episodes/stage, episode length 100
2025-10-23 21:06:49,218 | INFO | [MA-SPI] Stage 1/5 - collecting trajectories...
2025-10-23 21:06:49,685 | INFO | [MA-SPI] Stage 1/5 - collected 2/10 episodes
2025-10-23 21:06:49,957 | INFO | [MA-SPI] Stage 1/5 - collected 4/10 episodes
2025-10-23 21:06:50,238 | INFO | [MA-SPI] Stage 1/5 - collected 6/10 episodes
2025-10-23 21:06:50,510 | INFO | [MA-SPI] Stage 1/5 - collected 8/10 episodes
2025-10-23 21:06:50,792 | INFO | [MA-SPI] Stage 1/5 - collected 10/10 episodes
2025-10-23 21:06:50,793 | INFO | [MA-SPI] Stage 1/5 - Agent 0 avg episode reward: -137.400 (std 33.539)
2025-10-23 21:06:50,793 | INFO | [MA-SPI] Stage 1/5 - Agent 1 avg episode reward: -114.900 (std 35.184)
2025-10-23 21:06:50,793 | INFO | [MA-SPI] Stage 1/5 - dataset size: 1000 transitions
2025-10-23 21:06:51,021 | INFO | [MA-SPI] Stage 1/5 - Q updates 20/100 (current batch 1000) [A0_Q_loss:2.7630, A1_Q_loss:3.1812]
2025-10-23 21:06:51,102 | INFO | [MA-SPI] Stage 1/5 - Q updates 40/100 (current batch 1000) [A0_Q_loss:1.3751, A1_Q_loss:1.4296]
2025-10-23 21:06:51,183 | INFO | [MA-SPI] Stage 1/5 - Q updates 60/100 (current batch 1000) [A0_Q_loss:0.8376, A1_Q_loss:1.0367]
2025-10-23 21:06:51,261 | INFO | [MA-SPI] Stage 1/5 - Q updates 80/100 (current batch 1000) [A0_Q_loss:0.5093, A1_Q_loss:0.7529]
2025-10-23 21:06:51,343 | INFO | [MA-SPI] Stage 1/5 - Q updates 100/100 (current batch 1000) [A0_Q_loss:0.4704, A1_Q_loss:0.5672]
2025-10-23 21:06:51,385 | INFO | [MA-SPI] Stage 1/5 - policy updates 10/50 (current batch 1000) [A0_Policy_loss:0.0288, A1_Policy_loss:0.0183]
2025-10-23 21:06:51,420 | INFO | [MA-SPI] Stage 1/5 - policy updates 20/50 (current batch 1000) [A0_Policy_loss:0.0090, A1_Policy_loss:0.0042]
2025-10-23 21:06:51,453 | INFO | [MA-SPI] Stage 1/5 - policy updates 30/50 (current batch 1000) [A0_Policy_loss:0.0034, A1_Policy_loss:0.0015]
2025-10-23 21:06:51,487 | INFO | [MA-SPI] Stage 1/5 - policy updates 40/50 (current batch 1000) [A0_Policy_loss:0.0013, A1_Policy_loss:0.0006]
2025-10-23 21:06:51,522 | INFO | [MA-SPI] Stage 1/5 - policy updates 50/50 (current batch 1000) [A0_Policy_loss:0.0005, A1_Policy_loss:0.0002]
2025-10-23 21:06:51,522 | INFO | [MA-SPI] Stage 1/5 - completed
2025-10-23 21:06:51,522 | INFO | [MA-SPI] Stage 2/5 - collecting trajectories...
2025-10-23 21:06:51,786 | INFO | [MA-SPI] Stage 2/5 - collected 2/10 episodes
2025-10-23 21:06:52,068 | INFO | [MA-SPI] Stage 2/5 - collected 4/10 episodes
2025-10-23 21:06:52,337 | INFO | [MA-SPI] Stage 2/5 - collected 6/10 episodes
2025-10-23 21:06:52,610 | INFO | [MA-SPI] Stage 2/5 - collected 8/10 episodes
2025-10-23 21:06:52,891 | INFO | [MA-SPI] Stage 2/5 - collected 10/10 episodes
2025-10-23 21:06:52,892 | INFO | [MA-SPI] Stage 2/5 - Agent 0 avg episode reward: 67.000 (std 29.783)
2025-10-23 21:06:52,893 | INFO | [MA-SPI] Stage 2/5 - Agent 1 avg episode reward: 47.100 (std 20.535)
2025-10-23 21:06:52,893 | INFO | [MA-SPI] Stage 2/5 - dataset size: 1000 transitions
2025-10-23 21:06:52,977 | INFO | [MA-SPI] Stage 2/5 - Q updates 20/100 (current batch 1000) [A0_Q_loss:1.6607, A1_Q_loss:1.4316]
2025-10-23 21:06:53,057 | INFO | [MA-SPI] Stage 2/5 - Q updates 40/100 (current batch 1000) [A0_Q_loss:1.0833, A1_Q_loss:1.1384]
2025-10-23 21:06:53,139 | INFO | [MA-SPI] Stage 2/5 - Q updates 60/100 (current batch 1000) [A0_Q_loss:0.9357, A1_Q_loss:1.0149]
2025-10-23 21:06:53,223 | INFO | [MA-SPI] Stage 2/5 - Q updates 80/100 (current batch 1000) [A0_Q_loss:0.8746, A1_Q_loss:0.9769]
2025-10-23 21:06:53,301 | INFO | [MA-SPI] Stage 2/5 - Q updates 100/100 (current batch 1000) [A0_Q_loss:0.8530, A1_Q_loss:0.9853]
2025-10-23 21:06:53,336 | INFO | [MA-SPI] Stage 2/5 - policy updates 10/50 (current batch 1000) [A0_Policy_loss:0.0158, A1_Policy_loss:0.0072]
2025-10-23 21:06:53,370 | INFO | [MA-SPI] Stage 2/5 - policy updates 20/50 (current batch 1000) [A0_Policy_loss:0.0048, A1_Policy_loss:0.0025]
2025-10-23 21:06:53,404 | INFO | [MA-SPI] Stage 2/5 - policy updates 30/50 (current batch 1000) [A0_Policy_loss:0.0020, A1_Policy_loss:0.0010]
2025-10-23 21:06:53,438 | INFO | [MA-SPI] Stage 2/5 - policy updates 40/50 (current batch 1000) [A0_Policy_loss:0.0006, A1_Policy_loss:0.0004]
2025-10-23 21:06:53,471 | INFO | [MA-SPI] Stage 2/5 - policy updates 50/50 (current batch 1000) [A0_Policy_loss:0.0002, A1_Policy_loss:0.0002]
2025-10-23 21:06:53,471 | INFO | [MA-SPI] Stage 2/5 - completed
2025-10-23 21:06:53,472 | INFO | [MA-SPI] Stage 3/5 - collecting trajectories...
2025-10-23 21:06:53,739 | INFO | [MA-SPI] Stage 3/5 - collected 2/10 episodes
2025-10-23 21:06:54,019 | INFO | [MA-SPI] Stage 3/5 - collected 4/10 episodes
2025-10-23 21:06:54,287 | INFO | [MA-SPI] Stage 3/5 - collected 6/10 episodes
2025-10-23 21:06:54,548 | INFO | [MA-SPI] Stage 3/5 - collected 8/10 episodes
2025-10-23 21:06:54,801 | INFO | [MA-SPI] Stage 3/5 - collected 10/10 episodes
2025-10-23 21:06:54,803 | INFO | [MA-SPI] Stage 3/5 - Agent 0 avg episode reward: 113.400 (std 28.051)
2025-10-23 21:06:54,803 | INFO | [MA-SPI] Stage 3/5 - Agent 1 avg episode reward: 109.100 (std 25.137)
2025-10-23 21:06:54,803 | INFO | [MA-SPI] Stage 3/5 - dataset size: 1000 transitions
2025-10-23 21:06:54,885 | INFO | [MA-SPI] Stage 3/5 - Q updates 20/100 (current batch 1000) [A0_Q_loss:0.7991, A1_Q_loss:0.6151]
2025-10-23 21:06:54,963 | INFO | [MA-SPI] Stage 3/5 - Q updates 40/100 (current batch 1000) [A0_Q_loss:0.8251, A1_Q_loss:0.5328]
2025-10-23 21:06:55,041 | INFO | [MA-SPI] Stage 3/5 - Q updates 60/100 (current batch 1000) [A0_Q_loss:0.7463, A1_Q_loss:0.5244]
2025-10-23 21:06:55,117 | INFO | [MA-SPI] Stage 3/5 - Q updates 80/100 (current batch 1000) [A0_Q_loss:0.7612, A1_Q_loss:0.5156]
2025-10-23 21:06:55,197 | INFO | [MA-SPI] Stage 3/5 - Q updates 100/100 (current batch 1000) [A0_Q_loss:0.7643, A1_Q_loss:0.5197]
2025-10-23 21:06:55,234 | INFO | [MA-SPI] Stage 3/5 - policy updates 10/50 (current batch 1000) [A0_Policy_loss:0.0067, A1_Policy_loss:0.0051]
2025-10-23 21:06:55,267 | INFO | [MA-SPI] Stage 3/5 - policy updates 20/50 (current batch 1000) [A0_Policy_loss:0.0023, A1_Policy_loss:0.0019]
2025-10-23 21:06:55,300 | INFO | [MA-SPI] Stage 3/5 - policy updates 30/50 (current batch 1000) [A0_Policy_loss:0.0008, A1_Policy_loss:0.0007]
2025-10-23 21:06:55,337 | INFO | [MA-SPI] Stage 3/5 - policy updates 40/50 (current batch 1000) [A0_Policy_loss:0.0003, A1_Policy_loss:0.0002]
2025-10-23 21:06:55,372 | INFO | [MA-SPI] Stage 3/5 - policy updates 50/50 (current batch 1000) [A0_Policy_loss:0.0001, A1_Policy_loss:0.0001]
2025-10-23 21:06:55,372 | INFO | [MA-SPI] Stage 3/5 - completed
2025-10-23 21:06:55,372 | INFO | [MA-SPI] Stage 4/5 - collecting trajectories...
2025-10-23 21:06:55,618 | INFO | [MA-SPI] Stage 4/5 - collected 2/10 episodes
2025-10-23 21:06:55,866 | INFO | [MA-SPI] Stage 4/5 - collected 4/10 episodes
2025-10-23 21:06:56,124 | INFO | [MA-SPI] Stage 4/5 - collected 6/10 episodes
2025-10-23 21:06:56,382 | INFO | [MA-SPI] Stage 4/5 - collected 8/10 episodes
2025-10-23 21:06:56,642 | INFO | [MA-SPI] Stage 4/5 - collected 10/10 episodes
2025-10-23 21:06:56,643 | INFO | [MA-SPI] Stage 4/5 - Agent 0 avg episode reward: 112.800 (std 30.225)
2025-10-23 21:06:56,643 | INFO | [MA-SPI] Stage 4/5 - Agent 1 avg episode reward: 98.900 (std 33.721)
2025-10-23 21:06:56,643 | INFO | [MA-SPI] Stage 4/5 - dataset size: 1000 transitions
2025-10-23 21:06:56,727 | INFO | [MA-SPI] Stage 4/5 - Q updates 20/100 (current batch 1000) [A0_Q_loss:0.5955, A1_Q_loss:0.4295]
2025-10-23 21:06:56,815 | INFO | [MA-SPI] Stage 4/5 - Q updates 40/100 (current batch 1000) [A0_Q_loss:0.5255, A1_Q_loss:0.3559]
2025-10-23 21:06:56,896 | INFO | [MA-SPI] Stage 4/5 - Q updates 60/100 (current batch 1000) [A0_Q_loss:0.4722, A1_Q_loss:0.3525]
2025-10-23 21:06:56,977 | INFO | [MA-SPI] Stage 4/5 - Q updates 80/100 (current batch 1000) [A0_Q_loss:0.5347, A1_Q_loss:0.3298]
2025-10-23 21:06:57,058 | INFO | [MA-SPI] Stage 4/5 - Q updates 100/100 (current batch 1000) [A0_Q_loss:0.4735, A1_Q_loss:0.3408]
2025-10-23 21:06:57,092 | INFO | [MA-SPI] Stage 4/5 - policy updates 10/50 (current batch 1000) [A0_Policy_loss:0.0037, A1_Policy_loss:0.0032]
2025-10-23 21:06:57,125 | INFO | [MA-SPI] Stage 4/5 - policy updates 20/50 (current batch 1000) [A0_Policy_loss:0.0011, A1_Policy_loss:0.0010]
2025-10-23 21:06:57,161 | INFO | [MA-SPI] Stage 4/5 - policy updates 30/50 (current batch 1000) [A0_Policy_loss:0.0005, A1_Policy_loss:0.0005]
2025-10-23 21:06:57,194 | INFO | [MA-SPI] Stage 4/5 - policy updates 40/50 (current batch 1000) [A0_Policy_loss:0.0002, A1_Policy_loss:0.0002]
2025-10-23 21:06:57,229 | INFO | [MA-SPI] Stage 4/5 - policy updates 50/50 (current batch 1000) [A0_Policy_loss:0.0001, A1_Policy_loss:0.0001]
2025-10-23 21:06:57,229 | INFO | [MA-SPI] Stage 4/5 - completed
2025-10-23 21:06:57,229 | INFO | [MA-SPI] Stage 5/5 - collecting trajectories...
2025-10-23 21:06:57,496 | INFO | [MA-SPI] Stage 5/5 - collected 2/10 episodes
2025-10-23 21:06:57,773 | INFO | [MA-SPI] Stage 5/5 - collected 4/10 episodes
2025-10-23 21:06:58,045 | INFO | [MA-SPI] Stage 5/5 - collected 6/10 episodes
2025-10-23 21:06:58,310 | INFO | [MA-SPI] Stage 5/5 - collected 8/10 episodes
2025-10-23 21:06:58,572 | INFO | [MA-SPI] Stage 5/5 - collected 10/10 episodes
2025-10-23 21:06:58,573 | INFO | [MA-SPI] Stage 5/5 - Agent 0 avg episode reward: 115.500 (std 18.720)
2025-10-23 21:06:58,574 | INFO | [MA-SPI] Stage 5/5 - Agent 1 avg episode reward: 110.000 (std 23.422)
2025-10-23 21:06:58,574 | INFO | [MA-SPI] Stage 5/5 - dataset size: 1000 transitions
2025-10-23 21:06:58,656 | INFO | [MA-SPI] Stage 5/5 - Q updates 20/100 (current batch 1000) [A0_Q_loss:0.5018, A1_Q_loss:0.4675]
2025-10-23 21:06:58,735 | INFO | [MA-SPI] Stage 5/5 - Q updates 40/100 (current batch 1000) [A0_Q_loss:0.4171, A1_Q_loss:0.4131]
2025-10-23 21:06:58,810 | INFO | [MA-SPI] Stage 5/5 - Q updates 60/100 (current batch 1000) [A0_Q_loss:0.4285, A1_Q_loss:0.3537]
2025-10-23 21:06:58,892 | INFO | [MA-SPI] Stage 5/5 - Q updates 80/100 (current batch 1000) [A0_Q_loss:0.4103, A1_Q_loss:0.4335]
2025-10-23 21:06:58,969 | INFO | [MA-SPI] Stage 5/5 - Q updates 100/100 (current batch 1000) [A0_Q_loss:0.4163, A1_Q_loss:0.4042]
2025-10-23 21:06:59,001 | INFO | [MA-SPI] Stage 5/5 - policy updates 10/50 (current batch 1000) [A0_Policy_loss:0.0023, A1_Policy_loss:0.0031]
2025-10-23 21:06:59,034 | INFO | [MA-SPI] Stage 5/5 - policy updates 20/50 (current batch 1000) [A0_Policy_loss:0.0007, A1_Policy_loss:0.0012]
2025-10-23 21:06:59,070 | INFO | [MA-SPI] Stage 5/5 - policy updates 30/50 (current batch 1000) [A0_Policy_loss:0.0003, A1_Policy_loss:0.0005]
2025-10-23 21:06:59,103 | INFO | [MA-SPI] Stage 5/5 - policy updates 40/50 (current batch 1000) [A0_Policy_loss:0.0001, A1_Policy_loss:0.0002]
2025-10-23 21:06:59,138 | INFO | [MA-SPI] Stage 5/5 - policy updates 50/50 (current batch 1000) [A0_Policy_loss:0.0000, A1_Policy_loss:0.0001]
2025-10-23 21:06:59,139 | INFO | [MA-SPI] Stage 5/5 - completed
2025-10-23 21:06:59,172 | INFO | [Experiment:heterogeneous] MA-SPI completed. Artifacts saved to outputs\heterogeneous\ma_spi
2025-10-23 21:06:59,172 | INFO | [Experiment:heterogeneous] Starting MA-LfL...
2025-10-23 21:06:59,172 | INFO | [MA-LfL] Estimating policies...
2025-10-23 21:06:59,172 | INFO | [MA-LfL][Policy] Stage 1/5 - preparing data
2025-10-23 21:06:59,207 | INFO | [MA-LfL][Policy] Stage 1/5 - Agent 0: 10/10 epochs completed (loss=1.0913, baseline=1.6094)
2025-10-23 21:06:59,228 | INFO | [MA-LfL][Policy] Stage 1/5 - Agent 1: 10/10 epochs completed (loss=1.0798, baseline=1.6094)
2025-10-23 21:06:59,229 | INFO | [MA-LfL][Policy] Stage 2/5 - preparing data
2025-10-23 21:06:59,252 | INFO | [MA-LfL][Policy] Stage 2/5 - Agent 0: 10/10 epochs completed (loss=0.9976, baseline=1.6094)
2025-10-23 21:06:59,273 | INFO | [MA-LfL][Policy] Stage 2/5 - Agent 1: 10/10 epochs completed (loss=0.9760, baseline=1.6094)
2025-10-23 21:06:59,273 | INFO | [MA-LfL][Policy] Stage 3/5 - preparing data
2025-10-23 21:06:59,296 | INFO | [MA-LfL][Policy] Stage 3/5 - Agent 0: 10/10 epochs completed (loss=0.9835, baseline=1.6094)
2025-10-23 21:06:59,316 | INFO | [MA-LfL][Policy] Stage 3/5 - Agent 1: 10/10 epochs completed (loss=1.0029, baseline=1.6094)
2025-10-23 21:06:59,317 | INFO | [MA-LfL][Policy] Stage 4/5 - preparing data
2025-10-23 21:06:59,340 | INFO | [MA-LfL][Policy] Stage 4/5 - Agent 0: 10/10 epochs completed (loss=1.0035, baseline=1.6094)
2025-10-23 21:06:59,360 | INFO | [MA-LfL][Policy] Stage 4/5 - Agent 1: 10/10 epochs completed (loss=1.0177, baseline=1.6094)
2025-10-23 21:06:59,360 | INFO | [MA-LfL][Policy] Stage 5/5 - preparing data
2025-10-23 21:06:59,380 | INFO | [MA-LfL][Policy] Stage 5/5 - Agent 0: 10/10 epochs completed (loss=1.0083, baseline=1.6094)
2025-10-23 21:06:59,402 | INFO | [MA-LfL][Policy] Stage 5/5 - Agent 1: 10/10 epochs completed (loss=1.0069, baseline=1.6094)
2025-10-23 21:06:59,402 | INFO | [MA-LfL] Computing reward targets...
2025-10-23 21:06:59,402 | INFO | [MA-LfL][Targets] Stage 1/4 - Agent 0
2025-10-23 21:06:59,776 | INFO | [MA-LfL][Targets] Stage 1/4 - Agent 1
2025-10-23 21:07:00,149 | INFO | [MA-LfL][Targets] Stage 2/4 - Agent 0
2025-10-23 21:07:00,525 | INFO | [MA-LfL][Targets] Stage 2/4 - Agent 1
2025-10-23 21:07:00,912 | INFO | [MA-LfL][Targets] Stage 3/4 - Agent 0
2025-10-23 21:07:01,324 | INFO | [MA-LfL][Targets] Stage 3/4 - Agent 1
2025-10-23 21:07:01,706 | INFO | [MA-LfL][Targets] Stage 4/4 - Agent 0
2025-10-23 21:07:02,120 | INFO | [MA-LfL][Targets] Stage 4/4 - Agent 1
2025-10-23 21:07:02,541 | INFO | [MA-LfL] Learning rewards...
2025-10-23 21:07:02,549 | INFO | [MA-LfL][Reward] Agent 0 - dataset size=4000 (batch=4000, epochs=5000)
2025-10-23 21:07:07,958 | INFO | [MA-LfL][Reward] Agent 0 - 500/5000 epochs completed (latest loss=0.8513)
2025-10-23 21:07:13,226 | INFO | [MA-LfL][Reward] Agent 0 - 1000/5000 epochs completed (latest loss=0.8499)
2025-10-23 21:07:18,614 | INFO | [MA-LfL][Reward] Agent 0 - 1500/5000 epochs completed (latest loss=0.8960)
2025-10-23 21:07:24,253 | INFO | [MA-LfL][Reward] Agent 0 - 2000/5000 epochs completed (latest loss=0.8499)
2025-10-23 21:07:29,580 | INFO | [MA-LfL][Reward] Agent 0 - 2500/5000 epochs completed (latest loss=0.8506)
2025-10-23 21:07:35,108 | INFO | [MA-LfL][Reward] Agent 0 - 3000/5000 epochs completed (latest loss=0.8499)
2025-10-23 21:07:40,534 | INFO | [MA-LfL][Reward] Agent 0 - 3500/5000 epochs completed (latest loss=0.8499)
2025-10-23 21:07:45,633 | INFO | [MA-LfL][Reward] Agent 0 - 4000/5000 epochs completed (latest loss=0.8499)
2025-10-23 21:07:50,805 | INFO | [MA-LfL][Reward] Agent 0 - 4500/5000 epochs completed (latest loss=0.8499)
2025-10-23 21:07:56,184 | INFO | [MA-LfL][Reward] Agent 0 - 5000/5000 epochs completed (latest loss=0.8643)
2025-10-23 21:07:56,190 | INFO | [MA-LfL][Reward] Agent 1 - dataset size=4000 (batch=4000, epochs=5000)
2025-10-23 21:08:01,387 | INFO | [MA-LfL][Reward] Agent 1 - 500/5000 epochs completed (latest loss=0.5362)
2025-10-23 21:08:06,568 | INFO | [MA-LfL][Reward] Agent 1 - 1000/5000 epochs completed (latest loss=0.5338)
2025-10-23 21:08:11,740 | INFO | [MA-LfL][Reward] Agent 1 - 1500/5000 epochs completed (latest loss=0.5329)
2025-10-23 21:08:16,888 | INFO | [MA-LfL][Reward] Agent 1 - 2000/5000 epochs completed (latest loss=0.5770)
2025-10-23 21:08:22,022 | INFO | [MA-LfL][Reward] Agent 1 - 2500/5000 epochs completed (latest loss=0.5329)
2025-10-23 21:08:27,192 | INFO | [MA-LfL][Reward] Agent 1 - 3000/5000 epochs completed (latest loss=0.5333)
2025-10-23 21:08:33,095 | INFO | [MA-LfL][Reward] Agent 1 - 3500/5000 epochs completed (latest loss=0.5329)
2025-10-23 21:08:44,299 | INFO | [MA-LfL][Reward] Agent 1 - 4000/5000 epochs completed (latest loss=0.5329)
2025-10-23 21:08:55,598 | INFO | [MA-LfL][Reward] Agent 1 - 4500/5000 epochs completed (latest loss=0.5434)
2025-10-23 21:09:06,844 | INFO | [MA-LfL][Reward] Agent 1 - 5000/5000 epochs completed (latest loss=0.5329)
2025-10-23 21:09:06,848 | INFO | [MA-LfL] Evaluating rewards...
2025-10-23 21:09:08,601 | INFO | [MA-LfL] Pipeline complete.
2025-10-23 21:09:08,602 | INFO | [Experiment:heterogeneous] MA-LfL completed. Artifacts saved to outputs\heterogeneous\ma_lfl
2025-10-23 21:09:08,602 | INFO | [Experiment:heterogeneous] Agent 0 metrics - Pearson: 0.2494 | Spearman: 0.2451
2025-10-23 21:09:08,602 | INFO | [Experiment:heterogeneous] Agent 1 metrics - Pearson: 0.0221 | Spearman: 0.0540
2025-10-23 21:09:08,603 | INFO | [Experiment:heterogeneous] Trend stages: 1, 2, 3, 4
2025-10-23 21:09:08,603 | INFO | [Experiment:heterogeneous] Trend Pearson: 0.4034, 0.6917, 0.5595, 0.5787
2025-10-23 21:09:08,603 | INFO | [Experiment:heterogeneous] Trend Spearman: 0.4059, 0.6826, 0.6808, 0.5968
2025-10-23 21:09:08,603 | INFO | [Experiment:heterogeneous] Agent 0 correlation >=0.4 ? NO
2025-10-23 21:09:08,604 | INFO | [Experiment:heterogeneous] Agent 1 correlation >=0.4 ? NO
2025-10-23 21:09:08,604 | INFO | [Experiment:heterogeneous] Correlation trend non-decreasing? NO
2025-10-23 21:09:08,607 | INFO | Summary saved to outputs\summary.json
2025-10-23 21:09:08,607 | INFO | Run complete.
