2025-10-24 13:20:19,496 | INFO | Logging initialized. Log file: outputs\logs\run_20251024_132019.log
2025-10-24 13:20:19,497 | INFO | Configuration file: config.yaml
2025-10-24 13:20:19,497 | INFO | Reward families to process: heterogeneous
2025-10-24 13:20:19,497 | INFO | MA-SPI iterations=3, episodes/stage=10, episode_length=100
2025-10-24 13:20:19,497 | INFO | MA-LfL reward epochs=2000, reward batch size=8192
2025-10-24 13:20:19,498 | INFO | Log file located at outputs\logs\run_20251024_132019.log
2025-10-24 13:20:19,498 | INFO | Running experiment for reward family: heterogeneous
2025-10-24 13:20:19,498 | INFO | [Experiment:heterogeneous] Starting MA-SPI...
2025-10-24 13:20:20,253 | INFO | [MA-SPI] Starting run with 3 stages, 10 episodes/stage, episode length 100
2025-10-24 13:20:20,256 | INFO | [MA-SPI] Stage 1/3 - collecting trajectories...
2025-10-24 13:20:20,669 | INFO | [MA-SPI] Stage 1/3 - collected 2/10 episodes
2025-10-24 13:20:20,922 | INFO | [MA-SPI] Stage 1/3 - collected 4/10 episodes
2025-10-24 13:20:21,170 | INFO | [MA-SPI] Stage 1/3 - collected 6/10 episodes
2025-10-24 13:20:21,403 | INFO | [MA-SPI] Stage 1/3 - collected 8/10 episodes
2025-10-24 13:20:21,683 | INFO | [MA-SPI] Stage 1/3 - collected 10/10 episodes
2025-10-24 13:20:21,685 | INFO | [MA-SPI] Stage 1/3 - Agent 0 avg episode reward: -137.400 (std 33.539)
2025-10-24 13:20:21,685 | INFO | [MA-SPI] Stage 1/3 - Agent 1 avg episode reward: -114.900 (std 35.184)
2025-10-24 13:20:21,685 | INFO | [MA-SPI] Stage 1/3 - dataset size: 1000 transitions
2025-10-24 13:20:21,910 | INFO | [MA-SPI] Stage 1/3 - Q updates 20/100 (current batch 1000) [A0_Q_loss:2.7630, A1_Q_loss:3.1812]
2025-10-24 13:20:22,001 | INFO | [MA-SPI] Stage 1/3 - Q updates 40/100 (current batch 1000) [A0_Q_loss:1.3751, A1_Q_loss:1.4296]
2025-10-24 13:20:22,088 | INFO | [MA-SPI] Stage 1/3 - Q updates 60/100 (current batch 1000) [A0_Q_loss:0.8376, A1_Q_loss:1.0367]
2025-10-24 13:20:22,165 | INFO | [MA-SPI] Stage 1/3 - Q updates 80/100 (current batch 1000) [A0_Q_loss:0.5093, A1_Q_loss:0.7529]
2025-10-24 13:20:22,246 | INFO | [MA-SPI] Stage 1/3 - Q updates 100/100 (current batch 1000) [A0_Q_loss:0.4704, A1_Q_loss:0.5672]
2025-10-24 13:20:22,282 | INFO | [MA-SPI] Stage 1/3 - policy updates 10/50 (current batch 1000) [A0_Policy_loss:0.0288, A1_Policy_loss:0.0183]
2025-10-24 13:20:22,314 | INFO | [MA-SPI] Stage 1/3 - policy updates 20/50 (current batch 1000) [A0_Policy_loss:0.0090, A1_Policy_loss:0.0042]
2025-10-24 13:20:22,350 | INFO | [MA-SPI] Stage 1/3 - policy updates 30/50 (current batch 1000) [A0_Policy_loss:0.0034, A1_Policy_loss:0.0015]
2025-10-24 13:20:22,381 | INFO | [MA-SPI] Stage 1/3 - policy updates 40/50 (current batch 1000) [A0_Policy_loss:0.0013, A1_Policy_loss:0.0006]
2025-10-24 13:20:22,414 | INFO | [MA-SPI] Stage 1/3 - policy updates 50/50 (current batch 1000) [A0_Policy_loss:0.0005, A1_Policy_loss:0.0002]
2025-10-24 13:20:22,414 | INFO | [MA-SPI] Stage 1/3 - completed
2025-10-24 13:20:22,414 | INFO | [MA-SPI] Stage 2/3 - collecting trajectories...
2025-10-24 13:20:22,678 | INFO | [MA-SPI] Stage 2/3 - collected 2/10 episodes
2025-10-24 13:20:22,934 | INFO | [MA-SPI] Stage 2/3 - collected 4/10 episodes
2025-10-24 13:20:23,178 | INFO | [MA-SPI] Stage 2/3 - collected 6/10 episodes
2025-10-24 13:20:23,421 | INFO | [MA-SPI] Stage 2/3 - collected 8/10 episodes
2025-10-24 13:20:23,671 | INFO | [MA-SPI] Stage 2/3 - collected 10/10 episodes
2025-10-24 13:20:23,672 | INFO | [MA-SPI] Stage 2/3 - Agent 0 avg episode reward: 67.000 (std 29.783)
2025-10-24 13:20:23,672 | INFO | [MA-SPI] Stage 2/3 - Agent 1 avg episode reward: 47.100 (std 20.535)
2025-10-24 13:20:23,672 | INFO | [MA-SPI] Stage 2/3 - dataset size: 1000 transitions
2025-10-24 13:20:23,759 | INFO | [MA-SPI] Stage 2/3 - Q updates 20/100 (current batch 1000) [A0_Q_loss:1.6607, A1_Q_loss:1.4316]
2025-10-24 13:20:23,842 | INFO | [MA-SPI] Stage 2/3 - Q updates 40/100 (current batch 1000) [A0_Q_loss:1.0833, A1_Q_loss:1.1384]
2025-10-24 13:20:23,920 | INFO | [MA-SPI] Stage 2/3 - Q updates 60/100 (current batch 1000) [A0_Q_loss:0.9357, A1_Q_loss:1.0149]
2025-10-24 13:20:24,013 | INFO | [MA-SPI] Stage 2/3 - Q updates 80/100 (current batch 1000) [A0_Q_loss:0.8746, A1_Q_loss:0.9769]
2025-10-24 13:20:24,102 | INFO | [MA-SPI] Stage 2/3 - Q updates 100/100 (current batch 1000) [A0_Q_loss:0.8530, A1_Q_loss:0.9853]
2025-10-24 13:20:24,142 | INFO | [MA-SPI] Stage 2/3 - policy updates 10/50 (current batch 1000) [A0_Policy_loss:0.0158, A1_Policy_loss:0.0072]
2025-10-24 13:20:24,177 | INFO | [MA-SPI] Stage 2/3 - policy updates 20/50 (current batch 1000) [A0_Policy_loss:0.0048, A1_Policy_loss:0.0025]
2025-10-24 13:20:24,213 | INFO | [MA-SPI] Stage 2/3 - policy updates 30/50 (current batch 1000) [A0_Policy_loss:0.0020, A1_Policy_loss:0.0010]
2025-10-24 13:20:24,247 | INFO | [MA-SPI] Stage 2/3 - policy updates 40/50 (current batch 1000) [A0_Policy_loss:0.0006, A1_Policy_loss:0.0004]
2025-10-24 13:20:24,280 | INFO | [MA-SPI] Stage 2/3 - policy updates 50/50 (current batch 1000) [A0_Policy_loss:0.0002, A1_Policy_loss:0.0002]
2025-10-24 13:20:24,280 | INFO | [MA-SPI] Stage 2/3 - completed
2025-10-24 13:20:24,280 | INFO | [MA-SPI] Stage 3/3 - collecting trajectories...
2025-10-24 13:20:24,550 | INFO | [MA-SPI] Stage 3/3 - collected 2/10 episodes
2025-10-24 13:20:24,794 | INFO | [MA-SPI] Stage 3/3 - collected 4/10 episodes
2025-10-24 13:20:25,037 | INFO | [MA-SPI] Stage 3/3 - collected 6/10 episodes
2025-10-24 13:20:25,274 | INFO | [MA-SPI] Stage 3/3 - collected 8/10 episodes
2025-10-24 13:20:25,513 | INFO | [MA-SPI] Stage 3/3 - collected 10/10 episodes
2025-10-24 13:20:25,514 | INFO | [MA-SPI] Stage 3/3 - Agent 0 avg episode reward: 113.400 (std 28.051)
2025-10-24 13:20:25,514 | INFO | [MA-SPI] Stage 3/3 - Agent 1 avg episode reward: 109.100 (std 25.137)
2025-10-24 13:20:25,514 | INFO | [MA-SPI] Stage 3/3 - dataset size: 1000 transitions
2025-10-24 13:20:25,595 | INFO | [MA-SPI] Stage 3/3 - Q updates 20/100 (current batch 1000) [A0_Q_loss:0.7991, A1_Q_loss:0.6151]
2025-10-24 13:20:25,672 | INFO | [MA-SPI] Stage 3/3 - Q updates 40/100 (current batch 1000) [A0_Q_loss:0.8251, A1_Q_loss:0.5328]
2025-10-24 13:20:25,753 | INFO | [MA-SPI] Stage 3/3 - Q updates 60/100 (current batch 1000) [A0_Q_loss:0.7463, A1_Q_loss:0.5244]
2025-10-24 13:20:25,833 | INFO | [MA-SPI] Stage 3/3 - Q updates 80/100 (current batch 1000) [A0_Q_loss:0.7612, A1_Q_loss:0.5156]
2025-10-24 13:20:25,915 | INFO | [MA-SPI] Stage 3/3 - Q updates 100/100 (current batch 1000) [A0_Q_loss:0.7643, A1_Q_loss:0.5197]
2025-10-24 13:20:25,949 | INFO | [MA-SPI] Stage 3/3 - policy updates 10/50 (current batch 1000) [A0_Policy_loss:0.0067, A1_Policy_loss:0.0051]
2025-10-24 13:20:25,986 | INFO | [MA-SPI] Stage 3/3 - policy updates 20/50 (current batch 1000) [A0_Policy_loss:0.0023, A1_Policy_loss:0.0019]
2025-10-24 13:20:26,021 | INFO | [MA-SPI] Stage 3/3 - policy updates 30/50 (current batch 1000) [A0_Policy_loss:0.0008, A1_Policy_loss:0.0007]
2025-10-24 13:20:26,053 | INFO | [MA-SPI] Stage 3/3 - policy updates 40/50 (current batch 1000) [A0_Policy_loss:0.0003, A1_Policy_loss:0.0002]
2025-10-24 13:20:26,087 | INFO | [MA-SPI] Stage 3/3 - policy updates 50/50 (current batch 1000) [A0_Policy_loss:0.0001, A1_Policy_loss:0.0001]
2025-10-24 13:20:26,087 | INFO | [MA-SPI] Stage 3/3 - completed
2025-10-24 13:20:26,108 | INFO | [Experiment:heterogeneous] MA-SPI completed. Artifacts saved to outputs\heterogeneous\ma_spi
2025-10-24 13:20:26,109 | INFO | [Experiment:heterogeneous] Starting MA-LfL...
2025-10-24 13:20:26,109 | INFO | [MA-LfL] Estimating policies...
2025-10-24 13:20:26,109 | INFO | [MA-LfL][Policy] Stage 1/3 - preparing data
2025-10-24 13:20:26,129 | INFO | [MA-LfL][Policy] Stage 1/3 - Agent 0: 2/10 epochs completed (loss=3.2695, baseline=1.6094)
2025-10-24 13:20:26,133 | INFO | [MA-LfL][Policy] Stage 1/3 - Agent 0: 4/10 epochs completed (loss=1.4244, baseline=1.6094)
2025-10-24 13:20:26,137 | INFO | [MA-LfL][Policy] Stage 1/3 - Agent 0: 6/10 epochs completed (loss=1.2134, baseline=1.6094)
2025-10-24 13:20:26,140 | INFO | [MA-LfL][Policy] Stage 1/3 - Agent 0: 8/10 epochs completed (loss=1.1068, baseline=1.6094)
2025-10-24 13:20:26,145 | INFO | [MA-LfL][Policy] Stage 1/3 - Agent 0: 10/10 epochs completed (loss=1.0913, baseline=1.6094)
2025-10-24 13:20:26,153 | INFO | [MA-LfL][Policy] Stage 1/3 - Agent 1: 2/10 epochs completed (loss=3.0694, baseline=1.6094)
2025-10-24 13:20:26,157 | INFO | [MA-LfL][Policy] Stage 1/3 - Agent 1: 4/10 epochs completed (loss=1.4800, baseline=1.6094)
2025-10-24 13:20:26,162 | INFO | [MA-LfL][Policy] Stage 1/3 - Agent 1: 6/10 epochs completed (loss=1.2070, baseline=1.6094)
2025-10-24 13:20:26,165 | INFO | [MA-LfL][Policy] Stage 1/3 - Agent 1: 8/10 epochs completed (loss=1.1019, baseline=1.6094)
2025-10-24 13:20:26,170 | INFO | [MA-LfL][Policy] Stage 1/3 - Agent 1: 10/10 epochs completed (loss=1.0798, baseline=1.6094)
2025-10-24 13:20:26,170 | INFO | [MA-LfL][Policy] Stage 2/3 - preparing data
2025-10-24 13:20:26,177 | INFO | [MA-LfL][Policy] Stage 2/3 - Agent 0: 2/10 epochs completed (loss=3.1231, baseline=1.6094)
2025-10-24 13:20:26,181 | INFO | [MA-LfL][Policy] Stage 2/3 - Agent 0: 4/10 epochs completed (loss=2.5654, baseline=1.6094)
2025-10-24 13:20:26,185 | INFO | [MA-LfL][Policy] Stage 2/3 - Agent 0: 6/10 epochs completed (loss=1.2076, baseline=1.6094)
2025-10-24 13:20:26,190 | INFO | [MA-LfL][Policy] Stage 2/3 - Agent 0: 8/10 epochs completed (loss=1.0764, baseline=1.6094)
2025-10-24 13:20:26,193 | INFO | [MA-LfL][Policy] Stage 2/3 - Agent 0: 10/10 epochs completed (loss=0.9976, baseline=1.6094)
2025-10-24 13:20:26,200 | INFO | [MA-LfL][Policy] Stage 2/3 - Agent 1: 2/10 epochs completed (loss=2.4523, baseline=1.6094)
2025-10-24 13:20:26,206 | INFO | [MA-LfL][Policy] Stage 2/3 - Agent 1: 4/10 epochs completed (loss=1.2198, baseline=1.6094)
2025-10-24 13:20:26,211 | INFO | [MA-LfL][Policy] Stage 2/3 - Agent 1: 6/10 epochs completed (loss=1.0589, baseline=1.6094)
2025-10-24 13:20:26,216 | INFO | [MA-LfL][Policy] Stage 2/3 - Agent 1: 8/10 epochs completed (loss=1.0233, baseline=1.6094)
2025-10-24 13:20:26,223 | INFO | [MA-LfL][Policy] Stage 2/3 - Agent 1: 10/10 epochs completed (loss=0.9760, baseline=1.6094)
2025-10-24 13:20:26,223 | INFO | [MA-LfL][Policy] Stage 3/3 - preparing data
2025-10-24 13:20:26,229 | INFO | [MA-LfL][Policy] Stage 3/3 - Agent 0: 2/10 epochs completed (loss=2.6041, baseline=1.6094)
2025-10-24 13:20:26,233 | INFO | [MA-LfL][Policy] Stage 3/3 - Agent 0: 4/10 epochs completed (loss=1.7274, baseline=1.6094)
2025-10-24 13:20:26,240 | INFO | [MA-LfL][Policy] Stage 3/3 - Agent 0: 6/10 epochs completed (loss=1.1143, baseline=1.6094)
2025-10-24 13:20:26,245 | INFO | [MA-LfL][Policy] Stage 3/3 - Agent 0: 8/10 epochs completed (loss=1.0074, baseline=1.6094)
2025-10-24 13:20:26,250 | INFO | [MA-LfL][Policy] Stage 3/3 - Agent 0: 10/10 epochs completed (loss=0.9835, baseline=1.6094)
2025-10-24 13:20:26,256 | INFO | [MA-LfL][Policy] Stage 3/3 - Agent 1: 2/10 epochs completed (loss=5.7030, baseline=1.6094)
2025-10-24 13:20:26,261 | INFO | [MA-LfL][Policy] Stage 3/3 - Agent 1: 4/10 epochs completed (loss=1.6001, baseline=1.6094)
2025-10-24 13:20:26,265 | INFO | [MA-LfL][Policy] Stage 3/3 - Agent 1: 6/10 epochs completed (loss=1.2568, baseline=1.6094)
2025-10-24 13:20:26,269 | INFO | [MA-LfL][Policy] Stage 3/3 - Agent 1: 8/10 epochs completed (loss=1.0344, baseline=1.6094)
2025-10-24 13:20:26,272 | INFO | [MA-LfL][Policy] Stage 3/3 - Agent 1: 10/10 epochs completed (loss=1.0029, baseline=1.6094)
2025-10-24 13:20:26,274 | INFO | [MA-LfL] Computing reward targets...
2025-10-24 13:20:26,274 | INFO | [MA-LfL][Targets] Stage 1/2 - Agent 0
2025-10-24 13:20:26,634 | INFO | [MA-LfL][Targets] Stage 1/2 - Agent 1
2025-10-24 13:20:26,982 | INFO | [MA-LfL][Targets] Stage 2/2 - Agent 0
2025-10-24 13:20:27,343 | INFO | [MA-LfL][Targets] Stage 2/2 - Agent 1
2025-10-24 13:20:27,689 | INFO | [MA-LfL] Learning rewards...
2025-10-24 13:20:27,692 | INFO | [MA-LfL][Reward] Agent 0 - dataset size=2000 (batch=1024, epochs=2000, reward_lr=5.00e-04, shaping_lr=1.00e-05)
2025-10-24 13:20:29,842 | INFO | [MA-LfL][Reward] Agent 0 - 200/2000 epochs completed (latest loss=0.4981)
2025-10-24 13:20:31,820 | INFO | [MA-LfL][Reward] Agent 0 - 400/2000 epochs completed (latest loss=0.4609)
2025-10-24 13:20:33,802 | INFO | [MA-LfL][Reward] Agent 0 - 600/2000 epochs completed (latest loss=0.4617)
2025-10-24 13:20:35,901 | INFO | [MA-LfL][Reward] Agent 0 - 800/2000 epochs completed (latest loss=0.4613)
2025-10-24 13:20:37,918 | INFO | [MA-LfL][Reward] Agent 0 - 1000/2000 epochs completed (latest loss=0.4611)
2025-10-24 13:20:39,876 | INFO | [MA-LfL][Reward] Agent 0 - 1200/2000 epochs completed (latest loss=0.4584)
2025-10-24 13:20:41,840 | INFO | [MA-LfL][Reward] Agent 0 - 1400/2000 epochs completed (latest loss=0.4544)
2025-10-24 13:20:43,804 | INFO | [MA-LfL][Reward] Agent 0 - 1600/2000 epochs completed (latest loss=0.4591)
2025-10-24 13:20:45,834 | INFO | [MA-LfL][Reward] Agent 0 - 1800/2000 epochs completed (latest loss=0.4582)
2025-10-24 13:20:47,862 | INFO | [MA-LfL][Reward] Agent 0 - 2000/2000 epochs completed (latest loss=0.4680)
2025-10-24 13:20:47,864 | INFO | [MA-LfL][Reward] Agent 1 - dataset size=2000 (batch=1024, epochs=2000, reward_lr=5.00e-04, shaping_lr=1.00e-05)
2025-10-24 13:20:49,885 | INFO | [MA-LfL][Reward] Agent 1 - 200/2000 epochs completed (latest loss=0.2846)
2025-10-24 13:20:52,054 | INFO | [MA-LfL][Reward] Agent 1 - 400/2000 epochs completed (latest loss=0.2514)
2025-10-24 13:20:54,248 | INFO | [MA-LfL][Reward] Agent 1 - 600/2000 epochs completed (latest loss=0.2507)
2025-10-24 13:20:56,422 | INFO | [MA-LfL][Reward] Agent 1 - 800/2000 epochs completed (latest loss=0.2511)
2025-10-24 13:20:58,598 | INFO | [MA-LfL][Reward] Agent 1 - 1000/2000 epochs completed (latest loss=0.2484)
2025-10-24 13:21:00,740 | INFO | [MA-LfL][Reward] Agent 1 - 1200/2000 epochs completed (latest loss=0.2493)
2025-10-24 13:21:02,950 | INFO | [MA-LfL][Reward] Agent 1 - 1400/2000 epochs completed (latest loss=0.2495)
2025-10-24 13:21:05,159 | INFO | [MA-LfL][Reward] Agent 1 - 1600/2000 epochs completed (latest loss=0.2509)
2025-10-24 13:21:07,511 | INFO | [MA-LfL][Reward] Agent 1 - 1800/2000 epochs completed (latest loss=0.2497)
2025-10-24 13:21:09,812 | INFO | [MA-LfL][Reward] Agent 1 - 2000/2000 epochs completed (latest loss=0.2493)
2025-10-24 13:21:09,813 | INFO | [MA-LfL] Evaluating rewards (bare + shaped)...
