2025-10-23 21:04:09,584 | INFO | Logging initialized. Log file: outputs\logs\run_20251023_210409.log
2025-10-23 21:04:09,584 | INFO | Configuration file: config.yaml
2025-10-23 21:04:09,584 | INFO | Reward families to process: heterogeneous
2025-10-23 21:04:09,584 | INFO | MA-SPI iterations=5, episodes/stage=10, episode_length=100
2025-10-23 21:04:09,584 | INFO | MA-LfL reward epochs=5000, reward batch size=8192
2025-10-23 21:04:09,584 | INFO | Log file located at outputs\logs\run_20251023_210409.log
2025-10-23 21:04:09,584 | INFO | Running experiment for reward family: heterogeneous
2025-10-23 21:04:09,586 | INFO | [Experiment:heterogeneous] Starting MA-SPI...
2025-10-23 21:04:10,392 | INFO | [MA-SPI] Starting run with 5 stages, 10 episodes/stage, episode length 100
2025-10-23 21:04:10,405 | INFO | [MA-SPI] Stage 1/5 - collecting trajectories...
2025-10-23 21:04:10,862 | INFO | [MA-SPI] Stage 1/5 - collected 2/10 episodes
2025-10-23 21:04:11,120 | INFO | [MA-SPI] Stage 1/5 - collected 4/10 episodes
2025-10-23 21:04:11,375 | INFO | [MA-SPI] Stage 1/5 - collected 6/10 episodes
2025-10-23 21:04:11,630 | INFO | [MA-SPI] Stage 1/5 - collected 8/10 episodes
2025-10-23 21:04:11,908 | INFO | [MA-SPI] Stage 1/5 - collected 10/10 episodes
2025-10-23 21:04:11,909 | INFO | [MA-SPI] Stage 1/5 - Agent 0 avg episode reward: -137.400 (std 33.539)
2025-10-23 21:04:11,910 | INFO | [MA-SPI] Stage 1/5 - Agent 1 avg episode reward: -114.900 (std 35.184)
2025-10-23 21:04:11,910 | INFO | [MA-SPI] Stage 1/5 - dataset size: 1000 transitions
2025-10-23 21:04:12,138 | INFO | [MA-SPI] Stage 1/5 - Q updates 20/100 (current batch 1000) [A0_Q_loss:2.7630, A1_Q_loss:3.1812]
2025-10-23 21:04:12,231 | INFO | [MA-SPI] Stage 1/5 - Q updates 40/100 (current batch 1000) [A0_Q_loss:1.3751, A1_Q_loss:1.4296]
2025-10-23 21:04:12,343 | INFO | [MA-SPI] Stage 1/5 - Q updates 60/100 (current batch 1000) [A0_Q_loss:0.8376, A1_Q_loss:1.0367]
2025-10-23 21:04:12,439 | INFO | [MA-SPI] Stage 1/5 - Q updates 80/100 (current batch 1000) [A0_Q_loss:0.5093, A1_Q_loss:0.7529]
2025-10-23 21:04:12,524 | INFO | [MA-SPI] Stage 1/5 - Q updates 100/100 (current batch 1000) [A0_Q_loss:0.4704, A1_Q_loss:0.5672]
2025-10-23 21:04:12,564 | INFO | [MA-SPI] Stage 1/5 - policy updates 10/50 (current batch 1000) [A0_Policy_loss:0.0288, A1_Policy_loss:0.0183]
2025-10-23 21:04:12,597 | INFO | [MA-SPI] Stage 1/5 - policy updates 20/50 (current batch 1000) [A0_Policy_loss:0.0090, A1_Policy_loss:0.0042]
2025-10-23 21:04:12,631 | INFO | [MA-SPI] Stage 1/5 - policy updates 30/50 (current batch 1000) [A0_Policy_loss:0.0034, A1_Policy_loss:0.0015]
2025-10-23 21:04:12,666 | INFO | [MA-SPI] Stage 1/5 - policy updates 40/50 (current batch 1000) [A0_Policy_loss:0.0013, A1_Policy_loss:0.0006]
2025-10-23 21:04:12,702 | INFO | [MA-SPI] Stage 1/5 - policy updates 50/50 (current batch 1000) [A0_Policy_loss:0.0005, A1_Policy_loss:0.0002]
2025-10-23 21:04:12,702 | INFO | [MA-SPI] Stage 1/5 - completed
2025-10-23 21:04:12,702 | INFO | [MA-SPI] Stage 2/5 - collecting trajectories...
2025-10-23 21:04:12,962 | INFO | [MA-SPI] Stage 2/5 - collected 2/10 episodes
2025-10-23 21:04:13,215 | INFO | [MA-SPI] Stage 2/5 - collected 4/10 episodes
2025-10-23 21:04:13,482 | INFO | [MA-SPI] Stage 2/5 - collected 6/10 episodes
2025-10-23 21:04:13,732 | INFO | [MA-SPI] Stage 2/5 - collected 8/10 episodes
2025-10-23 21:04:13,984 | INFO | [MA-SPI] Stage 2/5 - collected 10/10 episodes
2025-10-23 21:04:13,985 | INFO | [MA-SPI] Stage 2/5 - Agent 0 avg episode reward: 67.000 (std 29.783)
2025-10-23 21:04:13,986 | INFO | [MA-SPI] Stage 2/5 - Agent 1 avg episode reward: 47.100 (std 20.535)
2025-10-23 21:04:13,986 | INFO | [MA-SPI] Stage 2/5 - dataset size: 1000 transitions
2025-10-23 21:04:14,068 | INFO | [MA-SPI] Stage 2/5 - Q updates 20/100 (current batch 1000) [A0_Q_loss:1.6607, A1_Q_loss:1.4316]
2025-10-23 21:04:14,162 | INFO | [MA-SPI] Stage 2/5 - Q updates 40/100 (current batch 1000) [A0_Q_loss:1.0833, A1_Q_loss:1.1384]
2025-10-23 21:04:14,243 | INFO | [MA-SPI] Stage 2/5 - Q updates 60/100 (current batch 1000) [A0_Q_loss:0.9357, A1_Q_loss:1.0149]
2025-10-23 21:04:14,324 | INFO | [MA-SPI] Stage 2/5 - Q updates 80/100 (current batch 1000) [A0_Q_loss:0.8746, A1_Q_loss:0.9769]
2025-10-23 21:04:14,405 | INFO | [MA-SPI] Stage 2/5 - Q updates 100/100 (current batch 1000) [A0_Q_loss:0.8530, A1_Q_loss:0.9853]
2025-10-23 21:04:14,440 | INFO | [MA-SPI] Stage 2/5 - policy updates 10/50 (current batch 1000) [A0_Policy_loss:0.0158, A1_Policy_loss:0.0072]
2025-10-23 21:04:14,475 | INFO | [MA-SPI] Stage 2/5 - policy updates 20/50 (current batch 1000) [A0_Policy_loss:0.0048, A1_Policy_loss:0.0025]
2025-10-23 21:04:14,508 | INFO | [MA-SPI] Stage 2/5 - policy updates 30/50 (current batch 1000) [A0_Policy_loss:0.0020, A1_Policy_loss:0.0010]
2025-10-23 21:04:14,542 | INFO | [MA-SPI] Stage 2/5 - policy updates 40/50 (current batch 1000) [A0_Policy_loss:0.0006, A1_Policy_loss:0.0004]
2025-10-23 21:04:14,578 | INFO | [MA-SPI] Stage 2/5 - policy updates 50/50 (current batch 1000) [A0_Policy_loss:0.0002, A1_Policy_loss:0.0002]
2025-10-23 21:04:14,588 | INFO | [MA-SPI] Stage 2/5 - completed
2025-10-23 21:04:14,588 | INFO | [MA-SPI] Stage 3/5 - collecting trajectories...
2025-10-23 21:04:14,840 | INFO | [MA-SPI] Stage 3/5 - collected 2/10 episodes
2025-10-23 21:04:15,108 | INFO | [MA-SPI] Stage 3/5 - collected 4/10 episodes
2025-10-23 21:04:15,373 | INFO | [MA-SPI] Stage 3/5 - collected 6/10 episodes
2025-10-23 21:04:15,636 | INFO | [MA-SPI] Stage 3/5 - collected 8/10 episodes
2025-10-23 21:04:15,883 | INFO | [MA-SPI] Stage 3/5 - collected 10/10 episodes
2025-10-23 21:04:15,884 | INFO | [MA-SPI] Stage 3/5 - Agent 0 avg episode reward: 113.400 (std 28.051)
2025-10-23 21:04:15,884 | INFO | [MA-SPI] Stage 3/5 - Agent 1 avg episode reward: 109.100 (std 25.137)
2025-10-23 21:04:15,884 | INFO | [MA-SPI] Stage 3/5 - dataset size: 1000 transitions
2025-10-23 21:04:15,967 | INFO | [MA-SPI] Stage 3/5 - Q updates 20/100 (current batch 1000) [A0_Q_loss:0.7991, A1_Q_loss:0.6151]
2025-10-23 21:04:16,076 | INFO | [MA-SPI] Stage 3/5 - Q updates 40/100 (current batch 1000) [A0_Q_loss:0.8251, A1_Q_loss:0.5328]
2025-10-23 21:04:16,154 | INFO | [MA-SPI] Stage 3/5 - Q updates 60/100 (current batch 1000) [A0_Q_loss:0.7463, A1_Q_loss:0.5244]
2025-10-23 21:04:16,243 | INFO | [MA-SPI] Stage 3/5 - Q updates 80/100 (current batch 1000) [A0_Q_loss:0.7612, A1_Q_loss:0.5156]
2025-10-23 21:04:16,325 | INFO | [MA-SPI] Stage 3/5 - Q updates 100/100 (current batch 1000) [A0_Q_loss:0.7643, A1_Q_loss:0.5197]
2025-10-23 21:04:16,360 | INFO | [MA-SPI] Stage 3/5 - policy updates 10/50 (current batch 1000) [A0_Policy_loss:0.0067, A1_Policy_loss:0.0051]
2025-10-23 21:04:16,394 | INFO | [MA-SPI] Stage 3/5 - policy updates 20/50 (current batch 1000) [A0_Policy_loss:0.0023, A1_Policy_loss:0.0019]
2025-10-23 21:04:16,428 | INFO | [MA-SPI] Stage 3/5 - policy updates 30/50 (current batch 1000) [A0_Policy_loss:0.0008, A1_Policy_loss:0.0007]
2025-10-23 21:04:16,462 | INFO | [MA-SPI] Stage 3/5 - policy updates 40/50 (current batch 1000) [A0_Policy_loss:0.0003, A1_Policy_loss:0.0002]
2025-10-23 21:04:16,498 | INFO | [MA-SPI] Stage 3/5 - policy updates 50/50 (current batch 1000) [A0_Policy_loss:0.0001, A1_Policy_loss:0.0001]
2025-10-23 21:04:16,499 | INFO | [MA-SPI] Stage 3/5 - completed
2025-10-23 21:04:16,499 | INFO | [MA-SPI] Stage 4/5 - collecting trajectories...
2025-10-23 21:04:16,831 | INFO | [MA-SPI] Stage 4/5 - collected 2/10 episodes
2025-10-23 21:04:17,090 | INFO | [MA-SPI] Stage 4/5 - collected 4/10 episodes
2025-10-23 21:04:17,367 | INFO | [MA-SPI] Stage 4/5 - collected 6/10 episodes
2025-10-23 21:04:17,639 | INFO | [MA-SPI] Stage 4/5 - collected 8/10 episodes
2025-10-23 21:04:17,944 | INFO | [MA-SPI] Stage 4/5 - collected 10/10 episodes
2025-10-23 21:04:17,945 | INFO | [MA-SPI] Stage 4/5 - Agent 0 avg episode reward: 112.800 (std 30.225)
2025-10-23 21:04:17,946 | INFO | [MA-SPI] Stage 4/5 - Agent 1 avg episode reward: 98.900 (std 33.721)
2025-10-23 21:04:17,946 | INFO | [MA-SPI] Stage 4/5 - dataset size: 1000 transitions
2025-10-23 21:04:18,033 | INFO | [MA-SPI] Stage 4/5 - Q updates 20/100 (current batch 1000) [A0_Q_loss:0.5955, A1_Q_loss:0.4295]
2025-10-23 21:04:18,117 | INFO | [MA-SPI] Stage 4/5 - Q updates 40/100 (current batch 1000) [A0_Q_loss:0.5255, A1_Q_loss:0.3559]
2025-10-23 21:04:18,196 | INFO | [MA-SPI] Stage 4/5 - Q updates 60/100 (current batch 1000) [A0_Q_loss:0.4722, A1_Q_loss:0.3525]
2025-10-23 21:04:18,283 | INFO | [MA-SPI] Stage 4/5 - Q updates 80/100 (current batch 1000) [A0_Q_loss:0.5347, A1_Q_loss:0.3298]
2025-10-23 21:04:18,372 | INFO | [MA-SPI] Stage 4/5 - Q updates 100/100 (current batch 1000) [A0_Q_loss:0.4735, A1_Q_loss:0.3408]
2025-10-23 21:04:18,406 | INFO | [MA-SPI] Stage 4/5 - policy updates 10/50 (current batch 1000) [A0_Policy_loss:0.0037, A1_Policy_loss:0.0032]
2025-10-23 21:04:18,441 | INFO | [MA-SPI] Stage 4/5 - policy updates 20/50 (current batch 1000) [A0_Policy_loss:0.0011, A1_Policy_loss:0.0010]
2025-10-23 21:04:18,474 | INFO | [MA-SPI] Stage 4/5 - policy updates 30/50 (current batch 1000) [A0_Policy_loss:0.0005, A1_Policy_loss:0.0005]
2025-10-23 21:04:18,507 | INFO | [MA-SPI] Stage 4/5 - policy updates 40/50 (current batch 1000) [A0_Policy_loss:0.0002, A1_Policy_loss:0.0002]
2025-10-23 21:04:18,539 | INFO | [MA-SPI] Stage 4/5 - policy updates 50/50 (current batch 1000) [A0_Policy_loss:0.0001, A1_Policy_loss:0.0001]
2025-10-23 21:04:18,540 | INFO | [MA-SPI] Stage 4/5 - completed
2025-10-23 21:04:18,540 | INFO | [MA-SPI] Stage 5/5 - collecting trajectories...
2025-10-23 21:04:18,806 | INFO | [MA-SPI] Stage 5/5 - collected 2/10 episodes
2025-10-23 21:04:19,061 | INFO | [MA-SPI] Stage 5/5 - collected 4/10 episodes
2025-10-23 21:04:19,310 | INFO | [MA-SPI] Stage 5/5 - collected 6/10 episodes
2025-10-23 21:04:19,565 | INFO | [MA-SPI] Stage 5/5 - collected 8/10 episodes
2025-10-23 21:04:19,825 | INFO | [MA-SPI] Stage 5/5 - collected 10/10 episodes
2025-10-23 21:04:19,827 | INFO | [MA-SPI] Stage 5/5 - Agent 0 avg episode reward: 115.500 (std 18.720)
2025-10-23 21:04:19,827 | INFO | [MA-SPI] Stage 5/5 - Agent 1 avg episode reward: 110.000 (std 23.422)
2025-10-23 21:04:19,827 | INFO | [MA-SPI] Stage 5/5 - dataset size: 1000 transitions
2025-10-23 21:04:19,907 | INFO | [MA-SPI] Stage 5/5 - Q updates 20/100 (current batch 1000) [A0_Q_loss:0.5018, A1_Q_loss:0.4675]
2025-10-23 21:04:19,984 | INFO | [MA-SPI] Stage 5/5 - Q updates 40/100 (current batch 1000) [A0_Q_loss:0.4171, A1_Q_loss:0.4131]
2025-10-23 21:04:20,071 | INFO | [MA-SPI] Stage 5/5 - Q updates 60/100 (current batch 1000) [A0_Q_loss:0.4285, A1_Q_loss:0.3537]
2025-10-23 21:04:20,149 | INFO | [MA-SPI] Stage 5/5 - Q updates 80/100 (current batch 1000) [A0_Q_loss:0.4103, A1_Q_loss:0.4335]
2025-10-23 21:04:20,230 | INFO | [MA-SPI] Stage 5/5 - Q updates 100/100 (current batch 1000) [A0_Q_loss:0.4163, A1_Q_loss:0.4042]
2025-10-23 21:04:20,265 | INFO | [MA-SPI] Stage 5/5 - policy updates 10/50 (current batch 1000) [A0_Policy_loss:0.0023, A1_Policy_loss:0.0031]
2025-10-23 21:04:20,299 | INFO | [MA-SPI] Stage 5/5 - policy updates 20/50 (current batch 1000) [A0_Policy_loss:0.0007, A1_Policy_loss:0.0012]
2025-10-23 21:04:20,332 | INFO | [MA-SPI] Stage 5/5 - policy updates 30/50 (current batch 1000) [A0_Policy_loss:0.0003, A1_Policy_loss:0.0005]
2025-10-23 21:04:20,365 | INFO | [MA-SPI] Stage 5/5 - policy updates 40/50 (current batch 1000) [A0_Policy_loss:0.0001, A1_Policy_loss:0.0002]
2025-10-23 21:04:20,401 | INFO | [MA-SPI] Stage 5/5 - policy updates 50/50 (current batch 1000) [A0_Policy_loss:0.0000, A1_Policy_loss:0.0001]
2025-10-23 21:04:20,401 | INFO | [MA-SPI] Stage 5/5 - completed
2025-10-23 21:04:20,434 | INFO | [Experiment:heterogeneous] MA-SPI completed. Artifacts saved to outputs\heterogeneous\ma_spi
2025-10-23 21:04:20,434 | INFO | [Experiment:heterogeneous] Starting MA-LfL...
2025-10-23 21:04:20,434 | INFO | [MA-LfL] Estimating policies...
2025-10-23 21:04:20,434 | INFO | [MA-LfL][Policy] Stage 1/5 - preparing data
2025-10-23 21:04:20,474 | INFO | [MA-LfL][Policy] Stage 1/5 - Agent 0: 10/10 epochs completed (loss=1.0913, baseline=1.6094)
2025-10-23 21:04:20,498 | INFO | [MA-LfL][Policy] Stage 1/5 - Agent 1: 10/10 epochs completed (loss=1.0798, baseline=1.6094)
2025-10-23 21:04:20,498 | INFO | [MA-LfL][Policy] Stage 2/5 - preparing data
2025-10-23 21:04:20,517 | INFO | [MA-LfL][Policy] Stage 2/5 - Agent 0: 10/10 epochs completed (loss=0.9976, baseline=1.6094)
2025-10-23 21:04:20,536 | INFO | [MA-LfL][Policy] Stage 2/5 - Agent 1: 10/10 epochs completed (loss=0.9760, baseline=1.6094)
2025-10-23 21:04:20,537 | INFO | [MA-LfL][Policy] Stage 3/5 - preparing data
2025-10-23 21:04:20,557 | INFO | [MA-LfL][Policy] Stage 3/5 - Agent 0: 10/10 epochs completed (loss=0.9835, baseline=1.6094)
2025-10-23 21:04:20,582 | INFO | [MA-LfL][Policy] Stage 3/5 - Agent 1: 10/10 epochs completed (loss=1.0029, baseline=1.6094)
2025-10-23 21:04:20,582 | INFO | [MA-LfL][Policy] Stage 4/5 - preparing data
2025-10-23 21:04:20,601 | INFO | [MA-LfL][Policy] Stage 4/5 - Agent 0: 10/10 epochs completed (loss=1.0035, baseline=1.6094)
2025-10-23 21:04:20,623 | INFO | [MA-LfL][Policy] Stage 4/5 - Agent 1: 10/10 epochs completed (loss=1.0177, baseline=1.6094)
2025-10-23 21:04:20,623 | INFO | [MA-LfL][Policy] Stage 5/5 - preparing data
2025-10-23 21:04:20,646 | INFO | [MA-LfL][Policy] Stage 5/5 - Agent 0: 10/10 epochs completed (loss=1.0083, baseline=1.6094)
2025-10-23 21:04:20,667 | INFO | [MA-LfL][Policy] Stage 5/5 - Agent 1: 10/10 epochs completed (loss=1.0069, baseline=1.6094)
2025-10-23 21:04:20,667 | INFO | [MA-LfL] Computing reward targets...
2025-10-23 21:04:20,668 | INFO | [MA-LfL][Targets] Stage 1/4 - Agent 0
2025-10-23 21:04:21,049 | INFO | [MA-LfL][Targets] Stage 1/4 - Agent 1
2025-10-23 21:04:21,434 | INFO | [MA-LfL][Targets] Stage 2/4 - Agent 0
2025-10-23 21:04:21,774 | INFO | [MA-LfL][Targets] Stage 2/4 - Agent 1
2025-10-23 21:04:22,109 | INFO | [MA-LfL][Targets] Stage 3/4 - Agent 0
2025-10-23 21:04:22,477 | INFO | [MA-LfL][Targets] Stage 3/4 - Agent 1
2025-10-23 21:04:22,858 | INFO | [MA-LfL][Targets] Stage 4/4 - Agent 0
2025-10-23 21:04:23,252 | INFO | [MA-LfL][Targets] Stage 4/4 - Agent 1
2025-10-23 21:04:23,616 | INFO | [MA-LfL] Learning rewards...
2025-10-23 21:04:23,625 | INFO | [MA-LfL][Reward] Agent 0 - dataset size=4000 (batch=4000, epochs=5000)
2025-10-23 21:04:28,987 | INFO | [MA-LfL][Reward] Agent 0 - 500/5000 epochs completed (latest loss=0.8474)
2025-10-23 21:04:34,200 | INFO | [MA-LfL][Reward] Agent 0 - 1000/5000 epochs completed (latest loss=0.8462)
2025-10-23 21:04:39,210 | INFO | [MA-LfL][Reward] Agent 0 - 1500/5000 epochs completed (latest loss=0.8458)
2025-10-23 21:04:44,595 | INFO | [MA-LfL][Reward] Agent 0 - 2000/5000 epochs completed (latest loss=0.8459)
2025-10-23 21:04:50,034 | INFO | [MA-LfL][Reward] Agent 0 - 2500/5000 epochs completed (latest loss=0.8460)
2025-10-23 21:04:55,486 | INFO | [MA-LfL][Reward] Agent 0 - 3000/5000 epochs completed (latest loss=0.8469)
2025-10-23 21:05:00,929 | INFO | [MA-LfL][Reward] Agent 0 - 3500/5000 epochs completed (latest loss=0.8475)
2025-10-23 21:05:06,365 | INFO | [MA-LfL][Reward] Agent 0 - 4000/5000 epochs completed (latest loss=0.8458)
2025-10-23 21:05:11,792 | INFO | [MA-LfL][Reward] Agent 0 - 4500/5000 epochs completed (latest loss=0.8786)
2025-10-23 21:05:16,928 | INFO | [MA-LfL][Reward] Agent 0 - 5000/5000 epochs completed (latest loss=0.8458)
2025-10-23 21:05:16,934 | INFO | [MA-LfL][Reward] Agent 1 - dataset size=4000 (batch=4000, epochs=5000)
2025-10-23 21:05:22,174 | INFO | [MA-LfL][Reward] Agent 1 - 500/5000 epochs completed (latest loss=0.5313)
2025-10-23 21:05:27,310 | INFO | [MA-LfL][Reward] Agent 1 - 1000/5000 epochs completed (latest loss=0.5283)
2025-10-23 21:05:32,431 | INFO | [MA-LfL][Reward] Agent 1 - 1500/5000 epochs completed (latest loss=0.5281)
2025-10-23 21:05:37,634 | INFO | [MA-LfL][Reward] Agent 1 - 2000/5000 epochs completed (latest loss=0.5325)
2025-10-23 21:05:42,970 | INFO | [MA-LfL][Reward] Agent 1 - 2500/5000 epochs completed (latest loss=0.5281)
2025-10-23 21:05:48,432 | INFO | [MA-LfL][Reward] Agent 1 - 3000/5000 epochs completed (latest loss=0.5287)
2025-10-23 21:05:53,662 | INFO | [MA-LfL][Reward] Agent 1 - 3500/5000 epochs completed (latest loss=0.5281)
2025-10-23 21:05:59,118 | INFO | [MA-LfL][Reward] Agent 1 - 4000/5000 epochs completed (latest loss=0.5282)
2025-10-23 21:06:04,877 | INFO | [MA-LfL][Reward] Agent 1 - 4500/5000 epochs completed (latest loss=0.5281)
2025-10-23 21:06:10,307 | INFO | [MA-LfL][Reward] Agent 1 - 5000/5000 epochs completed (latest loss=0.5281)
2025-10-23 21:06:10,308 | INFO | [MA-LfL] Evaluating rewards...
2025-10-23 21:06:11,094 | INFO | [MA-LfL] Pipeline complete.
2025-10-23 21:06:11,094 | INFO | [Experiment:heterogeneous] MA-LfL completed. Artifacts saved to outputs\heterogeneous\ma_lfl
2025-10-23 21:06:11,094 | INFO | [Experiment:heterogeneous] Agent 0 metrics - Pearson: 0.2472 | Spearman: 0.2473
2025-10-23 21:06:11,094 | INFO | [Experiment:heterogeneous] Agent 1 metrics - Pearson: 0.0073 | Spearman: 0.0407
2025-10-23 21:06:11,094 | INFO | [Experiment:heterogeneous] Trend stages: 1, 2, 3, 4
2025-10-23 21:06:11,094 | INFO | [Experiment:heterogeneous] Trend Pearson: 0.4034, 0.6917, 0.5595, 0.5787
2025-10-23 21:06:11,094 | INFO | [Experiment:heterogeneous] Trend Spearman: 0.4059, 0.6826, 0.6808, 0.5968
2025-10-23 21:06:11,095 | INFO | [Experiment:heterogeneous] Agent 0 correlation >=0.4 ? NO
2025-10-23 21:06:11,095 | INFO | [Experiment:heterogeneous] Agent 1 correlation >=0.4 ? NO
2025-10-23 21:06:11,095 | INFO | [Experiment:heterogeneous] Correlation trend non-decreasing? NO
2025-10-23 21:06:11,096 | INFO | Summary saved to outputs\summary.json
2025-10-23 21:06:11,096 | INFO | Run complete.
