2025-10-24 10:45:01,748 | INFO | Logging initialized. Log file: outputs\logs\run_20251024_104501.log
2025-10-24 10:45:01,748 | INFO | Configuration file: config.yaml
2025-10-24 10:45:01,748 | INFO | Reward families to process: heterogeneous
2025-10-24 10:45:01,748 | INFO | MA-SPI iterations=5, episodes/stage=10, episode_length=100
2025-10-24 10:45:01,748 | INFO | MA-LfL reward epochs=20000, reward batch size=8192
2025-10-24 10:45:01,750 | INFO | Log file located at outputs\logs\run_20251024_104501.log
2025-10-24 10:45:01,750 | INFO | Running experiment for reward family: heterogeneous
2025-10-24 10:45:01,750 | INFO | [Experiment:heterogeneous] Starting MA-SPI...
2025-10-24 10:45:02,571 | INFO | [MA-SPI] Starting run with 5 stages, 10 episodes/stage, episode length 100
2025-10-24 10:45:02,573 | INFO | [MA-SPI] Stage 1/5 - collecting trajectories...
2025-10-24 10:45:03,000 | INFO | [MA-SPI] Stage 1/5 - collected 2/10 episodes
2025-10-24 10:45:03,266 | INFO | [MA-SPI] Stage 1/5 - collected 4/10 episodes
2025-10-24 10:45:03,510 | INFO | [MA-SPI] Stage 1/5 - collected 6/10 episodes
2025-10-24 10:45:03,781 | INFO | [MA-SPI] Stage 1/5 - collected 8/10 episodes
2025-10-24 10:45:04,056 | INFO | [MA-SPI] Stage 1/5 - collected 10/10 episodes
2025-10-24 10:45:04,057 | INFO | [MA-SPI] Stage 1/5 - Agent 0 avg episode reward: -137.400 (std 33.539)
2025-10-24 10:45:04,058 | INFO | [MA-SPI] Stage 1/5 - Agent 1 avg episode reward: -114.900 (std 35.184)
2025-10-24 10:45:04,058 | INFO | [MA-SPI] Stage 1/5 - dataset size: 1000 transitions
2025-10-24 10:45:04,300 | INFO | [MA-SPI] Stage 1/5 - Q updates 20/100 (current batch 1000) [A0_Q_loss:2.7630, A1_Q_loss:3.1812]
2025-10-24 10:45:04,382 | INFO | [MA-SPI] Stage 1/5 - Q updates 40/100 (current batch 1000) [A0_Q_loss:1.3751, A1_Q_loss:1.4296]
2025-10-24 10:45:04,463 | INFO | [MA-SPI] Stage 1/5 - Q updates 60/100 (current batch 1000) [A0_Q_loss:0.8376, A1_Q_loss:1.0367]
2025-10-24 10:45:04,545 | INFO | [MA-SPI] Stage 1/5 - Q updates 80/100 (current batch 1000) [A0_Q_loss:0.5093, A1_Q_loss:0.7529]
2025-10-24 10:45:04,625 | INFO | [MA-SPI] Stage 1/5 - Q updates 100/100 (current batch 1000) [A0_Q_loss:0.4704, A1_Q_loss:0.5672]
2025-10-24 10:45:04,661 | INFO | [MA-SPI] Stage 1/5 - policy updates 10/50 (current batch 1000) [A0_Policy_loss:0.0288, A1_Policy_loss:0.0183]
2025-10-24 10:45:04,696 | INFO | [MA-SPI] Stage 1/5 - policy updates 20/50 (current batch 1000) [A0_Policy_loss:0.0090, A1_Policy_loss:0.0042]
2025-10-24 10:45:04,730 | INFO | [MA-SPI] Stage 1/5 - policy updates 30/50 (current batch 1000) [A0_Policy_loss:0.0034, A1_Policy_loss:0.0015]
2025-10-24 10:45:04,763 | INFO | [MA-SPI] Stage 1/5 - policy updates 40/50 (current batch 1000) [A0_Policy_loss:0.0013, A1_Policy_loss:0.0006]
2025-10-24 10:45:04,798 | INFO | [MA-SPI] Stage 1/5 - policy updates 50/50 (current batch 1000) [A0_Policy_loss:0.0005, A1_Policy_loss:0.0002]
2025-10-24 10:45:04,798 | INFO | [MA-SPI] Stage 1/5 - completed
2025-10-24 10:45:04,798 | INFO | [MA-SPI] Stage 2/5 - collecting trajectories...
2025-10-24 10:45:05,042 | INFO | [MA-SPI] Stage 2/5 - collected 2/10 episodes
2025-10-24 10:45:05,284 | INFO | [MA-SPI] Stage 2/5 - collected 4/10 episodes
2025-10-24 10:45:05,524 | INFO | [MA-SPI] Stage 2/5 - collected 6/10 episodes
2025-10-24 10:45:05,765 | INFO | [MA-SPI] Stage 2/5 - collected 8/10 episodes
2025-10-24 10:45:06,042 | INFO | [MA-SPI] Stage 2/5 - collected 10/10 episodes
2025-10-24 10:45:06,043 | INFO | [MA-SPI] Stage 2/5 - Agent 0 avg episode reward: 67.000 (std 29.783)
2025-10-24 10:45:06,043 | INFO | [MA-SPI] Stage 2/5 - Agent 1 avg episode reward: 47.100 (std 20.535)
2025-10-24 10:45:06,043 | INFO | [MA-SPI] Stage 2/5 - dataset size: 1000 transitions
2025-10-24 10:45:06,130 | INFO | [MA-SPI] Stage 2/5 - Q updates 20/100 (current batch 1000) [A0_Q_loss:1.6607, A1_Q_loss:1.4316]
2025-10-24 10:45:06,207 | INFO | [MA-SPI] Stage 2/5 - Q updates 40/100 (current batch 1000) [A0_Q_loss:1.0833, A1_Q_loss:1.1384]
2025-10-24 10:45:06,290 | INFO | [MA-SPI] Stage 2/5 - Q updates 60/100 (current batch 1000) [A0_Q_loss:0.9357, A1_Q_loss:1.0149]
2025-10-24 10:45:06,398 | INFO | [MA-SPI] Stage 2/5 - Q updates 80/100 (current batch 1000) [A0_Q_loss:0.8746, A1_Q_loss:0.9769]
2025-10-24 10:45:06,485 | INFO | [MA-SPI] Stage 2/5 - Q updates 100/100 (current batch 1000) [A0_Q_loss:0.8530, A1_Q_loss:0.9853]
2025-10-24 10:45:06,524 | INFO | [MA-SPI] Stage 2/5 - policy updates 10/50 (current batch 1000) [A0_Policy_loss:0.0158, A1_Policy_loss:0.0072]
2025-10-24 10:45:06,565 | INFO | [MA-SPI] Stage 2/5 - policy updates 20/50 (current batch 1000) [A0_Policy_loss:0.0048, A1_Policy_loss:0.0025]
2025-10-24 10:45:06,603 | INFO | [MA-SPI] Stage 2/5 - policy updates 30/50 (current batch 1000) [A0_Policy_loss:0.0020, A1_Policy_loss:0.0010]
2025-10-24 10:45:06,644 | INFO | [MA-SPI] Stage 2/5 - policy updates 40/50 (current batch 1000) [A0_Policy_loss:0.0006, A1_Policy_loss:0.0004]
2025-10-24 10:45:06,682 | INFO | [MA-SPI] Stage 2/5 - policy updates 50/50 (current batch 1000) [A0_Policy_loss:0.0002, A1_Policy_loss:0.0002]
2025-10-24 10:45:06,682 | INFO | [MA-SPI] Stage 2/5 - completed
2025-10-24 10:45:06,683 | INFO | [MA-SPI] Stage 3/5 - collecting trajectories...
2025-10-24 10:45:06,971 | INFO | [MA-SPI] Stage 3/5 - collected 2/10 episodes
2025-10-24 10:45:07,228 | INFO | [MA-SPI] Stage 3/5 - collected 4/10 episodes
2025-10-24 10:45:07,482 | INFO | [MA-SPI] Stage 3/5 - collected 6/10 episodes
2025-10-24 10:45:07,755 | INFO | [MA-SPI] Stage 3/5 - collected 8/10 episodes
2025-10-24 10:45:08,019 | INFO | [MA-SPI] Stage 3/5 - collected 10/10 episodes
2025-10-24 10:45:08,020 | INFO | [MA-SPI] Stage 3/5 - Agent 0 avg episode reward: 113.400 (std 28.051)
2025-10-24 10:45:08,021 | INFO | [MA-SPI] Stage 3/5 - Agent 1 avg episode reward: 109.100 (std 25.137)
2025-10-24 10:45:08,021 | INFO | [MA-SPI] Stage 3/5 - dataset size: 1000 transitions
2025-10-24 10:45:08,109 | INFO | [MA-SPI] Stage 3/5 - Q updates 20/100 (current batch 1000) [A0_Q_loss:0.7991, A1_Q_loss:0.6151]
2025-10-24 10:45:08,196 | INFO | [MA-SPI] Stage 3/5 - Q updates 40/100 (current batch 1000) [A0_Q_loss:0.8251, A1_Q_loss:0.5328]
2025-10-24 10:45:08,295 | INFO | [MA-SPI] Stage 3/5 - Q updates 60/100 (current batch 1000) [A0_Q_loss:0.7463, A1_Q_loss:0.5244]
2025-10-24 10:45:08,381 | INFO | [MA-SPI] Stage 3/5 - Q updates 80/100 (current batch 1000) [A0_Q_loss:0.7612, A1_Q_loss:0.5156]
2025-10-24 10:45:08,464 | INFO | [MA-SPI] Stage 3/5 - Q updates 100/100 (current batch 1000) [A0_Q_loss:0.7643, A1_Q_loss:0.5197]
2025-10-24 10:45:08,500 | INFO | [MA-SPI] Stage 3/5 - policy updates 10/50 (current batch 1000) [A0_Policy_loss:0.0067, A1_Policy_loss:0.0051]
2025-10-24 10:45:08,537 | INFO | [MA-SPI] Stage 3/5 - policy updates 20/50 (current batch 1000) [A0_Policy_loss:0.0023, A1_Policy_loss:0.0019]
2025-10-24 10:45:08,574 | INFO | [MA-SPI] Stage 3/5 - policy updates 30/50 (current batch 1000) [A0_Policy_loss:0.0008, A1_Policy_loss:0.0007]
2025-10-24 10:45:08,614 | INFO | [MA-SPI] Stage 3/5 - policy updates 40/50 (current batch 1000) [A0_Policy_loss:0.0003, A1_Policy_loss:0.0002]
2025-10-24 10:45:08,655 | INFO | [MA-SPI] Stage 3/5 - policy updates 50/50 (current batch 1000) [A0_Policy_loss:0.0001, A1_Policy_loss:0.0001]
2025-10-24 10:45:08,656 | INFO | [MA-SPI] Stage 3/5 - completed
2025-10-24 10:45:08,656 | INFO | [MA-SPI] Stage 4/5 - collecting trajectories...
2025-10-24 10:45:08,968 | INFO | [MA-SPI] Stage 4/5 - collected 2/10 episodes
2025-10-24 10:45:09,246 | INFO | [MA-SPI] Stage 4/5 - collected 4/10 episodes
2025-10-24 10:45:09,497 | INFO | [MA-SPI] Stage 4/5 - collected 6/10 episodes
2025-10-24 10:45:09,807 | INFO | [MA-SPI] Stage 4/5 - collected 8/10 episodes
2025-10-24 10:45:10,103 | INFO | [MA-SPI] Stage 4/5 - collected 10/10 episodes
2025-10-24 10:45:10,103 | INFO | [MA-SPI] Stage 4/5 - Agent 0 avg episode reward: 112.800 (std 30.225)
2025-10-24 10:45:10,104 | INFO | [MA-SPI] Stage 4/5 - Agent 1 avg episode reward: 98.900 (std 33.721)
2025-10-24 10:45:10,104 | INFO | [MA-SPI] Stage 4/5 - dataset size: 1000 transitions
2025-10-24 10:45:10,193 | INFO | [MA-SPI] Stage 4/5 - Q updates 20/100 (current batch 1000) [A0_Q_loss:0.5955, A1_Q_loss:0.4295]
2025-10-24 10:45:10,272 | INFO | [MA-SPI] Stage 4/5 - Q updates 40/100 (current batch 1000) [A0_Q_loss:0.5255, A1_Q_loss:0.3559]
2025-10-24 10:45:10,351 | INFO | [MA-SPI] Stage 4/5 - Q updates 60/100 (current batch 1000) [A0_Q_loss:0.4722, A1_Q_loss:0.3525]
2025-10-24 10:45:10,430 | INFO | [MA-SPI] Stage 4/5 - Q updates 80/100 (current batch 1000) [A0_Q_loss:0.5347, A1_Q_loss:0.3298]
2025-10-24 10:45:10,510 | INFO | [MA-SPI] Stage 4/5 - Q updates 100/100 (current batch 1000) [A0_Q_loss:0.4735, A1_Q_loss:0.3408]
2025-10-24 10:45:10,544 | INFO | [MA-SPI] Stage 4/5 - policy updates 10/50 (current batch 1000) [A0_Policy_loss:0.0037, A1_Policy_loss:0.0032]
2025-10-24 10:45:10,577 | INFO | [MA-SPI] Stage 4/5 - policy updates 20/50 (current batch 1000) [A0_Policy_loss:0.0011, A1_Policy_loss:0.0010]
2025-10-24 10:45:10,608 | INFO | [MA-SPI] Stage 4/5 - policy updates 30/50 (current batch 1000) [A0_Policy_loss:0.0005, A1_Policy_loss:0.0005]
2025-10-24 10:45:10,643 | INFO | [MA-SPI] Stage 4/5 - policy updates 40/50 (current batch 1000) [A0_Policy_loss:0.0002, A1_Policy_loss:0.0002]
2025-10-24 10:45:10,684 | INFO | [MA-SPI] Stage 4/5 - policy updates 50/50 (current batch 1000) [A0_Policy_loss:0.0001, A1_Policy_loss:0.0001]
2025-10-24 10:45:10,684 | INFO | [MA-SPI] Stage 4/5 - completed
2025-10-24 10:45:10,684 | INFO | [MA-SPI] Stage 5/5 - collecting trajectories...
2025-10-24 10:45:10,946 | INFO | [MA-SPI] Stage 5/5 - collected 2/10 episodes
2025-10-24 10:45:11,204 | INFO | [MA-SPI] Stage 5/5 - collected 4/10 episodes
2025-10-24 10:45:11,453 | INFO | [MA-SPI] Stage 5/5 - collected 6/10 episodes
2025-10-24 10:45:11,718 | INFO | [MA-SPI] Stage 5/5 - collected 8/10 episodes
2025-10-24 10:45:11,980 | INFO | [MA-SPI] Stage 5/5 - collected 10/10 episodes
2025-10-24 10:45:11,981 | INFO | [MA-SPI] Stage 5/5 - Agent 0 avg episode reward: 115.500 (std 18.720)
2025-10-24 10:45:11,981 | INFO | [MA-SPI] Stage 5/5 - Agent 1 avg episode reward: 110.000 (std 23.422)
2025-10-24 10:45:11,981 | INFO | [MA-SPI] Stage 5/5 - dataset size: 1000 transitions
2025-10-24 10:45:12,064 | INFO | [MA-SPI] Stage 5/5 - Q updates 20/100 (current batch 1000) [A0_Q_loss:0.5018, A1_Q_loss:0.4675]
2025-10-24 10:45:12,146 | INFO | [MA-SPI] Stage 5/5 - Q updates 40/100 (current batch 1000) [A0_Q_loss:0.4171, A1_Q_loss:0.4131]
2025-10-24 10:45:12,234 | INFO | [MA-SPI] Stage 5/5 - Q updates 60/100 (current batch 1000) [A0_Q_loss:0.4285, A1_Q_loss:0.3537]
2025-10-24 10:45:12,313 | INFO | [MA-SPI] Stage 5/5 - Q updates 80/100 (current batch 1000) [A0_Q_loss:0.4103, A1_Q_loss:0.4335]
2025-10-24 10:45:12,393 | INFO | [MA-SPI] Stage 5/5 - Q updates 100/100 (current batch 1000) [A0_Q_loss:0.4163, A1_Q_loss:0.4042]
2025-10-24 10:45:12,427 | INFO | [MA-SPI] Stage 5/5 - policy updates 10/50 (current batch 1000) [A0_Policy_loss:0.0023, A1_Policy_loss:0.0031]
2025-10-24 10:45:12,461 | INFO | [MA-SPI] Stage 5/5 - policy updates 20/50 (current batch 1000) [A0_Policy_loss:0.0007, A1_Policy_loss:0.0012]
2025-10-24 10:45:12,495 | INFO | [MA-SPI] Stage 5/5 - policy updates 30/50 (current batch 1000) [A0_Policy_loss:0.0003, A1_Policy_loss:0.0005]
2025-10-24 10:45:12,532 | INFO | [MA-SPI] Stage 5/5 - policy updates 40/50 (current batch 1000) [A0_Policy_loss:0.0001, A1_Policy_loss:0.0002]
2025-10-24 10:45:12,568 | INFO | [MA-SPI] Stage 5/5 - policy updates 50/50 (current batch 1000) [A0_Policy_loss:0.0000, A1_Policy_loss:0.0001]
2025-10-24 10:45:12,569 | INFO | [MA-SPI] Stage 5/5 - completed
2025-10-24 10:45:12,602 | INFO | [Experiment:heterogeneous] MA-SPI completed. Artifacts saved to outputs\heterogeneous\ma_spi
2025-10-24 10:45:12,602 | INFO | [Experiment:heterogeneous] Starting MA-LfL...
2025-10-24 10:45:12,602 | INFO | [MA-LfL] Estimating policies...
2025-10-24 10:45:12,602 | INFO | [MA-LfL][Policy] Stage 1/5 - preparing data
2025-10-24 10:45:12,624 | INFO | [MA-LfL][Policy] Stage 1/5 - Agent 0: 2/10 epochs completed (loss=3.2695, baseline=1.6094)
2025-10-24 10:45:12,629 | INFO | [MA-LfL][Policy] Stage 1/5 - Agent 0: 4/10 epochs completed (loss=1.4244, baseline=1.6094)
2025-10-24 10:45:12,632 | INFO | [MA-LfL][Policy] Stage 1/5 - Agent 0: 6/10 epochs completed (loss=1.2134, baseline=1.6094)
2025-10-24 10:45:12,637 | INFO | [MA-LfL][Policy] Stage 1/5 - Agent 0: 8/10 epochs completed (loss=1.1068, baseline=1.6094)
2025-10-24 10:45:12,641 | INFO | [MA-LfL][Policy] Stage 1/5 - Agent 0: 10/10 epochs completed (loss=1.0913, baseline=1.6094)
2025-10-24 10:45:12,645 | INFO | [MA-LfL][Policy] Stage 1/5 - Agent 1: 2/10 epochs completed (loss=3.0694, baseline=1.6094)
2025-10-24 10:45:12,649 | INFO | [MA-LfL][Policy] Stage 1/5 - Agent 1: 4/10 epochs completed (loss=1.4800, baseline=1.6094)
2025-10-24 10:45:12,654 | INFO | [MA-LfL][Policy] Stage 1/5 - Agent 1: 6/10 epochs completed (loss=1.2070, baseline=1.6094)
2025-10-24 10:45:12,661 | INFO | [MA-LfL][Policy] Stage 1/5 - Agent 1: 8/10 epochs completed (loss=1.1019, baseline=1.6094)
2025-10-24 10:45:12,665 | INFO | [MA-LfL][Policy] Stage 1/5 - Agent 1: 10/10 epochs completed (loss=1.0798, baseline=1.6094)
2025-10-24 10:45:12,665 | INFO | [MA-LfL][Policy] Stage 2/5 - preparing data
2025-10-24 10:45:12,671 | INFO | [MA-LfL][Policy] Stage 2/5 - Agent 0: 2/10 epochs completed (loss=3.1231, baseline=1.6094)
2025-10-24 10:45:12,676 | INFO | [MA-LfL][Policy] Stage 2/5 - Agent 0: 4/10 epochs completed (loss=2.5654, baseline=1.6094)
2025-10-24 10:45:12,680 | INFO | [MA-LfL][Policy] Stage 2/5 - Agent 0: 6/10 epochs completed (loss=1.2076, baseline=1.6094)
2025-10-24 10:45:12,685 | INFO | [MA-LfL][Policy] Stage 2/5 - Agent 0: 8/10 epochs completed (loss=1.0764, baseline=1.6094)
2025-10-24 10:45:12,688 | INFO | [MA-LfL][Policy] Stage 2/5 - Agent 0: 10/10 epochs completed (loss=0.9976, baseline=1.6094)
2025-10-24 10:45:12,693 | INFO | [MA-LfL][Policy] Stage 2/5 - Agent 1: 2/10 epochs completed (loss=2.4523, baseline=1.6094)
2025-10-24 10:45:12,696 | INFO | [MA-LfL][Policy] Stage 2/5 - Agent 1: 4/10 epochs completed (loss=1.2198, baseline=1.6094)
2025-10-24 10:45:12,700 | INFO | [MA-LfL][Policy] Stage 2/5 - Agent 1: 6/10 epochs completed (loss=1.0589, baseline=1.6094)
2025-10-24 10:45:12,704 | INFO | [MA-LfL][Policy] Stage 2/5 - Agent 1: 8/10 epochs completed (loss=1.0233, baseline=1.6094)
2025-10-24 10:45:12,710 | INFO | [MA-LfL][Policy] Stage 2/5 - Agent 1: 10/10 epochs completed (loss=0.9760, baseline=1.6094)
2025-10-24 10:45:12,711 | INFO | [MA-LfL][Policy] Stage 3/5 - preparing data
2025-10-24 10:45:12,716 | INFO | [MA-LfL][Policy] Stage 3/5 - Agent 0: 2/10 epochs completed (loss=2.6041, baseline=1.6094)
2025-10-24 10:45:12,721 | INFO | [MA-LfL][Policy] Stage 3/5 - Agent 0: 4/10 epochs completed (loss=1.7274, baseline=1.6094)
2025-10-24 10:45:12,727 | INFO | [MA-LfL][Policy] Stage 3/5 - Agent 0: 6/10 epochs completed (loss=1.1143, baseline=1.6094)
2025-10-24 10:45:12,731 | INFO | [MA-LfL][Policy] Stage 3/5 - Agent 0: 8/10 epochs completed (loss=1.0074, baseline=1.6094)
2025-10-24 10:45:12,736 | INFO | [MA-LfL][Policy] Stage 3/5 - Agent 0: 10/10 epochs completed (loss=0.9835, baseline=1.6094)
2025-10-24 10:45:12,741 | INFO | [MA-LfL][Policy] Stage 3/5 - Agent 1: 2/10 epochs completed (loss=5.7030, baseline=1.6094)
2025-10-24 10:45:12,744 | INFO | [MA-LfL][Policy] Stage 3/5 - Agent 1: 4/10 epochs completed (loss=1.6001, baseline=1.6094)
2025-10-24 10:45:12,748 | INFO | [MA-LfL][Policy] Stage 3/5 - Agent 1: 6/10 epochs completed (loss=1.2568, baseline=1.6094)
2025-10-24 10:45:12,751 | INFO | [MA-LfL][Policy] Stage 3/5 - Agent 1: 8/10 epochs completed (loss=1.0344, baseline=1.6094)
2025-10-24 10:45:12,755 | INFO | [MA-LfL][Policy] Stage 3/5 - Agent 1: 10/10 epochs completed (loss=1.0029, baseline=1.6094)
2025-10-24 10:45:12,756 | INFO | [MA-LfL][Policy] Stage 4/5 - preparing data
2025-10-24 10:45:12,764 | INFO | [MA-LfL][Policy] Stage 4/5 - Agent 0: 2/10 epochs completed (loss=2.8728, baseline=1.6094)
2025-10-24 10:45:12,769 | INFO | [MA-LfL][Policy] Stage 4/5 - Agent 0: 4/10 epochs completed (loss=1.6201, baseline=1.6094)
2025-10-24 10:45:12,772 | INFO | [MA-LfL][Policy] Stage 4/5 - Agent 0: 6/10 epochs completed (loss=1.2387, baseline=1.6094)
2025-10-24 10:45:12,778 | INFO | [MA-LfL][Policy] Stage 4/5 - Agent 0: 8/10 epochs completed (loss=1.1303, baseline=1.6094)
2025-10-24 10:45:12,782 | INFO | [MA-LfL][Policy] Stage 4/5 - Agent 0: 10/10 epochs completed (loss=1.0035, baseline=1.6094)
2025-10-24 10:45:12,786 | INFO | [MA-LfL][Policy] Stage 4/5 - Agent 1: 2/10 epochs completed (loss=2.9283, baseline=1.6094)
2025-10-24 10:45:12,790 | INFO | [MA-LfL][Policy] Stage 4/5 - Agent 1: 4/10 epochs completed (loss=1.4339, baseline=1.6094)
2025-10-24 10:45:12,793 | INFO | [MA-LfL][Policy] Stage 4/5 - Agent 1: 6/10 epochs completed (loss=1.0704, baseline=1.6094)
2025-10-24 10:45:12,798 | INFO | [MA-LfL][Policy] Stage 4/5 - Agent 1: 8/10 epochs completed (loss=1.0526, baseline=1.6094)
2025-10-24 10:45:12,801 | INFO | [MA-LfL][Policy] Stage 4/5 - Agent 1: 10/10 epochs completed (loss=1.0177, baseline=1.6094)
2025-10-24 10:45:12,801 | INFO | [MA-LfL][Policy] Stage 5/5 - preparing data
2025-10-24 10:45:12,809 | INFO | [MA-LfL][Policy] Stage 5/5 - Agent 0: 2/10 epochs completed (loss=3.1318, baseline=1.6094)
2025-10-24 10:45:12,812 | INFO | [MA-LfL][Policy] Stage 5/5 - Agent 0: 4/10 epochs completed (loss=1.6561, baseline=1.6094)
2025-10-24 10:45:12,816 | INFO | [MA-LfL][Policy] Stage 5/5 - Agent 0: 6/10 epochs completed (loss=1.0889, baseline=1.6094)
2025-10-24 10:45:12,820 | INFO | [MA-LfL][Policy] Stage 5/5 - Agent 0: 8/10 epochs completed (loss=1.0369, baseline=1.6094)
2025-10-24 10:45:12,824 | INFO | [MA-LfL][Policy] Stage 5/5 - Agent 0: 10/10 epochs completed (loss=1.0083, baseline=1.6094)
2025-10-24 10:45:12,829 | INFO | [MA-LfL][Policy] Stage 5/5 - Agent 1: 2/10 epochs completed (loss=3.7079, baseline=1.6094)
2025-10-24 10:45:12,832 | INFO | [MA-LfL][Policy] Stage 5/5 - Agent 1: 4/10 epochs completed (loss=1.5068, baseline=1.6094)
2025-10-24 10:45:12,836 | INFO | [MA-LfL][Policy] Stage 5/5 - Agent 1: 6/10 epochs completed (loss=1.1110, baseline=1.6094)
2025-10-24 10:45:12,842 | INFO | [MA-LfL][Policy] Stage 5/5 - Agent 1: 8/10 epochs completed (loss=1.0331, baseline=1.6094)
2025-10-24 10:45:12,848 | INFO | [MA-LfL][Policy] Stage 5/5 - Agent 1: 10/10 epochs completed (loss=1.0069, baseline=1.6094)
2025-10-24 10:45:12,848 | INFO | [MA-LfL] Computing reward targets...
2025-10-24 10:45:12,849 | INFO | [MA-LfL][Targets] Stage 1/4 - Agent 0
2025-10-24 10:45:13,206 | INFO | [MA-LfL][Targets] Stage 1/4 - Agent 1
2025-10-24 10:45:13,599 | INFO | [MA-LfL][Targets] Stage 2/4 - Agent 0
2025-10-24 10:45:13,976 | INFO | [MA-LfL][Targets] Stage 2/4 - Agent 1
2025-10-24 10:45:14,355 | INFO | [MA-LfL][Targets] Stage 3/4 - Agent 0
2025-10-24 10:45:14,719 | INFO | [MA-LfL][Targets] Stage 3/4 - Agent 1
2025-10-24 10:45:15,106 | INFO | [MA-LfL][Targets] Stage 4/4 - Agent 0
2025-10-24 10:45:15,538 | INFO | [MA-LfL][Targets] Stage 4/4 - Agent 1
2025-10-24 10:45:15,954 | INFO | [MA-LfL] Learning rewards...
2025-10-24 10:45:15,961 | INFO | [MA-LfL][Reward] Agent 0 - dataset size=4000 (batch=1024, epochs=20000, reward_lr=1.00e-03, shaping_lr=1.00e-05)
2025-10-24 10:46:20,088 | INFO | [MA-LfL][Reward] Agent 0 - 2000/20000 epochs completed (latest loss=1.0454)
2025-10-24 10:47:29,939 | INFO | [MA-LfL][Reward] Agent 0 - 4000/20000 epochs completed (latest loss=1.0288)
2025-10-24 10:48:36,808 | INFO | [MA-LfL][Reward] Agent 0 - 6000/20000 epochs completed (latest loss=1.0240)
2025-10-24 10:49:47,405 | INFO | [MA-LfL][Reward] Agent 0 - 8000/20000 epochs completed (latest loss=1.0253)
2025-10-24 10:51:12,795 | INFO | [MA-LfL][Reward] Agent 0 - 10000/20000 epochs completed (latest loss=1.0179)
2025-10-24 10:52:19,747 | INFO | [MA-LfL][Reward] Agent 0 - 12000/20000 epochs completed (latest loss=1.0194)
2025-10-24 10:53:54,609 | INFO | [MA-LfL][Reward] Agent 0 - 14000/20000 epochs completed (latest loss=1.0216)
2025-10-24 10:55:28,086 | INFO | [MA-LfL][Reward] Agent 0 - 16000/20000 epochs completed (latest loss=1.0227)
2025-10-24 10:56:33,719 | INFO | [MA-LfL][Reward] Agent 0 - 18000/20000 epochs completed (latest loss=1.0253)
2025-10-24 10:58:00,011 | INFO | [MA-LfL][Reward] Agent 0 - 20000/20000 epochs completed (latest loss=1.0300)
2025-10-24 10:58:00,016 | INFO | [MA-LfL][Reward] Agent 1 - dataset size=4000 (batch=1024, epochs=20000, reward_lr=1.00e-03, shaping_lr=1.00e-05)
2025-10-24 10:59:06,040 | INFO | [MA-LfL][Reward] Agent 1 - 2000/20000 epochs completed (latest loss=0.7526)
2025-10-24 11:00:29,320 | INFO | [MA-LfL][Reward] Agent 1 - 4000/20000 epochs completed (latest loss=0.7609)
2025-10-24 11:01:47,790 | INFO | [MA-LfL][Reward] Agent 1 - 6000/20000 epochs completed (latest loss=0.7609)
2025-10-24 11:02:54,806 | INFO | [MA-LfL][Reward] Agent 1 - 8000/20000 epochs completed (latest loss=0.7472)
2025-10-24 11:03:58,796 | INFO | [MA-LfL][Reward] Agent 1 - 10000/20000 epochs completed (latest loss=0.7530)
2025-10-24 11:05:03,729 | INFO | [MA-LfL][Reward] Agent 1 - 12000/20000 epochs completed (latest loss=0.7428)
2025-10-24 11:06:08,235 | INFO | [MA-LfL][Reward] Agent 1 - 14000/20000 epochs completed (latest loss=0.7441)
2025-10-24 11:07:12,722 | INFO | [MA-LfL][Reward] Agent 1 - 16000/20000 epochs completed (latest loss=0.7395)
2025-10-24 11:08:16,489 | INFO | [MA-LfL][Reward] Agent 1 - 18000/20000 epochs completed (latest loss=0.7423)
2025-10-24 11:09:23,562 | INFO | [MA-LfL][Reward] Agent 1 - 20000/20000 epochs completed (latest loss=0.7454)
2025-10-24 11:09:23,564 | INFO | [MA-LfL] Evaluating rewards...
2025-10-24 11:09:24,413 | INFO | [MA-LfL] Computing alignment metrics (R_hat + g - gamma*g' vs Y_h)...
2025-10-24 11:09:24,460 | INFO | [MA-LfL] Pipeline complete.
2025-10-24 11:09:24,461 | INFO | [Experiment:heterogeneous] MA-LfL completed. Artifacts saved to outputs\heterogeneous\ma_lfl
2025-10-24 11:09:24,461 | INFO | [Experiment:heterogeneous] Agent 0 metrics - Pearson: -0.2115 | Spearman: -0.1828
2025-10-24 11:09:24,461 | INFO | [Experiment:heterogeneous] Agent 1 metrics - Pearson: -0.0948 | Spearman: -0.0773
2025-10-24 11:09:24,461 | INFO | [Experiment:heterogeneous] Trend stages: 1, 2, 3, 4
2025-10-24 11:09:24,461 | INFO | [Experiment:heterogeneous] Trend Pearson: -0.4034, -0.6917, -0.5595, -0.5787
2025-10-24 11:09:24,461 | INFO | [Experiment:heterogeneous] Trend Spearman: -0.4059, -0.6826, -0.6808, -0.5968
2025-10-24 11:09:24,462 | INFO | [Experiment:heterogeneous] Agent 0 correlation >=0.4 ? NO
2025-10-24 11:09:24,462 | INFO | [Experiment:heterogeneous] Agent 1 correlation >=0.4 ? NO
2025-10-24 11:09:24,462 | INFO | [Experiment:heterogeneous] Correlation trend non-decreasing? NO
2025-10-24 11:09:24,462 | INFO | Summary saved to outputs\summary.json
2025-10-24 11:09:24,464 | INFO | Run complete.
