2025-10-23 16:55:54,777 | INFO | Logging initialized. Log file: outputs\logs\run_20251023_165554.log
2025-10-23 16:55:54,777 | INFO | Configuration file: config.yaml
2025-10-23 16:55:54,777 | INFO | Reward families to process: heterogeneous
2025-10-23 16:55:54,777 | INFO | MA-SPI iterations=5, episodes/stage=10, episode_length=100
2025-10-23 16:55:54,777 | INFO | MA-LfL reward epochs=10000, reward batch size=8192
2025-10-23 16:55:54,778 | INFO | Log file located at outputs\logs\run_20251023_165554.log
2025-10-23 16:55:54,778 | INFO | Running experiment for reward family: heterogeneous
2025-10-23 16:55:54,778 | INFO | [Experiment:heterogeneous] Starting MA-SPI...
2025-10-23 16:55:55,615 | INFO | [MA-SPI] Starting run with 5 stages, 10 episodes/stage, episode length 100
2025-10-23 16:55:55,627 | INFO | [MA-SPI] Stage 1/5 - collecting trajectories...
2025-10-23 16:55:56,044 | INFO | [MA-SPI] Stage 1/5 - collected 2/10 episodes
2025-10-23 16:55:56,322 | INFO | [MA-SPI] Stage 1/5 - collected 4/10 episodes
2025-10-23 16:55:56,594 | INFO | [MA-SPI] Stage 1/5 - collected 6/10 episodes
2025-10-23 16:55:56,867 | INFO | [MA-SPI] Stage 1/5 - collected 8/10 episodes
2025-10-23 16:55:57,154 | INFO | [MA-SPI] Stage 1/5 - collected 10/10 episodes
2025-10-23 16:55:57,155 | INFO | [MA-SPI] Stage 1/5 - Agent 0 avg episode reward: -137.400 (std 33.539)
2025-10-23 16:55:57,157 | INFO | [MA-SPI] Stage 1/5 - Agent 1 avg episode reward: -114.900 (std 35.184)
2025-10-23 16:55:57,157 | INFO | [MA-SPI] Stage 1/5 - dataset size: 1000 transitions
2025-10-23 16:55:57,420 | INFO | [MA-SPI] Stage 1/5 - Q updates 20/100 (current batch 1000) [A0_Q_loss:2.7630, A1_Q_loss:3.1812]
2025-10-23 16:55:57,498 | INFO | [MA-SPI] Stage 1/5 - Q updates 40/100 (current batch 1000) [A0_Q_loss:1.3751, A1_Q_loss:1.4296]
2025-10-23 16:55:57,577 | INFO | [MA-SPI] Stage 1/5 - Q updates 60/100 (current batch 1000) [A0_Q_loss:0.8376, A1_Q_loss:1.0367]
2025-10-23 16:55:57,661 | INFO | [MA-SPI] Stage 1/5 - Q updates 80/100 (current batch 1000) [A0_Q_loss:0.5093, A1_Q_loss:0.7529]
2025-10-23 16:55:57,742 | INFO | [MA-SPI] Stage 1/5 - Q updates 100/100 (current batch 1000) [A0_Q_loss:0.4704, A1_Q_loss:0.5672]
2025-10-23 16:55:57,794 | INFO | [MA-SPI] Stage 1/5 - policy updates 10/50 (current batch 1000) [A0_Policy_loss:0.0288, A1_Policy_loss:0.0183]
2025-10-23 16:55:57,831 | INFO | [MA-SPI] Stage 1/5 - policy updates 20/50 (current batch 1000) [A0_Policy_loss:0.0090, A1_Policy_loss:0.0042]
2025-10-23 16:55:57,866 | INFO | [MA-SPI] Stage 1/5 - policy updates 30/50 (current batch 1000) [A0_Policy_loss:0.0034, A1_Policy_loss:0.0015]
2025-10-23 16:55:57,900 | INFO | [MA-SPI] Stage 1/5 - policy updates 40/50 (current batch 1000) [A0_Policy_loss:0.0013, A1_Policy_loss:0.0006]
2025-10-23 16:55:57,935 | INFO | [MA-SPI] Stage 1/5 - policy updates 50/50 (current batch 1000) [A0_Policy_loss:0.0005, A1_Policy_loss:0.0002]
2025-10-23 16:55:57,935 | INFO | [MA-SPI] Stage 1/5 - completed
2025-10-23 16:55:57,935 | INFO | [MA-SPI] Stage 2/5 - collecting trajectories...
2025-10-23 16:55:58,184 | INFO | [MA-SPI] Stage 2/5 - collected 2/10 episodes
2025-10-23 16:55:58,453 | INFO | [MA-SPI] Stage 2/5 - collected 4/10 episodes
2025-10-23 16:55:58,731 | INFO | [MA-SPI] Stage 2/5 - collected 6/10 episodes
2025-10-23 16:55:59,015 | INFO | [MA-SPI] Stage 2/5 - collected 8/10 episodes
2025-10-23 16:55:59,274 | INFO | [MA-SPI] Stage 2/5 - collected 10/10 episodes
2025-10-23 16:55:59,275 | INFO | [MA-SPI] Stage 2/5 - Agent 0 avg episode reward: 67.000 (std 29.783)
2025-10-23 16:55:59,275 | INFO | [MA-SPI] Stage 2/5 - Agent 1 avg episode reward: 47.100 (std 20.535)
2025-10-23 16:55:59,275 | INFO | [MA-SPI] Stage 2/5 - dataset size: 1000 transitions
2025-10-23 16:55:59,356 | INFO | [MA-SPI] Stage 2/5 - Q updates 20/100 (current batch 1000) [A0_Q_loss:1.6607, A1_Q_loss:1.4316]
2025-10-23 16:55:59,433 | INFO | [MA-SPI] Stage 2/5 - Q updates 40/100 (current batch 1000) [A0_Q_loss:1.0833, A1_Q_loss:1.1384]
2025-10-23 16:55:59,518 | INFO | [MA-SPI] Stage 2/5 - Q updates 60/100 (current batch 1000) [A0_Q_loss:0.9357, A1_Q_loss:1.0149]
2025-10-23 16:55:59,606 | INFO | [MA-SPI] Stage 2/5 - Q updates 80/100 (current batch 1000) [A0_Q_loss:0.8746, A1_Q_loss:0.9769]
2025-10-23 16:55:59,688 | INFO | [MA-SPI] Stage 2/5 - Q updates 100/100 (current batch 1000) [A0_Q_loss:0.8530, A1_Q_loss:0.9853]
2025-10-23 16:55:59,723 | INFO | [MA-SPI] Stage 2/5 - policy updates 10/50 (current batch 1000) [A0_Policy_loss:0.0158, A1_Policy_loss:0.0072]
2025-10-23 16:55:59,758 | INFO | [MA-SPI] Stage 2/5 - policy updates 20/50 (current batch 1000) [A0_Policy_loss:0.0048, A1_Policy_loss:0.0025]
2025-10-23 16:55:59,792 | INFO | [MA-SPI] Stage 2/5 - policy updates 30/50 (current batch 1000) [A0_Policy_loss:0.0020, A1_Policy_loss:0.0010]
2025-10-23 16:55:59,830 | INFO | [MA-SPI] Stage 2/5 - policy updates 40/50 (current batch 1000) [A0_Policy_loss:0.0006, A1_Policy_loss:0.0004]
2025-10-23 16:55:59,865 | INFO | [MA-SPI] Stage 2/5 - policy updates 50/50 (current batch 1000) [A0_Policy_loss:0.0002, A1_Policy_loss:0.0002]
2025-10-23 16:55:59,865 | INFO | [MA-SPI] Stage 2/5 - completed
2025-10-23 16:55:59,866 | INFO | [MA-SPI] Stage 3/5 - collecting trajectories...
2025-10-23 16:56:00,135 | INFO | [MA-SPI] Stage 3/5 - collected 2/10 episodes
2025-10-23 16:56:00,386 | INFO | [MA-SPI] Stage 3/5 - collected 4/10 episodes
2025-10-23 16:56:00,660 | INFO | [MA-SPI] Stage 3/5 - collected 6/10 episodes
2025-10-23 16:56:00,912 | INFO | [MA-SPI] Stage 3/5 - collected 8/10 episodes
2025-10-23 16:56:01,170 | INFO | [MA-SPI] Stage 3/5 - collected 10/10 episodes
2025-10-23 16:56:01,171 | INFO | [MA-SPI] Stage 3/5 - Agent 0 avg episode reward: 113.400 (std 28.051)
2025-10-23 16:56:01,171 | INFO | [MA-SPI] Stage 3/5 - Agent 1 avg episode reward: 109.100 (std 25.137)
2025-10-23 16:56:01,172 | INFO | [MA-SPI] Stage 3/5 - dataset size: 1000 transitions
2025-10-23 16:56:01,255 | INFO | [MA-SPI] Stage 3/5 - Q updates 20/100 (current batch 1000) [A0_Q_loss:0.7991, A1_Q_loss:0.6151]
2025-10-23 16:56:01,336 | INFO | [MA-SPI] Stage 3/5 - Q updates 40/100 (current batch 1000) [A0_Q_loss:0.8251, A1_Q_loss:0.5328]
2025-10-23 16:56:01,416 | INFO | [MA-SPI] Stage 3/5 - Q updates 60/100 (current batch 1000) [A0_Q_loss:0.7463, A1_Q_loss:0.5244]
2025-10-23 16:56:01,501 | INFO | [MA-SPI] Stage 3/5 - Q updates 80/100 (current batch 1000) [A0_Q_loss:0.7612, A1_Q_loss:0.5156]
2025-10-23 16:56:01,580 | INFO | [MA-SPI] Stage 3/5 - Q updates 100/100 (current batch 1000) [A0_Q_loss:0.7643, A1_Q_loss:0.5197]
2025-10-23 16:56:01,616 | INFO | [MA-SPI] Stage 3/5 - policy updates 10/50 (current batch 1000) [A0_Policy_loss:0.0067, A1_Policy_loss:0.0051]
2025-10-23 16:56:01,653 | INFO | [MA-SPI] Stage 3/5 - policy updates 20/50 (current batch 1000) [A0_Policy_loss:0.0023, A1_Policy_loss:0.0019]
2025-10-23 16:56:01,689 | INFO | [MA-SPI] Stage 3/5 - policy updates 30/50 (current batch 1000) [A0_Policy_loss:0.0008, A1_Policy_loss:0.0007]
2025-10-23 16:56:01,723 | INFO | [MA-SPI] Stage 3/5 - policy updates 40/50 (current batch 1000) [A0_Policy_loss:0.0003, A1_Policy_loss:0.0002]
2025-10-23 16:56:01,758 | INFO | [MA-SPI] Stage 3/5 - policy updates 50/50 (current batch 1000) [A0_Policy_loss:0.0001, A1_Policy_loss:0.0001]
2025-10-23 16:56:01,758 | INFO | [MA-SPI] Stage 3/5 - completed
2025-10-23 16:56:01,758 | INFO | [MA-SPI] Stage 4/5 - collecting trajectories...
2025-10-23 16:56:02,041 | INFO | [MA-SPI] Stage 4/5 - collected 2/10 episodes
2025-10-23 16:56:02,313 | INFO | [MA-SPI] Stage 4/5 - collected 4/10 episodes
2025-10-23 16:56:02,587 | INFO | [MA-SPI] Stage 4/5 - collected 6/10 episodes
2025-10-23 16:56:02,855 | INFO | [MA-SPI] Stage 4/5 - collected 8/10 episodes
2025-10-23 16:56:03,140 | INFO | [MA-SPI] Stage 4/5 - collected 10/10 episodes
2025-10-23 16:56:03,141 | INFO | [MA-SPI] Stage 4/5 - Agent 0 avg episode reward: 112.800 (std 30.225)
2025-10-23 16:56:03,141 | INFO | [MA-SPI] Stage 4/5 - Agent 1 avg episode reward: 98.900 (std 33.721)
2025-10-23 16:56:03,141 | INFO | [MA-SPI] Stage 4/5 - dataset size: 1000 transitions
2025-10-23 16:56:03,228 | INFO | [MA-SPI] Stage 4/5 - Q updates 20/100 (current batch 1000) [A0_Q_loss:0.5955, A1_Q_loss:0.4295]
2025-10-23 16:56:03,314 | INFO | [MA-SPI] Stage 4/5 - Q updates 40/100 (current batch 1000) [A0_Q_loss:0.5255, A1_Q_loss:0.3559]
2025-10-23 16:56:03,398 | INFO | [MA-SPI] Stage 4/5 - Q updates 60/100 (current batch 1000) [A0_Q_loss:0.4722, A1_Q_loss:0.3525]
2025-10-23 16:56:03,475 | INFO | [MA-SPI] Stage 4/5 - Q updates 80/100 (current batch 1000) [A0_Q_loss:0.5347, A1_Q_loss:0.3298]
2025-10-23 16:56:03,556 | INFO | [MA-SPI] Stage 4/5 - Q updates 100/100 (current batch 1000) [A0_Q_loss:0.4735, A1_Q_loss:0.3408]
2025-10-23 16:56:03,588 | INFO | [MA-SPI] Stage 4/5 - policy updates 10/50 (current batch 1000) [A0_Policy_loss:0.0037, A1_Policy_loss:0.0032]
2025-10-23 16:56:03,625 | INFO | [MA-SPI] Stage 4/5 - policy updates 20/50 (current batch 1000) [A0_Policy_loss:0.0011, A1_Policy_loss:0.0010]
2025-10-23 16:56:03,661 | INFO | [MA-SPI] Stage 4/5 - policy updates 30/50 (current batch 1000) [A0_Policy_loss:0.0005, A1_Policy_loss:0.0005]
2025-10-23 16:56:03,694 | INFO | [MA-SPI] Stage 4/5 - policy updates 40/50 (current batch 1000) [A0_Policy_loss:0.0002, A1_Policy_loss:0.0002]
2025-10-23 16:56:03,729 | INFO | [MA-SPI] Stage 4/5 - policy updates 50/50 (current batch 1000) [A0_Policy_loss:0.0001, A1_Policy_loss:0.0001]
2025-10-23 16:56:03,729 | INFO | [MA-SPI] Stage 4/5 - completed
2025-10-23 16:56:03,730 | INFO | [MA-SPI] Stage 5/5 - collecting trajectories...
2025-10-23 16:56:03,989 | INFO | [MA-SPI] Stage 5/5 - collected 2/10 episodes
2025-10-23 16:56:04,261 | INFO | [MA-SPI] Stage 5/5 - collected 4/10 episodes
2025-10-23 16:56:04,520 | INFO | [MA-SPI] Stage 5/5 - collected 6/10 episodes
2025-10-23 16:56:04,770 | INFO | [MA-SPI] Stage 5/5 - collected 8/10 episodes
2025-10-23 16:56:05,044 | INFO | [MA-SPI] Stage 5/5 - collected 10/10 episodes
2025-10-23 16:56:05,045 | INFO | [MA-SPI] Stage 5/5 - Agent 0 avg episode reward: 115.500 (std 18.720)
2025-10-23 16:56:05,045 | INFO | [MA-SPI] Stage 5/5 - Agent 1 avg episode reward: 110.000 (std 23.422)
2025-10-23 16:56:05,045 | INFO | [MA-SPI] Stage 5/5 - dataset size: 1000 transitions
2025-10-23 16:56:05,132 | INFO | [MA-SPI] Stage 5/5 - Q updates 20/100 (current batch 1000) [A0_Q_loss:0.5018, A1_Q_loss:0.4675]
2025-10-23 16:56:05,211 | INFO | [MA-SPI] Stage 5/5 - Q updates 40/100 (current batch 1000) [A0_Q_loss:0.4171, A1_Q_loss:0.4131]
2025-10-23 16:56:05,287 | INFO | [MA-SPI] Stage 5/5 - Q updates 60/100 (current batch 1000) [A0_Q_loss:0.4285, A1_Q_loss:0.3537]
2025-10-23 16:56:05,368 | INFO | [MA-SPI] Stage 5/5 - Q updates 80/100 (current batch 1000) [A0_Q_loss:0.4103, A1_Q_loss:0.4335]
2025-10-23 16:56:05,451 | INFO | [MA-SPI] Stage 5/5 - Q updates 100/100 (current batch 1000) [A0_Q_loss:0.4163, A1_Q_loss:0.4042]
2025-10-23 16:56:05,486 | INFO | [MA-SPI] Stage 5/5 - policy updates 10/50 (current batch 1000) [A0_Policy_loss:0.0023, A1_Policy_loss:0.0031]
2025-10-23 16:56:05,520 | INFO | [MA-SPI] Stage 5/5 - policy updates 20/50 (current batch 1000) [A0_Policy_loss:0.0007, A1_Policy_loss:0.0012]
2025-10-23 16:56:05,554 | INFO | [MA-SPI] Stage 5/5 - policy updates 30/50 (current batch 1000) [A0_Policy_loss:0.0003, A1_Policy_loss:0.0005]
2025-10-23 16:56:05,589 | INFO | [MA-SPI] Stage 5/5 - policy updates 40/50 (current batch 1000) [A0_Policy_loss:0.0001, A1_Policy_loss:0.0002]
2025-10-23 16:56:05,622 | INFO | [MA-SPI] Stage 5/5 - policy updates 50/50 (current batch 1000) [A0_Policy_loss:0.0000, A1_Policy_loss:0.0001]
2025-10-23 16:56:05,623 | INFO | [MA-SPI] Stage 5/5 - completed
2025-10-23 16:56:05,654 | INFO | [Experiment:heterogeneous] MA-SPI completed. Artifacts saved to outputs\heterogeneous\ma_spi
2025-10-23 16:56:05,655 | INFO | [Experiment:heterogeneous] Starting MA-LfL...
2025-10-23 16:56:05,655 | INFO | [MA-LfL] Estimating policies...
2025-10-23 16:56:05,655 | INFO | [MA-LfL][Policy] Stage 1/5 - preparing data
2025-10-23 16:56:05,694 | INFO | [MA-LfL][Policy] Stage 1/5 - Agent 0: 10/10 epochs completed (loss=1.0913, baseline=1.6094)
2025-10-23 16:56:05,713 | INFO | [MA-LfL][Policy] Stage 1/5 - Agent 1: 10/10 epochs completed (loss=1.0798, baseline=1.6094)
2025-10-23 16:56:05,714 | INFO | [MA-LfL][Policy] Stage 2/5 - preparing data
2025-10-23 16:56:05,738 | INFO | [MA-LfL][Policy] Stage 2/5 - Agent 0: 10/10 epochs completed (loss=0.9976, baseline=1.6094)
2025-10-23 16:56:05,757 | INFO | [MA-LfL][Policy] Stage 2/5 - Agent 1: 10/10 epochs completed (loss=0.9760, baseline=1.6094)
2025-10-23 16:56:05,758 | INFO | [MA-LfL][Policy] Stage 3/5 - preparing data
2025-10-23 16:56:05,779 | INFO | [MA-LfL][Policy] Stage 3/5 - Agent 0: 10/10 epochs completed (loss=0.9835, baseline=1.6094)
2025-10-23 16:56:05,804 | INFO | [MA-LfL][Policy] Stage 3/5 - Agent 1: 10/10 epochs completed (loss=1.0029, baseline=1.6094)
2025-10-23 16:56:05,804 | INFO | [MA-LfL][Policy] Stage 4/5 - preparing data
2025-10-23 16:56:05,830 | INFO | [MA-LfL][Policy] Stage 4/5 - Agent 0: 10/10 epochs completed (loss=1.0035, baseline=1.6094)
2025-10-23 16:56:05,849 | INFO | [MA-LfL][Policy] Stage 4/5 - Agent 1: 10/10 epochs completed (loss=1.0177, baseline=1.6094)
2025-10-23 16:56:05,850 | INFO | [MA-LfL][Policy] Stage 5/5 - preparing data
2025-10-23 16:56:05,873 | INFO | [MA-LfL][Policy] Stage 5/5 - Agent 0: 10/10 epochs completed (loss=1.0083, baseline=1.6094)
2025-10-23 16:56:05,899 | INFO | [MA-LfL][Policy] Stage 5/5 - Agent 1: 10/10 epochs completed (loss=1.0069, baseline=1.6094)
2025-10-23 16:56:05,900 | INFO | [MA-LfL] Computing reward targets...
2025-10-23 16:56:05,900 | INFO | [MA-LfL][Targets] Stage 1/4 - Agent 0
2025-10-23 16:56:06,238 | INFO | [MA-LfL][Targets] Stage 1/4 - Agent 1
2025-10-23 16:56:06,562 | INFO | [MA-LfL][Targets] Stage 2/4 - Agent 0
2025-10-23 16:56:06,866 | INFO | [MA-LfL][Targets] Stage 2/4 - Agent 1
2025-10-23 16:56:07,174 | INFO | [MA-LfL][Targets] Stage 3/4 - Agent 0
2025-10-23 16:56:07,520 | INFO | [MA-LfL][Targets] Stage 3/4 - Agent 1
2025-10-23 16:56:07,893 | INFO | [MA-LfL][Targets] Stage 4/4 - Agent 0
2025-10-23 16:56:08,228 | INFO | [MA-LfL][Targets] Stage 4/4 - Agent 1
2025-10-23 16:56:08,604 | INFO | [MA-LfL] Learning rewards...
2025-10-23 16:56:08,613 | INFO | [MA-LfL][Reward] Agent 0 - dataset size=4000 (batch=4000, epochs=10000)
2025-10-23 16:56:18,631 | INFO | [MA-LfL][Reward] Agent 0 - 1000/10000 epochs completed (latest loss=0.7511)
2025-10-23 16:56:28,958 | INFO | [MA-LfL][Reward] Agent 0 - 2000/10000 epochs completed (latest loss=0.7499)
2025-10-23 16:56:39,776 | INFO | [MA-LfL][Reward] Agent 0 - 3000/10000 epochs completed (latest loss=0.7495)
2025-10-23 16:56:50,867 | INFO | [MA-LfL][Reward] Agent 0 - 4000/10000 epochs completed (latest loss=0.7514)
2025-10-23 16:57:01,556 | INFO | [MA-LfL][Reward] Agent 0 - 5000/10000 epochs completed (latest loss=0.7495)
2025-10-23 16:57:12,812 | INFO | [MA-LfL][Reward] Agent 0 - 6000/10000 epochs completed (latest loss=0.7511)
2025-10-23 16:57:24,416 | INFO | [MA-LfL][Reward] Agent 0 - 7000/10000 epochs completed (latest loss=0.7495)
2025-10-23 16:57:35,410 | INFO | [MA-LfL][Reward] Agent 0 - 8000/10000 epochs completed (latest loss=0.7495)
2025-10-23 16:57:46,329 | INFO | [MA-LfL][Reward] Agent 0 - 9000/10000 epochs completed (latest loss=0.7495)
2025-10-23 16:57:57,607 | INFO | [MA-LfL][Reward] Agent 0 - 10000/10000 epochs completed (latest loss=0.7495)
2025-10-23 16:57:57,613 | INFO | [MA-LfL][Reward] Agent 1 - dataset size=4000 (batch=4000, epochs=10000)
2025-10-23 16:58:08,849 | INFO | [MA-LfL][Reward] Agent 1 - 1000/10000 epochs completed (latest loss=0.4232)
2025-10-23 16:58:20,977 | INFO | [MA-LfL][Reward] Agent 1 - 2000/10000 epochs completed (latest loss=0.4235)
2025-10-23 16:58:32,942 | INFO | [MA-LfL][Reward] Agent 1 - 3000/10000 epochs completed (latest loss=0.4227)
2025-10-23 16:58:46,260 | INFO | [MA-LfL][Reward] Agent 1 - 4000/10000 epochs completed (latest loss=0.4227)
2025-10-23 16:59:00,548 | INFO | [MA-LfL][Reward] Agent 1 - 5000/10000 epochs completed (latest loss=0.4237)
2025-10-23 16:59:11,922 | INFO | [MA-LfL][Reward] Agent 1 - 6000/10000 epochs completed (latest loss=0.4227)
2025-10-23 16:59:24,491 | INFO | [MA-LfL][Reward] Agent 1 - 7000/10000 epochs completed (latest loss=0.4227)
2025-10-23 16:59:36,268 | INFO | [MA-LfL][Reward] Agent 1 - 8000/10000 epochs completed (latest loss=0.4261)
2025-10-23 16:59:47,577 | INFO | [MA-LfL][Reward] Agent 1 - 9000/10000 epochs completed (latest loss=0.4227)
2025-10-23 16:59:59,478 | INFO | [MA-LfL][Reward] Agent 1 - 10000/10000 epochs completed (latest loss=0.4227)
2025-10-23 16:59:59,479 | INFO | [MA-LfL] Evaluating rewards...
2025-10-23 17:00:00,328 | INFO | [MA-LfL] Pipeline complete.
2025-10-23 17:00:00,328 | INFO | [Experiment:heterogeneous] MA-LfL completed. Artifacts saved to outputs\heterogeneous\ma_lfl
2025-10-23 17:00:00,328 | INFO | [Experiment:heterogeneous] Agent 0 metrics - Pearson: 0.2307 | Spearman: 0.2279
2025-10-23 17:00:00,328 | INFO | [Experiment:heterogeneous] Agent 1 metrics - Pearson: 0.0292 | Spearman: 0.0754
2025-10-23 17:00:00,328 | INFO | [Experiment:heterogeneous] Trend stages: 1, 2, 3, 4
2025-10-23 17:00:00,328 | INFO | [Experiment:heterogeneous] Trend Pearson: 0.4034, 0.6917, 0.5595, 0.5787
2025-10-23 17:00:00,328 | INFO | [Experiment:heterogeneous] Trend Spearman: 0.4059, 0.6826, 0.6808, 0.5968
2025-10-23 17:00:00,328 | INFO | [Experiment:heterogeneous] Agent 0 correlation >=0.4 ? NO
2025-10-23 17:00:00,330 | INFO | [Experiment:heterogeneous] Agent 1 correlation >=0.4 ? NO
2025-10-23 17:00:00,330 | INFO | [Experiment:heterogeneous] Correlation trend non-decreasing? NO
2025-10-23 17:00:00,331 | INFO | Summary saved to outputs\summary.json
2025-10-23 17:00:00,331 | INFO | Run complete.
