2025-10-23 21:22:24,680 | INFO | Logging initialized. Log file: outputs\logs\run_20251023_212224.log
2025-10-23 21:22:24,680 | INFO | Configuration file: config.yaml
2025-10-23 21:22:24,680 | INFO | Reward families to process: heterogeneous
2025-10-23 21:22:24,680 | INFO | MA-SPI iterations=5, episodes/stage=10, episode_length=100
2025-10-23 21:22:24,680 | INFO | MA-LfL reward epochs=20000, reward batch size=8192
2025-10-23 21:22:24,680 | INFO | Log file located at outputs\logs\run_20251023_212224.log
2025-10-23 21:22:24,681 | INFO | Running experiment for reward family: heterogeneous
2025-10-23 21:22:24,681 | INFO | [Experiment:heterogeneous] Starting MA-SPI...
2025-10-23 21:22:25,516 | INFO | [MA-SPI] Starting run with 5 stages, 10 episodes/stage, episode length 100
2025-10-23 21:22:25,518 | INFO | [MA-SPI] Stage 1/5 - collecting trajectories...
2025-10-23 21:22:25,951 | INFO | [MA-SPI] Stage 1/5 - collected 2/10 episodes
2025-10-23 21:22:26,280 | INFO | [MA-SPI] Stage 1/5 - collected 4/10 episodes
2025-10-23 21:22:26,647 | INFO | [MA-SPI] Stage 1/5 - collected 6/10 episodes
2025-10-23 21:22:26,957 | INFO | [MA-SPI] Stage 1/5 - collected 8/10 episodes
2025-10-23 21:22:27,262 | INFO | [MA-SPI] Stage 1/5 - collected 10/10 episodes
2025-10-23 21:22:27,263 | INFO | [MA-SPI] Stage 1/5 - Agent 0 avg episode reward: -137.400 (std 33.539)
2025-10-23 21:22:27,264 | INFO | [MA-SPI] Stage 1/5 - Agent 1 avg episode reward: -114.900 (std 35.184)
2025-10-23 21:22:27,264 | INFO | [MA-SPI] Stage 1/5 - dataset size: 1000 transitions
2025-10-23 21:22:27,521 | INFO | [MA-SPI] Stage 1/5 - Q updates 20/100 (current batch 1000) [A0_Q_loss:2.7630, A1_Q_loss:3.1812]
2025-10-23 21:22:27,612 | INFO | [MA-SPI] Stage 1/5 - Q updates 40/100 (current batch 1000) [A0_Q_loss:1.3751, A1_Q_loss:1.4296]
2025-10-23 21:22:27,705 | INFO | [MA-SPI] Stage 1/5 - Q updates 60/100 (current batch 1000) [A0_Q_loss:0.8376, A1_Q_loss:1.0367]
2025-10-23 21:22:27,790 | INFO | [MA-SPI] Stage 1/5 - Q updates 80/100 (current batch 1000) [A0_Q_loss:0.5093, A1_Q_loss:0.7529]
2025-10-23 21:22:27,880 | INFO | [MA-SPI] Stage 1/5 - Q updates 100/100 (current batch 1000) [A0_Q_loss:0.4704, A1_Q_loss:0.5672]
2025-10-23 21:22:27,922 | INFO | [MA-SPI] Stage 1/5 - policy updates 10/50 (current batch 1000) [A0_Policy_loss:0.0288, A1_Policy_loss:0.0183]
2025-10-23 21:22:27,958 | INFO | [MA-SPI] Stage 1/5 - policy updates 20/50 (current batch 1000) [A0_Policy_loss:0.0090, A1_Policy_loss:0.0042]
2025-10-23 21:22:27,992 | INFO | [MA-SPI] Stage 1/5 - policy updates 30/50 (current batch 1000) [A0_Policy_loss:0.0034, A1_Policy_loss:0.0015]
2025-10-23 21:22:28,031 | INFO | [MA-SPI] Stage 1/5 - policy updates 40/50 (current batch 1000) [A0_Policy_loss:0.0013, A1_Policy_loss:0.0006]
2025-10-23 21:22:28,071 | INFO | [MA-SPI] Stage 1/5 - policy updates 50/50 (current batch 1000) [A0_Policy_loss:0.0005, A1_Policy_loss:0.0002]
2025-10-23 21:22:28,071 | INFO | [MA-SPI] Stage 1/5 - completed
2025-10-23 21:22:28,072 | INFO | [MA-SPI] Stage 2/5 - collecting trajectories...
2025-10-23 21:22:28,348 | INFO | [MA-SPI] Stage 2/5 - collected 2/10 episodes
2025-10-23 21:22:28,626 | INFO | [MA-SPI] Stage 2/5 - collected 4/10 episodes
2025-10-23 21:22:28,915 | INFO | [MA-SPI] Stage 2/5 - collected 6/10 episodes
2025-10-23 21:22:29,179 | INFO | [MA-SPI] Stage 2/5 - collected 8/10 episodes
2025-10-23 21:22:29,452 | INFO | [MA-SPI] Stage 2/5 - collected 10/10 episodes
2025-10-23 21:22:29,453 | INFO | [MA-SPI] Stage 2/5 - Agent 0 avg episode reward: 67.000 (std 29.783)
2025-10-23 21:22:29,454 | INFO | [MA-SPI] Stage 2/5 - Agent 1 avg episode reward: 47.100 (std 20.535)
2025-10-23 21:22:29,454 | INFO | [MA-SPI] Stage 2/5 - dataset size: 1000 transitions
2025-10-23 21:22:29,540 | INFO | [MA-SPI] Stage 2/5 - Q updates 20/100 (current batch 1000) [A0_Q_loss:1.6607, A1_Q_loss:1.4316]
2025-10-23 21:22:29,623 | INFO | [MA-SPI] Stage 2/5 - Q updates 40/100 (current batch 1000) [A0_Q_loss:1.0833, A1_Q_loss:1.1384]
2025-10-23 21:22:29,709 | INFO | [MA-SPI] Stage 2/5 - Q updates 60/100 (current batch 1000) [A0_Q_loss:0.9357, A1_Q_loss:1.0149]
2025-10-23 21:22:29,796 | INFO | [MA-SPI] Stage 2/5 - Q updates 80/100 (current batch 1000) [A0_Q_loss:0.8746, A1_Q_loss:0.9769]
2025-10-23 21:22:29,877 | INFO | [MA-SPI] Stage 2/5 - Q updates 100/100 (current batch 1000) [A0_Q_loss:0.8530, A1_Q_loss:0.9853]
2025-10-23 21:22:29,908 | INFO | [MA-SPI] Stage 2/5 - policy updates 10/50 (current batch 1000) [A0_Policy_loss:0.0158, A1_Policy_loss:0.0072]
2025-10-23 21:22:29,943 | INFO | [MA-SPI] Stage 2/5 - policy updates 20/50 (current batch 1000) [A0_Policy_loss:0.0048, A1_Policy_loss:0.0025]
2025-10-23 21:22:29,980 | INFO | [MA-SPI] Stage 2/5 - policy updates 30/50 (current batch 1000) [A0_Policy_loss:0.0020, A1_Policy_loss:0.0010]
2025-10-23 21:22:30,019 | INFO | [MA-SPI] Stage 2/5 - policy updates 40/50 (current batch 1000) [A0_Policy_loss:0.0006, A1_Policy_loss:0.0004]
2025-10-23 21:22:30,054 | INFO | [MA-SPI] Stage 2/5 - policy updates 50/50 (current batch 1000) [A0_Policy_loss:0.0002, A1_Policy_loss:0.0002]
2025-10-23 21:22:30,054 | INFO | [MA-SPI] Stage 2/5 - completed
2025-10-23 21:22:30,054 | INFO | [MA-SPI] Stage 3/5 - collecting trajectories...
2025-10-23 21:22:30,340 | INFO | [MA-SPI] Stage 3/5 - collected 2/10 episodes
2025-10-23 21:22:30,607 | INFO | [MA-SPI] Stage 3/5 - collected 4/10 episodes
2025-10-23 21:22:30,882 | INFO | [MA-SPI] Stage 3/5 - collected 6/10 episodes
2025-10-23 21:22:31,159 | INFO | [MA-SPI] Stage 3/5 - collected 8/10 episodes
2025-10-23 21:22:31,417 | INFO | [MA-SPI] Stage 3/5 - collected 10/10 episodes
2025-10-23 21:22:31,418 | INFO | [MA-SPI] Stage 3/5 - Agent 0 avg episode reward: 113.400 (std 28.051)
2025-10-23 21:22:31,418 | INFO | [MA-SPI] Stage 3/5 - Agent 1 avg episode reward: 109.100 (std 25.137)
2025-10-23 21:22:31,418 | INFO | [MA-SPI] Stage 3/5 - dataset size: 1000 transitions
2025-10-23 21:22:31,504 | INFO | [MA-SPI] Stage 3/5 - Q updates 20/100 (current batch 1000) [A0_Q_loss:0.7991, A1_Q_loss:0.6151]
2025-10-23 21:22:31,595 | INFO | [MA-SPI] Stage 3/5 - Q updates 40/100 (current batch 1000) [A0_Q_loss:0.8251, A1_Q_loss:0.5328]
2025-10-23 21:22:31,682 | INFO | [MA-SPI] Stage 3/5 - Q updates 60/100 (current batch 1000) [A0_Q_loss:0.7463, A1_Q_loss:0.5244]
2025-10-23 21:22:31,770 | INFO | [MA-SPI] Stage 3/5 - Q updates 80/100 (current batch 1000) [A0_Q_loss:0.7612, A1_Q_loss:0.5156]
2025-10-23 21:22:31,855 | INFO | [MA-SPI] Stage 3/5 - Q updates 100/100 (current batch 1000) [A0_Q_loss:0.7643, A1_Q_loss:0.5197]
2025-10-23 21:22:31,890 | INFO | [MA-SPI] Stage 3/5 - policy updates 10/50 (current batch 1000) [A0_Policy_loss:0.0067, A1_Policy_loss:0.0051]
2025-10-23 21:22:31,923 | INFO | [MA-SPI] Stage 3/5 - policy updates 20/50 (current batch 1000) [A0_Policy_loss:0.0023, A1_Policy_loss:0.0019]
2025-10-23 21:22:31,959 | INFO | [MA-SPI] Stage 3/5 - policy updates 30/50 (current batch 1000) [A0_Policy_loss:0.0008, A1_Policy_loss:0.0007]
2025-10-23 21:22:31,996 | INFO | [MA-SPI] Stage 3/5 - policy updates 40/50 (current batch 1000) [A0_Policy_loss:0.0003, A1_Policy_loss:0.0002]
2025-10-23 21:22:32,037 | INFO | [MA-SPI] Stage 3/5 - policy updates 50/50 (current batch 1000) [A0_Policy_loss:0.0001, A1_Policy_loss:0.0001]
2025-10-23 21:22:32,037 | INFO | [MA-SPI] Stage 3/5 - completed
2025-10-23 21:22:32,037 | INFO | [MA-SPI] Stage 4/5 - collecting trajectories...
2025-10-23 21:22:32,479 | INFO | [MA-SPI] Stage 4/5 - collected 2/10 episodes
2025-10-23 21:22:32,864 | INFO | [MA-SPI] Stage 4/5 - collected 4/10 episodes
2025-10-23 21:22:33,187 | INFO | [MA-SPI] Stage 4/5 - collected 6/10 episodes
2025-10-23 21:22:33,514 | INFO | [MA-SPI] Stage 4/5 - collected 8/10 episodes
2025-10-23 21:22:33,899 | INFO | [MA-SPI] Stage 4/5 - collected 10/10 episodes
2025-10-23 21:22:33,900 | INFO | [MA-SPI] Stage 4/5 - Agent 0 avg episode reward: 112.800 (std 30.225)
2025-10-23 21:22:33,900 | INFO | [MA-SPI] Stage 4/5 - Agent 1 avg episode reward: 98.900 (std 33.721)
2025-10-23 21:22:33,900 | INFO | [MA-SPI] Stage 4/5 - dataset size: 1000 transitions
2025-10-23 21:22:34,002 | INFO | [MA-SPI] Stage 4/5 - Q updates 20/100 (current batch 1000) [A0_Q_loss:0.5955, A1_Q_loss:0.4295]
2025-10-23 21:22:34,112 | INFO | [MA-SPI] Stage 4/5 - Q updates 40/100 (current batch 1000) [A0_Q_loss:0.5255, A1_Q_loss:0.3559]
2025-10-23 21:22:34,219 | INFO | [MA-SPI] Stage 4/5 - Q updates 60/100 (current batch 1000) [A0_Q_loss:0.4722, A1_Q_loss:0.3525]
2025-10-23 21:22:34,315 | INFO | [MA-SPI] Stage 4/5 - Q updates 80/100 (current batch 1000) [A0_Q_loss:0.5347, A1_Q_loss:0.3298]
2025-10-23 21:22:34,413 | INFO | [MA-SPI] Stage 4/5 - Q updates 100/100 (current batch 1000) [A0_Q_loss:0.4735, A1_Q_loss:0.3408]
2025-10-23 21:22:34,458 | INFO | [MA-SPI] Stage 4/5 - policy updates 10/50 (current batch 1000) [A0_Policy_loss:0.0037, A1_Policy_loss:0.0032]
2025-10-23 21:22:34,497 | INFO | [MA-SPI] Stage 4/5 - policy updates 20/50 (current batch 1000) [A0_Policy_loss:0.0011, A1_Policy_loss:0.0010]
2025-10-23 21:22:34,534 | INFO | [MA-SPI] Stage 4/5 - policy updates 30/50 (current batch 1000) [A0_Policy_loss:0.0005, A1_Policy_loss:0.0005]
2025-10-23 21:22:34,573 | INFO | [MA-SPI] Stage 4/5 - policy updates 40/50 (current batch 1000) [A0_Policy_loss:0.0002, A1_Policy_loss:0.0002]
2025-10-23 21:22:34,621 | INFO | [MA-SPI] Stage 4/5 - policy updates 50/50 (current batch 1000) [A0_Policy_loss:0.0001, A1_Policy_loss:0.0001]
2025-10-23 21:22:34,622 | INFO | [MA-SPI] Stage 4/5 - completed
2025-10-23 21:22:34,622 | INFO | [MA-SPI] Stage 5/5 - collecting trajectories...
2025-10-23 21:22:34,907 | INFO | [MA-SPI] Stage 5/5 - collected 2/10 episodes
2025-10-23 21:22:35,193 | INFO | [MA-SPI] Stage 5/5 - collected 4/10 episodes
2025-10-23 21:22:35,503 | INFO | [MA-SPI] Stage 5/5 - collected 6/10 episodes
2025-10-23 21:22:35,809 | INFO | [MA-SPI] Stage 5/5 - collected 8/10 episodes
2025-10-23 21:22:36,148 | INFO | [MA-SPI] Stage 5/5 - collected 10/10 episodes
2025-10-23 21:22:36,149 | INFO | [MA-SPI] Stage 5/5 - Agent 0 avg episode reward: 115.500 (std 18.720)
2025-10-23 21:22:36,149 | INFO | [MA-SPI] Stage 5/5 - Agent 1 avg episode reward: 110.000 (std 23.422)
2025-10-23 21:22:36,149 | INFO | [MA-SPI] Stage 5/5 - dataset size: 1000 transitions
2025-10-23 21:22:36,292 | INFO | [MA-SPI] Stage 5/5 - Q updates 20/100 (current batch 1000) [A0_Q_loss:0.5018, A1_Q_loss:0.4675]
2025-10-23 21:22:36,403 | INFO | [MA-SPI] Stage 5/5 - Q updates 40/100 (current batch 1000) [A0_Q_loss:0.4171, A1_Q_loss:0.4131]
2025-10-23 21:22:36,500 | INFO | [MA-SPI] Stage 5/5 - Q updates 60/100 (current batch 1000) [A0_Q_loss:0.4285, A1_Q_loss:0.3537]
2025-10-23 21:22:36,596 | INFO | [MA-SPI] Stage 5/5 - Q updates 80/100 (current batch 1000) [A0_Q_loss:0.4103, A1_Q_loss:0.4335]
2025-10-23 21:22:36,696 | INFO | [MA-SPI] Stage 5/5 - Q updates 100/100 (current batch 1000) [A0_Q_loss:0.4163, A1_Q_loss:0.4042]
2025-10-23 21:22:36,745 | INFO | [MA-SPI] Stage 5/5 - policy updates 10/50 (current batch 1000) [A0_Policy_loss:0.0023, A1_Policy_loss:0.0031]
2025-10-23 21:22:36,787 | INFO | [MA-SPI] Stage 5/5 - policy updates 20/50 (current batch 1000) [A0_Policy_loss:0.0007, A1_Policy_loss:0.0012]
2025-10-23 21:22:36,830 | INFO | [MA-SPI] Stage 5/5 - policy updates 30/50 (current batch 1000) [A0_Policy_loss:0.0003, A1_Policy_loss:0.0005]
2025-10-23 21:22:36,875 | INFO | [MA-SPI] Stage 5/5 - policy updates 40/50 (current batch 1000) [A0_Policy_loss:0.0001, A1_Policy_loss:0.0002]
2025-10-23 21:22:36,920 | INFO | [MA-SPI] Stage 5/5 - policy updates 50/50 (current batch 1000) [A0_Policy_loss:0.0000, A1_Policy_loss:0.0001]
2025-10-23 21:22:36,920 | INFO | [MA-SPI] Stage 5/5 - completed
2025-10-23 21:22:36,967 | INFO | [Experiment:heterogeneous] MA-SPI completed. Artifacts saved to outputs\heterogeneous\ma_spi
2025-10-23 21:22:36,967 | INFO | [Experiment:heterogeneous] Starting MA-LfL...
2025-10-23 21:22:36,968 | INFO | [MA-LfL] Estimating policies...
2025-10-23 21:22:36,969 | INFO | [MA-LfL][Policy] Stage 1/5 - preparing data
2025-10-23 21:22:37,046 | INFO | [MA-LfL][Policy] Stage 1/5 - Agent 0: 10/10 epochs completed (loss=1.0913, baseline=1.6094)
2025-10-23 21:22:37,073 | INFO | [MA-LfL][Policy] Stage 1/5 - Agent 1: 10/10 epochs completed (loss=1.0798, baseline=1.6094)
2025-10-23 21:22:37,074 | INFO | [MA-LfL][Policy] Stage 2/5 - preparing data
2025-10-23 21:22:37,099 | INFO | [MA-LfL][Policy] Stage 2/5 - Agent 0: 10/10 epochs completed (loss=0.9976, baseline=1.6094)
2025-10-23 21:22:37,123 | INFO | [MA-LfL][Policy] Stage 2/5 - Agent 1: 10/10 epochs completed (loss=0.9760, baseline=1.6094)
2025-10-23 21:22:37,123 | INFO | [MA-LfL][Policy] Stage 3/5 - preparing data
2025-10-23 21:22:37,153 | INFO | [MA-LfL][Policy] Stage 3/5 - Agent 0: 10/10 epochs completed (loss=0.9835, baseline=1.6094)
2025-10-23 21:22:37,190 | INFO | [MA-LfL][Policy] Stage 3/5 - Agent 1: 10/10 epochs completed (loss=1.0029, baseline=1.6094)
2025-10-23 21:22:37,191 | INFO | [MA-LfL][Policy] Stage 4/5 - preparing data
2025-10-23 21:22:37,229 | INFO | [MA-LfL][Policy] Stage 4/5 - Agent 0: 10/10 epochs completed (loss=1.0035, baseline=1.6094)
2025-10-23 21:22:37,283 | INFO | [MA-LfL][Policy] Stage 4/5 - Agent 1: 10/10 epochs completed (loss=1.0177, baseline=1.6094)
2025-10-23 21:22:37,284 | INFO | [MA-LfL][Policy] Stage 5/5 - preparing data
2025-10-23 21:22:37,328 | INFO | [MA-LfL][Policy] Stage 5/5 - Agent 0: 10/10 epochs completed (loss=1.0083, baseline=1.6094)
2025-10-23 21:22:37,360 | INFO | [MA-LfL][Policy] Stage 5/5 - Agent 1: 10/10 epochs completed (loss=1.0069, baseline=1.6094)
2025-10-23 21:22:37,361 | INFO | [MA-LfL] Computing reward targets...
2025-10-23 21:22:37,361 | INFO | [MA-LfL][Targets] Stage 1/4 - Agent 0
2025-10-23 21:22:37,764 | INFO | [MA-LfL][Targets] Stage 1/4 - Agent 1
2025-10-23 21:22:38,143 | INFO | [MA-LfL][Targets] Stage 2/4 - Agent 0
2025-10-23 21:22:38,602 | INFO | [MA-LfL][Targets] Stage 2/4 - Agent 1
2025-10-23 21:22:39,049 | INFO | [MA-LfL][Targets] Stage 3/4 - Agent 0
2025-10-23 21:22:39,452 | INFO | [MA-LfL][Targets] Stage 3/4 - Agent 1
2025-10-23 21:22:39,944 | INFO | [MA-LfL][Targets] Stage 4/4 - Agent 0
2025-10-23 21:22:40,307 | INFO | [MA-LfL][Targets] Stage 4/4 - Agent 1
2025-10-23 21:22:40,735 | INFO | [MA-LfL] Learning rewards...
2025-10-23 21:22:40,745 | INFO | [MA-LfL][Reward] Agent 0 - dataset size=4000 (batch=4000, epochs=20000)
2025-10-23 21:23:03,528 | INFO | [MA-LfL][Reward] Agent 0 - 2000/20000 epochs completed (latest loss=0.8676)
2025-10-23 21:23:28,876 | INFO | [MA-LfL][Reward] Agent 0 - 4000/20000 epochs completed (latest loss=0.8676)
2025-10-23 21:23:55,075 | INFO | [MA-LfL][Reward] Agent 0 - 6000/20000 epochs completed (latest loss=0.8676)
2025-10-23 21:24:20,263 | INFO | [MA-LfL][Reward] Agent 0 - 8000/20000 epochs completed (latest loss=0.8676)
2025-10-23 21:24:46,125 | INFO | [MA-LfL][Reward] Agent 0 - 10000/20000 epochs completed (latest loss=0.8676)
2025-10-23 21:25:10,391 | INFO | [MA-LfL][Reward] Agent 0 - 12000/20000 epochs completed (latest loss=0.8676)
2025-10-23 21:25:35,465 | INFO | [MA-LfL][Reward] Agent 0 - 14000/20000 epochs completed (latest loss=0.8676)
2025-10-23 21:26:01,379 | INFO | [MA-LfL][Reward] Agent 0 - 16000/20000 epochs completed (latest loss=0.8677)
2025-10-23 21:26:25,474 | INFO | [MA-LfL][Reward] Agent 0 - 18000/20000 epochs completed (latest loss=0.8676)
2025-10-23 21:26:50,302 | INFO | [MA-LfL][Reward] Agent 0 - 20000/20000 epochs completed (latest loss=0.8676)
2025-10-23 21:26:50,308 | INFO | [MA-LfL][Reward] Agent 1 - dataset size=4000 (batch=4000, epochs=20000)
2025-10-23 21:27:16,167 | INFO | [MA-LfL][Reward] Agent 1 - 2000/20000 epochs completed (latest loss=0.5540)
2025-10-23 21:27:39,672 | INFO | [MA-LfL][Reward] Agent 1 - 4000/20000 epochs completed (latest loss=0.5541)
2025-10-23 21:28:03,203 | INFO | [MA-LfL][Reward] Agent 1 - 6000/20000 epochs completed (latest loss=0.5540)
2025-10-23 21:28:28,278 | INFO | [MA-LfL][Reward] Agent 1 - 8000/20000 epochs completed (latest loss=0.5540)
2025-10-23 21:28:51,560 | INFO | [MA-LfL][Reward] Agent 1 - 10000/20000 epochs completed (latest loss=0.5540)
2025-10-23 21:29:15,845 | INFO | [MA-LfL][Reward] Agent 1 - 12000/20000 epochs completed (latest loss=0.5540)
2025-10-23 21:29:41,250 | INFO | [MA-LfL][Reward] Agent 1 - 14000/20000 epochs completed (latest loss=0.5554)
2025-10-23 21:30:06,016 | INFO | [MA-LfL][Reward] Agent 1 - 16000/20000 epochs completed (latest loss=0.5548)
2025-10-23 21:30:30,022 | INFO | [MA-LfL][Reward] Agent 1 - 18000/20000 epochs completed (latest loss=0.5540)
2025-10-23 21:30:54,169 | INFO | [MA-LfL][Reward] Agent 1 - 20000/20000 epochs completed (latest loss=0.5540)
2025-10-23 21:30:54,170 | INFO | [MA-LfL] Evaluating rewards...
2025-10-23 21:30:55,240 | INFO | [MA-LfL] Pipeline complete.
2025-10-23 21:30:55,240 | INFO | [Experiment:heterogeneous] MA-LfL completed. Artifacts saved to outputs\heterogeneous\ma_lfl
2025-10-23 21:30:55,240 | INFO | [Experiment:heterogeneous] Agent 0 metrics - Pearson: 0.2527 | Spearman: 0.2701
2025-10-23 21:30:55,240 | INFO | [Experiment:heterogeneous] Agent 1 metrics - Pearson: 0.0635 | Spearman: 0.0836
2025-10-23 21:30:55,240 | INFO | [Experiment:heterogeneous] Trend stages: 1, 2, 3, 4
2025-10-23 21:30:55,240 | INFO | [Experiment:heterogeneous] Trend Pearson: 0.4034, 0.6917, 0.5595, 0.5787
2025-10-23 21:30:55,240 | INFO | [Experiment:heterogeneous] Trend Spearman: 0.4059, 0.6826, 0.6808, 0.5968
2025-10-23 21:30:55,240 | INFO | [Experiment:heterogeneous] Agent 0 correlation >=0.4 ? NO
2025-10-23 21:30:55,240 | INFO | [Experiment:heterogeneous] Agent 1 correlation >=0.4 ? NO
2025-10-23 21:30:55,241 | INFO | [Experiment:heterogeneous] Correlation trend non-decreasing? NO
2025-10-23 21:30:55,242 | INFO | Summary saved to outputs\summary.json
2025-10-23 21:30:55,242 | INFO | Run complete.
