2025-10-23 09:16:13,583 | INFO | Logging initialized. Log file: outputs\logs\run_20251023_091613.log
2025-10-23 09:16:13,583 | INFO | Configuration file: config.yaml
2025-10-23 09:16:13,583 | INFO | Reward families to process: heterogeneous
2025-10-23 09:16:13,584 | INFO | MA-SPI iterations=3, episodes/stage=50, episode_length=100
2025-10-23 09:16:13,584 | INFO | MA-LfL reward epochs=1000, reward batch size=8192
2025-10-23 09:16:13,584 | INFO | Log file located at outputs\logs\run_20251023_091613.log
2025-10-23 09:16:13,584 | INFO | Running experiment for reward family: heterogeneous
2025-10-23 09:16:13,584 | INFO | [Experiment:heterogeneous] Starting MA-SPI...
2025-10-23 09:16:14,414 | INFO | [MA-SPI] Starting run with 3 stages, 50 episodes/stage, episode length 100
2025-10-23 09:16:14,426 | INFO | [MA-SPI] Stage 1/3 - collecting trajectories...
2025-10-23 09:16:15,961 | INFO | [MA-SPI] Stage 1/3 - collected 10/50 episodes
2025-10-23 09:16:17,353 | INFO | [MA-SPI] Stage 1/3 - collected 20/50 episodes
2025-10-23 09:16:18,703 | INFO | [MA-SPI] Stage 1/3 - collected 30/50 episodes
2025-10-23 09:16:19,984 | INFO | [MA-SPI] Stage 1/3 - collected 40/50 episodes
2025-10-23 09:16:21,325 | INFO | [MA-SPI] Stage 1/3 - collected 50/50 episodes
2025-10-23 09:16:21,329 | INFO | [MA-SPI] Stage 1/3 - Agent 0 avg episode reward: -131.960 (std 30.728)
2025-10-23 09:16:21,329 | INFO | [MA-SPI] Stage 1/3 - Agent 1 avg episode reward: -111.860 (std 30.364)
2025-10-23 09:16:21,329 | INFO | [MA-SPI] Stage 1/3 - dataset size: 5000 transitions
2025-10-23 09:16:21,658 | INFO | [MA-SPI] Stage 1/3 - Q updates 20/100 (current batch 5000) [A0_Q_loss:2.9560, A1_Q_loss:3.1497]
2025-10-23 09:16:21,764 | INFO | [MA-SPI] Stage 1/3 - Q updates 40/100 (current batch 5000) [A0_Q_loss:1.6531, A1_Q_loss:1.6196]
2025-10-23 09:16:21,863 | INFO | [MA-SPI] Stage 1/3 - Q updates 60/100 (current batch 5000) [A0_Q_loss:1.1931, A1_Q_loss:0.8657]
2025-10-23 09:16:21,957 | INFO | [MA-SPI] Stage 1/3 - Q updates 80/100 (current batch 5000) [A0_Q_loss:0.8032, A1_Q_loss:0.6951]
2025-10-23 09:16:22,052 | INFO | [MA-SPI] Stage 1/3 - Q updates 100/100 (current batch 5000) [A0_Q_loss:0.7046, A1_Q_loss:0.6365]
2025-10-23 09:16:22,100 | INFO | [MA-SPI] Stage 1/3 - policy updates 10/50 (current batch 5000) [A0_Policy_loss:0.0265, A1_Policy_loss:0.0204]
2025-10-23 09:16:22,142 | INFO | [MA-SPI] Stage 1/3 - policy updates 20/50 (current batch 5000) [A0_Policy_loss:0.0082, A1_Policy_loss:0.0053]
2025-10-23 09:16:22,184 | INFO | [MA-SPI] Stage 1/3 - policy updates 30/50 (current batch 5000) [A0_Policy_loss:0.0026, A1_Policy_loss:0.0018]
2025-10-23 09:16:22,228 | INFO | [MA-SPI] Stage 1/3 - policy updates 40/50 (current batch 5000) [A0_Policy_loss:0.0008, A1_Policy_loss:0.0007]
2025-10-23 09:16:22,272 | INFO | [MA-SPI] Stage 1/3 - policy updates 50/50 (current batch 5000) [A0_Policy_loss:0.0003, A1_Policy_loss:0.0002]
2025-10-23 09:16:22,272 | INFO | [MA-SPI] Stage 1/3 - completed
2025-10-23 09:16:22,272 | INFO | [MA-SPI] Stage 2/3 - collecting trajectories...
2025-10-23 09:16:23,604 | INFO | [MA-SPI] Stage 2/3 - collected 10/50 episodes
2025-10-23 09:16:24,882 | INFO | [MA-SPI] Stage 2/3 - collected 20/50 episodes
2025-10-23 09:16:26,185 | INFO | [MA-SPI] Stage 2/3 - collected 30/50 episodes
2025-10-23 09:16:27,521 | INFO | [MA-SPI] Stage 2/3 - collected 40/50 episodes
2025-10-23 09:16:28,883 | INFO | [MA-SPI] Stage 2/3 - collected 50/50 episodes
2025-10-23 09:16:28,887 | INFO | [MA-SPI] Stage 2/3 - Agent 0 avg episode reward: 66.200 (std 33.308)
2025-10-23 09:16:28,887 | INFO | [MA-SPI] Stage 2/3 - Agent 1 avg episode reward: 67.920 (std 33.636)
2025-10-23 09:16:28,887 | INFO | [MA-SPI] Stage 2/3 - dataset size: 5000 transitions
2025-10-23 09:16:29,032 | INFO | [MA-SPI] Stage 2/3 - Q updates 20/100 (current batch 5000) [A0_Q_loss:1.6941, A1_Q_loss:1.2148]
2025-10-23 09:16:29,157 | INFO | [MA-SPI] Stage 2/3 - Q updates 40/100 (current batch 5000) [A0_Q_loss:0.9297, A1_Q_loss:0.9250]
2025-10-23 09:16:29,252 | INFO | [MA-SPI] Stage 2/3 - Q updates 60/100 (current batch 5000) [A0_Q_loss:0.8398, A1_Q_loss:0.8679]
2025-10-23 09:16:29,344 | INFO | [MA-SPI] Stage 2/3 - Q updates 80/100 (current batch 5000) [A0_Q_loss:0.8066, A1_Q_loss:0.8577]
2025-10-23 09:16:29,441 | INFO | [MA-SPI] Stage 2/3 - Q updates 100/100 (current batch 5000) [A0_Q_loss:0.7975, A1_Q_loss:0.8459]
2025-10-23 09:16:29,480 | INFO | [MA-SPI] Stage 2/3 - policy updates 10/50 (current batch 5000) [A0_Policy_loss:0.0074, A1_Policy_loss:0.0056]
2025-10-23 09:16:29,518 | INFO | [MA-SPI] Stage 2/3 - policy updates 20/50 (current batch 5000) [A0_Policy_loss:0.0022, A1_Policy_loss:0.0019]
2025-10-23 09:16:29,557 | INFO | [MA-SPI] Stage 2/3 - policy updates 30/50 (current batch 5000) [A0_Policy_loss:0.0009, A1_Policy_loss:0.0008]
2025-10-23 09:16:29,594 | INFO | [MA-SPI] Stage 2/3 - policy updates 40/50 (current batch 5000) [A0_Policy_loss:0.0003, A1_Policy_loss:0.0003]
2025-10-23 09:16:29,633 | INFO | [MA-SPI] Stage 2/3 - policy updates 50/50 (current batch 5000) [A0_Policy_loss:0.0001, A1_Policy_loss:0.0001]
2025-10-23 09:16:29,633 | INFO | [MA-SPI] Stage 2/3 - completed
2025-10-23 09:16:29,633 | INFO | [MA-SPI] Stage 3/3 - collecting trajectories...
2025-10-23 09:16:31,045 | INFO | [MA-SPI] Stage 3/3 - collected 10/50 episodes
2025-10-23 09:16:32,418 | INFO | [MA-SPI] Stage 3/3 - collected 20/50 episodes
2025-10-23 09:16:33,836 | INFO | [MA-SPI] Stage 3/3 - collected 30/50 episodes
2025-10-23 09:16:35,172 | INFO | [MA-SPI] Stage 3/3 - collected 40/50 episodes
2025-10-23 09:16:36,532 | INFO | [MA-SPI] Stage 3/3 - collected 50/50 episodes
2025-10-23 09:16:36,535 | INFO | [MA-SPI] Stage 3/3 - Agent 0 avg episode reward: 107.200 (std 21.972)
2025-10-23 09:16:36,536 | INFO | [MA-SPI] Stage 3/3 - Agent 1 avg episode reward: 109.680 (std 22.438)
2025-10-23 09:16:36,536 | INFO | [MA-SPI] Stage 3/3 - dataset size: 5000 transitions
2025-10-23 09:16:36,672 | INFO | [MA-SPI] Stage 3/3 - Q updates 20/100 (current batch 5000) [A0_Q_loss:0.5561, A1_Q_loss:0.4463]
2025-10-23 09:16:36,777 | INFO | [MA-SPI] Stage 3/3 - Q updates 40/100 (current batch 5000) [A0_Q_loss:0.4792, A1_Q_loss:0.4420]
2025-10-23 09:16:36,887 | INFO | [MA-SPI] Stage 3/3 - Q updates 60/100 (current batch 5000) [A0_Q_loss:0.4450, A1_Q_loss:0.4431]
2025-10-23 09:16:36,988 | INFO | [MA-SPI] Stage 3/3 - Q updates 80/100 (current batch 5000) [A0_Q_loss:0.4415, A1_Q_loss:0.4455]
2025-10-23 09:16:37,086 | INFO | [MA-SPI] Stage 3/3 - Q updates 100/100 (current batch 5000) [A0_Q_loss:0.4531, A1_Q_loss:0.4270]
2025-10-23 09:16:37,125 | INFO | [MA-SPI] Stage 3/3 - policy updates 10/50 (current batch 5000) [A0_Policy_loss:0.0031, A1_Policy_loss:0.0027]
2025-10-23 09:16:37,167 | INFO | [MA-SPI] Stage 3/3 - policy updates 20/50 (current batch 5000) [A0_Policy_loss:0.0010, A1_Policy_loss:0.0011]
2025-10-23 09:16:37,208 | INFO | [MA-SPI] Stage 3/3 - policy updates 30/50 (current batch 5000) [A0_Policy_loss:0.0005, A1_Policy_loss:0.0004]
2025-10-23 09:16:37,247 | INFO | [MA-SPI] Stage 3/3 - policy updates 40/50 (current batch 5000) [A0_Policy_loss:0.0002, A1_Policy_loss:0.0002]
2025-10-23 09:16:37,291 | INFO | [MA-SPI] Stage 3/3 - policy updates 50/50 (current batch 5000) [A0_Policy_loss:0.0001, A1_Policy_loss:0.0001]
2025-10-23 09:16:37,296 | INFO | [MA-SPI] Stage 3/3 - completed
2025-10-23 09:16:37,364 | INFO | [Experiment:heterogeneous] MA-SPI completed. Artifacts saved to outputs\heterogeneous\ma_spi
2025-10-23 09:16:37,364 | INFO | [Experiment:heterogeneous] Starting MA-LfL...
2025-10-23 09:16:37,364 | INFO | [MA-LfL] Estimating policies...
2025-10-23 09:16:37,364 | INFO | [MA-LfL][Policy] Stage 1/3 - preparing data
2025-10-23 09:16:37,402 | INFO | [MA-LfL][Policy] Stage 1/3 - Agent 0: 10/10 epochs completed (loss=1.1252, baseline=1.6094)
2025-10-23 09:16:37,426 | INFO | [MA-LfL][Policy] Stage 1/3 - Agent 1: 10/10 epochs completed (loss=1.1199, baseline=1.6094)
2025-10-23 09:16:37,427 | INFO | [MA-LfL][Policy] Stage 2/3 - preparing data
2025-10-23 09:16:37,454 | INFO | [MA-LfL][Policy] Stage 2/3 - Agent 0: 10/10 epochs completed (loss=1.0687, baseline=1.6094)
2025-10-23 09:16:37,481 | INFO | [MA-LfL][Policy] Stage 2/3 - Agent 1: 10/10 epochs completed (loss=1.0781, baseline=1.6094)
2025-10-23 09:16:37,482 | INFO | [MA-LfL][Policy] Stage 3/3 - preparing data
2025-10-23 09:16:37,515 | INFO | [MA-LfL][Policy] Stage 3/3 - Agent 0: 10/10 epochs completed (loss=1.0409, baseline=1.6094)
2025-10-23 09:16:37,537 | INFO | [MA-LfL][Policy] Stage 3/3 - Agent 1: 10/10 epochs completed (loss=1.0714, baseline=1.6094)
2025-10-23 09:16:37,538 | INFO | [MA-LfL] Computing reward targets...
2025-10-23 09:16:37,538 | INFO | [MA-LfL][Targets] Stage 1/2 - Agent 0
2025-10-23 09:16:37,839 | INFO | [MA-LfL][Targets] Stage 1/2 - Agent 1
2025-10-23 09:16:38,121 | INFO | [MA-LfL][Targets] Stage 2/2 - Agent 0
2025-10-23 09:16:38,419 | INFO | [MA-LfL][Targets] Stage 2/2 - Agent 1
2025-10-23 09:16:38,719 | INFO | [MA-LfL] Learning rewards...
2025-10-23 09:16:38,733 | INFO | [MA-LfL][Reward] Agent 0 - dataset size=10000 (batch=8192, epochs=1000)
2025-10-23 09:16:40,133 | INFO | [MA-LfL][Reward] Agent 0 - 100/1000 epochs completed (latest loss=0.2899)
2025-10-23 09:16:41,462 | INFO | [MA-LfL][Reward] Agent 0 - 200/1000 epochs completed (latest loss=0.2714)
2025-10-23 09:16:42,803 | INFO | [MA-LfL][Reward] Agent 0 - 300/1000 epochs completed (latest loss=0.2496)
2025-10-23 09:16:44,162 | INFO | [MA-LfL][Reward] Agent 0 - 400/1000 epochs completed (latest loss=0.2646)
2025-10-23 09:16:45,513 | INFO | [MA-LfL][Reward] Agent 0 - 500/1000 epochs completed (latest loss=0.2656)
2025-10-23 09:16:46,841 | INFO | [MA-LfL][Reward] Agent 0 - 600/1000 epochs completed (latest loss=0.2595)
2025-10-23 09:16:48,200 | INFO | [MA-LfL][Reward] Agent 0 - 700/1000 epochs completed (latest loss=0.2654)
2025-10-23 09:16:49,560 | INFO | [MA-LfL][Reward] Agent 0 - 800/1000 epochs completed (latest loss=0.2643)
2025-10-23 09:16:50,881 | INFO | [MA-LfL][Reward] Agent 0 - 900/1000 epochs completed (latest loss=0.2707)
2025-10-23 09:16:52,252 | INFO | [MA-LfL][Reward] Agent 0 - 1000/1000 epochs completed (latest loss=0.2544)
2025-10-23 09:16:52,260 | INFO | [MA-LfL][Reward] Agent 1 - dataset size=10000 (batch=8192, epochs=1000)
2025-10-23 09:16:53,587 | INFO | [MA-LfL][Reward] Agent 1 - 100/1000 epochs completed (latest loss=0.2750)
2025-10-23 09:16:54,947 | INFO | [MA-LfL][Reward] Agent 1 - 200/1000 epochs completed (latest loss=0.2479)
2025-10-23 09:16:56,333 | INFO | [MA-LfL][Reward] Agent 1 - 300/1000 epochs completed (latest loss=0.2423)
2025-10-23 09:16:57,697 | INFO | [MA-LfL][Reward] Agent 1 - 400/1000 epochs completed (latest loss=0.2428)
2025-10-23 09:16:59,049 | INFO | [MA-LfL][Reward] Agent 1 - 500/1000 epochs completed (latest loss=0.2383)
2025-10-23 09:17:00,394 | INFO | [MA-LfL][Reward] Agent 1 - 600/1000 epochs completed (latest loss=0.2401)
2025-10-23 09:17:01,714 | INFO | [MA-LfL][Reward] Agent 1 - 700/1000 epochs completed (latest loss=0.2401)
2025-10-23 09:17:03,056 | INFO | [MA-LfL][Reward] Agent 1 - 800/1000 epochs completed (latest loss=0.2262)
2025-10-23 09:17:04,370 | INFO | [MA-LfL][Reward] Agent 1 - 900/1000 epochs completed (latest loss=0.2315)
2025-10-23 09:17:05,701 | INFO | [MA-LfL][Reward] Agent 1 - 1000/1000 epochs completed (latest loss=0.2392)
2025-10-23 09:17:05,702 | INFO | [MA-LfL] Evaluating rewards...
2025-10-23 09:17:06,474 | INFO | [MA-LfL] Pipeline complete.
2025-10-23 09:17:06,474 | INFO | [Experiment:heterogeneous] MA-LfL completed. Artifacts saved to outputs\heterogeneous\ma_lfl
2025-10-23 09:17:06,474 | INFO | [Experiment:heterogeneous] Agent 0 metrics - Pearson: -0.0064 | Spearman: -0.0015
2025-10-23 09:17:06,475 | INFO | [Experiment:heterogeneous] Agent 1 metrics - Pearson: -0.0828 | Spearman: -0.0787
2025-10-23 09:17:06,475 | INFO | [Experiment:heterogeneous] Trend stages: 1, 2
2025-10-23 09:17:06,475 | INFO | [Experiment:heterogeneous] Trend Pearson: 0.3355, 0.3320
2025-10-23 09:17:06,475 | INFO | [Experiment:heterogeneous] Trend Spearman: 0.1984, 0.2410
2025-10-23 09:17:06,475 | INFO | [Experiment:heterogeneous] Agent 0 correlation >=0.4 ? NO
2025-10-23 09:17:06,475 | INFO | [Experiment:heterogeneous] Agent 1 correlation >=0.4 ? NO
2025-10-23 09:17:06,475 | INFO | [Experiment:heterogeneous] Correlation trend non-decreasing? NO
2025-10-23 09:17:06,476 | INFO | Summary saved to outputs\summary.json
2025-10-23 09:17:06,476 | INFO | Run complete.
